[ 2015-04-01T17:46:30+08:00 ] 127.0.0.1 /admin
INFO: [ app_init ] --START--
INFO: Run Behavior\BuildLiteBehavior [ RunTime:0.001000s ]
INFO: [ app_init ] --END-- [ RunTime:0.006001s ]

[ 2015-04-01T17:46:30+08:00 ] 127.0.0.1 /admin/auth/login
INFO: [ app_init ] --START--
INFO: Run Behavior\BuildLiteBehavior [ RunTime:0.000000s ]
INFO: [ app_init ] --END-- [ RunTime:0.002001s ]

[ 2015-04-01T17:46:32+08:00 ] 127.0.0.1 /admin/auth/ajaxlogin
INFO: [ app_init ] --START--
INFO: Run Behavior\BuildLiteBehavior [ RunTime:0.001000s ]
INFO: [ app_init ] --END-- [ RunTime:0.002000s ]

[ 2015-04-01T17:46:32+08:00 ] 127.0.0.1 /admin/org/index
INFO: [ app_init ] --START--
INFO: Run Behavior\BuildLiteBehavior [ RunTime:0.000000s ]
INFO: [ app_init ] --END-- [ RunTime:0.002000s ]
SQL: SHOW COLUMNS FROM `ym_org` [ RunTime:0.0060s ]
SQL: SHOW COLUMNS FROM `ym_org_authentication` [ RunTime:0.0050s ]
SQL: SHOW COLUMNS FROM `ym_grade_level` [ RunTime:0.0150s ]
SQL: SELECT Org.guid AS guid,Org.name AS name,Org.logo AS logo,Org.description AS description,Org.phone AS phone,Org.mail AS mail,Org.areaid_1 AS areaid_1,Org.areaid_2 AS areaid_2,Org.address AS address,Org.url AS url,Org.weibo AS weibo,Org.wx AS wx,Org.created_at AS created_at,Org.is_del AS is_del,Org.is_lock AS is_lock,Org.vip AS vip,Org.email AS email,Org.is_verify AS is_verify,Org.contact_name AS contact_name,OrgAuthentication.status AS status,OrgAuthentication.legal_p_name AS legal_p_name,OrgAuthentication.legal_p_phone AS legal_p_phone,OrgAuthentication.legal_p_card AS legal_p_card,OrgAuthentication.yingye AS yingye,OrgAuthentication.zuzhi AS zuzhi,GradeLevel.name AS vip_name FROM ym_org Org  JOIN ym_org_authentication OrgAuthentication ON OrgAuthentication.org_guid=Org.guid LEFT JOIN ym_grade_level GradeLevel ON Org.vip=GradeLevel.guid WHERE Org.is_del = '0' ORDER BY Org.created_at DESC  [ RunTime:0.0860s ]

