[ 2015-04-11T13:58:01+08:00 ] 127.0.0.1 /index.php/admin
INFO: [ app_init ] --START--
INFO: Run Behavior\BuildLiteBehavior [ RunTime:0.001000s ]
INFO: [ app_init ] --END-- [ RunTime:0.001000s ]

[ 2015-04-11T13:58:14+08:00 ] 127.0.0.1 /index.php/admin
INFO: [ app_init ] --START--
INFO: Run Behavior\BuildLiteBehavior [ RunTime:0.000000s ]
INFO: [ app_init ] --END-- [ RunTime:0.003000s ]

[ 2015-04-11T13:58:32+08:00 ] 127.0.0.1 /index.php/admin/index/index
INFO: [ app_init ] --START--
INFO: Run Behavior\BuildLiteBehavior [ RunTime:0.000000s ]
INFO: [ app_init ] --END-- [ RunTime:0.006001s ]

[ 2015-04-11T13:58:41+08:00 ] 127.0.0.1 /index.php/admin/auth/login
INFO: [ app_init ] --START--
INFO: Run Behavior\BuildLiteBehavior [ RunTime:0.001000s ]
INFO: [ app_init ] --END-- [ RunTime:0.003000s ]

[ 2015-04-11T14:02:34+08:00 ] 127.0.0.1 /index.php/admin/auth/login
INFO: [ app_init ] --START--
INFO: Run Behavior\BuildLiteBehavior [ RunTime:0.000000s ]
INFO: [ app_init ] --END-- [ RunTime:0.003000s ]

[ 2015-04-11T14:09:27+08:00 ] 127.0.0.1 /index.php/admin/auth/login
INFO: [ app_init ] --START--
INFO: Run Behavior\BuildLiteBehavior [ RunTime:0.000000s ]
INFO: [ app_init ] --END-- [ RunTime:0.002000s ]

[ 2015-04-11T14:09:39+08:00 ] 127.0.0.1 /index.php/admin/auth/ajaxlogin
INFO: [ app_init ] --START--
INFO: Run Behavior\BuildLiteBehavior [ RunTime:0.000000s ]
INFO: [ app_init ] --END-- [ RunTime:0.002000s ]
SQL: SHOW COLUMNS FROM `ym_user` [ RunTime:0.0030s ]
SQL: SELECT * FROM `ym_user` WHERE `username` = 'admin' AND `password` = '52c69e3a57331081823331c4e69d3f2e' LIMIT 1   [ RunTime:0.0000s ]

[ 2015-04-11T14:09:39+08:00 ] 127.0.0.1 /index.php/admin/org/index
INFO: [ app_init ] --START--
INFO: Run Behavior\BuildLiteBehavior [ RunTime:0.001000s ]
INFO: [ app_init ] --END-- [ RunTime:0.002000s ]
SQL: SHOW COLUMNS FROM `ym_org` [ RunTime:0.0040s ]
SQL: SHOW COLUMNS FROM `ym_org_authentication` [ RunTime:0.0030s ]
SQL: SHOW COLUMNS FROM `ym_grade_level` [ RunTime:0.0050s ]
SQL: SELECT Org.guid AS guid,Org.name AS name,Org.logo AS logo,Org.description AS description,Org.phone AS phone,Org.mail AS mail,Org.areaid_1 AS areaid_1,Org.areaid_2 AS areaid_2,Org.address AS address,Org.url AS url,Org.weibo AS weibo,Org.wx AS wx,Org.created_at AS created_at,Org.is_del AS is_del,Org.is_lock AS is_lock,Org.vip AS vip,Org.email AS email,Org.is_verify AS is_verify,Org.contact_name AS contact_name,OrgAuthentication.status AS status,OrgAuthentication.legal_p_name AS legal_p_name,OrgAuthentication.legal_p_phone AS legal_p_phone,OrgAuthentication.legal_p_card AS legal_p_card,OrgAuthentication.yingye AS yingye,OrgAuthentication.zuzhi AS zuzhi,GradeLevel.name AS vip_name FROM ym_org Org  JOIN ym_org_authentication OrgAuthentication ON OrgAuthentication.org_guid=Org.guid LEFT JOIN ym_grade_level GradeLevel ON Org.vip=GradeLevel.guid WHERE Org.is_del = '0' ORDER BY Org.created_at DESC  [ RunTime:0.0040s ]

[ 2015-04-11T14:09:53+08:00 ] 127.0.0.1 /index.php/admin/auth/loginout
INFO: [ app_init ] --START--
INFO: Run Behavior\BuildLiteBehavior [ RunTime:0.000000s ]
INFO: [ app_init ] --END-- [ RunTime:0.003001s ]

[ 2015-04-11T14:09:53+08:00 ] 127.0.0.1 /index.php/admin/auth/login
INFO: [ app_init ] --START--
INFO: Run Behavior\BuildLiteBehavior [ RunTime:0.000000s ]
INFO: [ app_init ] --END-- [ RunTime:0.003001s ]

[ 2015-04-11T14:10:39+08:00 ] 127.0.0.1 /index.php/admin/auth/login
INFO: [ app_init ] --START--
INFO: Run Behavior\BuildLiteBehavior [ RunTime:0.000000s ]
INFO: [ app_init ] --END-- [ RunTime:0.005000s ]

[ 2015-04-11T14:10:41+08:00 ] 127.0.0.1 /index.php/admin/auth/ajaxlogin
INFO: [ app_init ] --START--
INFO: Run Behavior\BuildLiteBehavior [ RunTime:0.000000s ]
INFO: [ app_init ] --END-- [ RunTime:0.002000s ]
SQL: SHOW COLUMNS FROM `ym_user` [ RunTime:0.0030s ]
SQL: SELECT * FROM `ym_user` WHERE `username` = 'admin' AND `password` = 'c0b9ef40f5d27ec41ad2bb5614ada454' LIMIT 1   [ RunTime:0.0000s ]

[ 2015-04-11T14:11:43+08:00 ] 127.0.0.1 /index.php/admin/auth/login
INFO: [ app_init ] --START--
INFO: Run Behavior\BuildLiteBehavior [ RunTime:0.000000s ]
INFO: [ app_init ] --END-- [ RunTime:0.002000s ]

[ 2015-04-11T14:11:46+08:00 ] 127.0.0.1 /index.php/admin/auth/ajaxlogin
INFO: [ app_init ] --START--
INFO: Run Behavior\BuildLiteBehavior [ RunTime:0.000000s ]
INFO: [ app_init ] --END-- [ RunTime:0.001000s ]
SQL: SHOW COLUMNS FROM `ym_user` [ RunTime:0.0040s ]
SQL: SELECT * FROM `ym_user` WHERE `username` = 'admin' AND `password` = '52c69e3a57331081823331c4e69d3f2e' LIMIT 1   [ RunTime:0.0010s ]

[ 2015-04-11T14:11:46+08:00 ] 127.0.0.1 /index.php/admin/org/index
INFO: [ app_init ] --START--
INFO: Run Behavior\BuildLiteBehavior [ RunTime:0.000000s ]
INFO: [ app_init ] --END-- [ RunTime:0.001000s ]
SQL: SHOW COLUMNS FROM `ym_org` [ RunTime:0.0040s ]
SQL: SHOW COLUMNS FROM `ym_org_authentication` [ RunTime:0.0030s ]
SQL: SHOW COLUMNS FROM `ym_grade_level` [ RunTime:0.0030s ]
SQL: SELECT Org.guid AS guid,Org.name AS name,Org.logo AS logo,Org.description AS description,Org.phone AS phone,Org.mail AS mail,Org.areaid_1 AS areaid_1,Org.areaid_2 AS areaid_2,Org.address AS address,Org.url AS url,Org.weibo AS weibo,Org.wx AS wx,Org.created_at AS created_at,Org.is_del AS is_del,Org.is_lock AS is_lock,Org.vip AS vip,Org.email AS email,Org.is_verify AS is_verify,Org.contact_name AS contact_name,OrgAuthentication.status AS status,OrgAuthentication.legal_p_name AS legal_p_name,OrgAuthentication.legal_p_phone AS legal_p_phone,OrgAuthentication.legal_p_card AS legal_p_card,OrgAuthentication.yingye AS yingye,OrgAuthentication.zuzhi AS zuzhi,GradeLevel.name AS vip_name FROM ym_org Org  JOIN ym_org_authentication OrgAuthentication ON OrgAuthentication.org_guid=Org.guid LEFT JOIN ym_grade_level GradeLevel ON Org.vip=GradeLevel.guid WHERE Org.is_del = '0' ORDER BY Org.created_at DESC  [ RunTime:0.0040s ]

[ 2015-04-11T14:14:54+08:00 ] 127.0.0.1 /index.php/admin/org/index
INFO: [ app_init ] --START--
INFO: Run Behavior\BuildLiteBehavior [ RunTime:0.000000s ]
INFO: [ app_init ] --END-- [ RunTime:0.003000s ]
SQL: SHOW COLUMNS FROM `ym_org` [ RunTime:0.0040s ]
SQL: SHOW COLUMNS FROM `ym_org_authentication` [ RunTime:0.0030s ]
SQL: SHOW COLUMNS FROM `ym_grade_level` [ RunTime:0.0040s ]
SQL: SELECT Org.guid AS guid,Org.name AS name,Org.logo AS logo,Org.description AS description,Org.phone AS phone,Org.mail AS mail,Org.areaid_1 AS areaid_1,Org.areaid_2 AS areaid_2,Org.address AS address,Org.url AS url,Org.weibo AS weibo,Org.wx AS wx,Org.created_at AS created_at,Org.is_del AS is_del,Org.is_lock AS is_lock,Org.vip AS vip,Org.email AS email,Org.is_verify AS is_verify,Org.contact_name AS contact_name,OrgAuthentication.status AS status,OrgAuthentication.legal_p_name AS legal_p_name,OrgAuthentication.legal_p_phone AS legal_p_phone,OrgAuthentication.legal_p_card AS legal_p_card,OrgAuthentication.yingye AS yingye,OrgAuthentication.zuzhi AS zuzhi,GradeLevel.name AS vip_name FROM ym_org Org  JOIN ym_org_authentication OrgAuthentication ON OrgAuthentication.org_guid=Org.guid LEFT JOIN ym_grade_level GradeLevel ON Org.vip=GradeLevel.guid WHERE Org.is_del = '0' ORDER BY Org.created_at DESC  [ RunTime:0.0030s ]

[ 2015-04-11T14:14:57+08:00 ] 127.0.0.1 /index.php/admin/auth/loginout
INFO: [ app_init ] --START--
INFO: Run Behavior\BuildLiteBehavior [ RunTime:0.001000s ]
INFO: [ app_init ] --END-- [ RunTime:0.004000s ]

[ 2015-04-11T14:14:57+08:00 ] 127.0.0.1 /index.php/admin/auth/login
INFO: [ app_init ] --START--
INFO: Run Behavior\BuildLiteBehavior [ RunTime:0.000000s ]
INFO: [ app_init ] --END-- [ RunTime:0.005000s ]

[ 2015-04-11T14:15:07+08:00 ] 127.0.0.1 /index.php/admin/auth/login
INFO: [ app_init ] --START--
INFO: Run Behavior\BuildLiteBehavior [ RunTime:0.000000s ]
INFO: [ app_init ] --END-- [ RunTime:0.002000s ]

[ 2015-04-11T14:15:48+08:00 ] 127.0.0.1 /index.php/admin/auth/login
INFO: [ app_init ] --START--
INFO: Run Behavior\BuildLiteBehavior [ RunTime:0.000000s ]
INFO: [ app_init ] --END-- [ RunTime:0.003000s ]

[ 2015-04-11T14:16:01+08:00 ] 127.0.0.1 /index.php/admin/auth/login?account=admin&password=999999
INFO: [ app_init ] --START--
INFO: Run Behavior\BuildLiteBehavior [ RunTime:0.000000s ]
INFO: [ app_init ] --END-- [ RunTime:0.003000s ]

[ 2015-04-11T14:16:17+08:00 ] 127.0.0.1 /index.php/admin/auth/login?account=admin&password=999999
INFO: [ app_init ] --START--
INFO: Run Behavior\BuildLiteBehavior [ RunTime:0.000000s ]
INFO: [ app_init ] --END-- [ RunTime:0.001000s ]

[ 2015-04-11T14:16:19+08:00 ] 127.0.0.1 /index.php/admin/auth/login?account=admin&password=999999
INFO: [ app_init ] --START--
INFO: Run Behavior\BuildLiteBehavior [ RunTime:0.001000s ]
INFO: [ app_init ] --END-- [ RunTime:0.001000s ]
SQL: SHOW COLUMNS FROM `ym_user` [ RunTime:0.0060s ]
SQL: SELECT * FROM `ym_user` WHERE `username` = 'admin' AND `password` = '52c69e3a57331081823331c4e69d3f2e' LIMIT 1   [ RunTime:0.0010s ]

[ 2015-04-11T14:16:20+08:00 ] 127.0.0.1 /index.php/admin/org/index
INFO: [ app_init ] --START--
INFO: Run Behavior\BuildLiteBehavior [ RunTime:0.001000s ]
INFO: [ app_init ] --END-- [ RunTime:0.002000s ]
SQL: SHOW COLUMNS FROM `ym_org` [ RunTime:0.0040s ]
SQL: SHOW COLUMNS FROM `ym_org_authentication` [ RunTime:0.0030s ]
SQL: SHOW COLUMNS FROM `ym_grade_level` [ RunTime:0.0040s ]
SQL: SELECT Org.guid AS guid,Org.name AS name,Org.logo AS logo,Org.description AS description,Org.phone AS phone,Org.mail AS mail,Org.areaid_1 AS areaid_1,Org.areaid_2 AS areaid_2,Org.address AS address,Org.url AS url,Org.weibo AS weibo,Org.wx AS wx,Org.created_at AS created_at,Org.is_del AS is_del,Org.is_lock AS is_lock,Org.vip AS vip,Org.email AS email,Org.is_verify AS is_verify,Org.contact_name AS contact_name,OrgAuthentication.status AS status,OrgAuthentication.legal_p_name AS legal_p_name,OrgAuthentication.legal_p_phone AS legal_p_phone,OrgAuthentication.legal_p_card AS legal_p_card,OrgAuthentication.yingye AS yingye,OrgAuthentication.zuzhi AS zuzhi,GradeLevel.name AS vip_name FROM ym_org Org  JOIN ym_org_authentication OrgAuthentication ON OrgAuthentication.org_guid=Org.guid LEFT JOIN ym_grade_level GradeLevel ON Org.vip=GradeLevel.guid WHERE Org.is_del = '0' ORDER BY Org.created_at DESC  [ RunTime:0.0030s ]

[ 2015-04-11T14:16:45+08:00 ] 127.0.0.1 /index.php/admin/org/index
INFO: [ app_init ] --START--
INFO: Run Behavior\BuildLiteBehavior [ RunTime:0.000000s ]
INFO: [ app_init ] --END-- [ RunTime:0.002000s ]
SQL: SHOW COLUMNS FROM `ym_org` [ RunTime:0.0040s ]
SQL: SHOW COLUMNS FROM `ym_org_authentication` [ RunTime:0.0050s ]
SQL: SHOW COLUMNS FROM `ym_grade_level` [ RunTime:0.0050s ]
SQL: SELECT Org.guid AS guid,Org.name AS name,Org.logo AS logo,Org.description AS description,Org.phone AS phone,Org.mail AS mail,Org.areaid_1 AS areaid_1,Org.areaid_2 AS areaid_2,Org.address AS address,Org.url AS url,Org.weibo AS weibo,Org.wx AS wx,Org.created_at AS created_at,Org.is_del AS is_del,Org.is_lock AS is_lock,Org.vip AS vip,Org.email AS email,Org.is_verify AS is_verify,Org.contact_name AS contact_name,OrgAuthentication.status AS status,OrgAuthentication.legal_p_name AS legal_p_name,OrgAuthentication.legal_p_phone AS legal_p_phone,OrgAuthentication.legal_p_card AS legal_p_card,OrgAuthentication.yingye AS yingye,OrgAuthentication.zuzhi AS zuzhi,GradeLevel.name AS vip_name FROM ym_org Org  JOIN ym_org_authentication OrgAuthentication ON OrgAuthentication.org_guid=Org.guid LEFT JOIN ym_grade_level GradeLevel ON Org.vip=GradeLevel.guid WHERE Org.is_del = '0' ORDER BY Org.created_at DESC  [ RunTime:0.0050s ]

[ 2015-04-11T14:16:47+08:00 ] 127.0.0.1 /index.php/admin/auth/loginout
INFO: [ app_init ] --START--
INFO: Run Behavior\BuildLiteBehavior [ RunTime:0.000000s ]
INFO: [ app_init ] --END-- [ RunTime:0.004000s ]

[ 2015-04-11T14:16:47+08:00 ] 127.0.0.1 /index.php/admin/auth/login
INFO: [ app_init ] --START--
INFO: Run Behavior\BuildLiteBehavior [ RunTime:0.000000s ]
INFO: [ app_init ] --END-- [ RunTime:0.002000s ]

[ 2015-04-11T14:16:49+08:00 ] 127.0.0.1 /index.php/admin/auth/login
INFO: [ app_init ] --START--
INFO: Run Behavior\BuildLiteBehavior [ RunTime:0.000000s ]
INFO: [ app_init ] --END-- [ RunTime:0.001000s ]
SQL: SHOW COLUMNS FROM `ym_user` [ RunTime:0.0040s ]
SQL: SELECT * FROM `ym_user` WHERE `username` = 'admin' AND `password` = '52c69e3a57331081823331c4e69d3f2e' LIMIT 1   [ RunTime:0.0010s ]

[ 2015-04-11T14:16:51+08:00 ] 127.0.0.1 /index.php/admin/auth/Org/index
INFO: [ app_init ] --START--
INFO: Run Behavior\BuildLiteBehavior [ RunTime:0.000000s ]
INFO: [ app_init ] --END-- [ RunTime:0.002000s ]

[ 2015-04-11T14:17:15+08:00 ] 127.0.0.1 /index.php/admin/auth/Org/index
INFO: [ app_init ] --START--
INFO: Run Behavior\BuildLiteBehavior [ RunTime:0.000000s ]
INFO: [ app_init ] --END-- [ RunTime:0.001000s ]

[ 2015-04-11T14:17:18+08:00 ] 127.0.0.1 /index.php/admin/auth/Org/index
INFO: [ app_init ] --START--
INFO: Run Behavior\BuildLiteBehavior [ RunTime:0.000000s ]
INFO: [ app_init ] --END-- [ RunTime:0.002000s ]

[ 2015-04-11T14:17:25+08:00 ] 127.0.0.1 /index.php/admin/auth/logout
INFO: [ app_init ] --START--
INFO: Run Behavior\BuildLiteBehavior [ RunTime:0.000000s ]
INFO: [ app_init ] --END-- [ RunTime:0.002000s ]

[ 2015-04-11T14:17:37+08:00 ] 127.0.0.1 /index.php/admin/auth/logout
INFO: [ app_init ] --START--
INFO: Run Behavior\BuildLiteBehavior [ RunTime:0.002000s ]
INFO: [ app_init ] --END-- [ RunTime:0.004000s ]

[ 2015-04-11T14:17:37+08:00 ] 127.0.0.1 /index.php/admin/auth/login
INFO: [ app_init ] --START--
INFO: Run Behavior\BuildLiteBehavior [ RunTime:0.001000s ]
INFO: [ app_init ] --END-- [ RunTime:0.002000s ]

[ 2015-04-11T14:17:41+08:00 ] 127.0.0.1 /index.php/admin/auth/login
INFO: [ app_init ] --START--
INFO: Run Behavior\BuildLiteBehavior [ RunTime:0.000000s ]
INFO: [ app_init ] --END-- [ RunTime:0.002000s ]
SQL: SHOW COLUMNS FROM `ym_user` [ RunTime:0.0030s ]
SQL: SELECT * FROM `ym_user` WHERE `username` = 'admin' AND `password` = '52c69e3a57331081823331c4e69d3f2e' LIMIT 1   [ RunTime:0.0000s ]

[ 2015-04-11T14:17:42+08:00 ] 127.0.0.1 /index.php/admin/org/index
INFO: [ app_init ] --START--
INFO: Run Behavior\BuildLiteBehavior [ RunTime:0.000000s ]
INFO: [ app_init ] --END-- [ RunTime:0.003000s ]
SQL: SHOW COLUMNS FROM `ym_org` [ RunTime:0.0070s ]
SQL: SHOW COLUMNS FROM `ym_org_authentication` [ RunTime:0.0060s ]
SQL: SHOW COLUMNS FROM `ym_grade_level` [ RunTime:0.0070s ]
SQL: SELECT Org.guid AS guid,Org.name AS name,Org.logo AS logo,Org.description AS description,Org.phone AS phone,Org.mail AS mail,Org.areaid_1 AS areaid_1,Org.areaid_2 AS areaid_2,Org.address AS address,Org.url AS url,Org.weibo AS weibo,Org.wx AS wx,Org.created_at AS created_at,Org.is_del AS is_del,Org.is_lock AS is_lock,Org.vip AS vip,Org.email AS email,Org.is_verify AS is_verify,Org.contact_name AS contact_name,OrgAuthentication.status AS status,OrgAuthentication.legal_p_name AS legal_p_name,OrgAuthentication.legal_p_phone AS legal_p_phone,OrgAuthentication.legal_p_card AS legal_p_card,OrgAuthentication.yingye AS yingye,OrgAuthentication.zuzhi AS zuzhi,GradeLevel.name AS vip_name FROM ym_org Org  JOIN ym_org_authentication OrgAuthentication ON OrgAuthentication.org_guid=Org.guid LEFT JOIN ym_grade_level GradeLevel ON Org.vip=GradeLevel.guid WHERE Org.is_del = '0' ORDER BY Org.created_at DESC  [ RunTime:0.0080s ]

[ 2015-04-11T14:18:31+08:00 ] 127.0.0.1 /index.php/admin/org/index
INFO: [ app_init ] --START--
INFO: Run Behavior\BuildLiteBehavior [ RunTime:0.000000s ]
INFO: [ app_init ] --END-- [ RunTime:0.002000s ]
SQL: SHOW COLUMNS FROM `ym_org` [ RunTime:0.0040s ]
SQL: SHOW COLUMNS FROM `ym_org_authentication` [ RunTime:0.0040s ]
SQL: SHOW COLUMNS FROM `ym_grade_level` [ RunTime:0.0020s ]
SQL: SELECT Org.guid AS guid,Org.name AS name,Org.logo AS logo,Org.description AS description,Org.phone AS phone,Org.mail AS mail,Org.areaid_1 AS areaid_1,Org.areaid_2 AS areaid_2,Org.address AS address,Org.url AS url,Org.weibo AS weibo,Org.wx AS wx,Org.created_at AS created_at,Org.is_del AS is_del,Org.is_lock AS is_lock,Org.vip AS vip,Org.email AS email,Org.is_verify AS is_verify,Org.contact_name AS contact_name,OrgAuthentication.status AS status,OrgAuthentication.legal_p_name AS legal_p_name,OrgAuthentication.legal_p_phone AS legal_p_phone,OrgAuthentication.legal_p_card AS legal_p_card,OrgAuthentication.yingye AS yingye,OrgAuthentication.zuzhi AS zuzhi,GradeLevel.name AS vip_name FROM ym_org Org  JOIN ym_org_authentication OrgAuthentication ON OrgAuthentication.org_guid=Org.guid LEFT JOIN ym_grade_level GradeLevel ON Org.vip=GradeLevel.guid WHERE Org.is_del = '0' ORDER BY Org.created_at DESC  [ RunTime:0.0040s ]

[ 2015-04-11T14:18:49+08:00 ] 127.0.0.1 /index.php/admin/org/index
INFO: [ app_init ] --START--
INFO: Run Behavior\BuildLiteBehavior [ RunTime:0.000000s ]
INFO: [ app_init ] --END-- [ RunTime:0.002000s ]
SQL: SHOW COLUMNS FROM `ym_org` [ RunTime:0.0060s ]
SQL: SHOW COLUMNS FROM `ym_org_authentication` [ RunTime:0.0040s ]
SQL: SHOW COLUMNS FROM `ym_grade_level` [ RunTime:0.0040s ]
SQL: SELECT Org.guid AS guid,Org.name AS name,Org.logo AS logo,Org.description AS description,Org.phone AS phone,Org.mail AS mail,Org.areaid_1 AS areaid_1,Org.areaid_2 AS areaid_2,Org.address AS address,Org.url AS url,Org.weibo AS weibo,Org.wx AS wx,Org.created_at AS created_at,Org.is_del AS is_del,Org.is_lock AS is_lock,Org.vip AS vip,Org.email AS email,Org.is_verify AS is_verify,Org.contact_name AS contact_name,OrgAuthentication.status AS status,OrgAuthentication.legal_p_name AS legal_p_name,OrgAuthentication.legal_p_phone AS legal_p_phone,OrgAuthentication.legal_p_card AS legal_p_card,OrgAuthentication.yingye AS yingye,OrgAuthentication.zuzhi AS zuzhi,GradeLevel.name AS vip_name FROM ym_org Org  JOIN ym_org_authentication OrgAuthentication ON OrgAuthentication.org_guid=Org.guid LEFT JOIN ym_grade_level GradeLevel ON Org.vip=GradeLevel.guid WHERE Org.is_del = '0' ORDER BY Org.created_at DESC  [ RunTime:0.0060s ]

[ 2015-04-11T14:18:51+08:00 ] 127.0.0.1 /index.php/admin/auth/logout
INFO: [ app_init ] --START--
INFO: Run Behavior\BuildLiteBehavior [ RunTime:0.000000s ]
INFO: [ app_init ] --END-- [ RunTime:0.002000s ]

[ 2015-04-11T14:18:51+08:00 ] 127.0.0.1 /index.php/admin/auth/login
INFO: [ app_init ] --START--
INFO: Run Behavior\BuildLiteBehavior [ RunTime:0.000000s ]
INFO: [ app_init ] --END-- [ RunTime:0.002000s ]

[ 2015-04-11T14:18:53+08:00 ] 127.0.0.1 /index.php/admin/auth/login
INFO: [ app_init ] --START--
INFO: Run Behavior\BuildLiteBehavior [ RunTime:0.000000s ]
INFO: [ app_init ] --END-- [ RunTime:0.002000s ]
SQL: SHOW COLUMNS FROM `ym_user` [ RunTime:0.0040s ]
SQL: SELECT * FROM `ym_user` WHERE `username` = 'admin' AND `password` = '52c69e3a57331081823331c4e69d3f2e' LIMIT 1   [ RunTime:0.0010s ]

[ 2015-04-11T14:18:54+08:00 ] 127.0.0.1 /index.php/admin/org/index
INFO: [ app_init ] --START--
INFO: Run Behavior\BuildLiteBehavior [ RunTime:0.000000s ]
INFO: [ app_init ] --END-- [ RunTime:0.002000s ]
SQL: SHOW COLUMNS FROM `ym_org` [ RunTime:0.0040s ]
SQL: SHOW COLUMNS FROM `ym_org_authentication` [ RunTime:0.0030s ]
SQL: SHOW COLUMNS FROM `ym_grade_level` [ RunTime:0.0030s ]
SQL: SELECT Org.guid AS guid,Org.name AS name,Org.logo AS logo,Org.description AS description,Org.phone AS phone,Org.mail AS mail,Org.areaid_1 AS areaid_1,Org.areaid_2 AS areaid_2,Org.address AS address,Org.url AS url,Org.weibo AS weibo,Org.wx AS wx,Org.created_at AS created_at,Org.is_del AS is_del,Org.is_lock AS is_lock,Org.vip AS vip,Org.email AS email,Org.is_verify AS is_verify,Org.contact_name AS contact_name,OrgAuthentication.status AS status,OrgAuthentication.legal_p_name AS legal_p_name,OrgAuthentication.legal_p_phone AS legal_p_phone,OrgAuthentication.legal_p_card AS legal_p_card,OrgAuthentication.yingye AS yingye,OrgAuthentication.zuzhi AS zuzhi,GradeLevel.name AS vip_name FROM ym_org Org  JOIN ym_org_authentication OrgAuthentication ON OrgAuthentication.org_guid=Org.guid LEFT JOIN ym_grade_level GradeLevel ON Org.vip=GradeLevel.guid WHERE Org.is_del = '0' ORDER BY Org.created_at DESC  [ RunTime:0.0030s ]

[ 2015-04-11T14:19:22+08:00 ] 127.0.0.1 /index.php/admin/auth/logout
INFO: [ app_init ] --START--
INFO: Run Behavior\BuildLiteBehavior [ RunTime:0.000000s ]
INFO: [ app_init ] --END-- [ RunTime:0.002000s ]

[ 2015-04-11T14:19:22+08:00 ] 127.0.0.1 /index.php/admin/auth/login
INFO: [ app_init ] --START--
INFO: Run Behavior\BuildLiteBehavior [ RunTime:0.001000s ]
INFO: [ app_init ] --END-- [ RunTime:0.001000s ]

[ 2015-04-11T14:19:24+08:00 ] 127.0.0.1 /index.php/admin/auth/login
INFO: [ app_init ] --START--
INFO: Run Behavior\BuildLiteBehavior [ RunTime:0.000000s ]
INFO: [ app_init ] --END-- [ RunTime:0.002000s ]
SQL: SHOW COLUMNS FROM `ym_user` [ RunTime:0.0060s ]
SQL: SELECT * FROM `ym_user` WHERE `username` = 'admin' AND `password` = '52c69e3a57331081823331c4e69d3f2e' LIMIT 1   [ RunTime:0.0010s ]

[ 2015-04-11T14:19:25+08:00 ] 127.0.0.1 /index.php/admin/org/index
INFO: [ app_init ] --START--
INFO: Run Behavior\BuildLiteBehavior [ RunTime:0.000000s ]
INFO: [ app_init ] --END-- [ RunTime:0.004000s ]
SQL: SHOW COLUMNS FROM `ym_org` [ RunTime:0.0070s ]
SQL: SHOW COLUMNS FROM `ym_org_authentication` [ RunTime:0.0090s ]
SQL: SHOW COLUMNS FROM `ym_grade_level` [ RunTime:0.0060s ]
SQL: SELECT Org.guid AS guid,Org.name AS name,Org.logo AS logo,Org.description AS description,Org.phone AS phone,Org.mail AS mail,Org.areaid_1 AS areaid_1,Org.areaid_2 AS areaid_2,Org.address AS address,Org.url AS url,Org.weibo AS weibo,Org.wx AS wx,Org.created_at AS created_at,Org.is_del AS is_del,Org.is_lock AS is_lock,Org.vip AS vip,Org.email AS email,Org.is_verify AS is_verify,Org.contact_name AS contact_name,OrgAuthentication.status AS status,OrgAuthentication.legal_p_name AS legal_p_name,OrgAuthentication.legal_p_phone AS legal_p_phone,OrgAuthentication.legal_p_card AS legal_p_card,OrgAuthentication.yingye AS yingye,OrgAuthentication.zuzhi AS zuzhi,GradeLevel.name AS vip_name FROM ym_org Org  JOIN ym_org_authentication OrgAuthentication ON OrgAuthentication.org_guid=Org.guid LEFT JOIN ym_grade_level GradeLevel ON Org.vip=GradeLevel.guid WHERE Org.is_del = '0' ORDER BY Org.created_at DESC  [ RunTime:0.0070s ]

[ 2015-04-11T14:20:08+08:00 ] 127.0.0.1 /index.php/admin/org/index
INFO: [ app_init ] --START--
INFO: Run Behavior\BuildLiteBehavior [ RunTime:0.001000s ]
INFO: [ app_init ] --END-- [ RunTime:0.002001s ]
SQL: SHOW COLUMNS FROM `ym_org` [ RunTime:0.0060s ]
SQL: SHOW COLUMNS FROM `ym_org_authentication` [ RunTime:0.0050s ]
SQL: SHOW COLUMNS FROM `ym_grade_level` [ RunTime:0.0030s ]
SQL: SELECT Org.guid AS guid,Org.name AS name,Org.logo AS logo,Org.description AS description,Org.phone AS phone,Org.mail AS mail,Org.areaid_1 AS areaid_1,Org.areaid_2 AS areaid_2,Org.address AS address,Org.url AS url,Org.weibo AS weibo,Org.wx AS wx,Org.created_at AS created_at,Org.is_del AS is_del,Org.is_lock AS is_lock,Org.vip AS vip,Org.email AS email,Org.is_verify AS is_verify,Org.contact_name AS contact_name,OrgAuthentication.status AS status,OrgAuthentication.legal_p_name AS legal_p_name,OrgAuthentication.legal_p_phone AS legal_p_phone,OrgAuthentication.legal_p_card AS legal_p_card,OrgAuthentication.yingye AS yingye,OrgAuthentication.zuzhi AS zuzhi,GradeLevel.name AS vip_name FROM ym_org Org  JOIN ym_org_authentication OrgAuthentication ON OrgAuthentication.org_guid=Org.guid LEFT JOIN ym_grade_level GradeLevel ON Org.vip=GradeLevel.guid WHERE Org.is_del = '0' ORDER BY Org.created_at DESC  [ RunTime:0.0050s ]

[ 2015-04-11T14:20:10+08:00 ] 127.0.0.1 /index.php/admin/auth/logout
INFO: [ app_init ] --START--
INFO: Run Behavior\BuildLiteBehavior [ RunTime:0.000000s ]
INFO: [ app_init ] --END-- [ RunTime:0.001000s ]

[ 2015-04-11T14:20:12+08:00 ] 127.0.0.1 /index.php/admin/auth/login
INFO: [ app_init ] --START--
INFO: Run Behavior\BuildLiteBehavior [ RunTime:0.000000s ]
INFO: [ app_init ] --END-- [ RunTime:0.003000s ]

[ 2015-04-11T14:20:15+08:00 ] 127.0.0.1 /index.php/admin/auth/login
INFO: [ app_init ] --START--
INFO: Run Behavior\BuildLiteBehavior [ RunTime:0.000000s ]
INFO: [ app_init ] --END-- [ RunTime:0.003000s ]
SQL: SHOW COLUMNS FROM `ym_user` [ RunTime:0.0080s ]
SQL: SELECT * FROM `ym_user` WHERE `username` = 'admin' AND `password` = 'c0b9ef40f5d27ec41ad2bb5614ada454' LIMIT 1   [ RunTime:0.0000s ]

[ 2015-04-11T14:20:18+08:00 ] 127.0.0.1 /index.php/admin/auth/login
INFO: [ app_init ] --START--
INFO: Run Behavior\BuildLiteBehavior [ RunTime:0.000000s ]
INFO: [ app_init ] --END-- [ RunTime:0.002000s ]

[ 2015-04-11T14:20:20+08:00 ] 127.0.0.1 /index.php/admin/auth/login
INFO: [ app_init ] --START--
INFO: Run Behavior\BuildLiteBehavior [ RunTime:0.000000s ]
INFO: [ app_init ] --END-- [ RunTime:0.002000s ]
SQL: SHOW COLUMNS FROM `ym_user` [ RunTime:0.0050s ]
SQL: SELECT * FROM `ym_user` WHERE `username` = 'admin' AND `password` = 'c0b9ef40f5d27ec41ad2bb5614ada454' LIMIT 1   [ RunTime:0.0000s ]

[ 2015-04-11T14:20:23+08:00 ] 127.0.0.1 /index.php/admin/auth/login
INFO: [ app_init ] --START--
INFO: Run Behavior\BuildLiteBehavior [ RunTime:0.000000s ]
INFO: [ app_init ] --END-- [ RunTime:0.003000s ]

[ 2015-04-11T14:20:26+08:00 ] 127.0.0.1 /index.php/admin/auth/login
INFO: [ app_init ] --START--
INFO: Run Behavior\BuildLiteBehavior [ RunTime:0.000000s ]
INFO: [ app_init ] --END-- [ RunTime:0.003000s ]
SQL: SHOW COLUMNS FROM `ym_user` [ RunTime:0.0030s ]
SQL: SELECT * FROM `ym_user` WHERE `username` = 'admin' AND `password` = '52c69e3a57331081823331c4e69d3f2e' LIMIT 1   [ RunTime:0.0010s ]

[ 2015-04-11T14:20:28+08:00 ] 127.0.0.1 /index.php/admin/org/index
INFO: [ app_init ] --START--
INFO: Run Behavior\BuildLiteBehavior [ RunTime:0.001000s ]
INFO: [ app_init ] --END-- [ RunTime:0.003000s ]
SQL: SHOW COLUMNS FROM `ym_org` [ RunTime:0.0040s ]
SQL: SHOW COLUMNS FROM `ym_org_authentication` [ RunTime:0.0050s ]
SQL: SHOW COLUMNS FROM `ym_grade_level` [ RunTime:0.0050s ]
SQL: SELECT Org.guid AS guid,Org.name AS name,Org.logo AS logo,Org.description AS description,Org.phone AS phone,Org.mail AS mail,Org.areaid_1 AS areaid_1,Org.areaid_2 AS areaid_2,Org.address AS address,Org.url AS url,Org.weibo AS weibo,Org.wx AS wx,Org.created_at AS created_at,Org.is_del AS is_del,Org.is_lock AS is_lock,Org.vip AS vip,Org.email AS email,Org.is_verify AS is_verify,Org.contact_name AS contact_name,OrgAuthentication.status AS status,OrgAuthentication.legal_p_name AS legal_p_name,OrgAuthentication.legal_p_phone AS legal_p_phone,OrgAuthentication.legal_p_card AS legal_p_card,OrgAuthentication.yingye AS yingye,OrgAuthentication.zuzhi AS zuzhi,GradeLevel.name AS vip_name FROM ym_org Org  JOIN ym_org_authentication OrgAuthentication ON OrgAuthentication.org_guid=Org.guid LEFT JOIN ym_grade_level GradeLevel ON Org.vip=GradeLevel.guid WHERE Org.is_del = '0' ORDER BY Org.created_at DESC  [ RunTime:0.0040s ]

[ 2015-04-11T14:20:50+08:00 ] 127.0.0.1 /index.php/admin/org/index
INFO: [ app_init ] --START--
INFO: Run Behavior\BuildLiteBehavior [ RunTime:0.000000s ]
INFO: [ app_init ] --END-- [ RunTime:0.002000s ]
SQL: SHOW COLUMNS FROM `ym_org` [ RunTime:0.0050s ]
SQL: SHOW COLUMNS FROM `ym_org_authentication` [ RunTime:0.0030s ]
SQL: SHOW COLUMNS FROM `ym_grade_level` [ RunTime:0.0030s ]
SQL: SELECT Org.guid AS guid,Org.name AS name,Org.logo AS logo,Org.description AS description,Org.phone AS phone,Org.mail AS mail,Org.areaid_1 AS areaid_1,Org.areaid_2 AS areaid_2,Org.address AS address,Org.url AS url,Org.weibo AS weibo,Org.wx AS wx,Org.created_at AS created_at,Org.is_del AS is_del,Org.is_lock AS is_lock,Org.vip AS vip,Org.email AS email,Org.is_verify AS is_verify,Org.contact_name AS contact_name,OrgAuthentication.status AS status,OrgAuthentication.legal_p_name AS legal_p_name,OrgAuthentication.legal_p_phone AS legal_p_phone,OrgAuthentication.legal_p_card AS legal_p_card,OrgAuthentication.yingye AS yingye,OrgAuthentication.zuzhi AS zuzhi,GradeLevel.name AS vip_name FROM ym_org Org  JOIN ym_org_authentication OrgAuthentication ON OrgAuthentication.org_guid=Org.guid LEFT JOIN ym_grade_level GradeLevel ON Org.vip=GradeLevel.guid WHERE Org.is_del = '0' ORDER BY Org.created_at DESC  [ RunTime:0.0040s ]

[ 2015-04-11T14:20:54+08:00 ] 127.0.0.1 /index.php/admin/user/index
INFO: [ app_init ] --START--
INFO: Run Behavior\BuildLiteBehavior [ RunTime:0.000000s ]
INFO: [ app_init ] --END-- [ RunTime:0.003001s ]
SQL: SHOW COLUMNS FROM `ym_user` [ RunTime:0.0030s ]

[ 2015-04-11T14:22:09+08:00 ] 127.0.0.1 /index.php/admin/user/index
INFO: [ app_init ] --START--
INFO: Run Behavior\BuildLiteBehavior [ RunTime:0.001000s ]
INFO: [ app_init ] --END-- [ RunTime:0.002000s ]
SQL: SHOW COLUMNS FROM `ym_user` [ RunTime:0.0070s ]
SQL: SELECT * FROM `ym_user` ORDER BY id DESC LIMIT 0,10   [ RunTime:0.0000s ]
SQL: SELECT COUNT(*) AS tp_count FROM `ym_user` LIMIT 1   [ RunTime:0.0010s ]

[ 2015-04-11T14:22:28+08:00 ] 127.0.0.1 /index.php/admin/user/index
INFO: [ app_init ] --START--
INFO: Run Behavior\BuildLiteBehavior [ RunTime:0.000000s ]
INFO: [ app_init ] --END-- [ RunTime:0.003000s ]
SQL: SHOW COLUMNS FROM `ym_user` [ RunTime:0.0050s ]
SQL: SELECT * FROM `ym_user` ORDER BY id asc LIMIT 0,10   [ RunTime:0.0000s ]
SQL: SELECT COUNT(*) AS tp_count FROM `ym_user` LIMIT 1   [ RunTime:0.0000s ]

[ 2015-04-11T14:24:27+08:00 ] 127.0.0.1 /index.php/admin/user/index
INFO: [ app_init ] --START--
INFO: Run Behavior\BuildLiteBehavior [ RunTime:0.001000s ]
INFO: [ app_init ] --END-- [ RunTime:0.003000s ]
SQL: SHOW COLUMNS FROM `ym_user` [ RunTime:0.0030s ]
SQL: SELECT * FROM `ym_user` ORDER BY id asc LIMIT 0,10   [ RunTime:0.0020s ]
SQL: SELECT COUNT(*) AS tp_count FROM `ym_user` LIMIT 1   [ RunTime:0.0010s ]

[ 2015-04-11T14:24:35+08:00 ] 127.0.0.1 /index.php/admin/user/index/p/2
INFO: [ app_init ] --START--
INFO: Run Behavior\BuildLiteBehavior [ RunTime:0.001000s ]
INFO: [ app_init ] --END-- [ RunTime:0.003000s ]
SQL: SHOW COLUMNS FROM `ym_user` [ RunTime:0.0050s ]
SQL: SELECT * FROM `ym_user` ORDER BY id asc LIMIT 10,10   [ RunTime:0.0010s ]
SQL: SELECT COUNT(*) AS tp_count FROM `ym_user` LIMIT 1   [ RunTime:0.0010s ]

[ 2015-04-11T14:24:37+08:00 ] 127.0.0.1 /index.php/admin/user/index/p/3
INFO: [ app_init ] --START--
INFO: Run Behavior\BuildLiteBehavior [ RunTime:0.001000s ]
INFO: [ app_init ] --END-- [ RunTime:0.004000s ]
SQL: SHOW COLUMNS FROM `ym_user` [ RunTime:0.0070s ]
SQL: SELECT * FROM `ym_user` ORDER BY id asc LIMIT 20,10   [ RunTime:0.0010s ]
SQL: SELECT COUNT(*) AS tp_count FROM `ym_user` LIMIT 1   [ RunTime:0.0000s ]

[ 2015-04-11T14:24:40+08:00 ] 127.0.0.1 /index.php/admin/user/index/p/1
INFO: [ app_init ] --START--
INFO: Run Behavior\BuildLiteBehavior [ RunTime:0.000000s ]
INFO: [ app_init ] --END-- [ RunTime:0.003000s ]
SQL: SHOW COLUMNS FROM `ym_user` [ RunTime:0.0040s ]
SQL: SELECT * FROM `ym_user` ORDER BY id asc LIMIT 0,10   [ RunTime:0.0000s ]
SQL: SELECT COUNT(*) AS tp_count FROM `ym_user` LIMIT 1   [ RunTime:0.0010s ]

[ 2015-04-11T14:24:51+08:00 ] 127.0.0.1 /index.php/admin/user/content
INFO: [ app_init ] --START--
INFO: Run Behavior\BuildLiteBehavior [ RunTime:0.001000s ]
INFO: [ app_init ] --END-- [ RunTime:0.002000s ]
SQL: SHOW COLUMNS FROM `ym_user` [ RunTime:0.0030s ]
SQL: SELECT * FROM `ym_user` LIMIT 1   [ RunTime:0.0000s ]
SQL: SHOW COLUMNS FROM `ym_user_interest` [ RunTime:0.0030s ]
SQL: SELECT r.id,r.name FROM ym_user_interest l INNER JOIN ym_interest r ON l.interest_id = r.id  WHERE l.user_guid = null  [ RunTime:0.0010s ]
SQL: SHOW COLUMNS FROM `ym_industry` [ RunTime:0.0050s ]
SQL: SELECT * FROM `ym_industry` WHERE `guid` = null LIMIT 1   [ RunTime:0.0010s ]
SQL: SHOW COLUMNS FROM `ym_user_company` [ RunTime:0.0030s ]
SQL: SELECT c.guid,c.name,c.tel,c.position,i.guid as industry_guid,i.name as industry_name FROM ym_user_company c left JOIN ym_industry i ON c.industry_guid=i.guid  WHERE c.user_guid = null AND c.is_verify = '1' AND c.is_del = '0'  [ RunTime:0.0010s ]
SQL: SHOW COLUMNS FROM `ym_org_group_members` [ RunTime:0.0030s ]
SQL: SELECT `name` FROM ym_org_group_members m INNER JOIN ym_org o ON m.org_guid = o.guid  WHERE m.user_guid = null GROUP BY m.org_guid  [ RunTime:0.0010s ]
SQL: SHOW COLUMNS FROM `ym_user_attribute` [ RunTime:0.0040s ]
SQL: SELECT * FROM `ym_user_attribute` WHERE `user_guid` = null LIMIT 1   [ RunTime:0.0010s ]

[ 2015-04-11T14:24:57+08:00 ] 127.0.0.1 /index.php/admin/user/index
INFO: [ app_init ] --START--
INFO: Run Behavior\BuildLiteBehavior [ RunTime:0.000000s ]
INFO: [ app_init ] --END-- [ RunTime:0.003000s ]
SQL: SHOW COLUMNS FROM `ym_user` [ RunTime:0.0040s ]
SQL: SELECT * FROM `ym_user` ORDER BY id asc LIMIT 0,10   [ RunTime:0.0010s ]
SQL: SELECT COUNT(*) AS tp_count FROM `ym_user` LIMIT 1   [ RunTime:0.0000s ]

[ 2015-04-11T14:25:43+08:00 ] 127.0.0.1 /index.php/admin/user/index
INFO: [ app_init ] --START--
INFO: Run Behavior\BuildLiteBehavior [ RunTime:0.000000s ]
INFO: [ app_init ] --END-- [ RunTime:0.002000s ]
SQL: SHOW COLUMNS FROM `ym_user` [ RunTime:0.0050s ]
SQL: SELECT * FROM `ym_user` ORDER BY id asc LIMIT 0,10   [ RunTime:0.0000s ]
SQL: SELECT COUNT(*) AS tp_count FROM `ym_user` LIMIT 1   [ RunTime:0.0000s ]

[ 2015-04-11T14:26:00+08:00 ] 127.0.0.1 /index.php/admin/user/index
INFO: [ app_init ] --START--
INFO: Run Behavior\BuildLiteBehavior [ RunTime:0.000000s ]
INFO: [ app_init ] --END-- [ RunTime:0.003000s ]
SQL: SHOW COLUMNS FROM `ym_user` [ RunTime:0.0050s ]
SQL: SELECT * FROM `ym_user` ORDER BY id asc LIMIT 0,10   [ RunTime:0.0010s ]
SQL: SELECT COUNT(*) AS tp_count FROM `ym_user` LIMIT 1   [ RunTime:0.0010s ]

[ 2015-04-11T14:31:34+08:00 ] 127.0.0.1 /index.php/admin/user/index
INFO: [ app_init ] --START--
INFO: Run Behavior\BuildLiteBehavior [ RunTime:0.000000s ]
INFO: [ app_init ] --END-- [ RunTime:0.001000s ]
SQL: SHOW COLUMNS FROM `ym_user` [ RunTime:0.0040s ]
SQL: SELECT * FROM `ym_user` ORDER BY id asc LIMIT 0,10   [ RunTime:0.0010s ]
SQL: SELECT COUNT(*) AS tp_count FROM `ym_user` LIMIT 1   [ RunTime:0.0010s ]

[ 2015-04-11T14:31:41+08:00 ] 127.0.0.1 /index.php/admin/user/delete/id/5
INFO: [ app_init ] --START--
INFO: Run Behavior\BuildLiteBehavior [ RunTime:0.000000s ]
INFO: [ app_init ] --END-- [ RunTime:0.004000s ]
SQL: SHOW COLUMNS FROM `ym_user` [ RunTime:0.0030s ]
SQL: DELETE FROM `ym_user` WHERE `id` = 5 [ RunTime:0.0010s ]

[ 2015-04-11T14:32:18+08:00 ] 127.0.0.1 /index.php/admin/user/delete/id/5
INFO: [ app_init ] --START--
INFO: Run Behavior\BuildLiteBehavior [ RunTime:0.001000s ]
INFO: [ app_init ] --END-- [ RunTime:0.002000s ]

[ 2015-04-11T14:32:38+08:00 ] 127.0.0.1 /index.php/admin/user/delete/id/5
INFO: [ app_init ] --START--
INFO: Run Behavior\BuildLiteBehavior [ RunTime:0.000000s ]
INFO: [ app_init ] --END-- [ RunTime:0.004000s ]
SQL: SHOW COLUMNS FROM `ym_user` [ RunTime:0.0080s ]
SQL: DELETE FROM `ym_user` WHERE `id` = 5 [ RunTime:0.0010s ]

[ 2015-04-11T14:32:48+08:00 ] 127.0.0.1 /index.php/admin/user/index
INFO: [ app_init ] --START--
INFO: Run Behavior\BuildLiteBehavior [ RunTime:0.001000s ]
INFO: [ app_init ] --END-- [ RunTime:0.003000s ]
SQL: SHOW COLUMNS FROM `ym_user` [ RunTime:0.0030s ]
SQL: SELECT * FROM `ym_user` ORDER BY id asc LIMIT 0,10   [ RunTime:0.0010s ]
SQL: SELECT COUNT(*) AS tp_count FROM `ym_user` LIMIT 1   [ RunTime:0.0010s ]

[ 2015-04-11T14:32:53+08:00 ] 127.0.0.1 /index.php/admin/user/delete/id/95
INFO: [ app_init ] --START--
INFO: Run Behavior\BuildLiteBehavior [ RunTime:0.000000s ]
INFO: [ app_init ] --END-- [ RunTime:0.004000s ]
SQL: SHOW COLUMNS FROM `ym_user` [ RunTime:0.0040s ]
SQL: DELETE FROM `ym_user` WHERE `id` = 95 [ RunTime:0.0010s ]

[ 2015-04-11T14:32:59+08:00 ] 127.0.0.1 /index.php/admin/user/delete/id/95
INFO: [ app_init ] --START--
INFO: Run Behavior\BuildLiteBehavior [ RunTime:0.000000s ]
INFO: [ app_init ] --END-- [ RunTime:0.004000s ]
SQL: SHOW COLUMNS FROM `ym_user` [ RunTime:0.0050s ]
SQL: DELETE FROM `ym_user` WHERE `id` = 95 [ RunTime:0.0010s ]

[ 2015-04-11T14:33:50+08:00 ] 127.0.0.1 /index.php/admin/user/delete/id/95
INFO: [ app_init ] --START--
INFO: Run Behavior\BuildLiteBehavior [ RunTime:0.000000s ]
INFO: [ app_init ] --END-- [ RunTime:0.002000s ]
SQL: SHOW COLUMNS FROM `ym_user` [ RunTime:0.0060s ]
SQL: DELETE FROM `ym_user` WHERE `id` = 95 [ RunTime:0.0010s ]

[ 2015-04-11T14:33:55+08:00 ] 127.0.0.1 /index.php/admin/user/delete/id/97
INFO: [ app_init ] --START--
INFO: Run Behavior\BuildLiteBehavior [ RunTime:0.001000s ]
INFO: [ app_init ] --END-- [ RunTime:0.003000s ]
SQL: SHOW COLUMNS FROM `ym_user` [ RunTime:0.0030s ]
SQL: DELETE FROM `ym_user` WHERE `id` = 97 [ RunTime:0.0010s ]

[ 2015-04-11T14:39:00+08:00 ] 127.0.0.1 /index.php/admin/user/delete/id/97
INFO: [ app_init ] --START--
INFO: Run Behavior\BuildLiteBehavior [ RunTime:0.001000s ]
INFO: [ app_init ] --END-- [ RunTime:0.002000s ]
SQL: SHOW COLUMNS FROM `ym_user` [ RunTime:0.0030s ]
SQL: DELETE FROM `ym_user` WHERE `id` = 97 [ RunTime:0.0000s ]

[ 2015-04-11T14:39:18+08:00 ] 127.0.0.1 /index.php/admin/user/delete/id/97
INFO: [ app_init ] --START--
INFO: Run Behavior\BuildLiteBehavior [ RunTime:0.000000s ]
INFO: [ app_init ] --END-- [ RunTime:0.004000s ]
SQL: SHOW COLUMNS FROM `ym_user` [ RunTime:0.0060s ]
SQL: DELETE FROM `ym_user` WHERE `id` = 97 [ RunTime:0.0010s ]

[ 2015-04-11T14:39:24+08:00 ] 127.0.0.1 /index.php/admin/user/delete/id/96
INFO: [ app_init ] --START--
INFO: Run Behavior\BuildLiteBehavior [ RunTime:0.000000s ]
INFO: [ app_init ] --END-- [ RunTime:0.004001s ]
SQL: SHOW COLUMNS FROM `ym_user` [ RunTime:0.0040s ]
SQL: DELETE FROM `ym_user` WHERE `id` = 96 [ RunTime:0.0000s ]

[ 2015-04-11T14:39:26+08:00 ] 127.0.0.1 /index.php/admin/user/index
INFO: [ app_init ] --START--
INFO: Run Behavior\BuildLiteBehavior [ RunTime:0.001000s ]
INFO: [ app_init ] --END-- [ RunTime:0.002001s ]
SQL: SHOW COLUMNS FROM `ym_user` [ RunTime:0.0040s ]
SQL: SELECT * FROM `ym_user` ORDER BY id asc LIMIT 0,10   [ RunTime:0.0000s ]
SQL: SELECT COUNT(*) AS tp_count FROM `ym_user` LIMIT 1   [ RunTime:0.0000s ]

[ 2015-04-11T14:39:29+08:00 ] 127.0.0.1 /index.php/admin/user/delete/id/104
INFO: [ app_init ] --START--
INFO: Run Behavior\BuildLiteBehavior [ RunTime:0.000000s ]
INFO: [ app_init ] --END-- [ RunTime:0.002000s ]
SQL: SHOW COLUMNS FROM `ym_user` [ RunTime:0.0050s ]
SQL: DELETE FROM `ym_user` WHERE `id` = 104 [ RunTime:0.0010s ]

[ 2015-04-11T14:39:30+08:00 ] 127.0.0.1 /index.php/admin/user/index
INFO: [ app_init ] --START--
INFO: Run Behavior\BuildLiteBehavior [ RunTime:0.001000s ]
INFO: [ app_init ] --END-- [ RunTime:0.002000s ]
SQL: SHOW COLUMNS FROM `ym_user` [ RunTime:0.0060s ]
SQL: SELECT * FROM `ym_user` ORDER BY id asc LIMIT 0,10   [ RunTime:0.0010s ]
SQL: SELECT COUNT(*) AS tp_count FROM `ym_user` LIMIT 1   [ RunTime:0.0010s ]

[ 2015-04-11T14:39:33+08:00 ] 127.0.0.1 /index.php/admin/user/delete/id/101
INFO: [ app_init ] --START--
INFO: Run Behavior\BuildLiteBehavior [ RunTime:0.001000s ]
INFO: [ app_init ] --END-- [ RunTime:0.002000s ]
SQL: SHOW COLUMNS FROM `ym_user` [ RunTime:0.0040s ]
SQL: DELETE FROM `ym_user` WHERE `id` = 101 [ RunTime:0.0000s ]

[ 2015-04-11T14:39:34+08:00 ] 127.0.0.1 /index.php/admin/user/index
INFO: [ app_init ] --START--
INFO: Run Behavior\BuildLiteBehavior [ RunTime:0.000000s ]
INFO: [ app_init ] --END-- [ RunTime:0.004000s ]
SQL: SHOW COLUMNS FROM `ym_user` [ RunTime:0.0070s ]
SQL: SELECT * FROM `ym_user` ORDER BY id asc LIMIT 0,10   [ RunTime:0.0010s ]
SQL: SELECT COUNT(*) AS tp_count FROM `ym_user` LIMIT 1   [ RunTime:0.0010s ]

[ 2015-04-11T14:39:45+08:00 ] 127.0.0.1 /index.php/admin/user/delete/id/103
INFO: [ app_init ] --START--
INFO: Run Behavior\BuildLiteBehavior [ RunTime:0.000000s ]
INFO: [ app_init ] --END-- [ RunTime:0.002000s ]
SQL: SHOW COLUMNS FROM `ym_user` [ RunTime:0.0030s ]
SQL: DELETE FROM `ym_user` WHERE `id` = 103 [ RunTime:0.0000s ]

[ 2015-04-11T14:39:46+08:00 ] 127.0.0.1 /index.php/admin/user/index
INFO: [ app_init ] --START--
INFO: Run Behavior\BuildLiteBehavior [ RunTime:0.001000s ]
INFO: [ app_init ] --END-- [ RunTime:0.003000s ]
SQL: SHOW COLUMNS FROM `ym_user` [ RunTime:0.0060s ]
SQL: SELECT * FROM `ym_user` ORDER BY id asc LIMIT 0,10   [ RunTime:0.0010s ]
SQL: SELECT COUNT(*) AS tp_count FROM `ym_user` LIMIT 1   [ RunTime:0.0010s ]

[ 2015-04-11T14:40:13+08:00 ] 127.0.0.1 /index.php/admin/user/index
INFO: [ app_init ] --START--
INFO: Run Behavior\BuildLiteBehavior [ RunTime:0.000000s ]
INFO: [ app_init ] --END-- [ RunTime:0.003000s ]
SQL: SHOW COLUMNS FROM `ym_user` [ RunTime:0.0050s ]
SQL: SELECT * FROM `ym_user` ORDER BY id asc LIMIT 0,10   [ RunTime:0.0010s ]
SQL: SELECT COUNT(*) AS tp_count FROM `ym_user` LIMIT 1   [ RunTime:0.0000s ]

[ 2015-04-11T14:40:16+08:00 ] 127.0.0.1 /index.php/admin/user/delete/id/102
INFO: [ app_init ] --START--
INFO: Run Behavior\BuildLiteBehavior [ RunTime:0.000000s ]
INFO: [ app_init ] --END-- [ RunTime:0.002000s ]
SQL: SHOW COLUMNS FROM `ym_user` [ RunTime:0.0050s ]
SQL: DELETE FROM `ym_user` WHERE `id` = 102 [ RunTime:0.0000s ]

[ 2015-04-11T14:40:18+08:00 ] 127.0.0.1 /index.php/admin/user/index
INFO: [ app_init ] --START--
INFO: Run Behavior\BuildLiteBehavior [ RunTime:0.000000s ]
INFO: [ app_init ] --END-- [ RunTime:0.003000s ]
SQL: SHOW COLUMNS FROM `ym_user` [ RunTime:0.0070s ]
SQL: SELECT * FROM `ym_user` ORDER BY id asc LIMIT 0,10   [ RunTime:0.0010s ]
SQL: SELECT COUNT(*) AS tp_count FROM `ym_user` LIMIT 1   [ RunTime:0.0000s ]

[ 2015-04-11T14:40:21+08:00 ] 127.0.0.1 /index.php/admin/user/delete/id/100
INFO: [ app_init ] --START--
INFO: Run Behavior\BuildLiteBehavior [ RunTime:0.000000s ]
INFO: [ app_init ] --END-- [ RunTime:0.002000s ]
SQL: SHOW COLUMNS FROM `ym_user` [ RunTime:0.0030s ]
SQL: DELETE FROM `ym_user` WHERE `id` = 100 [ RunTime:0.0000s ]

[ 2015-04-11T14:40:22+08:00 ] 127.0.0.1 /index.php/admin/user/index
INFO: [ app_init ] --START--
INFO: Run Behavior\BuildLiteBehavior [ RunTime:0.001000s ]
INFO: [ app_init ] --END-- [ RunTime:0.004000s ]
SQL: SHOW COLUMNS FROM `ym_user` [ RunTime:0.0070s ]
SQL: SELECT * FROM `ym_user` ORDER BY id asc LIMIT 0,10   [ RunTime:0.0010s ]
SQL: SELECT COUNT(*) AS tp_count FROM `ym_user` LIMIT 1   [ RunTime:0.0010s ]

[ 2015-04-11T14:40:24+08:00 ] 127.0.0.1 /index.php/admin/user/delete/id/99
INFO: [ app_init ] --START--
INFO: Run Behavior\BuildLiteBehavior [ RunTime:0.000000s ]
INFO: [ app_init ] --END-- [ RunTime:0.003000s ]
SQL: SHOW COLUMNS FROM `ym_user` [ RunTime:0.0040s ]
SQL: DELETE FROM `ym_user` WHERE `id` = 99 [ RunTime:0.0010s ]

[ 2015-04-11T14:40:26+08:00 ] 127.0.0.1 /index.php/admin/user/index
INFO: [ app_init ] --START--
INFO: Run Behavior\BuildLiteBehavior [ RunTime:0.000000s ]
INFO: [ app_init ] --END-- [ RunTime:0.001000s ]
SQL: SHOW COLUMNS FROM `ym_user` [ RunTime:0.0030s ]
SQL: SELECT * FROM `ym_user` ORDER BY id asc LIMIT 0,10   [ RunTime:0.0010s ]
SQL: SELECT COUNT(*) AS tp_count FROM `ym_user` LIMIT 1   [ RunTime:0.0010s ]

[ 2015-04-11T14:40:31+08:00 ] 127.0.0.1 /index.php/admin/user/delete/id/98
INFO: [ app_init ] --START--
INFO: Run Behavior\BuildLiteBehavior [ RunTime:0.000000s ]
INFO: [ app_init ] --END-- [ RunTime:0.002000s ]
SQL: SHOW COLUMNS FROM `ym_user` [ RunTime:0.0030s ]
SQL: DELETE FROM `ym_user` WHERE `id` = 98 [ RunTime:0.0010s ]

[ 2015-04-11T14:40:32+08:00 ] 127.0.0.1 /index.php/admin/user/index
INFO: [ app_init ] --START--
INFO: Run Behavior\BuildLiteBehavior [ RunTime:0.001000s ]
INFO: [ app_init ] --END-- [ RunTime:0.002000s ]
SQL: SHOW COLUMNS FROM `ym_user` [ RunTime:0.0050s ]
SQL: SELECT * FROM `ym_user` ORDER BY id asc LIMIT 0,10   [ RunTime:0.0010s ]
SQL: SELECT COUNT(*) AS tp_count FROM `ym_user` LIMIT 1   [ RunTime:0.0010s ]

[ 2015-04-11T14:41:48+08:00 ] 127.0.0.1 /index.php/admin/user/index
INFO: [ app_init ] --START--
INFO: Run Behavior\BuildLiteBehavior [ RunTime:0.000000s ]
INFO: [ app_init ] --END-- [ RunTime:0.002000s ]
SQL: SHOW COLUMNS FROM `ym_user` [ RunTime:0.0030s ]
SQL: SELECT * FROM `ym_user` ORDER BY id asc LIMIT 0,10   [ RunTime:0.0000s ]
SQL: SELECT COUNT(*) AS tp_count FROM `ym_user` LIMIT 1   [ RunTime:0.0000s ]

[ 2015-04-11T14:43:01+08:00 ] 127.0.0.1 /index.php/admin/org/index
INFO: [ app_init ] --START--
INFO: Run Behavior\BuildLiteBehavior [ RunTime:0.001000s ]
INFO: [ app_init ] --END-- [ RunTime:0.002000s ]
SQL: SHOW COLUMNS FROM `ym_org` [ RunTime:0.0060s ]
SQL: SHOW COLUMNS FROM `ym_org_authentication` [ RunTime:0.0060s ]
SQL: SHOW COLUMNS FROM `ym_grade_level` [ RunTime:0.0060s ]
SQL: SELECT Org.guid AS guid,Org.name AS name,Org.logo AS logo,Org.description AS description,Org.phone AS phone,Org.mail AS mail,Org.areaid_1 AS areaid_1,Org.areaid_2 AS areaid_2,Org.address AS address,Org.url AS url,Org.weibo AS weibo,Org.wx AS wx,Org.created_at AS created_at,Org.is_del AS is_del,Org.is_lock AS is_lock,Org.vip AS vip,Org.email AS email,Org.is_verify AS is_verify,Org.contact_name AS contact_name,OrgAuthentication.status AS status,OrgAuthentication.legal_p_name AS legal_p_name,OrgAuthentication.legal_p_phone AS legal_p_phone,OrgAuthentication.legal_p_card AS legal_p_card,OrgAuthentication.yingye AS yingye,OrgAuthentication.zuzhi AS zuzhi,GradeLevel.name AS vip_name FROM ym_org Org  JOIN ym_org_authentication OrgAuthentication ON OrgAuthentication.org_guid=Org.guid LEFT JOIN ym_grade_level GradeLevel ON Org.vip=GradeLevel.guid WHERE Org.is_del = '0' ORDER BY Org.created_at DESC  [ RunTime:0.0060s ]

[ 2015-04-11T14:43:03+08:00 ] 127.0.0.1 /index.php/admin/org/add
INFO: [ app_init ] --START--
INFO: Run Behavior\BuildLiteBehavior [ RunTime:0.000000s ]
INFO: [ app_init ] --END-- [ RunTime:0.004001s ]

[ 2015-04-11T14:43:06+08:00 ] 127.0.0.1 /index.php/admin/org/index
INFO: [ app_init ] --START--
INFO: Run Behavior\BuildLiteBehavior [ RunTime:0.000000s ]
INFO: [ app_init ] --END-- [ RunTime:0.006001s ]
SQL: SHOW COLUMNS FROM `ym_org` [ RunTime:0.0070s ]
SQL: SHOW COLUMNS FROM `ym_org_authentication` [ RunTime:0.0050s ]
SQL: SHOW COLUMNS FROM `ym_grade_level` [ RunTime:0.0050s ]
SQL: SELECT Org.guid AS guid,Org.name AS name,Org.logo AS logo,Org.description AS description,Org.phone AS phone,Org.mail AS mail,Org.areaid_1 AS areaid_1,Org.areaid_2 AS areaid_2,Org.address AS address,Org.url AS url,Org.weibo AS weibo,Org.wx AS wx,Org.created_at AS created_at,Org.is_del AS is_del,Org.is_lock AS is_lock,Org.vip AS vip,Org.email AS email,Org.is_verify AS is_verify,Org.contact_name AS contact_name,OrgAuthentication.status AS status,OrgAuthentication.legal_p_name AS legal_p_name,OrgAuthentication.legal_p_phone AS legal_p_phone,OrgAuthentication.legal_p_card AS legal_p_card,OrgAuthentication.yingye AS yingye,OrgAuthentication.zuzhi AS zuzhi,GradeLevel.name AS vip_name FROM ym_org Org  JOIN ym_org_authentication OrgAuthentication ON OrgAuthentication.org_guid=Org.guid LEFT JOIN ym_grade_level GradeLevel ON Org.vip=GradeLevel.guid WHERE Org.is_del = '0' ORDER BY Org.created_at DESC  [ RunTime:0.0050s ]

[ 2015-04-11T14:47:43+08:00 ] 127.0.0.1 /index.php/admin/user/index
INFO: [ app_init ] --START--
INFO: Run Behavior\BuildLiteBehavior [ RunTime:0.000000s ]
INFO: [ app_init ] --END-- [ RunTime:0.003000s ]
SQL: SHOW COLUMNS FROM `ym_user` [ RunTime:0.0040s ]
SQL: SELECT * FROM `ym_user` ORDER BY id asc LIMIT 0,10   [ RunTime:0.0010s ]
SQL: SELECT COUNT(*) AS tp_count FROM `ym_user` LIMIT 1   [ RunTime:0.0000s ]

[ 2015-04-11T14:47:48+08:00 ] 127.0.0.1 /index.php/admin/upload/index
INFO: [ app_init ] --START--
INFO: Run Behavior\BuildLiteBehavior [ RunTime:0.000000s ]
INFO: [ app_init ] --END-- [ RunTime:0.004000s ]
SQL: SHOW COLUMNS FROM `ym_app_upload` [ RunTime:0.0100s ]
SQL: SELECT * FROM `ym_app_upload` WHERE ( is_del = 0 ) ORDER BY updated_at DESC LIMIT 0,10   [ RunTime:0.0010s ]
SQL: SELECT COUNT(*) AS tp_count FROM `ym_app_upload` WHERE ( is_del = 0 ) LIMIT 1   [ RunTime:0.0010s ]
SQL: SELECT `status` FROM `ym_app_upload` WHERE `is_del` = 0 AND `status` = 0 LIMIT 1   [ RunTime:0.0010s ]

[ 2015-04-11T14:47:51+08:00 ] 127.0.0.1 /index.php/admin/user/index
INFO: [ app_init ] --START--
INFO: Run Behavior\BuildLiteBehavior [ RunTime:0.000000s ]
INFO: [ app_init ] --END-- [ RunTime:0.005001s ]
SQL: SHOW COLUMNS FROM `ym_user` [ RunTime:0.0040s ]
SQL: SELECT * FROM `ym_user` ORDER BY id asc LIMIT 0,10   [ RunTime:0.0000s ]
SQL: SELECT COUNT(*) AS tp_count FROM `ym_user` LIMIT 1   [ RunTime:0.0000s ]

[ 2015-04-11T14:47:54+08:00 ] 127.0.0.1 /index.php/admin/user/add
INFO: [ app_init ] --START--
INFO: Run Behavior\BuildLiteBehavior [ RunTime:0.000000s ]
INFO: [ app_init ] --END-- [ RunTime:0.002000s ]

[ 2015-04-11T14:48:13+08:00 ] 127.0.0.1 /index.php/admin/user/add
INFO: [ app_init ] --START--
INFO: Run Behavior\BuildLiteBehavior [ RunTime:0.001000s ]
INFO: [ app_init ] --END-- [ RunTime:0.001000s ]

[ 2015-04-11T14:55:40+08:00 ] 127.0.0.1 /index.php/admin/user/add
INFO: [ app_init ] --START--
INFO: Run Behavior\BuildLiteBehavior [ RunTime:0.000000s ]
INFO: [ app_init ] --END-- [ RunTime:0.002000s ]

[ 2015-04-11T14:55:49+08:00 ] 127.0.0.1 /index.php/admin/user/add
INFO: [ app_init ] --START--
INFO: Run Behavior\BuildLiteBehavior [ RunTime:0.000000s ]
INFO: [ app_init ] --END-- [ RunTime:0.002001s ]

[ 2015-04-11T14:56:10+08:00 ] 127.0.0.1 /index.php/admin/user/add
INFO: [ app_init ] --START--
INFO: Run Behavior\BuildLiteBehavior [ RunTime:0.001000s ]
INFO: [ app_init ] --END-- [ RunTime:0.003000s ]

[ 2015-04-11T14:56:13+08:00 ] 127.0.0.1 /index.php/admin/user/add
INFO: [ app_init ] --START--
INFO: Run Behavior\BuildLiteBehavior [ RunTime:0.000000s ]
INFO: [ app_init ] --END-- [ RunTime:0.003001s ]
SQL: SHOW COLUMNS FROM `ym_user` [ RunTime:0.0050s ]
SQL: SELECT * FROM `ym_user` WHERE `mobile` = '' LIMIT 1   [ RunTime:0.0010s ]

[ 2015-04-11T14:56:16+08:00 ] 127.0.0.1 /index.php/admin/user/add
INFO: [ app_init ] --START--
INFO: Run Behavior\BuildLiteBehavior [ RunTime:0.000000s ]
INFO: [ app_init ] --END-- [ RunTime:0.004001s ]

[ 2015-04-11T14:56:26+08:00 ] 127.0.0.1 /index.php/admin/user/add
INFO: [ app_init ] --START--
INFO: Run Behavior\BuildLiteBehavior [ RunTime:0.001000s ]
INFO: [ app_init ] --END-- [ RunTime:0.002000s ]
SQL: SHOW COLUMNS FROM `ym_user` [ RunTime:0.0030s ]
SQL: SELECT * FROM `ym_user` WHERE `mobile` = '' LIMIT 1   [ RunTime:0.0000s ]

[ 2015-04-11T14:56:30+08:00 ] 127.0.0.1 /index.php/admin/user/add
INFO: [ app_init ] --START--
INFO: Run Behavior\BuildLiteBehavior [ RunTime:0.001001s ]
INFO: [ app_init ] --END-- [ RunTime:0.002001s ]

[ 2015-04-11T14:56:35+08:00 ] 127.0.0.1 /index.php/admin/user/add
INFO: [ app_init ] --START--
INFO: Run Behavior\BuildLiteBehavior [ RunTime:0.000000s ]
INFO: [ app_init ] --END-- [ RunTime:0.004001s ]

[ 2015-04-11T14:56:37+08:00 ] 127.0.0.1 /index.php/admin/user/add
INFO: [ app_init ] --START--
INFO: Run Behavior\BuildLiteBehavior [ RunTime:0.000000s ]
INFO: [ app_init ] --END-- [ RunTime:0.003000s ]
SQL: SHOW COLUMNS FROM `ym_user` [ RunTime:0.0060s ]
SQL: SELECT * FROM `ym_user` WHERE `mobile` = '' LIMIT 1   [ RunTime:0.0010s ]

[ 2015-04-11T14:56:41+08:00 ] 127.0.0.1 /index.php/admin/user/add
INFO: [ app_init ] --START--
INFO: Run Behavior\BuildLiteBehavior [ RunTime:0.000000s ]
INFO: [ app_init ] --END-- [ RunTime:0.003000s ]

[ 2015-04-11T14:57:02+08:00 ] 127.0.0.1 /index.php/admin/user/add
INFO: [ app_init ] --START--
INFO: Run Behavior\BuildLiteBehavior [ RunTime:0.000000s ]
INFO: [ app_init ] --END-- [ RunTime:0.001000s ]
SQL: SHOW COLUMNS FROM `ym_user` [ RunTime:0.0030s ]
SQL: SELECT * FROM `ym_user` WHERE `mobile` = '' LIMIT 1   [ RunTime:0.0000s ]

[ 2015-04-11T14:58:17+08:00 ] 127.0.0.1 /index.php/admin/user/add
INFO: [ app_init ] --START--
INFO: Run Behavior\BuildLiteBehavior [ RunTime:0.000000s ]
INFO: [ app_init ] --END-- [ RunTime:0.003000s ]
SQL: SHOW COLUMNS FROM `ym_user` [ RunTime:0.0030s ]
SQL: SELECT * FROM `ym_user` WHERE `username` = 'admin' LIMIT 1   [ RunTime:0.0000s ]

[ 2015-04-11T14:58:28+08:00 ] 127.0.0.1 /index.php/admin/user/add
INFO: [ app_init ] --START--
INFO: Run Behavior\BuildLiteBehavior [ RunTime:0.000000s ]
INFO: [ app_init ] --END-- [ RunTime:0.002000s ]
SQL: SHOW COLUMNS FROM `ym_user` [ RunTime:0.0020s ]
SQL: SELECT * FROM `ym_user` WHERE `username` = 'admin' LIMIT 1   [ RunTime:0.0000s ]

[ 2015-04-11T14:58:31+08:00 ] 127.0.0.1 /index.php/admin/user/add
INFO: [ app_init ] --START--
INFO: Run Behavior\BuildLiteBehavior [ RunTime:0.001000s ]
INFO: [ app_init ] --END-- [ RunTime:0.003000s ]

[ 2015-04-11T14:58:36+08:00 ] 127.0.0.1 /index.php/admin/user/add
INFO: [ app_init ] --START--
INFO: Run Behavior\BuildLiteBehavior [ RunTime:0.000000s ]
INFO: [ app_init ] --END-- [ RunTime:0.003000s ]
SQL: SHOW COLUMNS FROM `ym_user` [ RunTime:0.0050s ]
SQL: SELECT * FROM `ym_user` WHERE `username` = 'admin2' LIMIT 1   [ RunTime:0.0010s ]

[ 2015-04-11T14:58:40+08:00 ] 127.0.0.1 /index.php/admin/user/add
INFO: [ app_init ] --START--
INFO: Run Behavior\BuildLiteBehavior [ RunTime:0.000000s ]
INFO: [ app_init ] --END-- [ RunTime:0.002000s ]

[ 2015-04-11T14:59:23+08:00 ] 127.0.0.1 /index.php/admin/user/add
INFO: [ app_init ] --START--
INFO: Run Behavior\BuildLiteBehavior [ RunTime:0.000000s ]
INFO: [ app_init ] --END-- [ RunTime:0.002001s ]
SQL: SHOW COLUMNS FROM `ym_user` [ RunTime:0.0030s ]
SQL: SELECT * FROM `ym_user` WHERE `username` = 'admin2' LIMIT 1   [ RunTime:0.0000s ]

[ 2015-04-11T14:59:26+08:00 ] 127.0.0.1 /index.php/admin/user/add
INFO: [ app_init ] --START--
INFO: Run Behavior\BuildLiteBehavior [ RunTime:0.001000s ]
INFO: [ app_init ] --END-- [ RunTime:0.002000s ]

[ 2015-04-11T14:59:29+08:00 ] 127.0.0.1 /index.php/admin/user/add
INFO: [ app_init ] --START--
INFO: Run Behavior\BuildLiteBehavior [ RunTime:0.000000s ]
INFO: [ app_init ] --END-- [ RunTime:0.002000s ]
SQL: SHOW COLUMNS FROM `ym_user` [ RunTime:0.0030s ]
SQL: SELECT * FROM `ym_user` WHERE `username` = 'admin2' LIMIT 1   [ RunTime:0.0000s ]

[ 2015-04-11T14:59:33+08:00 ] 127.0.0.1 /index.php/admin/user/add
INFO: [ app_init ] --START--
INFO: Run Behavior\BuildLiteBehavior [ RunTime:0.001000s ]
INFO: [ app_init ] --END-- [ RunTime:0.003000s ]

[ 2015-04-11T14:59:46+08:00 ] 127.0.0.1 /index.php/admin/user/add
INFO: [ app_init ] --START--
INFO: Run Behavior\BuildLiteBehavior [ RunTime:0.000000s ]
INFO: [ app_init ] --END-- [ RunTime:0.002000s ]
SQL: SHOW COLUMNS FROM `ym_user` [ RunTime:0.0050s ]
SQL: SELECT * FROM `ym_user` WHERE `username` = 'admin2' LIMIT 1   [ RunTime:0.0010s ]
SQL: INSERT INTO `ym_user` (`username`,`password`,`mobile`,`email`,`real_name`) VALUES ('admin2','96e79218965eb72c92a549dd5a330112','18622222222','2222980@qq.com','1') [ RunTime:0.0030s ]

[ 2015-04-11T14:59:47+08:00 ] 127.0.0.1 /index.php/admin/user/index
INFO: [ app_init ] --START--
INFO: Run Behavior\BuildLiteBehavior [ RunTime:0.000000s ]
INFO: [ app_init ] --END-- [ RunTime:0.003000s ]
SQL: SHOW COLUMNS FROM `ym_user` [ RunTime:0.0040s ]
SQL: SELECT * FROM `ym_user` ORDER BY id asc LIMIT 0,10   [ RunTime:0.0000s ]
SQL: SELECT COUNT(*) AS tp_count FROM `ym_user` LIMIT 1   [ RunTime:0.0010s ]

[ 2015-04-11T15:00:14+08:00 ] 127.0.0.1 /index.php/admin/auth/logout
INFO: [ app_init ] --START--
INFO: Run Behavior\BuildLiteBehavior [ RunTime:0.000000s ]
INFO: [ app_init ] --END-- [ RunTime:0.003000s ]

[ 2015-04-11T15:00:15+08:00 ] 127.0.0.1 /index.php/admin/auth/login
INFO: [ app_init ] --START--
INFO: Run Behavior\BuildLiteBehavior [ RunTime:0.001000s ]
INFO: [ app_init ] --END-- [ RunTime:0.004000s ]

[ 2015-04-11T15:00:20+08:00 ] 127.0.0.1 /index.php/admin/auth/login
INFO: [ app_init ] --START--
INFO: Run Behavior\BuildLiteBehavior [ RunTime:0.001000s ]
INFO: [ app_init ] --END-- [ RunTime:0.002000s ]
SQL: SHOW COLUMNS FROM `ym_user` [ RunTime:0.0040s ]
SQL: SELECT * FROM `ym_user` WHERE `username` = 'admin1' AND `password` = '96e79218965eb72c92a549dd5a330112' LIMIT 1   [ RunTime:0.0000s ]

[ 2015-04-11T15:00:23+08:00 ] 127.0.0.1 /index.php/admin/auth/login
INFO: [ app_init ] --START--
INFO: Run Behavior\BuildLiteBehavior [ RunTime:0.000000s ]
INFO: [ app_init ] --END-- [ RunTime:0.004001s ]

[ 2015-04-11T15:00:30+08:00 ] 127.0.0.1 /index.php/admin/auth/login
INFO: [ app_init ] --START--
INFO: Run Behavior\BuildLiteBehavior [ RunTime:0.001000s ]
INFO: [ app_init ] --END-- [ RunTime:0.004000s ]
SQL: SHOW COLUMNS FROM `ym_user` [ RunTime:0.0040s ]
SQL: SELECT * FROM `ym_user` WHERE `username` = 'admin2' AND `password` = '96e79218965eb72c92a549dd5a330112' LIMIT 1   [ RunTime:0.0010s ]

[ 2015-04-11T15:00:32+08:00 ] 127.0.0.1 /index.php/admin/user/index
INFO: [ app_init ] --START--
INFO: Run Behavior\BuildLiteBehavior [ RunTime:0.000000s ]
INFO: [ app_init ] --END-- [ RunTime:0.004000s ]
SQL: SHOW COLUMNS FROM `ym_user` [ RunTime:0.0070s ]
SQL: SELECT * FROM `ym_user` ORDER BY id asc LIMIT 0,10   [ RunTime:0.0010s ]
SQL: SELECT COUNT(*) AS tp_count FROM `ym_user` LIMIT 1   [ RunTime:0.0000s ]

[ 2015-04-11T15:01:39+08:00 ] 127.0.0.1 /index.php/admin/user/index
INFO: [ app_init ] --START--
INFO: Run Behavior\BuildLiteBehavior [ RunTime:0.001000s ]
INFO: [ app_init ] --END-- [ RunTime:0.002000s ]
SQL: SHOW COLUMNS FROM `ym_user` [ RunTime:0.0040s ]
SQL: SELECT * FROM `ym_user` ORDER BY id asc LIMIT 0,10   [ RunTime:0.0020s ]
SQL: SELECT COUNT(*) AS tp_count FROM `ym_user` LIMIT 1   [ RunTime:0.0010s ]

[ 2015-04-11T15:02:06+08:00 ] 127.0.0.1 /index.php/admin/user/index
INFO: [ app_init ] --START--
INFO: Run Behavior\BuildLiteBehavior [ RunTime:0.001000s ]
INFO: [ app_init ] --END-- [ RunTime:0.005001s ]
SQL: SHOW COLUMNS FROM `ym_user` [ RunTime:0.0080s ]
SQL: SELECT * FROM `ym_user` ORDER BY id asc LIMIT 0,10   [ RunTime:0.0020s ]
SQL: SELECT COUNT(*) AS tp_count FROM `ym_user` LIMIT 1   [ RunTime:0.0010s ]

[ 2015-04-11T15:02:20+08:00 ] 127.0.0.1 /index.php/admin/user/index
INFO: [ app_init ] --START--
INFO: Run Behavior\BuildLiteBehavior [ RunTime:0.000000s ]
INFO: [ app_init ] --END-- [ RunTime:0.003001s ]
SQL: SHOW COLUMNS FROM `ym_user` [ RunTime:0.0030s ]
SQL: SELECT * FROM `ym_user` ORDER BY id asc LIMIT 0,10   [ RunTime:0.0010s ]
SQL: SELECT COUNT(*) AS tp_count FROM `ym_user` LIMIT 1   [ RunTime:0.0010s ]

[ 2015-04-11T15:02:46+08:00 ] 127.0.0.1 /index.php/admin/user/index
INFO: [ app_init ] --START--
INFO: Run Behavior\BuildLiteBehavior [ RunTime:0.000000s ]
INFO: [ app_init ] --END-- [ RunTime:0.004000s ]
SQL: SHOW COLUMNS FROM `ym_user` [ RunTime:0.0040s ]
SQL: SELECT * FROM `ym_user` ORDER BY id asc LIMIT 0,10   [ RunTime:0.0000s ]
SQL: SELECT COUNT(*) AS tp_count FROM `ym_user` LIMIT 1   [ RunTime:0.0000s ]

[ 2015-04-11T15:03:20+08:00 ] 127.0.0.1 /index.php/admin/user/index
INFO: [ app_init ] --START--
INFO: Run Behavior\BuildLiteBehavior [ RunTime:0.001000s ]
INFO: [ app_init ] --END-- [ RunTime:0.002000s ]
SQL: SHOW COLUMNS FROM `ym_user` [ RunTime:0.0050s ]
SQL: SELECT * FROM `ym_user` ORDER BY id asc LIMIT 0,10   [ RunTime:0.0010s ]
SQL: SELECT COUNT(*) AS tp_count FROM `ym_user` LIMIT 1   [ RunTime:0.0000s ]

[ 2015-04-11T15:03:53+08:00 ] 127.0.0.1 /index.php/admin/user/add
INFO: [ app_init ] --START--
INFO: Run Behavior\BuildLiteBehavior [ RunTime:0.000000s ]
INFO: [ app_init ] --END-- [ RunTime:0.002000s ]

[ 2015-04-11T15:04:14+08:00 ] 127.0.0.1 /index.php/admin/user/add
INFO: [ app_init ] --START--
INFO: Run Behavior\BuildLiteBehavior [ RunTime:0.000000s ]
INFO: [ app_init ] --END-- [ RunTime:0.004000s ]

[ 2015-04-11T15:04:20+08:00 ] 127.0.0.1 /index.php/admin/user/edit/id/149
INFO: [ app_init ] --START--
INFO: Run Behavior\BuildLiteBehavior [ RunTime:0.000000s ]
INFO: [ app_init ] --END-- [ RunTime:0.002000s ]
SQL: SHOW COLUMNS FROM `ym_user` [ RunTime:0.0060s ]
SQL: SELECT * FROM `ym_user` WHERE `id` = 149 LIMIT 1   [ RunTime:0.0000s ]

[ 2015-04-11T15:04:35+08:00 ] 127.0.0.1 /index.php/admin/user/edit/id/149
INFO: [ app_init ] --START--
INFO: Run Behavior\BuildLiteBehavior [ RunTime:0.001000s ]
INFO: [ app_init ] --END-- [ RunTime:0.004001s ]
SQL: SHOW COLUMNS FROM `ym_user` [ RunTime:0.0090s ]
SQL: SELECT * FROM `ym_user` WHERE `id` = 149 LIMIT 1   [ RunTime:0.0010s ]

[ 2015-04-11T15:06:08+08:00 ] 127.0.0.1 /index.php/admin/user/edit/id/149
INFO: [ app_init ] --START--
INFO: Run Behavior\BuildLiteBehavior [ RunTime:0.000000s ]
INFO: [ app_init ] --END-- [ RunTime:0.002000s ]
SQL: SHOW COLUMNS FROM `ym_user` [ RunTime:0.0050s ]
SQL: SELECT * FROM `ym_user` WHERE `id` = 149 LIMIT 1   [ RunTime:0.0010s ]

[ 2015-04-11T15:06:18+08:00 ] 127.0.0.1 /index.php/admin/user/edit/id/149
INFO: [ app_init ] --START--
INFO: Run Behavior\BuildLiteBehavior [ RunTime:0.001000s ]
INFO: [ app_init ] --END-- [ RunTime:0.006000s ]
SQL: SHOW COLUMNS FROM `ym_user` [ RunTime:0.0100s ]
SQL: SELECT * FROM `ym_user` WHERE `id` = 149 LIMIT 1   [ RunTime:0.0020s ]

[ 2015-04-11T15:07:49+08:00 ] 127.0.0.1 /index.php/admin/user/edit/id/149
INFO: [ app_init ] --START--
INFO: Run Behavior\BuildLiteBehavior [ RunTime:0.000000s ]
INFO: [ app_init ] --END-- [ RunTime:0.002001s ]
SQL: SHOW COLUMNS FROM `ym_user` [ RunTime:0.0030s ]
SQL: SELECT * FROM `ym_user` WHERE `id` = 149 LIMIT 1   [ RunTime:0.0010s ]

[ 2015-04-11T15:10:03+08:00 ] 127.0.0.1 /index.php/admin/user/edit/id/149
INFO: [ app_init ] --START--
INFO: Run Behavior\BuildLiteBehavior [ RunTime:0.000000s ]
INFO: [ app_init ] --END-- [ RunTime:0.002001s ]
SQL: SHOW COLUMNS FROM `ym_user` [ RunTime:0.0040s ]
SQL: SELECT * FROM `ym_user` WHERE `id` = 149 LIMIT 1   [ RunTime:0.0010s ]

[ 2015-04-11T15:10:05+08:00 ] 127.0.0.1 /index.php/admin/user/edit/id/149
INFO: [ app_init ] --START--
INFO: Run Behavior\BuildLiteBehavior [ RunTime:0.000000s ]
INFO: [ app_init ] --END-- [ RunTime:0.003000s ]
SQL: SHOW COLUMNS FROM `ym_user` [ RunTime:0.0030s ]
SQL: SELECT * FROM `ym_user` WHERE `id` = 149 LIMIT 1   [ RunTime:0.0010s ]
SQL: SHOW COLUMNS FROM `ym_user` [ RunTime:0.0050s ]
SQL: SELECT * FROM `ym_user` WHERE `username` = 'admin2' LIMIT 1   [ RunTime:0.0000s ]

[ 2015-04-11T15:10:09+08:00 ] 127.0.0.1 /index.php/admin/user/edit/id/149
INFO: [ app_init ] --START--
INFO: Run Behavior\BuildLiteBehavior [ RunTime:0.001000s ]
INFO: [ app_init ] --END-- [ RunTime:0.004000s ]
SQL: SHOW COLUMNS FROM `ym_user` [ RunTime:0.0050s ]
SQL: SELECT * FROM `ym_user` WHERE `id` = 149 LIMIT 1   [ RunTime:0.0000s ]

[ 2015-04-11T15:11:16+08:00 ] 127.0.0.1 /index.php/admin/user/edit/id/149
INFO: [ app_init ] --START--
INFO: Run Behavior\BuildLiteBehavior [ RunTime:0.000000s ]
INFO: [ app_init ] --END-- [ RunTime:0.002000s ]
SQL: SHOW COLUMNS FROM `ym_user` [ RunTime:0.0040s ]
SQL: SELECT * FROM `ym_user` WHERE `id` = 149 LIMIT 1   [ RunTime:0.0000s ]
SQL: SHOW COLUMNS FROM `ym_user` [ RunTime:0.0030s ]
SQL: SELECT * FROM `ym_user` WHERE `username` = 'admin2' LIMIT 1   [ RunTime:0.0010s ]

[ 2015-04-11T15:11:20+08:00 ] 127.0.0.1 /index.php/admin/user/edit/id/149
INFO: [ app_init ] --START--
INFO: Run Behavior\BuildLiteBehavior [ RunTime:0.000000s ]
INFO: [ app_init ] --END-- [ RunTime:0.003000s ]
SQL: SHOW COLUMNS FROM `ym_user` [ RunTime:0.0080s ]
SQL: SELECT * FROM `ym_user` WHERE `id` = 149 LIMIT 1   [ RunTime:0.0010s ]

[ 2015-04-11T15:13:11+08:00 ] 127.0.0.1 /index.php/admin/user/edit/id/149
INFO: [ app_init ] --START--
INFO: Run Behavior\BuildLiteBehavior [ RunTime:0.001000s ]
INFO: [ app_init ] --END-- [ RunTime:0.002000s ]
SQL: SHOW COLUMNS FROM `ym_user` [ RunTime:0.0040s ]
SQL: SELECT * FROM `ym_user` WHERE `id` = 149 LIMIT 1   [ RunTime:0.0010s ]
SQL: SHOW COLUMNS FROM `ym_user` [ RunTime:0.0060s ]

[ 2015-04-11T15:13:15+08:00 ] 127.0.0.1 /index.php/admin/user/edit/id/149
INFO: [ app_init ] --START--
INFO: Run Behavior\BuildLiteBehavior [ RunTime:0.001000s ]
INFO: [ app_init ] --END-- [ RunTime:0.002000s ]
SQL: SHOW COLUMNS FROM `ym_user` [ RunTime:0.0040s ]
SQL: SELECT * FROM `ym_user` WHERE `id` = 149 LIMIT 1   [ RunTime:0.0010s ]

[ 2015-04-11T15:13:31+08:00 ] 127.0.0.1 /index.php/admin/user/edit/id/149
INFO: [ app_init ] --START--
INFO: Run Behavior\BuildLiteBehavior [ RunTime:0.000000s ]
INFO: [ app_init ] --END-- [ RunTime:0.002000s ]
SQL: SHOW COLUMNS FROM `ym_user` [ RunTime:0.0040s ]
SQL: SELECT * FROM `ym_user` WHERE `id` = 149 LIMIT 1   [ RunTime:0.0010s ]

[ 2015-04-11T15:14:01+08:00 ] 127.0.0.1 /index.php/admin/user/edit/id/149
INFO: [ app_init ] --START--
INFO: Run Behavior\BuildLiteBehavior [ RunTime:0.000000s ]
INFO: [ app_init ] --END-- [ RunTime:0.003000s ]
SQL: SHOW COLUMNS FROM `ym_user` [ RunTime:0.0040s ]
SQL: SELECT * FROM `ym_user` WHERE `id` = 149 LIMIT 1   [ RunTime:0.0010s ]
SQL: SHOW COLUMNS FROM `ym_user` [ RunTime:0.0040s ]
SQL: INSERT INTO `ym_user` (`username`,`mobile`,`email`,`real_name`) VALUES ('admin2','18622222222','2222980@qq.com','1') [ RunTime:0.0010s ]

[ 2015-04-11T15:14:03+08:00 ] 127.0.0.1 /index.php/admin/user/index
INFO: [ app_init ] --START--
INFO: Run Behavior\BuildLiteBehavior [ RunTime:0.000000s ]
INFO: [ app_init ] --END-- [ RunTime:0.004001s ]
SQL: SHOW COLUMNS FROM `ym_user` [ RunTime:0.0080s ]
SQL: SELECT * FROM `ym_user` ORDER BY id asc LIMIT 0,10   [ RunTime:0.0010s ]
SQL: SELECT COUNT(*) AS tp_count FROM `ym_user` LIMIT 1   [ RunTime:0.0010s ]

[ 2015-04-11T15:14:17+08:00 ] 127.0.0.1 /index.php/admin/user/delete/id/150
INFO: [ app_init ] --START--
INFO: Run Behavior\BuildLiteBehavior [ RunTime:0.000000s ]
INFO: [ app_init ] --END-- [ RunTime:0.001000s ]
SQL: SHOW COLUMNS FROM `ym_user` [ RunTime:0.0030s ]
SQL: DELETE FROM `ym_user` WHERE `id` = 150 [ RunTime:0.0000s ]

[ 2015-04-11T15:14:19+08:00 ] 127.0.0.1 /index.php/admin/user/index
INFO: [ app_init ] --START--
INFO: Run Behavior\BuildLiteBehavior [ RunTime:0.001000s ]
INFO: [ app_init ] --END-- [ RunTime:0.003000s ]
SQL: SHOW COLUMNS FROM `ym_user` [ RunTime:0.0070s ]
SQL: SELECT * FROM `ym_user` ORDER BY id asc LIMIT 0,10   [ RunTime:0.0010s ]
SQL: SELECT COUNT(*) AS tp_count FROM `ym_user` LIMIT 1   [ RunTime:0.0020s ]

[ 2015-04-11T15:14:21+08:00 ] 127.0.0.1 /index.php/admin/user/edit/id/149
INFO: [ app_init ] --START--
INFO: Run Behavior\BuildLiteBehavior [ RunTime:0.000000s ]
INFO: [ app_init ] --END-- [ RunTime:0.002000s ]
SQL: SHOW COLUMNS FROM `ym_user` [ RunTime:0.0030s ]
SQL: SELECT * FROM `ym_user` WHERE `id` = 149 LIMIT 1   [ RunTime:0.0010s ]

[ 2015-04-11T15:14:32+08:00 ] 127.0.0.1 /index.php/admin/user/edit/id/149
INFO: [ app_init ] --START--
INFO: Run Behavior\BuildLiteBehavior [ RunTime:0.000000s ]
INFO: [ app_init ] --END-- [ RunTime:0.001000s ]
SQL: SHOW COLUMNS FROM `ym_user` [ RunTime:0.0030s ]
SQL: SELECT * FROM `ym_user` WHERE `id` = 149 LIMIT 1   [ RunTime:0.0010s ]
SQL: SHOW COLUMNS FROM `ym_user` [ RunTime:0.0030s ]

[ 2015-04-11T15:14:35+08:00 ] 127.0.0.1 /index.php/admin/user/edit/id/149
INFO: [ app_init ] --START--
INFO: Run Behavior\BuildLiteBehavior [ RunTime:0.001000s ]
INFO: [ app_init ] --END-- [ RunTime:0.005000s ]
SQL: SHOW COLUMNS FROM `ym_user` [ RunTime:0.0060s ]
SQL: SELECT * FROM `ym_user` WHERE `id` = 149 LIMIT 1   [ RunTime:0.0000s ]

[ 2015-04-11T15:14:37+08:00 ] 127.0.0.1 /index.php/admin/user/edit/id/149
INFO: [ app_init ] --START--
INFO: Run Behavior\BuildLiteBehavior [ RunTime:0.000000s ]
INFO: [ app_init ] --END-- [ RunTime:0.004000s ]
SQL: SHOW COLUMNS FROM `ym_user` [ RunTime:0.0040s ]
SQL: SELECT * FROM `ym_user` WHERE `id` = 149 LIMIT 1   [ RunTime:0.0000s ]
SQL: SHOW COLUMNS FROM `ym_user` [ RunTime:0.0040s ]

[ 2015-04-11T15:14:41+08:00 ] 127.0.0.1 /index.php/admin/user/edit/id/149
INFO: [ app_init ] --START--
INFO: Run Behavior\BuildLiteBehavior [ RunTime:0.001000s ]
INFO: [ app_init ] --END-- [ RunTime:0.006000s ]
SQL: SHOW COLUMNS FROM `ym_user` [ RunTime:0.0040s ]
SQL: SELECT * FROM `ym_user` WHERE `id` = 149 LIMIT 1   [ RunTime:0.0010s ]

[ 2015-04-11T15:14:47+08:00 ] 127.0.0.1 /index.php/admin/user/edit/id/149
INFO: [ app_init ] --START--
INFO: Run Behavior\BuildLiteBehavior [ RunTime:0.001000s ]
INFO: [ app_init ] --END-- [ RunTime:0.003000s ]
SQL: SHOW COLUMNS FROM `ym_user` [ RunTime:0.0020s ]
SQL: SELECT * FROM `ym_user` WHERE `id` = 149 LIMIT 1   [ RunTime:0.0010s ]
SQL: SHOW COLUMNS FROM `ym_user` [ RunTime:0.0060s ]

[ 2015-04-11T15:14:50+08:00 ] 127.0.0.1 /index.php/admin/user/edit/id/149
INFO: [ app_init ] --START--
INFO: Run Behavior\BuildLiteBehavior [ RunTime:0.000000s ]
INFO: [ app_init ] --END-- [ RunTime:0.002000s ]
SQL: SHOW COLUMNS FROM `ym_user` [ RunTime:0.0030s ]
SQL: SELECT * FROM `ym_user` WHERE `id` = 149 LIMIT 1   [ RunTime:0.0000s ]

[ 2015-04-11T15:15:05+08:00 ] 127.0.0.1 /index.php/admin/user/edit/id/149
INFO: [ app_init ] --START--
INFO: Run Behavior\BuildLiteBehavior [ RunTime:0.000000s ]
INFO: [ app_init ] --END-- [ RunTime:0.003000s ]
SQL: SHOW COLUMNS FROM `ym_user` [ RunTime:0.0030s ]
SQL: SELECT * FROM `ym_user` WHERE `id` = 149 LIMIT 1   [ RunTime:0.0010s ]
SQL: SHOW COLUMNS FROM `ym_user` [ RunTime:0.0040s ]

[ 2015-04-11T15:15:09+08:00 ] 127.0.0.1 /index.php/admin/user/edit/id/149
INFO: [ app_init ] --START--
INFO: Run Behavior\BuildLiteBehavior [ RunTime:0.000000s ]
INFO: [ app_init ] --END-- [ RunTime:0.003000s ]
SQL: SHOW COLUMNS FROM `ym_user` [ RunTime:0.0040s ]
SQL: SELECT * FROM `ym_user` WHERE `id` = 149 LIMIT 1   [ RunTime:0.0010s ]

[ 2015-04-11T15:15:27+08:00 ] 127.0.0.1 /index.php/admin/user/add
INFO: [ app_init ] --START--
INFO: Run Behavior\BuildLiteBehavior [ RunTime:0.001000s ]
INFO: [ app_init ] --END-- [ RunTime:0.002000s ]

[ 2015-04-11T15:15:39+08:00 ] 127.0.0.1 /index.php/admin/user/add
INFO: [ app_init ] --START--
INFO: Run Behavior\BuildLiteBehavior [ RunTime:0.000000s ]
INFO: [ app_init ] --END-- [ RunTime:0.001000s ]
SQL: SHOW COLUMNS FROM `ym_user` [ RunTime:0.0030s ]
SQL: SELECT * FROM `ym_user` WHERE `username` = 'admin3' LIMIT 1   [ RunTime:0.0010s ]
SQL: INSERT INTO `ym_user` (`username`,`password`,`mobile`,`email`,`real_name`) VALUES ('admin3','1a100d2c0dab19c4430e7d73762b3423','13999999999','2222@qq.com','122') [ RunTime:0.0010s ]

[ 2015-04-11T15:15:41+08:00 ] 127.0.0.1 /index.php/admin/user/index
INFO: [ app_init ] --START--
INFO: Run Behavior\BuildLiteBehavior [ RunTime:0.001000s ]
INFO: [ app_init ] --END-- [ RunTime:0.002000s ]
SQL: SHOW COLUMNS FROM `ym_user` [ RunTime:0.0040s ]
SQL: SELECT * FROM `ym_user` ORDER BY id asc LIMIT 0,10   [ RunTime:0.0010s ]
SQL: SELECT COUNT(*) AS tp_count FROM `ym_user` LIMIT 1   [ RunTime:0.0000s ]

[ 2015-04-11T15:15:45+08:00 ] 127.0.0.1 /index.php/admin/user/edit/id/149
INFO: [ app_init ] --START--
INFO: Run Behavior\BuildLiteBehavior [ RunTime:0.001000s ]
INFO: [ app_init ] --END-- [ RunTime:0.004000s ]
SQL: SHOW COLUMNS FROM `ym_user` [ RunTime:0.0040s ]
SQL: SELECT * FROM `ym_user` WHERE `id` = 149 LIMIT 1   [ RunTime:0.0010s ]

[ 2015-04-11T15:15:48+08:00 ] 127.0.0.1 /index.php/admin/user/edit/id/149
INFO: [ app_init ] --START--
INFO: Run Behavior\BuildLiteBehavior [ RunTime:0.000000s ]
INFO: [ app_init ] --END-- [ RunTime:0.004000s ]
SQL: SHOW COLUMNS FROM `ym_user` [ RunTime:0.0030s ]
SQL: SELECT * FROM `ym_user` WHERE `id` = 149 LIMIT 1   [ RunTime:0.0010s ]
SQL: SHOW COLUMNS FROM `ym_user` [ RunTime:0.0040s ]

[ 2015-04-11T15:15:51+08:00 ] 127.0.0.1 /index.php/admin/user/edit/id/149
INFO: [ app_init ] --START--
INFO: Run Behavior\BuildLiteBehavior [ RunTime:0.001000s ]
INFO: [ app_init ] --END-- [ RunTime:0.002000s ]
SQL: SHOW COLUMNS FROM `ym_user` [ RunTime:0.0060s ]
SQL: SELECT * FROM `ym_user` WHERE `id` = 149 LIMIT 1   [ RunTime:0.0010s ]

[ 2015-04-11T15:15:57+08:00 ] 127.0.0.1 /index.php/admin/user/edit/id/149
INFO: [ app_init ] --START--
INFO: Run Behavior\BuildLiteBehavior [ RunTime:0.000000s ]
INFO: [ app_init ] --END-- [ RunTime:0.002000s ]
SQL: SHOW COLUMNS FROM `ym_user` [ RunTime:0.0040s ]
SQL: SELECT * FROM `ym_user` WHERE `id` = 149 LIMIT 1   [ RunTime:0.0000s ]
SQL: SHOW COLUMNS FROM `ym_user` [ RunTime:0.0050s ]

[ 2015-04-11T15:16:00+08:00 ] 127.0.0.1 /index.php/admin/user/edit/id/149
INFO: [ app_init ] --START--
INFO: Run Behavior\BuildLiteBehavior [ RunTime:0.000000s ]
INFO: [ app_init ] --END-- [ RunTime:0.003001s ]
SQL: SHOW COLUMNS FROM `ym_user` [ RunTime:0.0030s ]
SQL: SELECT * FROM `ym_user` WHERE `id` = 149 LIMIT 1   [ RunTime:0.0000s ]

[ 2015-04-11T15:16:16+08:00 ] 127.0.0.1 /index.php/admin/user/edit/id/149
INFO: [ app_init ] --START--
INFO: Run Behavior\BuildLiteBehavior [ RunTime:0.000000s ]
INFO: [ app_init ] --END-- [ RunTime:0.002000s ]
SQL: SHOW COLUMNS FROM `ym_user` [ RunTime:0.0040s ]
SQL: SELECT * FROM `ym_user` WHERE `id` = 149 LIMIT 1   [ RunTime:0.0000s ]
SQL: SHOW COLUMNS FROM `ym_user` [ RunTime:0.0050s ]

[ 2015-04-11T15:16:20+08:00 ] 127.0.0.1 /index.php/admin/user/edit/id/149
INFO: [ app_init ] --START--
INFO: Run Behavior\BuildLiteBehavior [ RunTime:0.001000s ]
INFO: [ app_init ] --END-- [ RunTime:0.002000s ]
SQL: SHOW COLUMNS FROM `ym_user` [ RunTime:0.0060s ]
SQL: SELECT * FROM `ym_user` WHERE `id` = 149 LIMIT 1   [ RunTime:0.0000s ]

[ 2015-04-11T15:18:46+08:00 ] 127.0.0.1 /index.php/admin/user/edit/id/149
INFO: [ app_init ] --START--
INFO: Run Behavior\BuildLiteBehavior [ RunTime:0.000000s ]
INFO: [ app_init ] --END-- [ RunTime:0.003001s ]
SQL: SHOW COLUMNS FROM `ym_user` [ RunTime:0.0050s ]
SQL: SELECT * FROM `ym_user` WHERE `id` = 149 LIMIT 1   [ RunTime:0.0010s ]
SQL: SHOW COLUMNS FROM `ym_user` [ RunTime:0.0040s ]

[ 2015-04-11T15:19:04+08:00 ] 127.0.0.1 /index.php/admin/user/edit/id/149
INFO: [ app_init ] --START--
INFO: Run Behavior\BuildLiteBehavior [ RunTime:0.001000s ]
INFO: [ app_init ] --END-- [ RunTime:0.004000s ]
SQL: SHOW COLUMNS FROM `ym_user` [ RunTime:0.0050s ]
SQL: SELECT * FROM `ym_user` WHERE `id` = 149 LIMIT 1   [ RunTime:0.0010s ]
SQL: SHOW COLUMNS FROM `ym_user` [ RunTime:0.0050s ]

[ 2015-04-11T15:19:12+08:00 ] 127.0.0.1 /index.php/admin/user/edit/id/149
INFO: [ app_init ] --START--
INFO: Run Behavior\BuildLiteBehavior [ RunTime:0.001000s ]
INFO: [ app_init ] --END-- [ RunTime:0.004000s ]
SQL: SHOW COLUMNS FROM `ym_user` [ RunTime:0.0070s ]
SQL: SELECT * FROM `ym_user` WHERE `id` = 149 LIMIT 1   [ RunTime:0.0010s ]

[ 2015-04-11T15:19:17+08:00 ] 127.0.0.1 /index.php/admin/user/edit/id/149
INFO: [ app_init ] --START--
INFO: Run Behavior\BuildLiteBehavior [ RunTime:0.000000s ]
INFO: [ app_init ] --END-- [ RunTime:0.003000s ]
SQL: SHOW COLUMNS FROM `ym_user` [ RunTime:0.0030s ]
SQL: SELECT * FROM `ym_user` WHERE `id` = 149 LIMIT 1   [ RunTime:0.0010s ]
SQL: SHOW COLUMNS FROM `ym_user` [ RunTime:0.0030s ]

[ 2015-04-11T15:19:27+08:00 ] 127.0.0.1 /index.php/admin/user/edit/id/149
INFO: [ app_init ] --START--
INFO: Run Behavior\BuildLiteBehavior [ RunTime:0.001000s ]
INFO: [ app_init ] --END-- [ RunTime:0.004000s ]
SQL: SHOW COLUMNS FROM `ym_user` [ RunTime:0.0030s ]
SQL: SELECT * FROM `ym_user` WHERE `id` = 149 LIMIT 1   [ RunTime:0.0010s ]
SQL: SHOW COLUMNS FROM `ym_user` [ RunTime:0.0050s ]

[ 2015-04-11T15:19:31+08:00 ] 127.0.0.1 /index.php/admin/user/edit/id/149
INFO: [ app_init ] --START--
INFO: Run Behavior\BuildLiteBehavior [ RunTime:0.001001s ]
INFO: [ app_init ] --END-- [ RunTime:0.002001s ]
SQL: SHOW COLUMNS FROM `ym_user` [ RunTime:0.0030s ]
SQL: SELECT * FROM `ym_user` WHERE `id` = 149 LIMIT 1   [ RunTime:0.0000s ]

[ 2015-04-11T15:20:20+08:00 ] 127.0.0.1 /index.php/admin/user/edit/id/149
INFO: [ app_init ] --START--
INFO: Run Behavior\BuildLiteBehavior [ RunTime:0.000000s ]
INFO: [ app_init ] --END-- [ RunTime:0.003001s ]
SQL: SHOW COLUMNS FROM `ym_user` [ RunTime:0.0050s ]
SQL: SELECT * FROM `ym_user` WHERE `id` = 149 LIMIT 1   [ RunTime:0.0010s ]
SQL: SHOW COLUMNS FROM `ym_user` [ RunTime:0.0030s ]
SQL: UPDATE `ym_user` SET `username`='admin2',`mobile`='18622222222',`email`='2222980@qq.com',`real_name`='11111',`password`=NULL WHERE `id` = 149 [ RunTime:0.0010s ]

[ 2015-04-11T15:20:21+08:00 ] 127.0.0.1 /index.php/admin/user/index
INFO: [ app_init ] --START--
INFO: Run Behavior\BuildLiteBehavior [ RunTime:0.000000s ]
INFO: [ app_init ] --END-- [ RunTime:0.005001s ]
SQL: SHOW COLUMNS FROM `ym_user` [ RunTime:0.0060s ]
SQL: SELECT * FROM `ym_user` ORDER BY id asc LIMIT 0,10   [ RunTime:0.0020s ]
SQL: SELECT COUNT(*) AS tp_count FROM `ym_user` LIMIT 1   [ RunTime:0.0010s ]

[ 2015-04-11T15:20:24+08:00 ] 127.0.0.1 /index.php/admin/user/edit/id/149
INFO: [ app_init ] --START--
INFO: Run Behavior\BuildLiteBehavior [ RunTime:0.001001s ]
INFO: [ app_init ] --END-- [ RunTime:0.002001s ]
SQL: SHOW COLUMNS FROM `ym_user` [ RunTime:0.0050s ]
SQL: SELECT * FROM `ym_user` WHERE `id` = 149 LIMIT 1   [ RunTime:0.0000s ]

[ 2015-04-11T15:20:27+08:00 ] 127.0.0.1 /index.php/admin/user/edit/id/149
INFO: [ app_init ] --START--
INFO: Run Behavior\BuildLiteBehavior [ RunTime:0.000000s ]
INFO: [ app_init ] --END-- [ RunTime:0.002000s ]
SQL: SHOW COLUMNS FROM `ym_user` [ RunTime:0.0030s ]
SQL: SELECT * FROM `ym_user` WHERE `id` = 149 LIMIT 1   [ RunTime:0.0010s ]
SQL: SHOW COLUMNS FROM `ym_user` [ RunTime:0.0020s ]
SQL: UPDATE `ym_user` SET `username`='admin2',`mobile`='18622222222',`email`='2222980@qq.com',`real_name`='11111',`password`=NULL WHERE `id` = 149 [ RunTime:0.0010s ]

[ 2015-04-11T15:20:30+08:00 ] 127.0.0.1 /index.php/admin/user/edit/id/149
INFO: [ app_init ] --START--
INFO: Run Behavior\BuildLiteBehavior [ RunTime:0.000000s ]
INFO: [ app_init ] --END-- [ RunTime:0.003000s ]
SQL: SHOW COLUMNS FROM `ym_user` [ RunTime:0.0040s ]
SQL: SELECT * FROM `ym_user` WHERE `id` = 149 LIMIT 1   [ RunTime:0.0010s ]

[ 2015-04-11T15:21:00+08:00 ] 127.0.0.1 /index.php/admin/user/edit/id/149
INFO: [ app_init ] --START--
INFO: Run Behavior\BuildLiteBehavior [ RunTime:0.000000s ]
INFO: [ app_init ] --END-- [ RunTime:0.001000s ]
SQL: SHOW COLUMNS FROM `ym_user` [ RunTime:0.0030s ]
SQL: SELECT * FROM `ym_user` WHERE `id` = 149 LIMIT 1   [ RunTime:0.0010s ]

[ 2015-04-11T15:21:24+08:00 ] 127.0.0.1 /index.php/admin/user/edit/id/149
INFO: [ app_init ] --START--
INFO: Run Behavior\BuildLiteBehavior [ RunTime:0.000000s ]
INFO: [ app_init ] --END-- [ RunTime:0.002000s ]
SQL: SHOW COLUMNS FROM `ym_user` [ RunTime:0.0030s ]
SQL: SELECT * FROM `ym_user` WHERE `id` = 149 LIMIT 1   [ RunTime:0.0000s ]

[ 2015-04-11T15:21:40+08:00 ] 127.0.0.1 /index.php/admin/user/delete/id/151
INFO: [ app_init ] --START--
INFO: Run Behavior\BuildLiteBehavior [ RunTime:0.000000s ]
INFO: [ app_init ] --END-- [ RunTime:0.002000s ]
SQL: SHOW COLUMNS FROM `ym_user` [ RunTime:0.0050s ]
SQL: DELETE FROM `ym_user` WHERE `id` = 151 [ RunTime:0.0010s ]

[ 2015-04-11T15:21:41+08:00 ] 127.0.0.1 /index.php/admin/user/index
INFO: [ app_init ] --START--
INFO: Run Behavior\BuildLiteBehavior [ RunTime:0.000000s ]
INFO: [ app_init ] --END-- [ RunTime:0.002000s ]
SQL: SHOW COLUMNS FROM `ym_user` [ RunTime:0.0050s ]
SQL: SELECT * FROM `ym_user` ORDER BY id asc LIMIT 0,10   [ RunTime:0.0010s ]
SQL: SELECT COUNT(*) AS tp_count FROM `ym_user` LIMIT 1   [ RunTime:0.0010s ]

[ 2015-04-11T15:22:15+08:00 ] 127.0.0.1 /index.php/admin/user/index
INFO: [ app_init ] --START--
INFO: Run Behavior\BuildLiteBehavior [ RunTime:0.000000s ]
INFO: [ app_init ] --END-- [ RunTime:0.002001s ]
SQL: SHOW COLUMNS FROM `ym_user` [ RunTime:0.0070s ]
SQL: SELECT * FROM `ym_user` ORDER BY id asc LIMIT 0,10   [ RunTime:0.0010s ]
SQL: SELECT COUNT(*) AS tp_count FROM `ym_user` LIMIT 1   [ RunTime:0.0010s ]

[ 2015-04-11T15:22:28+08:00 ] 127.0.0.1 /index.php/admin/user/index
INFO: [ app_init ] --START--
INFO: Run Behavior\BuildLiteBehavior [ RunTime:0.000000s ]
INFO: [ app_init ] --END-- [ RunTime:0.004001s ]
SQL: SHOW COLUMNS FROM `ym_user` [ RunTime:0.0060s ]
SQL: SELECT * FROM `ym_user` ORDER BY id asc LIMIT 0,10   [ RunTime:0.0010s ]
SQL: SELECT COUNT(*) AS tp_count FROM `ym_user` LIMIT 1   [ RunTime:0.0010s ]

[ 2015-04-11T15:23:13+08:00 ] 127.0.0.1 /index.php/admin/user/index
INFO: [ app_init ] --START--
INFO: Run Behavior\BuildLiteBehavior [ RunTime:0.001000s ]
INFO: [ app_init ] --END-- [ RunTime:0.003000s ]
SQL: SHOW COLUMNS FROM `ym_user` [ RunTime:0.0040s ]
SQL: SELECT * FROM `ym_user` ORDER BY id asc LIMIT 0,10   [ RunTime:0.0000s ]
SQL: SELECT COUNT(*) AS tp_count FROM `ym_user` LIMIT 1   [ RunTime:0.0010s ]

[ 2015-04-11T15:23:16+08:00 ] 127.0.0.1 /index.php/admin/user/index
INFO: [ app_init ] --START--
INFO: Run Behavior\BuildLiteBehavior [ RunTime:0.001000s ]
INFO: [ app_init ] --END-- [ RunTime:0.004000s ]
SQL: SHOW COLUMNS FROM `ym_user` [ RunTime:0.0050s ]
SQL: SELECT * FROM `ym_user` ORDER BY id asc LIMIT 0,10   [ RunTime:0.0010s ]
SQL: SELECT COUNT(*) AS tp_count FROM `ym_user` LIMIT 1   [ RunTime:0.0010s ]

[ 2015-04-11T15:23:17+08:00 ] 127.0.0.1 /index.php/admin/user/index
INFO: [ app_init ] --START--
INFO: Run Behavior\BuildLiteBehavior [ RunTime:0.000000s ]
INFO: [ app_init ] --END-- [ RunTime:0.002000s ]
SQL: SHOW COLUMNS FROM `ym_user` [ RunTime:0.0040s ]
SQL: SELECT * FROM `ym_user` ORDER BY id asc LIMIT 0,10   [ RunTime:0.0010s ]
SQL: SELECT COUNT(*) AS tp_count FROM `ym_user` LIMIT 1   [ RunTime:0.0000s ]

[ 2015-04-11T15:24:26+08:00 ] 127.0.0.1 /index.php/admin/user/index
INFO: [ app_init ] --START--
INFO: Run Behavior\BuildLiteBehavior [ RunTime:0.000000s ]
INFO: [ app_init ] --END-- [ RunTime:0.003000s ]
SQL: SHOW COLUMNS FROM `ym_user` [ RunTime:0.0050s ]
SQL: SELECT * FROM `ym_user` ORDER BY id asc LIMIT 0,10   [ RunTime:0.0010s ]
SQL: SELECT COUNT(*) AS tp_count FROM `ym_user` LIMIT 1   [ RunTime:0.0000s ]

[ 2015-04-11T15:24:34+08:00 ] 127.0.0.1 /index.php/admin/user/index
INFO: [ app_init ] --START--
INFO: Run Behavior\BuildLiteBehavior [ RunTime:0.000000s ]
INFO: [ app_init ] --END-- [ RunTime:0.002000s ]
SQL: SHOW COLUMNS FROM `ym_user` [ RunTime:0.0040s ]
SQL: SELECT * FROM `ym_user` ORDER BY id asc LIMIT 0,10   [ RunTime:0.0010s ]
SQL: SELECT COUNT(*) AS tp_count FROM `ym_user` LIMIT 1   [ RunTime:0.0000s ]

[ 2015-04-11T15:24:39+08:00 ] 127.0.0.1 /index.php/admin/user/edit/id/1
INFO: [ app_init ] --START--
INFO: Run Behavior\BuildLiteBehavior [ RunTime:0.000000s ]
INFO: [ app_init ] --END-- [ RunTime:0.003000s ]
SQL: SHOW COLUMNS FROM `ym_user` [ RunTime:0.0080s ]
SQL: SELECT * FROM `ym_user` WHERE `id` = 1 LIMIT 1   [ RunTime:0.0010s ]

[ 2015-04-11T15:28:34+08:00 ] 127.0.0.1 /index.php/admin/user/index
INFO: [ app_init ] --START--
INFO: Run Behavior\BuildLiteBehavior [ RunTime:0.000000s ]
INFO: [ app_init ] --END-- [ RunTime:0.003001s ]
SQL: SHOW COLUMNS FROM `ym_user` [ RunTime:0.0050s ]
SQL: SELECT * FROM `ym_user` ORDER BY id asc LIMIT 0,10   [ RunTime:0.0000s ]
SQL: SELECT COUNT(*) AS tp_count FROM `ym_user` LIMIT 1   [ RunTime:0.0010s ]

[ 2015-04-11T15:28:36+08:00 ] 127.0.0.1 /index.php/admin/article/index
INFO: [ app_init ] --START--
INFO: Run Behavior\BuildLiteBehavior [ RunTime:0.001000s ]
INFO: [ app_init ] --END-- [ RunTime:0.002001s ]

[ 2015-04-11T15:34:36+08:00 ] 127.0.0.1 /index.php/admin/article/index
INFO: [ app_init ] --START--
INFO: Run Behavior\BuildLiteBehavior [ RunTime:0.001000s ]
INFO: [ app_init ] --END-- [ RunTime:0.001000s ]
SQL: SHOW COLUMNS FROM `ym_article` [ RunTime:0.0030s ]

[ 2015-04-11T15:35:19+08:00 ] 127.0.0.1 /index.php/admin/article/index
INFO: [ app_init ] --START--
INFO: Run Behavior\BuildLiteBehavior [ RunTime:0.001000s ]
INFO: [ app_init ] --END-- [ RunTime:0.003000s ]
SQL: SHOW COLUMNS FROM `ym_article` [ RunTime:0.0050s ]

[ 2015-04-11T15:35:28+08:00 ] 127.0.0.1 /index.php/admin/article/index
INFO: [ app_init ] --START--
INFO: Run Behavior\BuildLiteBehavior [ RunTime:0.001000s ]
INFO: [ app_init ] --END-- [ RunTime:0.003000s ]
SQL: SHOW COLUMNS FROM `ym_article` [ RunTime:0.0060s ]
SQL: SELECT * FROM `ym_article` ORDER BY created_at DESC LIMIT 0,10   [ RunTime:0.0020s ]
SQL: SELECT COUNT(*) AS tp_count FROM `ym_article` LIMIT 1   [ RunTime:0.0010s ]

[ 2015-04-11T15:40:19+08:00 ] 127.0.0.1 /index.php/admin/article/index
INFO: [ app_init ] --START--
INFO: Run Behavior\BuildLiteBehavior [ RunTime:0.000000s ]
INFO: [ app_init ] --END-- [ RunTime:0.003000s ]
SQL: SHOW COLUMNS FROM `ym_article` [ RunTime:0.0040s ]
SQL: SELECT * FROM `ym_article` ORDER BY created_at DESC LIMIT 0,10   [ RunTime:0.0010s ]
SQL: SELECT COUNT(*) AS tp_count FROM `ym_article` LIMIT 1   [ RunTime:0.0000s ]

[ 2015-04-11T15:40:52+08:00 ] 127.0.0.1 /index.php/admin/article/index
INFO: [ app_init ] --START--
INFO: Run Behavior\BuildLiteBehavior [ RunTime:0.000000s ]
INFO: [ app_init ] --END-- [ RunTime:0.002000s ]
SQL: SHOW COLUMNS FROM `ym_article` [ RunTime:0.0050s ]
SQL: SELECT * FROM `ym_article` ORDER BY created_at DESC LIMIT 0,10   [ RunTime:0.0010s ]
SQL: SELECT COUNT(*) AS tp_count FROM `ym_article` LIMIT 1   [ RunTime:0.0000s ]

[ 2015-04-11T15:41:33+08:00 ] 127.0.0.1 /index.php/admin/article/index
INFO: [ app_init ] --START--
INFO: Run Behavior\BuildLiteBehavior [ RunTime:0.000000s ]
INFO: [ app_init ] --END-- [ RunTime:0.002000s ]
SQL: SHOW COLUMNS FROM `ym_article` [ RunTime:0.0040s ]
SQL: SELECT * FROM `ym_article` ORDER BY created_at DESC LIMIT 0,10   [ RunTime:0.0030s ]
SQL: SELECT COUNT(*) AS tp_count FROM `ym_article` LIMIT 1   [ RunTime:0.0010s ]

[ 2015-04-11T15:42:44+08:00 ] 127.0.0.1 /index.php/admin/article/index
INFO: [ app_init ] --START--
INFO: Run Behavior\BuildLiteBehavior [ RunTime:0.001000s ]
INFO: [ app_init ] --END-- [ RunTime:0.004000s ]
SQL: SHOW COLUMNS FROM `ym_article` [ RunTime:0.0050s ]
SQL: SELECT * FROM `ym_article` ORDER BY created_at DESC LIMIT 0,10   [ RunTime:0.0020s ]
SQL: SELECT COUNT(*) AS tp_count FROM `ym_article` LIMIT 1   [ RunTime:0.0000s ]

[ 2015-04-11T15:42:49+08:00 ] 127.0.0.1 /index.php/admin/article/delete/id/67
INFO: [ app_init ] --START--
INFO: Run Behavior\BuildLiteBehavior [ RunTime:0.000000s ]
INFO: [ app_init ] --END-- [ RunTime:0.003000s ]
SQL: SHOW COLUMNS FROM `ym_article` [ RunTime:0.0040s ]
SQL: DELETE FROM `ym_article` WHERE `id` = 67 [ RunTime:0.0010s ]

[ 2015-04-11T15:42:51+08:00 ] 127.0.0.1 /index.php/admin/article/index
INFO: [ app_init ] --START--
INFO: Run Behavior\BuildLiteBehavior [ RunTime:0.001000s ]
INFO: [ app_init ] --END-- [ RunTime:0.004000s ]
SQL: SHOW COLUMNS FROM `ym_article` [ RunTime:0.0060s ]
SQL: SELECT * FROM `ym_article` ORDER BY created_at DESC LIMIT 0,10   [ RunTime:0.0020s ]
SQL: SELECT COUNT(*) AS tp_count FROM `ym_article` LIMIT 1   [ RunTime:0.0010s ]

[ 2015-04-11T15:42:54+08:00 ] 127.0.0.1 /index.php/admin/article/delete/id/66
INFO: [ app_init ] --START--
INFO: Run Behavior\BuildLiteBehavior [ RunTime:0.000000s ]
INFO: [ app_init ] --END-- [ RunTime:0.003000s ]
SQL: SHOW COLUMNS FROM `ym_article` [ RunTime:0.0040s ]
SQL: DELETE FROM `ym_article` WHERE `id` = 66 [ RunTime:0.0010s ]

[ 2015-04-11T15:42:55+08:00 ] 127.0.0.1 /index.php/admin/article/index
INFO: [ app_init ] --START--
INFO: Run Behavior\BuildLiteBehavior [ RunTime:0.000000s ]
INFO: [ app_init ] --END-- [ RunTime:0.001000s ]
SQL: SHOW COLUMNS FROM `ym_article` [ RunTime:0.0030s ]
SQL: SELECT * FROM `ym_article` ORDER BY created_at DESC LIMIT 0,10   [ RunTime:0.0010s ]
SQL: SELECT COUNT(*) AS tp_count FROM `ym_article` LIMIT 1   [ RunTime:0.0000s ]

[ 2015-04-11T15:43:22+08:00 ] 127.0.0.1 /index.php/admin/article/index
INFO: [ app_init ] --START--
INFO: Run Behavior\BuildLiteBehavior [ RunTime:0.000000s ]
INFO: [ app_init ] --END-- [ RunTime:0.002000s ]
SQL: SHOW COLUMNS FROM `ym_article` [ RunTime:0.0060s ]
SQL: SELECT * FROM `ym_article` ORDER BY created_at DESC LIMIT 0,15   [ RunTime:0.0020s ]
SQL: SELECT COUNT(*) AS tp_count FROM `ym_article` LIMIT 1   [ RunTime:0.0010s ]

[ 2015-04-11T15:43:27+08:00 ] 127.0.0.1 /index.php/admin/article/delete/id/57
INFO: [ app_init ] --START--
INFO: Run Behavior\BuildLiteBehavior [ RunTime:0.000000s ]
INFO: [ app_init ] --END-- [ RunTime:0.003000s ]
SQL: SHOW COLUMNS FROM `ym_article` [ RunTime:0.0080s ]
SQL: DELETE FROM `ym_article` WHERE `id` = 57 [ RunTime:0.0000s ]

[ 2015-04-11T15:43:28+08:00 ] 127.0.0.1 /index.php/admin/article/index
INFO: [ app_init ] --START--
INFO: Run Behavior\BuildLiteBehavior [ RunTime:0.000000s ]
INFO: [ app_init ] --END-- [ RunTime:0.003000s ]
SQL: SHOW COLUMNS FROM `ym_article` [ RunTime:0.0050s ]
SQL: SELECT * FROM `ym_article` ORDER BY created_at DESC LIMIT 0,15   [ RunTime:0.0020s ]
SQL: SELECT COUNT(*) AS tp_count FROM `ym_article` LIMIT 1   [ RunTime:0.0000s ]

[ 2015-04-11T15:45:41+08:00 ] 127.0.0.1 /index.php/admin/contact/index
INFO: [ app_init ] --START--
INFO: Run Behavior\BuildLiteBehavior [ RunTime:0.001000s ]
INFO: [ app_init ] --END-- [ RunTime:0.005001s ]

