[ 2015-04-09T17:06:18+08:00 ] 127.0.0.1 /admin
INFO: [ app_init ] --START--
INFO: Run Behavior\BuildLiteBehavior [ RunTime:0.001000s ]
INFO: [ app_init ] --END-- [ RunTime:0.003000s ]

[ 2015-04-09T17:06:18+08:00 ] 127.0.0.1 /admin/auth/login
INFO: [ app_init ] --START--
INFO: Run Behavior\BuildLiteBehavior [ RunTime:0.000000s ]
INFO: [ app_init ] --END-- [ RunTime:0.003000s ]

[ 2015-04-09T17:06:20+08:00 ] 127.0.0.1 /admin/auth/ajaxlogin
INFO: [ app_init ] --START--
INFO: Run Behavior\BuildLiteBehavior [ RunTime:0.000000s ]
INFO: [ app_init ] --END-- [ RunTime:0.001000s ]

[ 2015-04-09T17:06:21+08:00 ] 127.0.0.1 /admin/org/index
INFO: [ app_init ] --START--
INFO: Run Behavior\BuildLiteBehavior [ RunTime:0.000000s ]
INFO: [ app_init ] --END-- [ RunTime:0.001000s ]
SQL: SHOW COLUMNS FROM `ym_org` [ RunTime:0.0080s ]
SQL: SHOW COLUMNS FROM `ym_org_authentication` [ RunTime:0.0120s ]
SQL: SHOW COLUMNS FROM `ym_grade_level` [ RunTime:0.2370s ]
SQL: SELECT Org.guid AS guid,Org.name AS name,Org.logo AS logo,Org.description AS description,Org.phone AS phone,Org.mail AS mail,Org.areaid_1 AS areaid_1,Org.areaid_2 AS areaid_2,Org.address AS address,Org.url AS url,Org.weibo AS weibo,Org.wx AS wx,Org.created_at AS created_at,Org.is_del AS is_del,Org.is_lock AS is_lock,Org.vip AS vip,Org.email AS email,Org.is_verify AS is_verify,Org.contact_name AS contact_name,OrgAuthentication.status AS status,OrgAuthentication.legal_p_name AS legal_p_name,OrgAuthentication.legal_p_phone AS legal_p_phone,OrgAuthentication.legal_p_card AS legal_p_card,OrgAuthentication.yingye AS yingye,OrgAuthentication.zuzhi AS zuzhi,GradeLevel.name AS vip_name FROM ym_org Org  JOIN ym_org_authentication OrgAuthentication ON OrgAuthentication.org_guid=Org.guid LEFT JOIN ym_grade_level GradeLevel ON Org.vip=GradeLevel.guid WHERE Org.is_del = '0' ORDER BY Org.created_at DESC  [ RunTime:0.0680s ]

[ 2015-04-09T17:06:24+08:00 ] 127.0.0.1 /admin/user/index
INFO: [ app_init ] --START--
INFO: Run Behavior\BuildLiteBehavior [ RunTime:0.000000s ]
INFO: [ app_init ] --END-- [ RunTime:0.001000s ]
SQL: SHOW COLUMNS FROM `ym_user` [ RunTime:0.0060s ]
SQL: SELECT * FROM `ym_user` WHERE `is_del` = 0 ORDER BY created_at DESC LIMIT 0,10   [ RunTime:0.0200s ]
SQL: SELECT COUNT(*) AS tp_count FROM `ym_user` WHERE `is_del` = 0 LIMIT 1   [ RunTime:0.0150s ]

[ 2015-04-09T17:06:26+08:00 ] 127.0.0.1 /admin/contact/index
INFO: [ app_init ] --START--
INFO: Run Behavior\BuildLiteBehavior [ RunTime:0.000000s ]
INFO: [ app_init ] --END-- [ RunTime:0.001000s ]
SQL: SHOW COLUMNS FROM `ym_site_contact` [ RunTime:0.0040s ]
SQL: SELECT * FROM `ym_site_contact` ORDER BY created_at DESC LIMIT 0,10   [ RunTime:0.0090s ]
SQL: SELECT COUNT(*) AS tp_count FROM `ym_site_contact` LIMIT 1   [ RunTime:0.0040s ]

[ 2015-04-09T17:06:29+08:00 ] 127.0.0.1 /admin/app/index
INFO: [ app_init ] --START--
INFO: Run Behavior\BuildLiteBehavior [ RunTime:0.000000s ]
INFO: [ app_init ] --END-- [ RunTime:0.002001s ]
SQL: SHOW COLUMNS FROM `ym_app_application` [ RunTime:0.0160s ]
SQL: SELECT * FROM `ym_app_application` WHERE ( is_del = 0 ) ORDER BY created_at DESC LIMIT 0,10   [ RunTime:0.0110s ]
SQL: SELECT COUNT(*) AS tp_count FROM `ym_app_application` WHERE ( is_del = 0 ) LIMIT 1   [ RunTime:0.0030s ]

[ 2015-04-09T17:06:31+08:00 ] 127.0.0.1 /admin/task/index
INFO: [ app_init ] --START--
INFO: Run Behavior\BuildLiteBehavior [ RunTime:0.000000s ]
INFO: [ app_init ] --END-- [ RunTime:0.002000s ]
SQL: SHOW COLUMNS FROM `ym_task_info` [ RunTime:0.0110s ]
SQL: SELECT * FROM `ym_task_info`  [ RunTime:0.0240s ]

[ 2015-04-09T17:07:03+08:00 ] 127.0.0.1 /admin/config/index
INFO: [ app_init ] --START--
INFO: Run Behavior\BuildLiteBehavior [ RunTime:0.000000s ]
INFO: [ app_init ] --END-- [ RunTime:0.001000s ]
SQL: SHOW COLUMNS FROM `ym_config` [ RunTime:0.0320s ]
SQL: SELECT `guid`,`value`,`name` FROM `ym_config` WHERE `module` = 'common'  [ RunTime:1.0941s ]
SQL: SELECT `guid`,`value`,`name` FROM `ym_config` WHERE `module` = 'admin'  [ RunTime:0.0180s ]
SQL: SELECT `guid`,`value`,`name` FROM `ym_config` WHERE `module` = 'home'  [ RunTime:0.0900s ]
SQL: SELECT `guid`,`value`,`name` FROM `ym_config` WHERE `module` = 'api'  [ RunTime:0.1220s ]
SQL: SELECT `guid`,`value`,`name` FROM `ym_config` WHERE `module` = 'mobile'  [ RunTime:0.0140s ]
SQL: SELECT `guid`,`value`,`name` FROM `ym_config` WHERE `module` = 'site'  [ RunTime:0.0190s ]

[ 2015-04-09T17:07:04+08:00 ] 127.0.0.1 /admin/task/index
INFO: [ app_init ] --START--
INFO: Run Behavior\BuildLiteBehavior [ RunTime:0.000000s ]
INFO: [ app_init ] --END-- [ RunTime:0.002000s ]
SQL: SHOW COLUMNS FROM `ym_task_info` [ RunTime:0.0190s ]
SQL: SELECT * FROM `ym_task_info`  [ RunTime:0.0290s ]

[ 2015-04-09T17:07:46+08:00 ] 127.0.0.1 /admin/task/edit
INFO: [ app_init ] --START--
INFO: Run Behavior\BuildLiteBehavior [ RunTime:0.000000s ]
INFO: [ app_init ] --END-- [ RunTime:0.002000s ]
SQL: SHOW COLUMNS FROM `ym_webjs` [ RunTime:0.0050s ]
SQL: SELECT * FROM `ym_webjs`  [ RunTime:0.0430s ]
SQL: SHOW COLUMNS FROM `ym_task_sign` [ RunTime:0.0820s ]
SQL: SELECT * FROM `ym_task_sign`  [ RunTime:0.0030s ]

