[ 2015-04-08T09:14:08+08:00 ] 127.0.0.1 /admin/org/index
INFO: [ app_init ] --START--
INFO: Run Behavior\BuildLiteBehavior [ RunTime:0.001000s ]
INFO: [ app_init ] --END-- [ RunTime:0.002000s ]

[ 2015-04-08T09:36:05+08:00 ] 127.0.0.1 /admin/org/index
INFO: [ app_init ] --START--
INFO: Run Behavior\BuildLiteBehavior [ RunTime:0.000000s ]
INFO: [ app_init ] --END-- [ RunTime:0.002000s ]

[ 2015-04-08T10:12:46+08:00 ] 127.0.0.1 /admin/org/index
INFO: [ app_init ] --START--
INFO: Run Behavior\BuildLiteBehavior [ RunTime:0.000000s ]
INFO: [ app_init ] --END-- [ RunTime:0.001000s ]
SQL: SHOW COLUMNS FROM `ym_org` [ RunTime:0.0110s ]
SQL: SHOW COLUMNS FROM `ym_org_authentication` [ RunTime:0.0290s ]
SQL: SHOW COLUMNS FROM `ym_grade_level` [ RunTime:0.0060s ]
SQL: SELECT Org.guid AS guid,Org.name AS name,Org.logo AS logo,Org.description AS description,Org.phone AS phone,Org.mail AS mail,Org.areaid_1 AS areaid_1,Org.areaid_2 AS areaid_2,Org.address AS address,Org.url AS url,Org.weibo AS weibo,Org.wx AS wx,Org.created_at AS created_at,Org.is_del AS is_del,Org.is_lock AS is_lock,Org.vip AS vip,Org.email AS email,Org.is_verify AS is_verify,Org.contact_name AS contact_name,OrgAuthentication.status AS status,OrgAuthentication.legal_p_name AS legal_p_name,OrgAuthentication.legal_p_phone AS legal_p_phone,OrgAuthentication.legal_p_card AS legal_p_card,OrgAuthentication.yingye AS yingye,OrgAuthentication.zuzhi AS zuzhi,GradeLevel.name AS vip_name FROM ym_org Org  JOIN ym_org_authentication OrgAuthentication ON OrgAuthentication.org_guid=Org.guid LEFT JOIN ym_grade_level GradeLevel ON Org.vip=GradeLevel.guid WHERE Org.is_del = '0' ORDER BY Org.created_at DESC  [ RunTime:0.1370s ]

[ 2015-04-08T12:19:42+08:00 ] 127.0.0.1 /admin
INFO: [ app_init ] --START--
INFO: Run Behavior\BuildLiteBehavior [ RunTime:0.000000s ]
INFO: [ app_init ] --END-- [ RunTime:0.002000s ]

[ 2015-04-08T12:19:42+08:00 ] 127.0.0.1 /admin/auth/login
INFO: [ app_init ] --START--
INFO: Run Behavior\BuildLiteBehavior [ RunTime:0.000000s ]
INFO: [ app_init ] --END-- [ RunTime:0.002000s ]

[ 2015-04-08T12:19:44+08:00 ] 127.0.0.1 /admin/auth/ajaxlogin
INFO: [ app_init ] --START--
INFO: Run Behavior\BuildLiteBehavior [ RunTime:0.000000s ]
INFO: [ app_init ] --END-- [ RunTime:0.002000s ]

[ 2015-04-08T12:19:45+08:00 ] 127.0.0.1 /admin/org/index
INFO: [ app_init ] --START--
INFO: Run Behavior\BuildLiteBehavior [ RunTime:0.000000s ]
INFO: [ app_init ] --END-- [ RunTime:0.002001s ]
SQL: SHOW COLUMNS FROM `ym_org` [ RunTime:0.0040s ]
SQL: SHOW COLUMNS FROM `ym_org_authentication` [ RunTime:0.0020s ]
SQL: SHOW COLUMNS FROM `ym_grade_level` [ RunTime:0.0020s ]
SQL: SELECT Org.guid AS guid,Org.name AS name,Org.logo AS logo,Org.description AS description,Org.phone AS phone,Org.mail AS mail,Org.areaid_1 AS areaid_1,Org.areaid_2 AS areaid_2,Org.address AS address,Org.url AS url,Org.weibo AS weibo,Org.wx AS wx,Org.created_at AS created_at,Org.is_del AS is_del,Org.is_lock AS is_lock,Org.vip AS vip,Org.email AS email,Org.is_verify AS is_verify,Org.contact_name AS contact_name,OrgAuthentication.status AS status,OrgAuthentication.legal_p_name AS legal_p_name,OrgAuthentication.legal_p_phone AS legal_p_phone,OrgAuthentication.legal_p_card AS legal_p_card,OrgAuthentication.yingye AS yingye,OrgAuthentication.zuzhi AS zuzhi,GradeLevel.name AS vip_name FROM ym_org Org  JOIN ym_org_authentication OrgAuthentication ON OrgAuthentication.org_guid=Org.guid LEFT JOIN ym_grade_level GradeLevel ON Org.vip=GradeLevel.guid WHERE Org.is_del = '0' ORDER BY Org.created_at DESC  [ RunTime:0.0040s ]

[ 2015-04-08T12:20:56+08:00 ] 127.0.0.1 /admin/org/index
INFO: [ app_init ] --START--
INFO: Run Behavior\BuildLiteBehavior [ RunTime:0.000000s ]
INFO: [ app_init ] --END-- [ RunTime:0.003000s ]
SQL: SHOW COLUMNS FROM `ym_org` [ RunTime:0.0030s ]
SQL: SHOW COLUMNS FROM `ym_org_authentication` [ RunTime:0.0030s ]
SQL: SHOW COLUMNS FROM `ym_grade_level` [ RunTime:0.0020s ]
SQL: SELECT Org.guid AS guid,Org.name AS name,Org.logo AS logo,Org.description AS description,Org.phone AS phone,Org.mail AS mail,Org.areaid_1 AS areaid_1,Org.areaid_2 AS areaid_2,Org.address AS address,Org.url AS url,Org.weibo AS weibo,Org.wx AS wx,Org.created_at AS created_at,Org.is_del AS is_del,Org.is_lock AS is_lock,Org.vip AS vip,Org.email AS email,Org.is_verify AS is_verify,Org.contact_name AS contact_name,OrgAuthentication.status AS status,OrgAuthentication.legal_p_name AS legal_p_name,OrgAuthentication.legal_p_phone AS legal_p_phone,OrgAuthentication.legal_p_card AS legal_p_card,OrgAuthentication.yingye AS yingye,OrgAuthentication.zuzhi AS zuzhi,GradeLevel.name AS vip_name FROM ym_org Org  JOIN ym_org_authentication OrgAuthentication ON OrgAuthentication.org_guid=Org.guid LEFT JOIN ym_grade_level GradeLevel ON Org.vip=GradeLevel.guid WHERE Org.is_del = '0' ORDER BY Org.created_at DESC  [ RunTime:0.0050s ]

[ 2015-04-08T12:21:05+08:00 ] 127.0.0.1 /admin/org/index
INFO: [ app_init ] --START--
INFO: Run Behavior\BuildLiteBehavior [ RunTime:0.000000s ]
INFO: [ app_init ] --END-- [ RunTime:0.002000s ]

[ 2015-04-08T12:21:29+08:00 ] 127.0.0.1 /admin/org/index
INFO: [ app_init ] --START--
INFO: Run Behavior\BuildLiteBehavior [ RunTime:0.000000s ]
INFO: [ app_init ] --END-- [ RunTime:0.002000s ]
SQL: SHOW COLUMNS FROM `ym_org` [ RunTime:0.0040s ]
SQL: SHOW COLUMNS FROM `ym_org_authentication` [ RunTime:0.0020s ]
SQL: SHOW COLUMNS FROM `ym_grade_level` [ RunTime:0.0020s ]
SQL: SELECT Org.guid AS guid,Org.name AS name,Org.logo AS logo,Org.description AS description,Org.phone AS phone,Org.mail AS mail,Org.areaid_1 AS areaid_1,Org.areaid_2 AS areaid_2,Org.address AS address,Org.url AS url,Org.weibo AS weibo,Org.wx AS wx,Org.created_at AS created_at,Org.is_del AS is_del,Org.is_lock AS is_lock,Org.vip AS vip,Org.email AS email,Org.is_verify AS is_verify,Org.contact_name AS contact_name,OrgAuthentication.status AS status,OrgAuthentication.legal_p_name AS legal_p_name,OrgAuthentication.legal_p_phone AS legal_p_phone,OrgAuthentication.legal_p_card AS legal_p_card,OrgAuthentication.yingye AS yingye,OrgAuthentication.zuzhi AS zuzhi,GradeLevel.name AS vip_name FROM ym_org Org  JOIN ym_org_authentication OrgAuthentication ON OrgAuthentication.org_guid=Org.guid LEFT JOIN ym_grade_level GradeLevel ON Org.vip=GradeLevel.guid WHERE Org.is_del = '0' ORDER BY Org.created_at DESC  [ RunTime:0.0050s ]

[ 2015-04-08T12:21:31+08:00 ] 127.0.0.1 /admin/app/index
INFO: [ app_init ] --START--
INFO: Run Behavior\BuildLiteBehavior [ RunTime:0.001000s ]
INFO: [ app_init ] --END-- [ RunTime:0.001000s ]
SQL: SHOW COLUMNS FROM `ym_app_application` [ RunTime:0.0030s ]
SQL: SELECT * FROM `ym_app_application` WHERE ( is_del = 0 ) ORDER BY created_at DESC LIMIT 0,10   [ RunTime:0.0140s ]
SQL: SELECT COUNT(*) AS tp_count FROM `ym_app_application` WHERE ( is_del = 0 ) LIMIT 1   [ RunTime:0.0020s ]

[ 2015-04-08T12:21:37+08:00 ] 127.0.0.1 /admin/article
INFO: [ app_init ] --START--
INFO: Run Behavior\BuildLiteBehavior [ RunTime:0.000000s ]
INFO: [ app_init ] --END-- [ RunTime:0.001000s ]

