[ 2015-04-03T16:55:13+08:00 ] 127.0.0.1 /admin
INFO: [ app_init ] --START--
INFO: Run Behavior\BuildLiteBehavior [ RunTime:0.000000s ]
INFO: [ app_init ] --END-- [ RunTime:0.002000s ]

[ 2015-04-03T16:55:13+08:00 ] 127.0.0.1 /admin/auth/login
INFO: [ app_init ] --START--
INFO: Run Behavior\BuildLiteBehavior [ RunTime:0.001000s ]
INFO: [ app_init ] --END-- [ RunTime:0.001000s ]

[ 2015-04-03T16:55:15+08:00 ] 127.0.0.1 /admin/auth/ajaxlogin
INFO: [ app_init ] --START--
INFO: Run Behavior\BuildLiteBehavior [ RunTime:0.000000s ]
INFO: [ app_init ] --END-- [ RunTime:0.002000s ]

[ 2015-04-03T16:55:15+08:00 ] 127.0.0.1 /admin/org/index
INFO: [ app_init ] --START--
INFO: Run Behavior\BuildLiteBehavior [ RunTime:0.000000s ]
INFO: [ app_init ] --END-- [ RunTime:0.001000s ]
SQL: SHOW COLUMNS FROM `ym_org` [ RunTime:0.0050s ]
SQL: SHOW COLUMNS FROM `ym_org_authentication` [ RunTime:0.0060s ]
SQL: SHOW COLUMNS FROM `ym_grade_level` [ RunTime:0.0040s ]
SQL: SELECT Org.guid AS guid,Org.name AS name,Org.logo AS logo,Org.description AS description,Org.phone AS phone,Org.mail AS mail,Org.areaid_1 AS areaid_1,Org.areaid_2 AS areaid_2,Org.address AS address,Org.url AS url,Org.weibo AS weibo,Org.wx AS wx,Org.created_at AS created_at,Org.is_del AS is_del,Org.is_lock AS is_lock,Org.vip AS vip,Org.email AS email,Org.is_verify AS is_verify,Org.contact_name AS contact_name,OrgAuthentication.status AS status,OrgAuthentication.legal_p_name AS legal_p_name,OrgAuthentication.legal_p_phone AS legal_p_phone,OrgAuthentication.legal_p_card AS legal_p_card,OrgAuthentication.yingye AS yingye,OrgAuthentication.zuzhi AS zuzhi,GradeLevel.name AS vip_name FROM ym_org Org  JOIN ym_org_authentication OrgAuthentication ON OrgAuthentication.org_guid=Org.guid LEFT JOIN ym_grade_level GradeLevel ON Org.vip=GradeLevel.guid WHERE Org.is_del = '0' ORDER BY Org.created_at DESC  [ RunTime:0.0060s ]

[ 2015-04-03T16:55:31+08:00 ] 127.0.0.1 /admin/upload/index
INFO: [ app_init ] --START--
INFO: Run Behavior\BuildLiteBehavior [ RunTime:0.001000s ]
INFO: [ app_init ] --END-- [ RunTime:0.002000s ]
SQL: SHOW COLUMNS FROM `ym_app_upload` [ RunTime:0.0070s ]
SQL: SELECT * FROM `ym_app_upload` WHERE ( is_del = 0 ) ORDER BY updated_at DESC LIMIT 0,10   [ RunTime:0.0010s ]
SQL: SELECT COUNT(*) AS tp_count FROM `ym_app_upload` WHERE ( is_del = 0 ) LIMIT 1   [ RunTime:0.0000s ]
SQL: SELECT `status` FROM `ym_app_upload` WHERE `is_del` = 0 AND `status` = 0 LIMIT 1   [ RunTime:0.0010s ]

[ 2015-04-03T16:56:12+08:00 ] 127.0.0.1 /admin/level/index
INFO: [ app_init ] --START--
INFO: Run Behavior\BuildLiteBehavior [ RunTime:0.001000s ]
INFO: [ app_init ] --END-- [ RunTime:0.001000s ]
SQL: SHOW COLUMNS FROM `ym_grade_level` [ RunTime:0.0040s ]
SQL: SELECT * FROM `ym_grade_level` ORDER BY id DESC  [ RunTime:0.0000s ]

[ 2015-04-03T16:56:26+08:00 ] 127.0.0.1 /admin/level/create_config_file
INFO: [ app_init ] --START--
INFO: Run Behavior\BuildLiteBehavior [ RunTime:0.001000s ]
INFO: [ app_init ] --END-- [ RunTime:0.003000s ]
SQL: SHOW COLUMNS FROM `ym_grade_value` [ RunTime:0.0040s ]
SQL: SHOW COLUMNS FROM `ym_grade_level` [ RunTime:0.0040s ]
SQL: SHOW COLUMNS FROM `ym_grade_authority` [ RunTime:0.0050s ]
SQL: SELECT GradeValue.value AS value,GradeLevel.name AS level_name,GradeLevel.sort AS sort,GradeAuthority.name AS auth_name,GradeAuthority.key AS auth_key FROM ym_grade_value GradeValue  JOIN ym_grade_level GradeLevel ON GradeValue.level_guid=GradeLevel.guid  JOIN ym_grade_authority GradeAuthority ON GradeValue.authority_guid=GradeAuthority.guid  [ RunTime:0.0010s ]
SQL: SELECT * FROM `ym_grade_level`  [ RunTime:0.0010s ]

[ 2015-04-03T16:56:48+08:00 ] 127.0.0.1 /admin/level/distribution/guid/ADEFF674047892BD2C4554859FCC429A
INFO: [ app_init ] --START--
INFO: Run Behavior\BuildLiteBehavior [ RunTime:0.001000s ]
INFO: [ app_init ] --END-- [ RunTime:0.003000s ]
SQL: SHOW COLUMNS FROM `ym_grade_authority` [ RunTime:0.0020s ]
SQL: SELECT * FROM `ym_grade_authority` ORDER BY created_at ASC  [ RunTime:0.0010s ]
SQL: SHOW COLUMNS FROM `ym_grade_value` [ RunTime:0.0020s ]
SQL: SELECT * FROM `ym_grade_value` WHERE `level_guid` = 'ADEFF674047892BD2C4554859FCC429A'  [ RunTime:0.0010s ]

[ 2015-04-03T16:57:11+08:00 ] 127.0.0.1 /admin/level/index
INFO: [ app_init ] --START--
INFO: Run Behavior\BuildLiteBehavior [ RunTime:0.000000s ]
INFO: [ app_init ] --END-- [ RunTime:0.002000s ]
SQL: SHOW COLUMNS FROM `ym_grade_level` [ RunTime:0.0020s ]
SQL: SELECT * FROM `ym_grade_level` ORDER BY id DESC  [ RunTime:0.0000s ]

[ 2015-04-03T17:00:21+08:00 ] 127.0.0.1 /admin/level/add/guid/ADEFF674047892BD2C4554859FCC429A
INFO: [ app_init ] --START--
INFO: Run Behavior\BuildLiteBehavior [ RunTime:0.000000s ]
INFO: [ app_init ] --END-- [ RunTime:0.001000s ]
SQL: SHOW COLUMNS FROM `ym_grade_level` [ RunTime:0.0060s ]
SQL: SELECT * FROM `ym_grade_level` WHERE `guid` = 'ADEFF674047892BD2C4554859FCC429A' LIMIT 1   [ RunTime:0.0000s ]

[ 2015-04-03T17:00:46+08:00 ] 127.0.0.1 /admin/level/save_level
INFO: [ app_init ] --START--
INFO: Run Behavior\BuildLiteBehavior [ RunTime:0.001000s ]
INFO: [ app_init ] --END-- [ RunTime:0.003000s ]
SQL: SHOW COLUMNS FROM `ym_grade_level` [ RunTime:0.0030s ]
SQL: UPDATE `ym_grade_level` SET `name`='VIP1',`sort`='1',`updated_at`='1428051646' WHERE `guid` = 'ADEFF674047892BD2C4554859FCC429A' [ RunTime:0.0010s ]

[ 2015-04-03T17:00:48+08:00 ] 127.0.0.1 /admin/level/index
INFO: [ app_init ] --START--
INFO: Run Behavior\BuildLiteBehavior [ RunTime:0.001000s ]
INFO: [ app_init ] --END-- [ RunTime:0.001000s ]
SQL: SHOW COLUMNS FROM `ym_grade_level` [ RunTime:0.0050s ]
SQL: SELECT * FROM `ym_grade_level` ORDER BY id DESC  [ RunTime:0.0000s ]

[ 2015-04-03T17:00:48+08:00 ] 127.0.0.1 /admin/level/index
INFO: [ app_init ] --START--
INFO: Run Behavior\BuildLiteBehavior [ RunTime:0.000000s ]
INFO: [ app_init ] --END-- [ RunTime:0.001000s ]
SQL: SHOW COLUMNS FROM `ym_grade_level` [ RunTime:0.0040s ]
SQL: SELECT * FROM `ym_grade_level` ORDER BY id DESC  [ RunTime:0.0010s ]

[ 2015-04-03T17:01:27+08:00 ] 127.0.0.1 /admin/level/distribution/guid/ADEFF674047892BD2C4554859FCC429A
INFO: [ app_init ] --START--
INFO: Run Behavior\BuildLiteBehavior [ RunTime:0.000000s ]
INFO: [ app_init ] --END-- [ RunTime:0.002000s ]
SQL: SHOW COLUMNS FROM `ym_grade_authority` [ RunTime:0.0040s ]
SQL: SELECT * FROM `ym_grade_authority` ORDER BY created_at ASC  [ RunTime:0.0010s ]
SQL: SHOW COLUMNS FROM `ym_grade_value` [ RunTime:0.0030s ]
SQL: SELECT * FROM `ym_grade_value` WHERE `level_guid` = 'ADEFF674047892BD2C4554859FCC429A'  [ RunTime:0.0010s ]

