[ 2015-03-30T14:28:25+08:00 ] 192.168.0.156 /api/login
INFO: [ app_init ] --START--
INFO: Run Behavior\BuildLiteBehavior [ RunTime:0.000158s ]
INFO: [ app_init ] --END-- [ RunTime:0.001611s ]

[ 2015-03-30T14:30:05+08:00 ] 192.168.0.156 /api/login
INFO: [ app_init ] --START--
INFO: Run Behavior\BuildLiteBehavior [ RunTime:0.000149s ]
INFO: [ app_init ] --END-- [ RunTime:0.001234s ]
SQL: SHOW COLUMNS FROM `ym_user` [ RunTime:0.0046s ]
SQL: SELECT * FROM `ym_user` WHERE `mobile` = '18630940506' AND `password` = '52c69e3a57331081823331c4e69d3f2e' AND `type` = 1 AND `is_del` = 0 LIMIT 1   [ RunTime:0.0086s ]
SQL: SHOW COLUMNS FROM `ym_user_device` [ RunTime:0.0064s ]
SQL: UPDATE `ym_user_device` SET `status`='0' WHERE `user_guid` = 'E16BAC5CEFCAAB27FBFD1CE9650F8857' [ RunTime:0.0049s ]
SQL: SELECT * FROM `ym_user_device` WHERE `imei` = '865165020550096' AND `user_guid` = 'E16BAC5CEFCAAB27FBFD1CE9650F8857' LIMIT 1   [ RunTime:0.0051s ]
SQL: UPDATE `ym_user_device` SET `status`='1',`login_num`='39',`last_login`='1427697005',`last_login_ip`='192.168.0.156',`updated_at`='1427697005',`token`='f58b5a2795e765d495b7fc4d4e362e6f',`token_num`='0' WHERE `imei` = '865165020550096' AND `user_guid` = 'E16BAC5CEFCAAB27FBFD1CE9650F8857' [ RunTime:0.0070s ]
SQL: SELECT * FROM `ym_user_device` WHERE `imei` = '865165020550096' AND `user_guid` = 'E16BAC5CEFCAAB27FBFD1CE9650F8857' LIMIT 1   [ RunTime:0.0037s ]
SQL: UPDATE `ym_user` SET `login_num`='268',`last_login_at`='1427697005' WHERE `guid` = 'E16BAC5CEFCAAB27FBFD1CE9650F8857' [ RunTime:0.0028s ]

[ 2015-03-30T14:30:26+08:00 ] 192.168.0.156 /api/me?Token=f58b5a2795e765d495b7fc4d4e362e6f&Tokennum=1
INFO: [ app_init ] --START--
INFO: Run Behavior\BuildLiteBehavior [ RunTime:0.000187s ]
INFO: [ app_init ] --END-- [ RunTime:0.001591s ]

[ 2015-03-30T14:31:25+08:00 ] 192.168.0.156 /api/me?Token=f58b5a2795e765d495b7fc4d4e362e6f&Tokennum=2
INFO: [ app_init ] --START--
INFO: Run Behavior\BuildLiteBehavior [ RunTime:0.000208s ]
INFO: [ app_init ] --END-- [ RunTime:0.001665s ]
SQL: SHOW COLUMNS FROM `ym_user_device` [ RunTime:0.0035s ]
SQL: SHOW COLUMNS FROM `ym_user` [ RunTime:0.0047s ]
SQL: SELECT * FROM `ym_user` WHERE `guid` = 'E16BAC5CEFCAAB27FBFD1CE9650F8857' LIMIT 1   [ RunTime:0.0040s ]
SQL: SHOW COLUMNS FROM `ym_area` [ RunTime:0.0037s ]
SQL: SELECT * FROM `ym_area` WHERE `id` = 3 LIMIT 1   [ RunTime:0.0049s ]
SQL: SELECT * FROM `ym_area` WHERE `id` = 3 LIMIT 1   [ RunTime:0.0179s ]
SQL: SELECT * FROM `ym_area` WHERE `id` = 2 LIMIT 1   [ RunTime:0.0041s ]
SQL: SELECT * FROM `ym_area` WHERE `id` = 40 LIMIT 1   [ RunTime:0.0026s ]
SQL: SHOW COLUMNS FROM `ym_user_interest` [ RunTime:0.0064s ]
SQL: SELECT r.id,r.name FROM ym_user_interest l INNER JOIN ym_interest r ON l.interest_id = r.id  WHERE l.user_guid = 'E16BAC5CEFCAAB27FBFD1CE9650F8857'  [ RunTime:0.0141s ]
SQL: SELECT `edu` FROM `ym_user` WHERE `guid` = 'E16BAC5CEFCAAB27FBFD1CE9650F8857' LIMIT 1   [ RunTime:0.0035s ]
SQL: SHOW COLUMNS FROM `ym_school` [ RunTime:0.0246s ]
SQL: SELECT `name` FROM `ym_school` WHERE `id` = 2 LIMIT 1   [ RunTime:0.0212s ]
SQL: SHOW COLUMNS FROM `ym_industry` [ RunTime:0.0049s ]
SQL: SELECT * FROM `ym_industry` WHERE `guid` = 'EFAF84EA5BEF4A049A88F780B617080A' LIMIT 1   [ RunTime:0.0027s ]
SQL: SHOW COLUMNS FROM `ym_user_company` [ RunTime:0.0106s ]
SQL: SELECT c.guid,c.name,c.tel,c.position,i.guid as industry_guid,i.name as industry_name FROM ym_user_company c left JOIN ym_industry i ON c.industry_guid=i.guid  WHERE c.user_guid = 'E16BAC5CEFCAAB27FBFD1CE9650F8857' AND c.is_verify = '1' AND c.is_del = '0'  [ RunTime:0.0049s ]
SQL: SHOW COLUMNS FROM `ym_org_group_members` [ RunTime:0.0034s ]
SQL: SELECT * FROM ym_org_group_members m INNER JOIN ym_org o ON m.org_guid = o.guid  WHERE m.user_guid = 'E16BAC5CEFCAAB27FBFD1CE9650F8857' GROUP BY m.org_guid  [ RunTime:0.0046s ]

