[ 2015-04-03T11:55:39+08:00 ] 192.168.0.128 /api/login
INFO: [ app_init ] --START--
INFO: Run Behavior\BuildLiteBehavior [ RunTime:0.000000s ]
INFO: [ app_init ] --END-- [ RunTime:0.002000s ]
SQL: SHOW COLUMNS FROM `ym_user` [ RunTime:0.0050s ]
SQL: SELECT * FROM `ym_user` WHERE `mobile` = '18630940506' AND `password` = '2e3377b52b557702f00f624139eda78b' AND `type` = 1 AND `is_del` = 0 LIMIT 1   [ RunTime:0.0020s ]
SQL: SHOW COLUMNS FROM `ym_user_device` [ RunTime:0.0040s ]
SQL: UPDATE `ym_user_device` SET `status`='0' WHERE `user_guid` = 'D40EF56030C9C2DBDD268BD7CAE42ADB' [ RunTime:0.0030s ]
SQL: SELECT * FROM `ym_user_device` WHERE `imei` = '865165020550096' AND `user_guid` = 'D40EF56030C9C2DBDD268BD7CAE42ADB' LIMIT 1   [ RunTime:0.0010s ]
SQL: UPDATE `ym_user_device` SET `status`='1',`login_num`='11',`last_login`='1428033339',`last_login_ip`='192.168.0.128',`updated_at`='1428033339',`token`='0e03552107ef121d76df19d101edf136',`token_num`='0' WHERE `imei` = '865165020550096' AND `user_guid` = 'D40EF56030C9C2DBDD268BD7CAE42ADB' [ RunTime:0.0010s ]
SQL: SELECT * FROM `ym_user_device` WHERE `imei` = '865165020550096' AND `user_guid` = 'D40EF56030C9C2DBDD268BD7CAE42ADB' LIMIT 1   [ RunTime:0.0010s ]
SQL: UPDATE `ym_user` SET `login_num`='93',`last_login_at`='1428033339' WHERE `guid` = 'D40EF56030C9C2DBDD268BD7CAE42ADB' [ RunTime:0.0010s ]

[ 2015-04-03T11:56:10+08:00 ] 192.168.0.128 /api/contacts/two/org/interest/list?Token=0e03552107ef121d76df19d101edf136&Tokennum=1
INFO: [ app_init ] --START--
INFO: Run Behavior\BuildLiteBehavior [ RunTime:0.000000s ]
INFO: [ app_init ] --END-- [ RunTime:0.002000s ]
SQL: SHOW COLUMNS FROM `ym_user_device` [ RunTime:0.0040s ]
SQL: SHOW COLUMNS FROM `ym_contacts` [ RunTime:0.0070s ]
SQL: SELECT `user_guid_1` FROM `ym_contacts` WHERE ( user_guid_2="D40EF56030C9C2DBDD268BD7CAE42ADB" AND status=2 and is_del=0 and updated_at>="0" )  [ RunTime:0.0010s ]
SQL: SHOW COLUMNS FROM `ym_user` [ RunTime:0.0040s ]
SQL: SHOW COLUMNS FROM `ym_org_group_members` [ RunTime:0.0050s ]
SQL: SELECT `org_guid` FROM `ym_org_group_members` WHERE `user_guid` = 'D40EF56030C9C2DBDD268BD7CAE42ADB' AND `created_at` >= 0 GROUP BY org_guid  [ RunTime:0.0010s ]
SQL: SELECT `org_guid` FROM `ym_org_group_members` WHERE `user_guid` = 'D40EF56030C9C2DBDD268BD7CAE42ADB' AND `created_at` >= 0 GROUP BY org_guid  [ RunTime:0.0000s ]
SQL: SELECT `user_guid_1` FROM `ym_contacts` WHERE ( user_guid_2="D40EF56030C9C2DBDD268BD7CAE42ADB" AND status=2 and is_del=0 and updated_at>="0" )  [ RunTime:0.0000s ]
SQL: SELECT `user_guid` FROM `ym_org_group_members` WHERE `org_guid` IN ('525FAB9BFA5E9CD6087544FA3B0ED030','A221602279B8E52AA51D904103E1E24D') AND ( `user_guid` <> 'D40EF56030C9C2DBDD268BD7CAE42ADB' AND `user_guid` NOT IN ('1664F4A6C73F08E0FAD2A4C8625D9AF1','8A727E31CFCBAE947E22AFC0978F83B3','8858C93E9ABAE0CF36AA9A1DD68DF459','5720A4CCEFB86431D28966AB22839D99','25B969A7A4D9B62C67A714D09B078AB7','C98D4CCAA6607C0CAF65D9C638837E28','1E82265E48B88091336AA74FD29EC6FC','03BE0733091FD025D5841ABB9DB0F5DB')  ) GROUP BY user_guid  [ RunTime:0.0010s ]
SQL: SHOW COLUMNS FROM `ym_user_interest` [ RunTime:0.0050s ]
SQL: SELECT `user_guid` FROM `ym_user_interest` WHERE `user_guid` IN ('1874E9C8423FA286E5B9C8137F2B84B8','31BF5BF3B0D67B6117D431DD90D6B324','39974D752EBA170510D8FA35463467EC','3E838D71A10F62A0513D36ABF08AF9CB','40F516ABFD4AFB3171B6505E386250C2','6CEB5635F75E332EF71A53899F742461','78E7F0EF0AE66DDF2D699BE8C210D531','7980C0A43CC6FBE566057F9ED4ED46D0','8751AF76DA182C6F15CB53BDF0BE6543','9A4C66768EEA365BB795668B66248022','A30CA63EA6E20269AD8938F3FDAD2EEB','B4BD5A636F96C5536F74CE787580BBAF','BAB42F6F19BFB334CD2A26D199513A9A','D30843389C169AFF02DFBF46005E406C','D3BCCD6EAEFDE60B24265E972073DF2F','D73BCA78AC999D53B57CC6BD6BB7E7BE','E68333C89BED812B90A2F5872CE9B1BF','ED98C55345205CB99D65EA80FD6EBAFD','EE244CAF527EAC9B35F79CB8EE2C8C51') GROUP BY user_guid  [ RunTime:0.0010s ]
SQL: SHOW COLUMNS FROM `ym_user` [ RunTime:0.0050s ]
SQL: SELECT `guid`,`real_name`,`photo`,`remark`,`edu`,`home_areaid_2`,`main_industry_guid` FROM `ym_user` WHERE `guid` IN ('1874E9C8423FA286E5B9C8137F2B84B8','31BF5BF3B0D67B6117D431DD90D6B324','39974D752EBA170510D8FA35463467EC','3E838D71A10F62A0513D36ABF08AF9CB','40F516ABFD4AFB3171B6505E386250C2','6CEB5635F75E332EF71A53899F742461','78E7F0EF0AE66DDF2D699BE8C210D531','7980C0A43CC6FBE566057F9ED4ED46D0','9A4C66768EEA365BB795668B66248022','A30CA63EA6E20269AD8938F3FDAD2EEB','B4BD5A636F96C5536F74CE787580BBAF','BAB42F6F19BFB334CD2A26D199513A9A','D30843389C169AFF02DFBF46005E406C','D3BCCD6EAEFDE60B24265E972073DF2F','D73BCA78AC999D53B57CC6BD6BB7E7BE','EE244CAF527EAC9B35F79CB8EE2C8C51') LIMIT 0,10   [ RunTime:0.0000s ]
SQL: SELECT `interest_id` FROM ym_user_interest l INNER JOIN ym_interest r ON l.interest_id = r.id  WHERE l.user_guid = 'D40EF56030C9C2DBDD268BD7CAE42ADB'  [ RunTime:0.0010s ]
SQL: SELECT `interest_id` FROM ym_user_interest l INNER JOIN ym_interest r ON l.interest_id = r.id  WHERE l.user_guid = '1874E9C8423FA286E5B9C8137F2B84B8'  [ RunTime:0.0010s ]
SQL: SELECT `org_guid` FROM `ym_org_group_members` WHERE `user_guid` = 'D40EF56030C9C2DBDD268BD7CAE42ADB' AND `created_at` >= 0 GROUP BY org_guid  [ RunTime:0.0000s ]
SQL: SELECT `org_guid` FROM `ym_org_group_members` WHERE `user_guid` = '1874E9C8423FA286E5B9C8137F2B84B8' AND `created_at` >= 0 GROUP BY org_guid  [ RunTime:0.0000s ]
SQL: SELECT `interest_id` FROM ym_user_interest l INNER JOIN ym_interest r ON l.interest_id = r.id  WHERE l.user_guid = 'D40EF56030C9C2DBDD268BD7CAE42ADB'  [ RunTime:0.0000s ]
SQL: SELECT `interest_id` FROM ym_user_interest l INNER JOIN ym_interest r ON l.interest_id = r.id  WHERE l.user_guid = '31BF5BF3B0D67B6117D431DD90D6B324'  [ RunTime:0.0010s ]
SQL: SELECT `org_guid` FROM `ym_org_group_members` WHERE `user_guid` = 'D40EF56030C9C2DBDD268BD7CAE42ADB' AND `created_at` >= 0 GROUP BY org_guid  [ RunTime:0.0000s ]
SQL: SELECT `org_guid` FROM `ym_org_group_members` WHERE `user_guid` = '31BF5BF3B0D67B6117D431DD90D6B324' AND `created_at` >= 0 GROUP BY org_guid  [ RunTime:0.0000s ]
SQL: SELECT `interest_id` FROM ym_user_interest l INNER JOIN ym_interest r ON l.interest_id = r.id  WHERE l.user_guid = 'D40EF56030C9C2DBDD268BD7CAE42ADB'  [ RunTime:0.0000s ]
SQL: SELECT `interest_id` FROM ym_user_interest l INNER JOIN ym_interest r ON l.interest_id = r.id  WHERE l.user_guid = '39974D752EBA170510D8FA35463467EC'  [ RunTime:0.0010s ]
SQL: SELECT `org_guid` FROM `ym_org_group_members` WHERE `user_guid` = 'D40EF56030C9C2DBDD268BD7CAE42ADB' AND `created_at` >= 0 GROUP BY org_guid  [ RunTime:0.0000s ]
SQL: SELECT `org_guid` FROM `ym_org_group_members` WHERE `user_guid` = '39974D752EBA170510D8FA35463467EC' AND `created_at` >= 0 GROUP BY org_guid  [ RunTime:0.0000s ]
SQL: SELECT `interest_id` FROM ym_user_interest l INNER JOIN ym_interest r ON l.interest_id = r.id  WHERE l.user_guid = 'D40EF56030C9C2DBDD268BD7CAE42ADB'  [ RunTime:0.0000s ]
SQL: SELECT `interest_id` FROM ym_user_interest l INNER JOIN ym_interest r ON l.interest_id = r.id  WHERE l.user_guid = '3E838D71A10F62A0513D36ABF08AF9CB'  [ RunTime:0.0010s ]
SQL: SELECT `org_guid` FROM `ym_org_group_members` WHERE `user_guid` = 'D40EF56030C9C2DBDD268BD7CAE42ADB' AND `created_at` >= 0 GROUP BY org_guid  [ RunTime:0.0010s ]
SQL: SELECT `org_guid` FROM `ym_org_group_members` WHERE `user_guid` = '3E838D71A10F62A0513D36ABF08AF9CB' AND `created_at` >= 0 GROUP BY org_guid  [ RunTime:0.0010s ]
SQL: SELECT `interest_id` FROM ym_user_interest l INNER JOIN ym_interest r ON l.interest_id = r.id  WHERE l.user_guid = 'D40EF56030C9C2DBDD268BD7CAE42ADB'  [ RunTime:0.0000s ]
SQL: SELECT `interest_id` FROM ym_user_interest l INNER JOIN ym_interest r ON l.interest_id = r.id  WHERE l.user_guid = '6CEB5635F75E332EF71A53899F742461'  [ RunTime:0.0010s ]
SQL: SELECT `org_guid` FROM `ym_org_group_members` WHERE `user_guid` = 'D40EF56030C9C2DBDD268BD7CAE42ADB' AND `created_at` >= 0 GROUP BY org_guid  [ RunTime:0.0010s ]
SQL: SELECT `org_guid` FROM `ym_org_group_members` WHERE `user_guid` = '6CEB5635F75E332EF71A53899F742461' AND `created_at` >= 0 GROUP BY org_guid  [ RunTime:0.0010s ]
SQL: SELECT `interest_id` FROM ym_user_interest l INNER JOIN ym_interest r ON l.interest_id = r.id  WHERE l.user_guid = 'D40EF56030C9C2DBDD268BD7CAE42ADB'  [ RunTime:0.0000s ]
SQL: SELECT `interest_id` FROM ym_user_interest l INNER JOIN ym_interest r ON l.interest_id = r.id  WHERE l.user_guid = '78E7F0EF0AE66DDF2D699BE8C210D531'  [ RunTime:0.0010s ]
SQL: SELECT `org_guid` FROM `ym_org_group_members` WHERE `user_guid` = 'D40EF56030C9C2DBDD268BD7CAE42ADB' AND `created_at` >= 0 GROUP BY org_guid  [ RunTime:0.0010s ]
SQL: SELECT `org_guid` FROM `ym_org_group_members` WHERE `user_guid` = '78E7F0EF0AE66DDF2D699BE8C210D531' AND `created_at` >= 0 GROUP BY org_guid  [ RunTime:0.0000s ]
SQL: SELECT `interest_id` FROM ym_user_interest l INNER JOIN ym_interest r ON l.interest_id = r.id  WHERE l.user_guid = 'D40EF56030C9C2DBDD268BD7CAE42ADB'  [ RunTime:0.0010s ]
SQL: SELECT `interest_id` FROM ym_user_interest l INNER JOIN ym_interest r ON l.interest_id = r.id  WHERE l.user_guid = '7980C0A43CC6FBE566057F9ED4ED46D0'  [ RunTime:0.0010s ]
SQL: SELECT `org_guid` FROM `ym_org_group_members` WHERE `user_guid` = 'D40EF56030C9C2DBDD268BD7CAE42ADB' AND `created_at` >= 0 GROUP BY org_guid  [ RunTime:0.0010s ]
SQL: SELECT `org_guid` FROM `ym_org_group_members` WHERE `user_guid` = '7980C0A43CC6FBE566057F9ED4ED46D0' AND `created_at` >= 0 GROUP BY org_guid  [ RunTime:0.0010s ]
SQL: SELECT `interest_id` FROM ym_user_interest l INNER JOIN ym_interest r ON l.interest_id = r.id  WHERE l.user_guid = 'D40EF56030C9C2DBDD268BD7CAE42ADB'  [ RunTime:0.0000s ]
SQL: SELECT `interest_id` FROM ym_user_interest l INNER JOIN ym_interest r ON l.interest_id = r.id  WHERE l.user_guid = '9A4C66768EEA365BB795668B66248022'  [ RunTime:0.0010s ]
SQL: SELECT `org_guid` FROM `ym_org_group_members` WHERE `user_guid` = 'D40EF56030C9C2DBDD268BD7CAE42ADB' AND `created_at` >= 0 GROUP BY org_guid  [ RunTime:0.0010s ]
SQL: SELECT `org_guid` FROM `ym_org_group_members` WHERE `user_guid` = '9A4C66768EEA365BB795668B66248022' AND `created_at` >= 0 GROUP BY org_guid  [ RunTime:0.0010s ]
SQL: SELECT `interest_id` FROM ym_user_interest l INNER JOIN ym_interest r ON l.interest_id = r.id  WHERE l.user_guid = 'D40EF56030C9C2DBDD268BD7CAE42ADB'  [ RunTime:0.0000s ]
SQL: SELECT `interest_id` FROM ym_user_interest l INNER JOIN ym_interest r ON l.interest_id = r.id  WHERE l.user_guid = 'A30CA63EA6E20269AD8938F3FDAD2EEB'  [ RunTime:0.0010s ]
SQL: SELECT `org_guid` FROM `ym_org_group_members` WHERE `user_guid` = 'D40EF56030C9C2DBDD268BD7CAE42ADB' AND `created_at` >= 0 GROUP BY org_guid  [ RunTime:0.0010s ]
SQL: SELECT `org_guid` FROM `ym_org_group_members` WHERE `user_guid` = 'A30CA63EA6E20269AD8938F3FDAD2EEB' AND `created_at` >= 0 GROUP BY org_guid  [ RunTime:0.0010s ]
SQL: SELECT `interest_id` FROM ym_user_interest l INNER JOIN ym_interest r ON l.interest_id = r.id  WHERE l.user_guid = 'D40EF56030C9C2DBDD268BD7CAE42ADB'  [ RunTime:0.0010s ]
SQL: SELECT `interest_id` FROM ym_user_interest l INNER JOIN ym_interest r ON l.interest_id = r.id  WHERE l.user_guid = 'B4BD5A636F96C5536F74CE787580BBAF'  [ RunTime:0.0000s ]
SQL: SELECT `org_guid` FROM `ym_org_group_members` WHERE `user_guid` = 'D40EF56030C9C2DBDD268BD7CAE42ADB' AND `created_at` >= 0 GROUP BY org_guid  [ RunTime:0.0010s ]
SQL: SELECT `org_guid` FROM `ym_org_group_members` WHERE `user_guid` = 'B4BD5A636F96C5536F74CE787580BBAF' AND `created_at` >= 0 GROUP BY org_guid  [ RunTime:0.0000s ]

[ 2015-04-03T11:58:19+08:00 ] 192.168.0.128 /api/contacts/two/friend?Token=0e03552107ef121d76df19d101edf136&Tokennum=2
INFO: [ app_init ] --START--
INFO: Run Behavior\BuildLiteBehavior [ RunTime:0.000000s ]
INFO: [ app_init ] --END-- [ RunTime:0.002000s ]
SQL: SHOW COLUMNS FROM `ym_user_device` [ RunTime:0.0060s ]
SQL: SHOW COLUMNS FROM `ym_contacts` [ RunTime:0.0030s ]
SQL: SELECT `user_guid_1` FROM `ym_contacts` WHERE ( user_guid_2="D40EF56030C9C2DBDD268BD7CAE42ADB" AND status=2 and is_del=0 and updated_at>="0" )  [ RunTime:0.0010s ]
SQL: SELECT * FROM `ym_contacts` WHERE ( (user_guid_1 in('1664F4A6C73F08E0FAD2A4C8625D9AF1','8A727E31CFCBAE947E22AFC0978F83B3','8858C93E9ABAE0CF36AA9A1DD68DF459','5720A4CCEFB86431D28966AB22839D99','25B969A7A4D9B62C67A714D09B078AB7','C98D4CCAA6607C0CAF65D9C638837E28','1E82265E48B88091336AA74FD29EC6FC','03BE0733091FD025D5841ABB9DB0F5DB') and user_guid_2 != 'D40EF56030C9C2DBDD268BD7CAE42ADB' and user_guid_2 not in('1664F4A6C73F08E0FAD2A4C8625D9AF1','8A727E31CFCBAE947E22AFC0978F83B3','8858C93E9ABAE0CF36AA9A1DD68DF459','5720A4CCEFB86431D28966AB22839D99','25B969A7A4D9B62C67A714D09B078AB7','C98D4CCAA6607C0CAF65D9C638837E28','1E82265E48B88091336AA74FD29EC6FC','03BE0733091FD025D5841ABB9DB0F5DB')) or (user_guid_2 in('1664F4A6C73F08E0FAD2A4C8625D9AF1','8A727E31CFCBAE947E22AFC0978F83B3','8858C93E9ABAE0CF36AA9A1DD68DF459','5720A4CCEFB86431D28966AB22839D99','25B969A7A4D9B62C67A714D09B078AB7','C98D4CCAA6607C0CAF65D9C638837E28','1E82265E48B88091336AA74FD29EC6FC','03BE0733091FD025D5841ABB9DB0F5DB') and user_guid_1 != 'D40EF56030C9C2DBDD268BD7CAE42ADB' and user_guid_1 not in('1664F4A6C73F08E0FAD2A4C8625D9AF1','8A727E31CFCBAE947E22AFC0978F83B3','8858C93E9ABAE0CF36AA9A1DD68DF459','5720A4CCEFB86431D28966AB22839D99','25B969A7A4D9B62C67A714D09B078AB7','C98D4CCAA6607C0CAF65D9C638837E28','1E82265E48B88091336AA74FD29EC6FC','03BE0733091FD025D5841ABB9DB0F5DB')) ) AND `is_del` = 0 AND `status` = 2  [ RunTime:0.0020s ]
SQL: SHOW COLUMNS FROM `ym_user` [ RunTime:0.0040s ]
SQL: SELECT `guid`,`real_name`,`photo`,`remark`,`edu`,`home_areaid_2`,`main_industry_guid` FROM `ym_user` WHERE ( `guid` IN ('8751AF76DA182C6F15CB53BDF0BE6543','1874E9C8423FA286E5B9C8137F2B84B8','EE244CAF527EAC9B35F79CB8EE2C8C51','B4BD5A636F96C5536F74CE787580BBAF','A30CA63EA6E20269AD8938F3FDAD2EEB','156516EA0510F81495459EBAB856AEF3','D30843389C169AFF02DFBF46005E406C','0E4B228E1864195F1BFD6433FBFCB9F5','E68333C89BED812B90A2F5872CE9B1BF','3E838D71A10F62A0513D36ABF08AF9CB','BAB42F6F19BFB334CD2A26D199513A9A') AND `guid` <> 'D40EF56030C9C2DBDD268BD7CAE42ADB'  ) AND `is_active` = 1 AND `is_del` = 0 AND `type` = 1 LIMIT 0,10   [ RunTime:0.0010s ]
SQL: SHOW COLUMNS FROM `ym_user_interest` [ RunTime:0.0030s ]
SQL: SELECT `interest_id` FROM ym_user_interest l INNER JOIN ym_interest r ON l.interest_id = r.id  WHERE l.user_guid = 'D40EF56030C9C2DBDD268BD7CAE42ADB'  [ RunTime:0.0000s ]
SQL: SELECT `interest_id` FROM ym_user_interest l INNER JOIN ym_interest r ON l.interest_id = r.id  WHERE l.user_guid = '0E4B228E1864195F1BFD6433FBFCB9F5'  [ RunTime:0.0010s ]
SQL: SHOW COLUMNS FROM `ym_org_group_members` [ RunTime:0.0040s ]
SQL: SELECT `org_guid` FROM `ym_org_group_members` WHERE `user_guid` = 'D40EF56030C9C2DBDD268BD7CAE42ADB' AND `created_at` >= 0 GROUP BY org_guid  [ RunTime:0.0010s ]
SQL: SELECT `org_guid` FROM `ym_org_group_members` WHERE `user_guid` = '0E4B228E1864195F1BFD6433FBFCB9F5' AND `created_at` >= 0 GROUP BY org_guid  [ RunTime:0.0000s ]
SQL: SELECT `interest_id` FROM ym_user_interest l INNER JOIN ym_interest r ON l.interest_id = r.id  WHERE l.user_guid = 'D40EF56030C9C2DBDD268BD7CAE42ADB'  [ RunTime:0.0010s ]
SQL: SELECT `interest_id` FROM ym_user_interest l INNER JOIN ym_interest r ON l.interest_id = r.id  WHERE l.user_guid = '156516EA0510F81495459EBAB856AEF3'  [ RunTime:0.0000s ]
SQL: SELECT `org_guid` FROM `ym_org_group_members` WHERE `user_guid` = 'D40EF56030C9C2DBDD268BD7CAE42ADB' AND `created_at` >= 0 GROUP BY org_guid  [ RunTime:0.0010s ]
SQL: SELECT `org_guid` FROM `ym_org_group_members` WHERE `user_guid` = '156516EA0510F81495459EBAB856AEF3' AND `created_at` >= 0 GROUP BY org_guid  [ RunTime:0.0010s ]
SQL: SELECT `interest_id` FROM ym_user_interest l INNER JOIN ym_interest r ON l.interest_id = r.id  WHERE l.user_guid = 'D40EF56030C9C2DBDD268BD7CAE42ADB'  [ RunTime:0.0000s ]
SQL: SELECT `interest_id` FROM ym_user_interest l INNER JOIN ym_interest r ON l.interest_id = r.id  WHERE l.user_guid = '1874E9C8423FA286E5B9C8137F2B84B8'  [ RunTime:0.0000s ]
SQL: SELECT `org_guid` FROM `ym_org_group_members` WHERE `user_guid` = 'D40EF56030C9C2DBDD268BD7CAE42ADB' AND `created_at` >= 0 GROUP BY org_guid  [ RunTime:0.0010s ]
SQL: SELECT `org_guid` FROM `ym_org_group_members` WHERE `user_guid` = '1874E9C8423FA286E5B9C8137F2B84B8' AND `created_at` >= 0 GROUP BY org_guid  [ RunTime:0.0010s ]
SQL: SELECT `interest_id` FROM ym_user_interest l INNER JOIN ym_interest r ON l.interest_id = r.id  WHERE l.user_guid = 'D40EF56030C9C2DBDD268BD7CAE42ADB'  [ RunTime:0.0010s ]
SQL: SELECT `interest_id` FROM ym_user_interest l INNER JOIN ym_interest r ON l.interest_id = r.id  WHERE l.user_guid = '3E838D71A10F62A0513D36ABF08AF9CB'  [ RunTime:0.0010s ]
SQL: SELECT `org_guid` FROM `ym_org_group_members` WHERE `user_guid` = 'D40EF56030C9C2DBDD268BD7CAE42ADB' AND `created_at` >= 0 GROUP BY org_guid  [ RunTime:0.0000s ]
SQL: SELECT `org_guid` FROM `ym_org_group_members` WHERE `user_guid` = '3E838D71A10F62A0513D36ABF08AF9CB' AND `created_at` >= 0 GROUP BY org_guid  [ RunTime:0.0000s ]
SQL: SELECT `interest_id` FROM ym_user_interest l INNER JOIN ym_interest r ON l.interest_id = r.id  WHERE l.user_guid = 'D40EF56030C9C2DBDD268BD7CAE42ADB'  [ RunTime:0.0010s ]
SQL: SELECT `interest_id` FROM ym_user_interest l INNER JOIN ym_interest r ON l.interest_id = r.id  WHERE l.user_guid = '8751AF76DA182C6F15CB53BDF0BE6543'  [ RunTime:0.0000s ]
SQL: SELECT `org_guid` FROM `ym_org_group_members` WHERE `user_guid` = 'D40EF56030C9C2DBDD268BD7CAE42ADB' AND `created_at` >= 0 GROUP BY org_guid  [ RunTime:0.0020s ]
SQL: SELECT `org_guid` FROM `ym_org_group_members` WHERE `user_guid` = '8751AF76DA182C6F15CB53BDF0BE6543' AND `created_at` >= 0 GROUP BY org_guid  [ RunTime:0.0000s ]
SQL: SELECT `interest_id` FROM ym_user_interest l INNER JOIN ym_interest r ON l.interest_id = r.id  WHERE l.user_guid = 'D40EF56030C9C2DBDD268BD7CAE42ADB'  [ RunTime:0.0010s ]
SQL: SELECT `interest_id` FROM ym_user_interest l INNER JOIN ym_interest r ON l.interest_id = r.id  WHERE l.user_guid = 'A30CA63EA6E20269AD8938F3FDAD2EEB'  [ RunTime:0.0010s ]
SQL: SELECT `org_guid` FROM `ym_org_group_members` WHERE `user_guid` = 'D40EF56030C9C2DBDD268BD7CAE42ADB' AND `created_at` >= 0 GROUP BY org_guid  [ RunTime:0.0010s ]
SQL: SELECT `org_guid` FROM `ym_org_group_members` WHERE `user_guid` = 'A30CA63EA6E20269AD8938F3FDAD2EEB' AND `created_at` >= 0 GROUP BY org_guid  [ RunTime:0.0020s ]
SQL: SELECT `interest_id` FROM ym_user_interest l INNER JOIN ym_interest r ON l.interest_id = r.id  WHERE l.user_guid = 'D40EF56030C9C2DBDD268BD7CAE42ADB'  [ RunTime:0.0010s ]
SQL: SELECT `interest_id` FROM ym_user_interest l INNER JOIN ym_interest r ON l.interest_id = r.id  WHERE l.user_guid = 'B4BD5A636F96C5536F74CE787580BBAF'  [ RunTime:0.0000s ]
SQL: SELECT `org_guid` FROM `ym_org_group_members` WHERE `user_guid` = 'D40EF56030C9C2DBDD268BD7CAE42ADB' AND `created_at` >= 0 GROUP BY org_guid  [ RunTime:0.0000s ]
SQL: SELECT `org_guid` FROM `ym_org_group_members` WHERE `user_guid` = 'B4BD5A636F96C5536F74CE787580BBAF' AND `created_at` >= 0 GROUP BY org_guid  [ RunTime:0.0010s ]
SQL: SELECT `interest_id` FROM ym_user_interest l INNER JOIN ym_interest r ON l.interest_id = r.id  WHERE l.user_guid = 'D40EF56030C9C2DBDD268BD7CAE42ADB'  [ RunTime:0.0000s ]
SQL: SELECT `interest_id` FROM ym_user_interest l INNER JOIN ym_interest r ON l.interest_id = r.id  WHERE l.user_guid = 'BAB42F6F19BFB334CD2A26D199513A9A'  [ RunTime:0.0010s ]
SQL: SELECT `org_guid` FROM `ym_org_group_members` WHERE `user_guid` = 'D40EF56030C9C2DBDD268BD7CAE42ADB' AND `created_at` >= 0 GROUP BY org_guid  [ RunTime:0.0010s ]
SQL: SELECT `org_guid` FROM `ym_org_group_members` WHERE `user_guid` = 'BAB42F6F19BFB334CD2A26D199513A9A' AND `created_at` >= 0 GROUP BY org_guid  [ RunTime:0.0010s ]
SQL: SELECT `interest_id` FROM ym_user_interest l INNER JOIN ym_interest r ON l.interest_id = r.id  WHERE l.user_guid = 'D40EF56030C9C2DBDD268BD7CAE42ADB'  [ RunTime:0.0000s ]
SQL: SELECT `interest_id` FROM ym_user_interest l INNER JOIN ym_interest r ON l.interest_id = r.id  WHERE l.user_guid = 'D30843389C169AFF02DFBF46005E406C'  [ RunTime:0.0000s ]
SQL: SELECT `org_guid` FROM `ym_org_group_members` WHERE `user_guid` = 'D40EF56030C9C2DBDD268BD7CAE42ADB' AND `created_at` >= 0 GROUP BY org_guid  [ RunTime:0.0010s ]
SQL: SELECT `org_guid` FROM `ym_org_group_members` WHERE `user_guid` = 'D30843389C169AFF02DFBF46005E406C' AND `created_at` >= 0 GROUP BY org_guid  [ RunTime:0.0000s ]
SQL: SELECT `interest_id` FROM ym_user_interest l INNER JOIN ym_interest r ON l.interest_id = r.id  WHERE l.user_guid = 'D40EF56030C9C2DBDD268BD7CAE42ADB'  [ RunTime:0.0000s ]
SQL: SELECT `interest_id` FROM ym_user_interest l INNER JOIN ym_interest r ON l.interest_id = r.id  WHERE l.user_guid = 'E68333C89BED812B90A2F5872CE9B1BF'  [ RunTime:0.0010s ]
SQL: SELECT `org_guid` FROM `ym_org_group_members` WHERE `user_guid` = 'D40EF56030C9C2DBDD268BD7CAE42ADB' AND `created_at` >= 0 GROUP BY org_guid  [ RunTime:0.0000s ]
SQL: SELECT `org_guid` FROM `ym_org_group_members` WHERE `user_guid` = 'E68333C89BED812B90A2F5872CE9B1BF' AND `created_at` >= 0 GROUP BY org_guid  [ RunTime:0.0010s ]

