[ 2015-04-01T09:48:34+08:00 ] 127.0.0.1 /mobile/activity/preview/aid/9FEA5A6E48EDCF5770493F27A863FA6C/token/A221602279B8E52AA51D904103E1E24D
INFO: [ app_init ] --START--
INFO: Run Behavior\BuildLiteBehavior [ RunTime:0.000000s ]
INFO: [ app_init ] --END-- [ RunTime:0.003000s ]
SQL: SHOW COLUMNS FROM `ym_activity` [ RunTime:0.0030s ]
SQL: SELECT * FROM `ym_activity` WHERE ( guid = "9FEA5A6E48EDCF5770493F27A863FA6C" ) LIMIT 1   [ RunTime:0.0020s ]
SQL: SHOW COLUMNS FROM `ym_activity_subject` [ RunTime:0.0030s ]
SQL: SELECT * FROM `ym_activity_subject` WHERE ( guid = "2EDF36F70FD1A6ACCBE83AF70176D73D" ) LIMIT 1   [ RunTime:0.0020s ]
SQL: SHOW COLUMNS FROM `ym_org` [ RunTime:0.0090s ]
SQL: SELECT `guid`,`name` FROM `ym_org` WHERE ( guid = "A221602279B8E52AA51D904103E1E24D" ) LIMIT 1   [ RunTime:0.0020s ]
SQL: SHOW COLUMNS FROM `ym_statistic_view` [ RunTime:0.0030s ]
SQL: SELECT COUNT(*) AS tp_count FROM `ym_statistic_view` WHERE `obj_guid` = '9FEA5A6E48EDCF5770493F27A863FA6C' AND `obj_type` = 1 LIMIT 1   [ RunTime:0.0030s ]
SQL: SHOW COLUMNS FROM `ym_statistic_like` [ RunTime:0.0020s ]
SQL: SELECT COUNT(*) AS tp_count FROM `ym_statistic_like` WHERE `obj_guid` = '9FEA5A6E48EDCF5770493F27A863FA6C' AND `obj_type` = 1 AND `is_like` = 1 LIMIT 1   [ RunTime:0.0020s ]
SQL: SELECT COUNT(*) AS tp_count FROM `ym_statistic_like` WHERE `obj_guid` = '9FEA5A6E48EDCF5770493F27A863FA6C' AND `obj_type` = 1 AND `is_like` = 1 AND `user_guid` = 'outside_user_5D3961EFA793611CE2C5033442866ACC' LIMIT 1   [ RunTime:0.0020s ]
SQL: SHOW COLUMNS FROM `ym_activity_signup` [ RunTime:0.0030s ]
SQL: SELECT * FROM `ym_activity_signup` WHERE `activity_guid` = '9FEA5A6E48EDCF5770493F27A863FA6C' LIMIT 1   [ RunTime:0.0030s ]
SQL: SHOW COLUMNS FROM `ym_activity_signup_form_build` [ RunTime:0.0030s ]
SQL: SELECT * FROM `ym_activity_signup_form_build` WHERE `signup_guid` = 'B202D0A4D5799ED067CF933490323828' AND `is_del` = 0  [ RunTime:0.0030s ]
SQL: SHOW COLUMNS FROM `ym_activity_signup_userinfo` [ RunTime:0.0030s ]
SQL: SELECT COUNT(*) AS tp_count FROM `ym_activity_signup_userinfo` WHERE `activity_guid` = '9FEA5A6E48EDCF5770493F27A863FA6C' AND `is_del` = 0 LIMIT 1   [ RunTime:0.0010s ]
SQL: SHOW COLUMNS FROM `ym_activity_attr_ticket` [ RunTime:0.0020s ]
SQL: SELECT SUM(num) as total FROM `ym_activity_attr_ticket` WHERE `activity_guid` = '9FEA5A6E48EDCF5770493F27A863FA6C' AND `is_del` = 0 AND `is_for_sale` = 1 LIMIT 1   [ RunTime:0.0020s ]
SQL: SELECT COUNT(*) AS tp_count FROM `ym_activity_signup_userinfo` WHERE `activity_guid` = '9FEA5A6E48EDCF5770493F27A863FA6C' AND `is_del` = 0 LIMIT 1   [ RunTime:0.0020s ]
SQL: SHOW COLUMNS FROM `ym_activity_signup_userinfo` [ RunTime:0.0020s ]
SQL: SELECT COUNT(*) AS tp_count FROM `ym_activity_signup_userinfo` WHERE `signup_guid` = 'B202D0A4D5799ED067CF933490323828' AND `user_guid` = 'outside_user_5D3961EFA793611CE2C5033442866ACC' LIMIT 1   [ RunTime:0.0020s ]
SQL: SHOW COLUMNS FROM `ym_activity_attr_undertaker` [ RunTime:0.0020s ]
SQL: SELECT * FROM `ym_activity_attr_undertaker` WHERE `activity_guid` = '9FEA5A6E48EDCF5770493F27A863FA6C' AND `is_del` = 0 ORDER BY id asc  [ RunTime:0.0020s ]
SQL: SHOW COLUMNS FROM `ym_activity_attr_flow` [ RunTime:0.0020s ]
SQL: SELECT * FROM `ym_activity_attr_flow` WHERE `activity_guid` = '9FEA5A6E48EDCF5770493F27A863FA6C' AND `is_del` = 0 ORDER BY id asc  [ RunTime:0.0030s ]
SQL: SELECT * FROM `ym_activity_signup_userinfo` WHERE ( activity_guid='9FEA5A6E48EDCF5770493F27A863FA6C' and is_del=0 ) ORDER BY updated_at DESC LIMIT 0,10   [ RunTime:0.0030s ]
SQL: SELECT COUNT(*) AS tp_count FROM `ym_activity_signup_userinfo` WHERE ( activity_guid='9FEA5A6E48EDCF5770493F27A863FA6C' and is_del=0 ) LIMIT 1   [ RunTime:0.0010s ]
SQL: SELECT COUNT(*) AS tp_count FROM `ym_activity_signup_userinfo` WHERE ( activity_guid='9FEA5A6E48EDCF5770493F27A863FA6C' and is_del=0 ) LIMIT 1   [ RunTime:0.0020s ]

[ 2015-04-01T09:48:34+08:00 ] 127.0.0.1 /mobile/activity/qrcode/aid/9FEA5A6E48EDCF5770493F27A863FA6C/token/A221602279B8E52AA51D904103E1E24D
INFO: [ app_init ] --START--
INFO: Run Behavior\BuildLiteBehavior [ RunTime:0.000000s ]
INFO: [ app_init ] --END-- [ RunTime:0.004001s ]
SQL: SHOW COLUMNS FROM `ym_activity` [ RunTime:0.0030s ]
SQL: SELECT `org_guid` FROM `ym_activity` WHERE `guid` = '9FEA5A6E48EDCF5770493F27A863FA6C' LIMIT 1   [ RunTime:0.0020s ]

[ 2015-04-01T09:49:35+08:00 ] 127.0.0.1 /mobile/activity/preview/aid/3E116718F58B290FAC7B6BE61AA24C05/token/A221602279B8E52AA51D904103E1E24D
INFO: [ app_init ] --START--
INFO: Run Behavior\BuildLiteBehavior [ RunTime:0.000000s ]
INFO: [ app_init ] --END-- [ RunTime:0.003000s ]
SQL: SHOW COLUMNS FROM `ym_activity` [ RunTime:0.0030s ]
SQL: SELECT * FROM `ym_activity` WHERE ( guid = "3E116718F58B290FAC7B6BE61AA24C05" ) LIMIT 1   [ RunTime:0.0020s ]
SQL: SHOW COLUMNS FROM `ym_activity_subject` [ RunTime:0.0030s ]
SQL: SELECT * FROM `ym_activity_subject` WHERE ( guid = "2EDF36F70FD1A6ACCBE83AF70176D73D" ) LIMIT 1   [ RunTime:0.0030s ]
SQL: SHOW COLUMNS FROM `ym_org` [ RunTime:0.0040s ]
SQL: SELECT `guid`,`name` FROM `ym_org` WHERE ( guid = "A221602279B8E52AA51D904103E1E24D" ) LIMIT 1   [ RunTime:0.0020s ]
SQL: SHOW COLUMNS FROM `ym_statistic_view` [ RunTime:0.0020s ]
SQL: SELECT COUNT(*) AS tp_count FROM `ym_statistic_view` WHERE `obj_guid` = '3E116718F58B290FAC7B6BE61AA24C05' AND `obj_type` = 1 LIMIT 1   [ RunTime:0.0030s ]
SQL: SHOW COLUMNS FROM `ym_statistic_like` [ RunTime:0.0030s ]
SQL: SELECT COUNT(*) AS tp_count FROM `ym_statistic_like` WHERE `obj_guid` = '3E116718F58B290FAC7B6BE61AA24C05' AND `obj_type` = 1 AND `is_like` = 1 LIMIT 1   [ RunTime:0.0020s ]
SQL: SELECT COUNT(*) AS tp_count FROM `ym_statistic_like` WHERE `obj_guid` = '3E116718F58B290FAC7B6BE61AA24C05' AND `obj_type` = 1 AND `is_like` = 1 AND `user_guid` = 'outside_user_22CCB339273642E3DD4779B709DCBDB7' LIMIT 1   [ RunTime:0.0010s ]
SQL: SHOW COLUMNS FROM `ym_activity_signup` [ RunTime:0.0030s ]
SQL: SELECT * FROM `ym_activity_signup` WHERE `activity_guid` = '3E116718F58B290FAC7B6BE61AA24C05' LIMIT 1   [ RunTime:0.0030s ]
SQL: SHOW COLUMNS FROM `ym_activity_signup_form_build` [ RunTime:0.0020s ]
SQL: SELECT * FROM `ym_activity_signup_form_build` WHERE `signup_guid` = 'D409356F3327BBFD9EB20A68D13501E3' AND `is_del` = 0  [ RunTime:0.0020s ]
SQL: SHOW COLUMNS FROM `ym_activity_signup_userinfo` [ RunTime:0.0030s ]
SQL: SELECT COUNT(*) AS tp_count FROM `ym_activity_signup_userinfo` WHERE `activity_guid` = '3E116718F58B290FAC7B6BE61AA24C05' AND `is_del` = 0 LIMIT 1   [ RunTime:0.0020s ]
SQL: SHOW COLUMNS FROM `ym_activity_attr_ticket` [ RunTime:0.0020s ]
SQL: SELECT SUM(num) as total FROM `ym_activity_attr_ticket` WHERE `activity_guid` = '3E116718F58B290FAC7B6BE61AA24C05' AND `is_del` = 0 AND `is_for_sale` = 1 LIMIT 1   [ RunTime:0.0020s ]
SQL: SELECT COUNT(*) AS tp_count FROM `ym_activity_signup_userinfo` WHERE `activity_guid` = '3E116718F58B290FAC7B6BE61AA24C05' AND `is_del` = 0 LIMIT 1   [ RunTime:0.0020s ]
SQL: SELECT `guid`,`num`,`name` FROM `ym_activity_attr_ticket` WHERE `activity_guid` = '3E116718F58B290FAC7B6BE61AA24C05' AND `is_del` = 0 AND `is_for_sale` = 1  [ RunTime:0.0020s ]
SQL: SHOW COLUMNS FROM `ym_activity_user_ticket` [ RunTime:0.0020s ]
SQL: SELECT COUNT(*) AS tp_count FROM `ym_activity_user_ticket` WHERE `ticket_guid` = '0230CB462C719D01D3E28A594B7A44BA' AND `status` = 2 AND `is_del` = 0 LIMIT 1   [ RunTime:0.0020s ]
SQL: SHOW COLUMNS FROM `ym_activity_signup_userinfo` [ RunTime:0.0020s ]
SQL: SELECT COUNT(*) AS tp_count FROM `ym_activity_signup_userinfo` WHERE `signup_guid` = 'D409356F3327BBFD9EB20A68D13501E3' AND `user_guid` = 'outside_user_22CCB339273642E3DD4779B709DCBDB7' LIMIT 1   [ RunTime:0.0020s ]
SQL: SHOW COLUMNS FROM `ym_activity_attr_undertaker` [ RunTime:0.0030s ]
SQL: SELECT * FROM `ym_activity_attr_undertaker` WHERE `activity_guid` = '3E116718F58B290FAC7B6BE61AA24C05' AND `is_del` = 0 ORDER BY id asc  [ RunTime:0.0020s ]
SQL: SHOW COLUMNS FROM `ym_activity_attr_flow` [ RunTime:0.0020s ]
SQL: SELECT * FROM `ym_activity_attr_flow` WHERE `activity_guid` = '3E116718F58B290FAC7B6BE61AA24C05' AND `is_del` = 0 ORDER BY id asc  [ RunTime:0.0020s ]

[ 2015-04-01T09:49:35+08:00 ] 127.0.0.1 /mobile/activity/qrcode/aid/3E116718F58B290FAC7B6BE61AA24C05/token/A221602279B8E52AA51D904103E1E24D
INFO: [ app_init ] --START--
INFO: Run Behavior\BuildLiteBehavior [ RunTime:0.000000s ]
INFO: [ app_init ] --END-- [ RunTime:0.002000s ]
SQL: SHOW COLUMNS FROM `ym_activity` [ RunTime:0.0020s ]
SQL: SELECT `org_guid` FROM `ym_activity` WHERE `guid` = '3E116718F58B290FAC7B6BE61AA24C05' LIMIT 1   [ RunTime:0.0020s ]

[ 2015-04-01T09:49:47+08:00 ] 127.0.0.1 /mobile/activity/preview/aid/9FEA5A6E48EDCF5770493F27A863FA6C/token/A221602279B8E52AA51D904103E1E24D
INFO: [ app_init ] --START--
INFO: Run Behavior\BuildLiteBehavior [ RunTime:0.000000s ]
INFO: [ app_init ] --END-- [ RunTime:0.005000s ]
SQL: SHOW COLUMNS FROM `ym_activity` [ RunTime:0.0030s ]
SQL: SELECT * FROM `ym_activity` WHERE ( guid = "9FEA5A6E48EDCF5770493F27A863FA6C" ) LIMIT 1   [ RunTime:0.0030s ]
SQL: SHOW COLUMNS FROM `ym_activity_subject` [ RunTime:0.0030s ]
SQL: SELECT * FROM `ym_activity_subject` WHERE ( guid = "2EDF36F70FD1A6ACCBE83AF70176D73D" ) LIMIT 1   [ RunTime:0.0030s ]
SQL: SHOW COLUMNS FROM `ym_org` [ RunTime:0.0040s ]
SQL: SELECT `guid`,`name` FROM `ym_org` WHERE ( guid = "A221602279B8E52AA51D904103E1E24D" ) LIMIT 1   [ RunTime:0.0030s ]
SQL: SHOW COLUMNS FROM `ym_statistic_view` [ RunTime:0.0020s ]
SQL: SELECT COUNT(*) AS tp_count FROM `ym_statistic_view` WHERE `obj_guid` = '9FEA5A6E48EDCF5770493F27A863FA6C' AND `obj_type` = 1 LIMIT 1   [ RunTime:0.0020s ]
SQL: SHOW COLUMNS FROM `ym_statistic_like` [ RunTime:0.0030s ]
SQL: SELECT COUNT(*) AS tp_count FROM `ym_statistic_like` WHERE `obj_guid` = '9FEA5A6E48EDCF5770493F27A863FA6C' AND `obj_type` = 1 AND `is_like` = 1 LIMIT 1   [ RunTime:0.0020s ]
SQL: SELECT COUNT(*) AS tp_count FROM `ym_statistic_like` WHERE `obj_guid` = '9FEA5A6E48EDCF5770493F27A863FA6C' AND `obj_type` = 1 AND `is_like` = 1 AND `user_guid` = 'outside_user_B51E5FC0C515EE066295194E8DC5A968' LIMIT 1   [ RunTime:0.0010s ]
SQL: SHOW COLUMNS FROM `ym_activity_signup` [ RunTime:0.0030s ]
SQL: SELECT * FROM `ym_activity_signup` WHERE `activity_guid` = '9FEA5A6E48EDCF5770493F27A863FA6C' LIMIT 1   [ RunTime:0.0030s ]
SQL: SHOW COLUMNS FROM `ym_activity_signup_form_build` [ RunTime:0.0020s ]
SQL: SELECT * FROM `ym_activity_signup_form_build` WHERE `signup_guid` = 'B202D0A4D5799ED067CF933490323828' AND `is_del` = 0  [ RunTime:0.0020s ]
SQL: SHOW COLUMNS FROM `ym_activity_signup_userinfo` [ RunTime:0.0030s ]
SQL: SELECT COUNT(*) AS tp_count FROM `ym_activity_signup_userinfo` WHERE `activity_guid` = '9FEA5A6E48EDCF5770493F27A863FA6C' AND `is_del` = 0 LIMIT 1   [ RunTime:0.0020s ]
SQL: SHOW COLUMNS FROM `ym_activity_attr_ticket` [ RunTime:0.0020s ]
SQL: SELECT SUM(num) as total FROM `ym_activity_attr_ticket` WHERE `activity_guid` = '9FEA5A6E48EDCF5770493F27A863FA6C' AND `is_del` = 0 AND `is_for_sale` = 1 LIMIT 1   [ RunTime:0.0020s ]
SQL: SELECT COUNT(*) AS tp_count FROM `ym_activity_signup_userinfo` WHERE `activity_guid` = '9FEA5A6E48EDCF5770493F27A863FA6C' AND `is_del` = 0 LIMIT 1   [ RunTime:0.0020s ]
SQL: SHOW COLUMNS FROM `ym_activity_signup_userinfo` [ RunTime:0.0030s ]
SQL: SELECT COUNT(*) AS tp_count FROM `ym_activity_signup_userinfo` WHERE `signup_guid` = 'B202D0A4D5799ED067CF933490323828' AND `user_guid` = 'outside_user_B51E5FC0C515EE066295194E8DC5A968' LIMIT 1   [ RunTime:0.0020s ]
SQL: SHOW COLUMNS FROM `ym_activity_attr_undertaker` [ RunTime:0.0020s ]
SQL: SELECT * FROM `ym_activity_attr_undertaker` WHERE `activity_guid` = '9FEA5A6E48EDCF5770493F27A863FA6C' AND `is_del` = 0 ORDER BY id asc  [ RunTime:0.0020s ]
SQL: SHOW COLUMNS FROM `ym_activity_attr_flow` [ RunTime:0.0030s ]
SQL: SELECT * FROM `ym_activity_attr_flow` WHERE `activity_guid` = '9FEA5A6E48EDCF5770493F27A863FA6C' AND `is_del` = 0 ORDER BY id asc  [ RunTime:0.0020s ]
SQL: SELECT * FROM `ym_activity_signup_userinfo` WHERE ( activity_guid='9FEA5A6E48EDCF5770493F27A863FA6C' and is_del=0 ) ORDER BY updated_at DESC LIMIT 0,10   [ RunTime:0.0020s ]
SQL: SELECT COUNT(*) AS tp_count FROM `ym_activity_signup_userinfo` WHERE ( activity_guid='9FEA5A6E48EDCF5770493F27A863FA6C' and is_del=0 ) LIMIT 1   [ RunTime:0.0010s ]
SQL: SELECT COUNT(*) AS tp_count FROM `ym_activity_signup_userinfo` WHERE ( activity_guid='9FEA5A6E48EDCF5770493F27A863FA6C' and is_del=0 ) LIMIT 1   [ RunTime:0.0020s ]

[ 2015-04-01T09:49:47+08:00 ] 127.0.0.1 /mobile/activity/qrcode/aid/9FEA5A6E48EDCF5770493F27A863FA6C/token/A221602279B8E52AA51D904103E1E24D
INFO: [ app_init ] --START--
INFO: Run Behavior\BuildLiteBehavior [ RunTime:0.000000s ]
INFO: [ app_init ] --END-- [ RunTime:0.006001s ]
SQL: SHOW COLUMNS FROM `ym_activity` [ RunTime:0.0030s ]
SQL: SELECT `org_guid` FROM `ym_activity` WHERE `guid` = '9FEA5A6E48EDCF5770493F27A863FA6C' LIMIT 1   [ RunTime:0.0020s ]

[ 2015-04-01T10:07:35+08:00 ] 127.0.0.1 /mobile/activity/qrcode/aid/79B3BF3764940EFD3FCA34677C84A1AA/token/A221602279B8E52AA51D904103E1E24D
INFO: [ app_init ] --START--
INFO: Run Behavior\BuildLiteBehavior [ RunTime:0.000000s ]
INFO: [ app_init ] --END-- [ RunTime:0.002000s ]
SQL: SHOW COLUMNS FROM `ym_activity` [ RunTime:0.0030s ]
SQL: SELECT `org_guid` FROM `ym_activity` WHERE `guid` = '79B3BF3764940EFD3FCA34677C84A1AA' LIMIT 1   [ RunTime:0.0010s ]

[ 2015-04-01T10:07:35+08:00 ] 127.0.0.1 /mobile/activity/preview/aid/79B3BF3764940EFD3FCA34677C84A1AA/token/A221602279B8E52AA51D904103E1E24D
INFO: [ app_init ] --START--
INFO: Run Behavior\BuildLiteBehavior [ RunTime:0.001000s ]
INFO: [ app_init ] --END-- [ RunTime:0.003000s ]
SQL: SHOW COLUMNS FROM `ym_activity` [ RunTime:0.0030s ]
SQL: SELECT * FROM `ym_activity` WHERE ( guid = "79B3BF3764940EFD3FCA34677C84A1AA" ) LIMIT 1   [ RunTime:0.0020s ]
SQL: SHOW COLUMNS FROM `ym_activity_subject` [ RunTime:0.0020s ]
SQL: SELECT * FROM `ym_activity_subject` WHERE ( guid = "95CEC0849FC0CF2F3CAF2C124DCF7455" ) LIMIT 1   [ RunTime:0.0020s ]
SQL: SHOW COLUMNS FROM `ym_org` [ RunTime:0.0030s ]
SQL: SELECT `guid`,`name` FROM `ym_org` WHERE ( guid = "A221602279B8E52AA51D904103E1E24D" ) LIMIT 1   [ RunTime:0.0020s ]
SQL: SHOW COLUMNS FROM `ym_statistic_view` [ RunTime:0.0030s ]
SQL: SELECT COUNT(*) AS tp_count FROM `ym_statistic_view` WHERE `obj_guid` = '79B3BF3764940EFD3FCA34677C84A1AA' AND `obj_type` = 1 LIMIT 1   [ RunTime:0.0020s ]
SQL: SHOW COLUMNS FROM `ym_statistic_like` [ RunTime:0.0020s ]
SQL: SELECT COUNT(*) AS tp_count FROM `ym_statistic_like` WHERE `obj_guid` = '79B3BF3764940EFD3FCA34677C84A1AA' AND `obj_type` = 1 AND `is_like` = 1 LIMIT 1   [ RunTime:0.0010s ]
SQL: SELECT COUNT(*) AS tp_count FROM `ym_statistic_like` WHERE `obj_guid` = '79B3BF3764940EFD3FCA34677C84A1AA' AND `obj_type` = 1 AND `is_like` = 1 AND `user_guid` = 'outside_user_19C0452CEB40F229092DAFC5F976DA7C' LIMIT 1   [ RunTime:0.0020s ]
SQL: SHOW COLUMNS FROM `ym_activity_signup` [ RunTime:0.0030s ]
SQL: SELECT * FROM `ym_activity_signup` WHERE `activity_guid` = '79B3BF3764940EFD3FCA34677C84A1AA' LIMIT 1   [ RunTime:0.0030s ]
SQL: SHOW COLUMNS FROM `ym_activity_signup_form_build` [ RunTime:0.0020s ]
SQL: SELECT * FROM `ym_activity_signup_form_build` WHERE `signup_guid` = '4983C3213C2DA26C19A1A1C80DDEAEE0' AND `is_del` = 0  [ RunTime:0.0020s ]
SQL: SHOW COLUMNS FROM `ym_activity_signup_userinfo` [ RunTime:0.0030s ]
SQL: SELECT COUNT(*) AS tp_count FROM `ym_activity_signup_userinfo` WHERE `activity_guid` = '79B3BF3764940EFD3FCA34677C84A1AA' AND `is_del` = 0 LIMIT 1   [ RunTime:0.0020s ]
SQL: SHOW COLUMNS FROM `ym_activity_attr_ticket` [ RunTime:0.0030s ]
SQL: SELECT SUM(num) as total FROM `ym_activity_attr_ticket` WHERE `activity_guid` = '79B3BF3764940EFD3FCA34677C84A1AA' AND `is_del` = 0 AND `is_for_sale` = 1 LIMIT 1   [ RunTime:0.0020s ]
SQL: SELECT COUNT(*) AS tp_count FROM `ym_activity_signup_userinfo` WHERE `activity_guid` = '79B3BF3764940EFD3FCA34677C84A1AA' AND `is_del` = 0 LIMIT 1   [ RunTime:0.0020s ]
SQL: SELECT `guid`,`num`,`name` FROM `ym_activity_attr_ticket` WHERE `activity_guid` = '79B3BF3764940EFD3FCA34677C84A1AA' AND `is_del` = 0 AND `is_for_sale` = 1  [ RunTime:0.0020s ]
SQL: SHOW COLUMNS FROM `ym_activity_user_ticket` [ RunTime:0.0020s ]
SQL: SELECT COUNT(*) AS tp_count FROM `ym_activity_user_ticket` WHERE `ticket_guid` = '669919B481FAFC1AC2B71560103000AA' AND `status` = 2 AND `is_del` = 0 LIMIT 1   [ RunTime:0.0020s ]
SQL: SELECT COUNT(*) AS tp_count FROM `ym_activity_user_ticket` WHERE `ticket_guid` = '22187E86A20C103299DC87DA144C8552' AND `status` = 2 AND `is_del` = 0 LIMIT 1   [ RunTime:0.0020s ]
SQL: SELECT COUNT(*) AS tp_count FROM `ym_activity_user_ticket` WHERE `ticket_guid` = '10182994AF6AC4E9126BB7832F5460BF' AND `status` = 2 AND `is_del` = 0 LIMIT 1   [ RunTime:0.0020s ]
SQL: SHOW COLUMNS FROM `ym_activity_signup_userinfo` [ RunTime:0.0030s ]
SQL: SELECT COUNT(*) AS tp_count FROM `ym_activity_signup_userinfo` WHERE `signup_guid` = '4983C3213C2DA26C19A1A1C80DDEAEE0' AND `user_guid` = 'outside_user_19C0452CEB40F229092DAFC5F976DA7C' LIMIT 1   [ RunTime:0.0020s ]
SQL: SHOW COLUMNS FROM `ym_activity_attr_undertaker` [ RunTime:0.0020s ]
SQL: SELECT * FROM `ym_activity_attr_undertaker` WHERE `activity_guid` = '79B3BF3764940EFD3FCA34677C84A1AA' AND `is_del` = 0 ORDER BY id asc  [ RunTime:0.0020s ]
SQL: SHOW COLUMNS FROM `ym_activity_attr_flow` [ RunTime:0.0020s ]
SQL: SELECT * FROM `ym_activity_attr_flow` WHERE `activity_guid` = '79B3BF3764940EFD3FCA34677C84A1AA' AND `is_del` = 0 ORDER BY id asc  [ RunTime:0.0020s ]
SQL: SELECT * FROM `ym_activity_signup_userinfo` WHERE ( activity_guid='79B3BF3764940EFD3FCA34677C84A1AA' and is_del=0 ) ORDER BY updated_at DESC LIMIT 0,10   [ RunTime:0.0030s ]
SQL: SELECT COUNT(*) AS tp_count FROM `ym_activity_signup_userinfo` WHERE ( activity_guid='79B3BF3764940EFD3FCA34677C84A1AA' and is_del=0 ) LIMIT 1   [ RunTime:0.0020s ]
SQL: SELECT COUNT(*) AS tp_count FROM `ym_activity_signup_userinfo` WHERE ( activity_guid='79B3BF3764940EFD3FCA34677C84A1AA' and is_del=0 ) LIMIT 1   [ RunTime:0.0010s ]

[ 2015-04-01T10:07:40+08:00 ] 127.0.0.1 /mobile/activity/preview/aid/79B3BF3764940EFD3FCA34677C84A1AA/token/A221602279B8E52AA51D904103E1E24D
INFO: [ app_init ] --START--
INFO: Run Behavior\BuildLiteBehavior [ RunTime:0.000000s ]
INFO: [ app_init ] --END-- [ RunTime:0.003000s ]
SQL: SHOW COLUMNS FROM `ym_activity` [ RunTime:0.0030s ]
SQL: SELECT * FROM `ym_activity` WHERE ( guid = "79B3BF3764940EFD3FCA34677C84A1AA" ) LIMIT 1   [ RunTime:0.0020s ]
SQL: SHOW COLUMNS FROM `ym_activity_subject` [ RunTime:0.0030s ]
SQL: SELECT * FROM `ym_activity_subject` WHERE ( guid = "95CEC0849FC0CF2F3CAF2C124DCF7455" ) LIMIT 1   [ RunTime:0.0020s ]
SQL: SHOW COLUMNS FROM `ym_org` [ RunTime:0.0040s ]
SQL: SELECT `guid`,`name` FROM `ym_org` WHERE ( guid = "A221602279B8E52AA51D904103E1E24D" ) LIMIT 1   [ RunTime:0.0020s ]
SQL: SHOW COLUMNS FROM `ym_statistic_view` [ RunTime:0.0020s ]
SQL: SELECT COUNT(*) AS tp_count FROM `ym_statistic_view` WHERE `obj_guid` = '79B3BF3764940EFD3FCA34677C84A1AA' AND `obj_type` = 1 LIMIT 1   [ RunTime:0.0020s ]
SQL: SHOW COLUMNS FROM `ym_statistic_like` [ RunTime:0.0030s ]
SQL: SELECT COUNT(*) AS tp_count FROM `ym_statistic_like` WHERE `obj_guid` = '79B3BF3764940EFD3FCA34677C84A1AA' AND `obj_type` = 1 AND `is_like` = 1 LIMIT 1   [ RunTime:0.0020s ]
SQL: SELECT COUNT(*) AS tp_count FROM `ym_statistic_like` WHERE `obj_guid` = '79B3BF3764940EFD3FCA34677C84A1AA' AND `obj_type` = 1 AND `is_like` = 1 AND `user_guid` = 'outside_user_04D8DEFD7B0D1878768CF42F3408710D' LIMIT 1   [ RunTime:0.0020s ]
SQL: SHOW COLUMNS FROM `ym_activity_signup` [ RunTime:0.0030s ]
SQL: SELECT * FROM `ym_activity_signup` WHERE `activity_guid` = '79B3BF3764940EFD3FCA34677C84A1AA' LIMIT 1   [ RunTime:0.0030s ]
SQL: SHOW COLUMNS FROM `ym_activity_signup_form_build` [ RunTime:0.0030s ]
SQL: SELECT * FROM `ym_activity_signup_form_build` WHERE `signup_guid` = '4983C3213C2DA26C19A1A1C80DDEAEE0' AND `is_del` = 0  [ RunTime:0.0030s ]
SQL: SHOW COLUMNS FROM `ym_activity_signup_userinfo` [ RunTime:0.0020s ]
SQL: SELECT COUNT(*) AS tp_count FROM `ym_activity_signup_userinfo` WHERE `activity_guid` = '79B3BF3764940EFD3FCA34677C84A1AA' AND `is_del` = 0 LIMIT 1   [ RunTime:0.0020s ]
SQL: SHOW COLUMNS FROM `ym_activity_attr_ticket` [ RunTime:0.0030s ]
SQL: SELECT SUM(num) as total FROM `ym_activity_attr_ticket` WHERE `activity_guid` = '79B3BF3764940EFD3FCA34677C84A1AA' AND `is_del` = 0 AND `is_for_sale` = 1 LIMIT 1   [ RunTime:0.0020s ]
SQL: SELECT COUNT(*) AS tp_count FROM `ym_activity_signup_userinfo` WHERE `activity_guid` = '79B3BF3764940EFD3FCA34677C84A1AA' AND `is_del` = 0 LIMIT 1   [ RunTime:0.0020s ]
SQL: SELECT `guid`,`num`,`name` FROM `ym_activity_attr_ticket` WHERE `activity_guid` = '79B3BF3764940EFD3FCA34677C84A1AA' AND `is_del` = 0 AND `is_for_sale` = 1  [ RunTime:0.0020s ]
SQL: SHOW COLUMNS FROM `ym_activity_user_ticket` [ RunTime:0.0020s ]
SQL: SELECT COUNT(*) AS tp_count FROM `ym_activity_user_ticket` WHERE `ticket_guid` = '669919B481FAFC1AC2B71560103000AA' AND `status` = 2 AND `is_del` = 0 LIMIT 1   [ RunTime:0.0020s ]
SQL: SELECT COUNT(*) AS tp_count FROM `ym_activity_user_ticket` WHERE `ticket_guid` = '22187E86A20C103299DC87DA144C8552' AND `status` = 2 AND `is_del` = 0 LIMIT 1   [ RunTime:0.0020s ]
SQL: SELECT COUNT(*) AS tp_count FROM `ym_activity_user_ticket` WHERE `ticket_guid` = '10182994AF6AC4E9126BB7832F5460BF' AND `status` = 2 AND `is_del` = 0 LIMIT 1   [ RunTime:0.0020s ]
SQL: SHOW COLUMNS FROM `ym_activity_signup_userinfo` [ RunTime:0.0020s ]
SQL: SELECT COUNT(*) AS tp_count FROM `ym_activity_signup_userinfo` WHERE `signup_guid` = '4983C3213C2DA26C19A1A1C80DDEAEE0' AND `user_guid` = 'outside_user_04D8DEFD7B0D1878768CF42F3408710D' LIMIT 1   [ RunTime:0.0010s ]
SQL: SHOW COLUMNS FROM `ym_activity_attr_undertaker` [ RunTime:0.0030s ]
SQL: SELECT * FROM `ym_activity_attr_undertaker` WHERE `activity_guid` = '79B3BF3764940EFD3FCA34677C84A1AA' AND `is_del` = 0 ORDER BY id asc  [ RunTime:0.0010s ]
SQL: SHOW COLUMNS FROM `ym_activity_attr_flow` [ RunTime:0.0030s ]
SQL: SELECT * FROM `ym_activity_attr_flow` WHERE `activity_guid` = '79B3BF3764940EFD3FCA34677C84A1AA' AND `is_del` = 0 ORDER BY id asc  [ RunTime:0.0020s ]
SQL: SELECT * FROM `ym_activity_signup_userinfo` WHERE ( activity_guid='79B3BF3764940EFD3FCA34677C84A1AA' and is_del=0 ) ORDER BY updated_at DESC LIMIT 0,10   [ RunTime:0.0020s ]
SQL: SELECT COUNT(*) AS tp_count FROM `ym_activity_signup_userinfo` WHERE ( activity_guid='79B3BF3764940EFD3FCA34677C84A1AA' and is_del=0 ) LIMIT 1   [ RunTime:0.0020s ]
SQL: SELECT COUNT(*) AS tp_count FROM `ym_activity_signup_userinfo` WHERE ( activity_guid='79B3BF3764940EFD3FCA34677C84A1AA' and is_del=0 ) LIMIT 1   [ RunTime:0.0020s ]

[ 2015-04-01T10:21:45+08:00 ] 127.0.0.1 /mobile/activity/qrcode/aid/79B3BF3764940EFD3FCA34677C84A1AA/token/A221602279B8E52AA51D904103E1E24D
INFO: [ app_init ] --START--
INFO: Run Behavior\BuildLiteBehavior [ RunTime:0.000000s ]
INFO: [ app_init ] --END-- [ RunTime:0.003001s ]
SQL: SHOW COLUMNS FROM `ym_activity` [ RunTime:0.0040s ]
SQL: SELECT `org_guid` FROM `ym_activity` WHERE `guid` = '79B3BF3764940EFD3FCA34677C84A1AA' LIMIT 1   [ RunTime:0.0020s ]

[ 2015-04-01T10:21:45+08:00 ] 127.0.0.1 /mobile/activity/preview/aid/79B3BF3764940EFD3FCA34677C84A1AA/token/A221602279B8E52AA51D904103E1E24D
INFO: [ app_init ] --START--
INFO: Run Behavior\BuildLiteBehavior [ RunTime:0.001000s ]
INFO: [ app_init ] --END-- [ RunTime:0.003000s ]
SQL: SHOW COLUMNS FROM `ym_activity` [ RunTime:0.0020s ]
SQL: SELECT * FROM `ym_activity` WHERE ( guid = "79B3BF3764940EFD3FCA34677C84A1AA" ) LIMIT 1   [ RunTime:0.0030s ]
SQL: SHOW COLUMNS FROM `ym_activity_subject` [ RunTime:0.0030s ]
SQL: SELECT * FROM `ym_activity_subject` WHERE ( guid = "95CEC0849FC0CF2F3CAF2C124DCF7455" ) LIMIT 1   [ RunTime:0.0020s ]
SQL: SHOW COLUMNS FROM `ym_org` [ RunTime:0.0030s ]
SQL: SELECT `guid`,`name` FROM `ym_org` WHERE ( guid = "A221602279B8E52AA51D904103E1E24D" ) LIMIT 1   [ RunTime:0.0020s ]
SQL: SHOW COLUMNS FROM `ym_statistic_view` [ RunTime:0.0020s ]
SQL: SELECT COUNT(*) AS tp_count FROM `ym_statistic_view` WHERE `obj_guid` = '79B3BF3764940EFD3FCA34677C84A1AA' AND `obj_type` = 1 LIMIT 1   [ RunTime:0.0020s ]
SQL: SHOW COLUMNS FROM `ym_statistic_like` [ RunTime:0.0020s ]
SQL: SELECT COUNT(*) AS tp_count FROM `ym_statistic_like` WHERE `obj_guid` = '79B3BF3764940EFD3FCA34677C84A1AA' AND `obj_type` = 1 AND `is_like` = 1 LIMIT 1   [ RunTime:0.0020s ]
SQL: SELECT COUNT(*) AS tp_count FROM `ym_statistic_like` WHERE `obj_guid` = '79B3BF3764940EFD3FCA34677C84A1AA' AND `obj_type` = 1 AND `is_like` = 1 AND `user_guid` = 'outside_user_E984A5AFA67A4B58B8E9612123D1FBCC' LIMIT 1   [ RunTime:0.0010s ]
SQL: SHOW COLUMNS FROM `ym_activity_signup` [ RunTime:0.0030s ]
SQL: SELECT * FROM `ym_activity_signup` WHERE `activity_guid` = '79B3BF3764940EFD3FCA34677C84A1AA' LIMIT 1   [ RunTime:0.0030s ]
SQL: SHOW COLUMNS FROM `ym_activity_signup_form_build` [ RunTime:0.0040s ]
SQL: SELECT * FROM `ym_activity_signup_form_build` WHERE `signup_guid` = '4983C3213C2DA26C19A1A1C80DDEAEE0' AND `is_del` = 0  [ RunTime:0.0030s ]
SQL: SHOW COLUMNS FROM `ym_activity_signup_userinfo` [ RunTime:0.0030s ]
SQL: SELECT COUNT(*) AS tp_count FROM `ym_activity_signup_userinfo` WHERE `activity_guid` = '79B3BF3764940EFD3FCA34677C84A1AA' AND `is_del` = 0 LIMIT 1   [ RunTime:0.0020s ]
SQL: SHOW COLUMNS FROM `ym_activity_attr_ticket` [ RunTime:0.0030s ]
SQL: SELECT SUM(num) as total FROM `ym_activity_attr_ticket` WHERE `activity_guid` = '79B3BF3764940EFD3FCA34677C84A1AA' AND `is_del` = 0 AND `is_for_sale` = 1 LIMIT 1   [ RunTime:0.0020s ]
SQL: SELECT COUNT(*) AS tp_count FROM `ym_activity_signup_userinfo` WHERE `activity_guid` = '79B3BF3764940EFD3FCA34677C84A1AA' AND `is_del` = 0 LIMIT 1   [ RunTime:0.0010s ]
SQL: SELECT `guid`,`num`,`name` FROM `ym_activity_attr_ticket` WHERE `activity_guid` = '79B3BF3764940EFD3FCA34677C84A1AA' AND `is_del` = 0 AND `is_for_sale` = 1  [ RunTime:0.0020s ]
SQL: SHOW COLUMNS FROM `ym_activity_user_ticket` [ RunTime:0.0030s ]
SQL: SELECT COUNT(*) AS tp_count FROM `ym_activity_user_ticket` WHERE `ticket_guid` = '669919B481FAFC1AC2B71560103000AA' AND `status` = 2 AND `is_del` = 0 LIMIT 1   [ RunTime:0.0020s ]
SQL: SELECT COUNT(*) AS tp_count FROM `ym_activity_user_ticket` WHERE `ticket_guid` = '22187E86A20C103299DC87DA144C8552' AND `status` = 2 AND `is_del` = 0 LIMIT 1   [ RunTime:0.0020s ]
SQL: SELECT COUNT(*) AS tp_count FROM `ym_activity_user_ticket` WHERE `ticket_guid` = '10182994AF6AC4E9126BB7832F5460BF' AND `status` = 2 AND `is_del` = 0 LIMIT 1   [ RunTime:0.0020s ]
SQL: SHOW COLUMNS FROM `ym_activity_signup_userinfo` [ RunTime:0.0020s ]
SQL: SELECT COUNT(*) AS tp_count FROM `ym_activity_signup_userinfo` WHERE `signup_guid` = '4983C3213C2DA26C19A1A1C80DDEAEE0' AND `user_guid` = 'outside_user_E984A5AFA67A4B58B8E9612123D1FBCC' LIMIT 1   [ RunTime:0.0020s ]
SQL: SHOW COLUMNS FROM `ym_activity_attr_undertaker` [ RunTime:0.0020s ]
SQL: SELECT * FROM `ym_activity_attr_undertaker` WHERE `activity_guid` = '79B3BF3764940EFD3FCA34677C84A1AA' AND `is_del` = 0 ORDER BY id asc  [ RunTime:0.0020s ]
SQL: SHOW COLUMNS FROM `ym_activity_attr_flow` [ RunTime:0.0020s ]
SQL: SELECT * FROM `ym_activity_attr_flow` WHERE `activity_guid` = '79B3BF3764940EFD3FCA34677C84A1AA' AND `is_del` = 0 ORDER BY id asc  [ RunTime:0.0020s ]
SQL: SELECT * FROM `ym_activity_signup_userinfo` WHERE ( activity_guid='79B3BF3764940EFD3FCA34677C84A1AA' and is_del=0 ) ORDER BY updated_at DESC LIMIT 0,10   [ RunTime:0.0030s ]
SQL: SELECT COUNT(*) AS tp_count FROM `ym_activity_signup_userinfo` WHERE ( activity_guid='79B3BF3764940EFD3FCA34677C84A1AA' and is_del=0 ) LIMIT 1   [ RunTime:0.0020s ]
SQL: SELECT COUNT(*) AS tp_count FROM `ym_activity_signup_userinfo` WHERE ( activity_guid='79B3BF3764940EFD3FCA34677C84A1AA' and is_del=0 ) LIMIT 1   [ RunTime:0.0020s ]

[ 2015-04-01T10:22:34+08:00 ] 127.0.0.1 /mobile/activity/qrcode/aid/79B3BF3764940EFD3FCA34677C84A1AA/token/A221602279B8E52AA51D904103E1E24D
INFO: [ app_init ] --START--
INFO: Run Behavior\BuildLiteBehavior [ RunTime:0.000000s ]
INFO: [ app_init ] --END-- [ RunTime:0.002000s ]
SQL: SHOW COLUMNS FROM `ym_activity` [ RunTime:0.0020s ]
SQL: SELECT `org_guid` FROM `ym_activity` WHERE `guid` = '79B3BF3764940EFD3FCA34677C84A1AA' LIMIT 1   [ RunTime:0.0010s ]

[ 2015-04-01T10:22:35+08:00 ] 127.0.0.1 /mobile/activity/preview/aid/79B3BF3764940EFD3FCA34677C84A1AA/token/A221602279B8E52AA51D904103E1E24D
INFO: [ app_init ] --START--
INFO: Run Behavior\BuildLiteBehavior [ RunTime:0.001000s ]
INFO: [ app_init ] --END-- [ RunTime:0.007000s ]
SQL: SHOW COLUMNS FROM `ym_activity` [ RunTime:0.0030s ]
SQL: SELECT * FROM `ym_activity` WHERE ( guid = "79B3BF3764940EFD3FCA34677C84A1AA" ) LIMIT 1   [ RunTime:0.0020s ]
SQL: SHOW COLUMNS FROM `ym_activity_subject` [ RunTime:0.0030s ]
SQL: SELECT * FROM `ym_activity_subject` WHERE ( guid = "95CEC0849FC0CF2F3CAF2C124DCF7455" ) LIMIT 1   [ RunTime:0.0020s ]
SQL: SHOW COLUMNS FROM `ym_org` [ RunTime:0.0030s ]
SQL: SELECT `guid`,`name` FROM `ym_org` WHERE ( guid = "A221602279B8E52AA51D904103E1E24D" ) LIMIT 1   [ RunTime:0.0020s ]
SQL: SHOW COLUMNS FROM `ym_statistic_view` [ RunTime:0.0020s ]
SQL: SELECT COUNT(*) AS tp_count FROM `ym_statistic_view` WHERE `obj_guid` = '79B3BF3764940EFD3FCA34677C84A1AA' AND `obj_type` = 1 LIMIT 1   [ RunTime:0.0020s ]
SQL: SHOW COLUMNS FROM `ym_statistic_like` [ RunTime:0.0020s ]
SQL: SELECT COUNT(*) AS tp_count FROM `ym_statistic_like` WHERE `obj_guid` = '79B3BF3764940EFD3FCA34677C84A1AA' AND `obj_type` = 1 AND `is_like` = 1 LIMIT 1   [ RunTime:0.0020s ]
SQL: SELECT COUNT(*) AS tp_count FROM `ym_statistic_like` WHERE `obj_guid` = '79B3BF3764940EFD3FCA34677C84A1AA' AND `obj_type` = 1 AND `is_like` = 1 AND `user_guid` = 'outside_user_8D7C01547481AB3E12CCDE2A36B711C9' LIMIT 1   [ RunTime:0.0020s ]
SQL: SHOW COLUMNS FROM `ym_activity_signup` [ RunTime:0.0030s ]
SQL: SELECT * FROM `ym_activity_signup` WHERE `activity_guid` = '79B3BF3764940EFD3FCA34677C84A1AA' LIMIT 1   [ RunTime:0.0030s ]
SQL: SHOW COLUMNS FROM `ym_activity_signup_form_build` [ RunTime:0.0020s ]
SQL: SELECT * FROM `ym_activity_signup_form_build` WHERE `signup_guid` = '4983C3213C2DA26C19A1A1C80DDEAEE0' AND `is_del` = 0  [ RunTime:0.0030s ]
SQL: SHOW COLUMNS FROM `ym_activity_signup_userinfo` [ RunTime:0.0020s ]
SQL: SELECT COUNT(*) AS tp_count FROM `ym_activity_signup_userinfo` WHERE `activity_guid` = '79B3BF3764940EFD3FCA34677C84A1AA' AND `is_del` = 0 LIMIT 1   [ RunTime:0.0020s ]
SQL: SHOW COLUMNS FROM `ym_activity_attr_ticket` [ RunTime:0.0030s ]
SQL: SELECT SUM(num) as total FROM `ym_activity_attr_ticket` WHERE `activity_guid` = '79B3BF3764940EFD3FCA34677C84A1AA' AND `is_del` = 0 AND `is_for_sale` = 1 LIMIT 1   [ RunTime:0.0020s ]
SQL: SELECT COUNT(*) AS tp_count FROM `ym_activity_signup_userinfo` WHERE `activity_guid` = '79B3BF3764940EFD3FCA34677C84A1AA' AND `is_del` = 0 LIMIT 1   [ RunTime:0.0020s ]
SQL: SELECT `guid`,`num`,`name` FROM `ym_activity_attr_ticket` WHERE `activity_guid` = '79B3BF3764940EFD3FCA34677C84A1AA' AND `is_del` = 0 AND `is_for_sale` = 1  [ RunTime:0.0020s ]
SQL: SHOW COLUMNS FROM `ym_activity_user_ticket` [ RunTime:0.0030s ]
SQL: SELECT COUNT(*) AS tp_count FROM `ym_activity_user_ticket` WHERE `ticket_guid` = '669919B481FAFC1AC2B71560103000AA' AND `status` = 2 AND `is_del` = 0 LIMIT 1   [ RunTime:0.0020s ]
SQL: SELECT COUNT(*) AS tp_count FROM `ym_activity_user_ticket` WHERE `ticket_guid` = '22187E86A20C103299DC87DA144C8552' AND `status` = 2 AND `is_del` = 0 LIMIT 1   [ RunTime:0.0020s ]
SQL: SELECT COUNT(*) AS tp_count FROM `ym_activity_user_ticket` WHERE `ticket_guid` = '10182994AF6AC4E9126BB7832F5460BF' AND `status` = 2 AND `is_del` = 0 LIMIT 1   [ RunTime:0.0020s ]
SQL: SHOW COLUMNS FROM `ym_activity_signup_userinfo` [ RunTime:0.0030s ]
SQL: SELECT COUNT(*) AS tp_count FROM `ym_activity_signup_userinfo` WHERE `signup_guid` = '4983C3213C2DA26C19A1A1C80DDEAEE0' AND `user_guid` = 'outside_user_8D7C01547481AB3E12CCDE2A36B711C9' LIMIT 1   [ RunTime:0.0020s ]
SQL: SHOW COLUMNS FROM `ym_activity_attr_undertaker` [ RunTime:0.0030s ]
SQL: SELECT * FROM `ym_activity_attr_undertaker` WHERE `activity_guid` = '79B3BF3764940EFD3FCA34677C84A1AA' AND `is_del` = 0 ORDER BY id asc  [ RunTime:0.0020s ]
SQL: SHOW COLUMNS FROM `ym_activity_attr_flow` [ RunTime:0.0020s ]
SQL: SELECT * FROM `ym_activity_attr_flow` WHERE `activity_guid` = '79B3BF3764940EFD3FCA34677C84A1AA' AND `is_del` = 0 ORDER BY id asc  [ RunTime:0.0030s ]
SQL: SELECT * FROM `ym_activity_signup_userinfo` WHERE ( activity_guid='79B3BF3764940EFD3FCA34677C84A1AA' and is_del=0 ) ORDER BY updated_at DESC LIMIT 0,10   [ RunTime:0.0030s ]
SQL: SELECT COUNT(*) AS tp_count FROM `ym_activity_signup_userinfo` WHERE ( activity_guid='79B3BF3764940EFD3FCA34677C84A1AA' and is_del=0 ) LIMIT 1   [ RunTime:0.0020s ]
SQL: SELECT COUNT(*) AS tp_count FROM `ym_activity_signup_userinfo` WHERE ( activity_guid='79B3BF3764940EFD3FCA34677C84A1AA' and is_del=0 ) LIMIT 1   [ RunTime:0.0010s ]

[ 2015-04-01T10:22:57+08:00 ] 127.0.0.1 /mobile/activity/qrcode/aid/79B3BF3764940EFD3FCA34677C84A1AA/token/A221602279B8E52AA51D904103E1E24D
INFO: [ app_init ] --START--
INFO: Run Behavior\BuildLiteBehavior [ RunTime:0.000000s ]
INFO: [ app_init ] --END-- [ RunTime:0.005001s ]
SQL: SHOW COLUMNS FROM `ym_activity` [ RunTime:0.0030s ]
SQL: SELECT `org_guid` FROM `ym_activity` WHERE `guid` = '79B3BF3764940EFD3FCA34677C84A1AA' LIMIT 1   [ RunTime:0.0020s ]

[ 2015-04-01T10:22:57+08:00 ] 127.0.0.1 /mobile/activity/preview/aid/79B3BF3764940EFD3FCA34677C84A1AA/token/A221602279B8E52AA51D904103E1E24D
INFO: [ app_init ] --START--
INFO: Run Behavior\BuildLiteBehavior [ RunTime:0.000000s ]
INFO: [ app_init ] --END-- [ RunTime:0.003001s ]
SQL: SHOW COLUMNS FROM `ym_activity` [ RunTime:0.0030s ]
SQL: SELECT * FROM `ym_activity` WHERE ( guid = "79B3BF3764940EFD3FCA34677C84A1AA" ) LIMIT 1   [ RunTime:0.0020s ]
SQL: SHOW COLUMNS FROM `ym_activity_subject` [ RunTime:0.0040s ]
SQL: SELECT * FROM `ym_activity_subject` WHERE ( guid = "95CEC0849FC0CF2F3CAF2C124DCF7455" ) LIMIT 1   [ RunTime:0.0040s ]
SQL: SHOW COLUMNS FROM `ym_org` [ RunTime:0.0040s ]
SQL: SELECT `guid`,`name` FROM `ym_org` WHERE ( guid = "A221602279B8E52AA51D904103E1E24D" ) LIMIT 1   [ RunTime:0.0020s ]
SQL: SHOW COLUMNS FROM `ym_statistic_view` [ RunTime:0.0030s ]
SQL: SELECT COUNT(*) AS tp_count FROM `ym_statistic_view` WHERE `obj_guid` = '79B3BF3764940EFD3FCA34677C84A1AA' AND `obj_type` = 1 LIMIT 1   [ RunTime:0.0020s ]
SQL: SHOW COLUMNS FROM `ym_statistic_like` [ RunTime:0.0030s ]
SQL: SELECT COUNT(*) AS tp_count FROM `ym_statistic_like` WHERE `obj_guid` = '79B3BF3764940EFD3FCA34677C84A1AA' AND `obj_type` = 1 AND `is_like` = 1 LIMIT 1   [ RunTime:0.0020s ]
SQL: SELECT COUNT(*) AS tp_count FROM `ym_statistic_like` WHERE `obj_guid` = '79B3BF3764940EFD3FCA34677C84A1AA' AND `obj_type` = 1 AND `is_like` = 1 AND `user_guid` = 'outside_user_B696982D2B16715869FEDD727B083CA5' LIMIT 1   [ RunTime:0.0010s ]
SQL: SHOW COLUMNS FROM `ym_activity_signup` [ RunTime:0.0030s ]
SQL: SELECT * FROM `ym_activity_signup` WHERE `activity_guid` = '79B3BF3764940EFD3FCA34677C84A1AA' LIMIT 1   [ RunTime:0.0040s ]
SQL: SHOW COLUMNS FROM `ym_activity_signup_form_build` [ RunTime:0.0020s ]
SQL: SELECT * FROM `ym_activity_signup_form_build` WHERE `signup_guid` = '4983C3213C2DA26C19A1A1C80DDEAEE0' AND `is_del` = 0  [ RunTime:0.0030s ]
SQL: SHOW COLUMNS FROM `ym_activity_signup_userinfo` [ RunTime:0.0030s ]
SQL: SELECT COUNT(*) AS tp_count FROM `ym_activity_signup_userinfo` WHERE `activity_guid` = '79B3BF3764940EFD3FCA34677C84A1AA' AND `is_del` = 0 LIMIT 1   [ RunTime:0.0020s ]
SQL: SHOW COLUMNS FROM `ym_activity_attr_ticket` [ RunTime:0.0030s ]
SQL: SELECT SUM(num) as total FROM `ym_activity_attr_ticket` WHERE `activity_guid` = '79B3BF3764940EFD3FCA34677C84A1AA' AND `is_del` = 0 AND `is_for_sale` = 1 LIMIT 1   [ RunTime:0.0020s ]
SQL: SELECT COUNT(*) AS tp_count FROM `ym_activity_signup_userinfo` WHERE `activity_guid` = '79B3BF3764940EFD3FCA34677C84A1AA' AND `is_del` = 0 LIMIT 1   [ RunTime:0.0020s ]
SQL: SELECT `guid`,`num`,`name` FROM `ym_activity_attr_ticket` WHERE `activity_guid` = '79B3BF3764940EFD3FCA34677C84A1AA' AND `is_del` = 0 AND `is_for_sale` = 1  [ RunTime:0.0020s ]
SQL: SHOW COLUMNS FROM `ym_activity_user_ticket` [ RunTime:0.0030s ]
SQL: SELECT COUNT(*) AS tp_count FROM `ym_activity_user_ticket` WHERE `ticket_guid` = '669919B481FAFC1AC2B71560103000AA' AND `status` = 2 AND `is_del` = 0 LIMIT 1   [ RunTime:0.0020s ]
SQL: SELECT COUNT(*) AS tp_count FROM `ym_activity_user_ticket` WHERE `ticket_guid` = '22187E86A20C103299DC87DA144C8552' AND `status` = 2 AND `is_del` = 0 LIMIT 1   [ RunTime:0.0020s ]
SQL: SELECT COUNT(*) AS tp_count FROM `ym_activity_user_ticket` WHERE `ticket_guid` = '10182994AF6AC4E9126BB7832F5460BF' AND `status` = 2 AND `is_del` = 0 LIMIT 1   [ RunTime:0.0020s ]
SQL: SHOW COLUMNS FROM `ym_activity_signup_userinfo` [ RunTime:0.0030s ]
SQL: SELECT COUNT(*) AS tp_count FROM `ym_activity_signup_userinfo` WHERE `signup_guid` = '4983C3213C2DA26C19A1A1C80DDEAEE0' AND `user_guid` = 'outside_user_B696982D2B16715869FEDD727B083CA5' LIMIT 1   [ RunTime:0.0030s ]
SQL: SHOW COLUMNS FROM `ym_activity_attr_undertaker` [ RunTime:0.0020s ]
SQL: SELECT * FROM `ym_activity_attr_undertaker` WHERE `activity_guid` = '79B3BF3764940EFD3FCA34677C84A1AA' AND `is_del` = 0 ORDER BY id asc  [ RunTime:0.0030s ]
SQL: SHOW COLUMNS FROM `ym_activity_attr_flow` [ RunTime:0.0030s ]
SQL: SELECT * FROM `ym_activity_attr_flow` WHERE `activity_guid` = '79B3BF3764940EFD3FCA34677C84A1AA' AND `is_del` = 0 ORDER BY id asc  [ RunTime:0.0030s ]
SQL: SELECT * FROM `ym_activity_signup_userinfo` WHERE ( activity_guid='79B3BF3764940EFD3FCA34677C84A1AA' and is_del=0 ) ORDER BY updated_at DESC LIMIT 0,10   [ RunTime:0.0020s ]
SQL: SELECT COUNT(*) AS tp_count FROM `ym_activity_signup_userinfo` WHERE ( activity_guid='79B3BF3764940EFD3FCA34677C84A1AA' and is_del=0 ) LIMIT 1   [ RunTime:0.0020s ]
SQL: SELECT COUNT(*) AS tp_count FROM `ym_activity_signup_userinfo` WHERE ( activity_guid='79B3BF3764940EFD3FCA34677C84A1AA' and is_del=0 ) LIMIT 1   [ RunTime:0.0020s ]

[ 2015-04-01T10:23:27+08:00 ] 127.0.0.1 /mobile/activity/qrcode/aid/79B3BF3764940EFD3FCA34677C84A1AA/token/A221602279B8E52AA51D904103E1E24D
INFO: [ app_init ] --START--
INFO: Run Behavior\BuildLiteBehavior [ RunTime:0.000000s ]
INFO: [ app_init ] --END-- [ RunTime:0.005001s ]
SQL: SHOW COLUMNS FROM `ym_activity` [ RunTime:0.0030s ]
SQL: SELECT `org_guid` FROM `ym_activity` WHERE `guid` = '79B3BF3764940EFD3FCA34677C84A1AA' LIMIT 1   [ RunTime:0.0020s ]

[ 2015-04-01T10:23:27+08:00 ] 127.0.0.1 /mobile/activity/preview/aid/79B3BF3764940EFD3FCA34677C84A1AA/token/A221602279B8E52AA51D904103E1E24D
INFO: [ app_init ] --START--
INFO: Run Behavior\BuildLiteBehavior [ RunTime:0.001000s ]
INFO: [ app_init ] --END-- [ RunTime:0.003000s ]
SQL: SHOW COLUMNS FROM `ym_activity` [ RunTime:0.0030s ]
SQL: SELECT * FROM `ym_activity` WHERE ( guid = "79B3BF3764940EFD3FCA34677C84A1AA" ) LIMIT 1   [ RunTime:0.0030s ]
SQL: SHOW COLUMNS FROM `ym_activity_subject` [ RunTime:0.0030s ]
SQL: SELECT * FROM `ym_activity_subject` WHERE ( guid = "95CEC0849FC0CF2F3CAF2C124DCF7455" ) LIMIT 1   [ RunTime:0.0020s ]
SQL: SHOW COLUMNS FROM `ym_org` [ RunTime:0.0040s ]
SQL: SELECT `guid`,`name` FROM `ym_org` WHERE ( guid = "A221602279B8E52AA51D904103E1E24D" ) LIMIT 1   [ RunTime:0.0020s ]
SQL: SHOW COLUMNS FROM `ym_statistic_view` [ RunTime:0.0020s ]
SQL: SELECT COUNT(*) AS tp_count FROM `ym_statistic_view` WHERE `obj_guid` = '79B3BF3764940EFD3FCA34677C84A1AA' AND `obj_type` = 1 LIMIT 1   [ RunTime:0.0020s ]
SQL: SHOW COLUMNS FROM `ym_statistic_like` [ RunTime:0.0020s ]
SQL: SELECT COUNT(*) AS tp_count FROM `ym_statistic_like` WHERE `obj_guid` = '79B3BF3764940EFD3FCA34677C84A1AA' AND `obj_type` = 1 AND `is_like` = 1 LIMIT 1   [ RunTime:0.0030s ]
SQL: SELECT COUNT(*) AS tp_count FROM `ym_statistic_like` WHERE `obj_guid` = '79B3BF3764940EFD3FCA34677C84A1AA' AND `obj_type` = 1 AND `is_like` = 1 AND `user_guid` = 'outside_user_3C9B6A629F59F2809D1C23EFBC1EC23B' LIMIT 1   [ RunTime:0.0050s ]
SQL: SHOW COLUMNS FROM `ym_activity_signup` [ RunTime:0.0070s ]
SQL: SELECT * FROM `ym_activity_signup` WHERE `activity_guid` = '79B3BF3764940EFD3FCA34677C84A1AA' LIMIT 1   [ RunTime:0.0040s ]
SQL: SHOW COLUMNS FROM `ym_activity_signup_form_build` [ RunTime:0.0030s ]
SQL: SELECT * FROM `ym_activity_signup_form_build` WHERE `signup_guid` = '4983C3213C2DA26C19A1A1C80DDEAEE0' AND `is_del` = 0  [ RunTime:0.0030s ]
SQL: SHOW COLUMNS FROM `ym_activity_signup_userinfo` [ RunTime:0.0020s ]
SQL: SELECT COUNT(*) AS tp_count FROM `ym_activity_signup_userinfo` WHERE `activity_guid` = '79B3BF3764940EFD3FCA34677C84A1AA' AND `is_del` = 0 LIMIT 1   [ RunTime:0.0020s ]
SQL: SHOW COLUMNS FROM `ym_activity_attr_ticket` [ RunTime:0.0030s ]
SQL: SELECT SUM(num) as total FROM `ym_activity_attr_ticket` WHERE `activity_guid` = '79B3BF3764940EFD3FCA34677C84A1AA' AND `is_del` = 0 AND `is_for_sale` = 1 LIMIT 1   [ RunTime:0.0020s ]
SQL: SELECT COUNT(*) AS tp_count FROM `ym_activity_signup_userinfo` WHERE `activity_guid` = '79B3BF3764940EFD3FCA34677C84A1AA' AND `is_del` = 0 LIMIT 1   [ RunTime:0.0010s ]
SQL: SELECT `guid`,`num`,`name` FROM `ym_activity_attr_ticket` WHERE `activity_guid` = '79B3BF3764940EFD3FCA34677C84A1AA' AND `is_del` = 0 AND `is_for_sale` = 1  [ RunTime:0.0020s ]
SQL: SHOW COLUMNS FROM `ym_activity_user_ticket` [ RunTime:0.0020s ]
SQL: SELECT COUNT(*) AS tp_count FROM `ym_activity_user_ticket` WHERE `ticket_guid` = '669919B481FAFC1AC2B71560103000AA' AND `status` = 2 AND `is_del` = 0 LIMIT 1   [ RunTime:0.0010s ]
SQL: SELECT COUNT(*) AS tp_count FROM `ym_activity_user_ticket` WHERE `ticket_guid` = '22187E86A20C103299DC87DA144C8552' AND `status` = 2 AND `is_del` = 0 LIMIT 1   [ RunTime:0.0020s ]
SQL: SELECT COUNT(*) AS tp_count FROM `ym_activity_user_ticket` WHERE `ticket_guid` = '10182994AF6AC4E9126BB7832F5460BF' AND `status` = 2 AND `is_del` = 0 LIMIT 1   [ RunTime:0.0020s ]
SQL: SHOW COLUMNS FROM `ym_activity_signup_userinfo` [ RunTime:0.0030s ]
SQL: SELECT COUNT(*) AS tp_count FROM `ym_activity_signup_userinfo` WHERE `signup_guid` = '4983C3213C2DA26C19A1A1C80DDEAEE0' AND `user_guid` = 'outside_user_3C9B6A629F59F2809D1C23EFBC1EC23B' LIMIT 1   [ RunTime:0.0030s ]
SQL: SHOW COLUMNS FROM `ym_activity_attr_undertaker` [ RunTime:0.0030s ]
SQL: SELECT * FROM `ym_activity_attr_undertaker` WHERE `activity_guid` = '79B3BF3764940EFD3FCA34677C84A1AA' AND `is_del` = 0 ORDER BY id asc  [ RunTime:0.0030s ]
SQL: SHOW COLUMNS FROM `ym_activity_attr_flow` [ RunTime:0.0030s ]
SQL: SELECT * FROM `ym_activity_attr_flow` WHERE `activity_guid` = '79B3BF3764940EFD3FCA34677C84A1AA' AND `is_del` = 0 ORDER BY id asc  [ RunTime:0.0040s ]
SQL: SELECT * FROM `ym_activity_signup_userinfo` WHERE ( activity_guid='79B3BF3764940EFD3FCA34677C84A1AA' and is_del=0 ) ORDER BY updated_at DESC LIMIT 0,10   [ RunTime:0.0050s ]
SQL: SELECT COUNT(*) AS tp_count FROM `ym_activity_signup_userinfo` WHERE ( activity_guid='79B3BF3764940EFD3FCA34677C84A1AA' and is_del=0 ) LIMIT 1   [ RunTime:0.0010s ]
SQL: SELECT COUNT(*) AS tp_count FROM `ym_activity_signup_userinfo` WHERE ( activity_guid='79B3BF3764940EFD3FCA34677C84A1AA' and is_del=0 ) LIMIT 1   [ RunTime:0.0200s ]

[ 2015-04-01T11:17:28+08:00 ] 127.0.0.1 /mobile/activity/ticket/aid/79B3BF3764940EFD3FCA34677C84A1AA/iid/A5CDC9FE995BBEC333CF3C4EAEEE54B6
INFO: [ app_init ] --START--
INFO: Run Behavior\BuildLiteBehavior [ RunTime:0.000000s ]
INFO: [ app_init ] --END-- [ RunTime:0.002000s ]
SQL: SHOW COLUMNS FROM `ym_activity` [ RunTime:0.0020s ]
SQL: SELECT * FROM `ym_activity` WHERE `guid` = '79B3BF3764940EFD3FCA34677C84A1AA' LIMIT 1   [ RunTime:0.0020s ]
SQL: SHOW COLUMNS FROM `ym_org` [ RunTime:0.0030s ]
SQL: SELECT `name` FROM `ym_org` WHERE `guid` = 'A221602279B8E52AA51D904103E1E24D' LIMIT 1   [ RunTime:0.0020s ]
SQL: SHOW COLUMNS FROM `ym_activity_signup` [ RunTime:0.0020s ]
SQL: SELECT * FROM `ym_activity_signup` WHERE `activity_guid` = '79B3BF3764940EFD3FCA34677C84A1AA' LIMIT 1   [ RunTime:0.0030s ]
SQL: SHOW COLUMNS FROM `ym_activity_signup_userinfo` [ RunTime:0.0020s ]
SQL: SELECT * FROM `ym_activity_signup_userinfo` WHERE `guid` = 'A5CDC9FE995BBEC333CF3C4EAEEE54B6' LIMIT 1   [ RunTime:0.0030s ]
SQL: SHOW COLUMNS FROM `ym_activity_user_ticket` [ RunTime:0.0030s ]
SQL: SELECT * FROM `ym_activity_user_ticket` WHERE `user_guid` = 'add_by_org_D20550979D0C0B030137D503FED90AEA' AND `activity_guid` = '79B3BF3764940EFD3FCA34677C84A1AA' LIMIT 1   [ RunTime:0.0020s ]
SQL: UPDATE `ym_activity_user_ticket` SET `status`='3',`updated_at`='1427858248' WHERE `user_guid` = 'add_by_org_D20550979D0C0B030137D503FED90AEA' AND `activity_guid` = '79B3BF3764940EFD3FCA34677C84A1AA' [ RunTime:0.0010s ]

[ 2015-04-01T11:17:31+08:00 ] 127.0.0.1 /mobile/activity/signin_qrcode/tid/C3FA804E0AC715F497FB1C8B44A1654F
INFO: [ app_init ] --START--
INFO: Run Behavior\BuildLiteBehavior [ RunTime:0.000000s ]
INFO: [ app_init ] --END-- [ RunTime:0.002000s ]
SQL: SHOW COLUMNS FROM `ym_activity_user_ticket` [ RunTime:0.0030s ]
SQL: SELECT `activity_guid`,`user_guid`,`mobile`,`ticket_code`,`ticket_name` FROM `ym_activity_user_ticket` WHERE `guid` = 'C3FA804E0AC715F497FB1C8B44A1654F' LIMIT 1   [ RunTime:0.0020s ]

