[ 2015-03-31T10:02:51+08:00 ] 127.0.0.1 /mobile/activity/preview/aid/79B3BF3764940EFD3FCA34677C84A1AA/token/A221602279B8E52AA51D904103E1E24D
INFO: [ app_init ] --START--
INFO: Run Behavior\BuildLiteBehavior [ RunTime:0.000000s ]
INFO: [ app_init ] --END-- [ RunTime:0.002000s ]
SQL: SHOW COLUMNS FROM `ym_activity` [ RunTime:0.0040s ]
SQL: SELECT * FROM `ym_activity` WHERE ( guid = "79B3BF3764940EFD3FCA34677C84A1AA" ) LIMIT 1   [ RunTime:0.0060s ]
SQL: SHOW COLUMNS FROM `ym_activity_subject` [ RunTime:0.0080s ]
SQL: SELECT * FROM `ym_activity_subject` WHERE ( guid = "95CEC0849FC0CF2F3CAF2C124DCF7455" ) LIMIT 1   [ RunTime:0.0100s ]
SQL: SHOW COLUMNS FROM `ym_org` [ RunTime:0.0060s ]
SQL: SELECT `guid`,`name` FROM `ym_org` WHERE ( guid = "A221602279B8E52AA51D904103E1E24D" ) LIMIT 1   [ RunTime:0.0840s ]
SQL: SHOW COLUMNS FROM `ym_statistic_view` [ RunTime:0.0030s ]
SQL: SELECT COUNT(*) AS tp_count FROM `ym_statistic_view` WHERE `obj_guid` = '79B3BF3764940EFD3FCA34677C84A1AA' AND `obj_type` = 1 LIMIT 1   [ RunTime:0.0060s ]
SQL: SHOW COLUMNS FROM `ym_statistic_like` [ RunTime:0.0050s ]
SQL: SELECT COUNT(*) AS tp_count FROM `ym_statistic_like` WHERE `obj_guid` = '79B3BF3764940EFD3FCA34677C84A1AA' AND `obj_type` = 1 AND `is_like` = 1 LIMIT 1   [ RunTime:0.0020s ]
SQL: SELECT COUNT(*) AS tp_count FROM `ym_statistic_like` WHERE `obj_guid` = '79B3BF3764940EFD3FCA34677C84A1AA' AND `obj_type` = 1 AND `is_like` = 1 AND `user_guid` = 'outside_user_22EC9F0F7BA2FEAA6C7D08E334A87661' LIMIT 1   [ RunTime:0.0030s ]
SQL: SHOW COLUMNS FROM `ym_activity_signup` [ RunTime:0.0080s ]
SQL: SELECT * FROM `ym_activity_signup` WHERE `activity_guid` = '79B3BF3764940EFD3FCA34677C84A1AA' LIMIT 1   [ RunTime:0.0130s ]
SQL: SHOW COLUMNS FROM `ym_activity_signup_form_build` [ RunTime:0.0030s ]
SQL: SELECT * FROM `ym_activity_signup_form_build` WHERE `signup_guid` = '4983C3213C2DA26C19A1A1C80DDEAEE0' AND `is_del` = 0  [ RunTime:0.0060s ]
SQL: SHOW COLUMNS FROM `ym_activity_signup_userinfo` [ RunTime:0.0060s ]
SQL: SELECT COUNT(*) AS tp_count FROM `ym_activity_signup_userinfo` WHERE `activity_guid` = '79B3BF3764940EFD3FCA34677C84A1AA' AND `is_del` = 0 LIMIT 1   [ RunTime:0.0030s ]
SQL: SHOW COLUMNS FROM `ym_activity_attr_ticket` [ RunTime:0.2360s ]
SQL: SELECT SUM(num) as total FROM `ym_activity_attr_ticket` WHERE `activity_guid` = '79B3BF3764940EFD3FCA34677C84A1AA' AND `is_del` = 0 AND `is_for_sale` = 1 LIMIT 1   [ RunTime:0.0040s ]
SQL: SELECT COUNT(*) AS tp_count FROM `ym_activity_signup_userinfo` WHERE `activity_guid` = '79B3BF3764940EFD3FCA34677C84A1AA' AND `is_del` = 0 LIMIT 1   [ RunTime:0.0060s ]
SQL: SELECT `guid`,`num`,`name` FROM `ym_activity_attr_ticket` WHERE `activity_guid` = '79B3BF3764940EFD3FCA34677C84A1AA' AND `is_del` = 0 AND `is_for_sale` = 1  [ RunTime:0.0030s ]
SQL: SHOW COLUMNS FROM `ym_activity_user_ticket` [ RunTime:0.0070s ]
SQL: SELECT COUNT(*) AS tp_count FROM `ym_activity_user_ticket` WHERE `ticket_guid` = '669919B481FAFC1AC2B71560103000AA' AND `status` = 2 AND `is_del` = 0 LIMIT 1   [ RunTime:0.0040s ]
SQL: SELECT COUNT(*) AS tp_count FROM `ym_activity_user_ticket` WHERE `ticket_guid` = '22187E86A20C103299DC87DA144C8552' AND `status` = 2 AND `is_del` = 0 LIMIT 1   [ RunTime:0.0050s ]
SQL: SELECT COUNT(*) AS tp_count FROM `ym_activity_user_ticket` WHERE `ticket_guid` = '10182994AF6AC4E9126BB7832F5460BF' AND `status` = 2 AND `is_del` = 0 LIMIT 1   [ RunTime:0.0090s ]
SQL: SHOW COLUMNS FROM `ym_activity_signup_userinfo` [ RunTime:0.0030s ]
SQL: SELECT COUNT(*) AS tp_count FROM `ym_activity_signup_userinfo` WHERE `signup_guid` = '4983C3213C2DA26C19A1A1C80DDEAEE0' AND `user_guid` = 'outside_user_22EC9F0F7BA2FEAA6C7D08E334A87661' LIMIT 1   [ RunTime:0.0020s ]
SQL: SHOW COLUMNS FROM `ym_activity_attr_undertaker` [ RunTime:0.0070s ]
SQL: SELECT * FROM `ym_activity_attr_undertaker` WHERE `activity_guid` = '79B3BF3764940EFD3FCA34677C84A1AA' AND `is_del` = 0 ORDER BY id asc  [ RunTime:0.0030s ]
SQL: SHOW COLUMNS FROM `ym_activity_attr_flow` [ RunTime:0.0030s ]
SQL: SELECT * FROM `ym_activity_attr_flow` WHERE `activity_guid` = '79B3BF3764940EFD3FCA34677C84A1AA' AND `is_del` = 0 ORDER BY id asc  [ RunTime:0.0090s ]
SQL: SELECT * FROM `ym_activity_signup_userinfo` WHERE ( activity_guid='79B3BF3764940EFD3FCA34677C84A1AA' and is_del=0 ) ORDER BY updated_at DESC LIMIT 0,10   [ RunTime:0.0060s ]
SQL: SELECT COUNT(*) AS tp_count FROM `ym_activity_signup_userinfo` WHERE ( activity_guid='79B3BF3764940EFD3FCA34677C84A1AA' and is_del=0 ) LIMIT 1   [ RunTime:0.0060s ]
SQL: SELECT COUNT(*) AS tp_count FROM `ym_activity_signup_userinfo` WHERE ( activity_guid='79B3BF3764940EFD3FCA34677C84A1AA' and is_del=0 ) LIMIT 1   [ RunTime:0.0060s ]

[ 2015-03-31T10:02:51+08:00 ] 127.0.0.1 /mobile/activity/qrcode/aid/79B3BF3764940EFD3FCA34677C84A1AA/token/A221602279B8E52AA51D904103E1E24D
INFO: [ app_init ] --START--
INFO: Run Behavior\BuildLiteBehavior [ RunTime:0.000000s ]
INFO: [ app_init ] --END-- [ RunTime:0.002000s ]
SQL: SHOW COLUMNS FROM `ym_activity` [ RunTime:0.0050s ]
SQL: SELECT `org_guid` FROM `ym_activity` WHERE `guid` = '79B3BF3764940EFD3FCA34677C84A1AA' LIMIT 1   [ RunTime:0.0050s ]

