[ 2015-04-06T14:37:13+08:00 ] 127.0.0.1 /mobile/activity/preview/aid/AD623FF7605D6B4CFC384A6D7E68974C/token/A221602279B8E52AA51D904103E1E24D
INFO: [ app_init ] --START--
INFO: Run Behavior\BuildLiteBehavior [ RunTime:0.000000s ]
INFO: [ app_init ] --END-- [ RunTime:0.004000s ]
SQL: SHOW COLUMNS FROM `ym_activity` [ RunTime:0.0070s ]
SQL: SELECT * FROM `ym_activity` WHERE ( guid = "AD623FF7605D6B4CFC384A6D7E68974C" ) LIMIT 1   [ RunTime:0.0000s ]
SQL: SHOW COLUMNS FROM `ym_activity_subject` [ RunTime:0.0060s ]
SQL: SELECT * FROM `ym_activity_subject` WHERE ( guid = "5757146541D4F289A768A6E32EEFA5DE" ) LIMIT 1   [ RunTime:0.0020s ]
SQL: SHOW COLUMNS FROM `ym_org` [ RunTime:0.0080s ]
SQL: SELECT `guid`,`name` FROM `ym_org` WHERE ( guid = "A221602279B8E52AA51D904103E1E24D" ) LIMIT 1   [ RunTime:0.0000s ]
SQL: SHOW COLUMNS FROM `ym_statistic_view` [ RunTime:0.0100s ]
SQL: SELECT COUNT(*) AS tp_count FROM `ym_statistic_view` WHERE `obj_guid` = 'AD623FF7605D6B4CFC384A6D7E68974C' AND `obj_type` = 1 LIMIT 1   [ RunTime:0.0050s ]
SQL: SHOW COLUMNS FROM `ym_statistic_like` [ RunTime:0.0130s ]
SQL: SELECT COUNT(*) AS tp_count FROM `ym_statistic_like` WHERE `obj_guid` = 'AD623FF7605D6B4CFC384A6D7E68974C' AND `obj_type` = 1 AND `is_like` = 1 LIMIT 1   [ RunTime:0.0020s ]
SQL: SELECT COUNT(*) AS tp_count FROM `ym_statistic_like` WHERE `obj_guid` = 'AD623FF7605D6B4CFC384A6D7E68974C' AND `obj_type` = 1 AND `is_like` = 1 AND `user_guid` = 'outside_user_9AF22E6F15FAADC9076009DB6DC57C27' LIMIT 1   [ RunTime:0.0020s ]
SQL: SHOW COLUMNS FROM `ym_activity_signup` [ RunTime:0.0080s ]
SQL: SELECT * FROM `ym_activity_signup` WHERE `activity_guid` = 'AD623FF7605D6B4CFC384A6D7E68974C' LIMIT 1   [ RunTime:0.0020s ]
SQL: SHOW COLUMNS FROM `ym_activity_signup_form_build` [ RunTime:0.0060s ]
SQL: SELECT * FROM `ym_activity_signup_form_build` WHERE `signup_guid` = 'D7C7B9A5E0CCC25C7A7766BB63A409F6' AND `is_del` = 0  [ RunTime:0.0000s ]
SQL: SHOW COLUMNS FROM `ym_activity_signup_userinfo` [ RunTime:0.0060s ]
SQL: SELECT COUNT(*) AS tp_count FROM `ym_activity_signup_userinfo` WHERE `activity_guid` = 'AD623FF7605D6B4CFC384A6D7E68974C' AND `is_del` = 0 LIMIT 1   [ RunTime:0.0010s ]
SQL: SHOW COLUMNS FROM `ym_activity_attr_ticket` [ RunTime:0.0080s ]
SQL: SELECT SUM(num) as total FROM `ym_activity_attr_ticket` WHERE `activity_guid` = 'AD623FF7605D6B4CFC384A6D7E68974C' AND `is_del` = 0 AND `is_for_sale` = 1 LIMIT 1   [ RunTime:0.0010s ]
SQL: SELECT COUNT(*) AS tp_count FROM `ym_activity_signup_userinfo` WHERE `activity_guid` = 'AD623FF7605D6B4CFC384A6D7E68974C' AND `is_del` = 0 LIMIT 1   [ RunTime:0.0020s ]
SQL: SHOW COLUMNS FROM `ym_activity_signup_userinfo` [ RunTime:0.0030s ]
SQL: SELECT COUNT(*) AS tp_count FROM `ym_activity_signup_userinfo` WHERE `signup_guid` = 'D7C7B9A5E0CCC25C7A7766BB63A409F6' AND `user_guid` = 'outside_user_9AF22E6F15FAADC9076009DB6DC57C27' LIMIT 1   [ RunTime:0.0010s ]
SQL: SHOW COLUMNS FROM `ym_activity_attr_undertaker` [ RunTime:0.0040s ]
SQL: SELECT * FROM `ym_activity_attr_undertaker` WHERE `activity_guid` = 'AD623FF7605D6B4CFC384A6D7E68974C' AND `is_del` = 0 ORDER BY id asc  [ RunTime:0.0000s ]
SQL: SHOW COLUMNS FROM `ym_activity_attr_flow` [ RunTime:0.0070s ]
SQL: SELECT * FROM `ym_activity_attr_flow` WHERE `activity_guid` = 'AD623FF7605D6B4CFC384A6D7E68974C' AND `is_del` = 0 ORDER BY id asc  [ RunTime:0.0010s ]
SQL: SELECT * FROM `ym_activity_signup_userinfo` WHERE ( activity_guid='AD623FF7605D6B4CFC384A6D7E68974C' and is_del=0 ) ORDER BY updated_at DESC LIMIT 0,10   [ RunTime:0.0020s ]
SQL: SELECT COUNT(*) AS tp_count FROM `ym_activity_signup_userinfo` WHERE ( activity_guid='AD623FF7605D6B4CFC384A6D7E68974C' and is_del=0 ) LIMIT 1   [ RunTime:0.0020s ]
SQL: SELECT COUNT(*) AS tp_count FROM `ym_activity_signup_userinfo` WHERE ( activity_guid='AD623FF7605D6B4CFC384A6D7E68974C' and is_del=0 ) LIMIT 1   [ RunTime:0.0010s ]

[ 2015-04-06T14:37:13+08:00 ] 127.0.0.1 /mobile/activity/qrcode/aid/AD623FF7605D6B4CFC384A6D7E68974C/token/A221602279B8E52AA51D904103E1E24D
INFO: [ app_init ] --START--
INFO: Run Behavior\BuildLiteBehavior [ RunTime:0.000000s ]
INFO: [ app_init ] --END-- [ RunTime:0.003000s ]
SQL: SHOW COLUMNS FROM `ym_activity` [ RunTime:0.0060s ]
SQL: SELECT `org_guid` FROM `ym_activity` WHERE `guid` = 'AD623FF7605D6B4CFC384A6D7E68974C' LIMIT 1   [ RunTime:0.0000s ]

