[ 2015-04-03T09:54:51+08:00 ] 127.0.0.1 /mobile/activity/preview/aid/AD623FF7605D6B4CFC384A6D7E68974C/token/A221602279B8E52AA51D904103E1E24D
INFO: [ app_init ] --START--
INFO: Run Behavior\BuildLiteBehavior [ RunTime:0.001000s ]
INFO: [ app_init ] --END-- [ RunTime:0.003000s ]
SQL: SHOW COLUMNS FROM `ym_activity` [ RunTime:0.0040s ]
SQL: SELECT * FROM `ym_activity` WHERE ( guid = "AD623FF7605D6B4CFC384A6D7E68974C" ) LIMIT 1   [ RunTime:0.0010s ]
SQL: SHOW COLUMNS FROM `ym_activity_subject` [ RunTime:0.0040s ]
SQL: SELECT * FROM `ym_activity_subject` WHERE ( guid = "5757146541D4F289A768A6E32EEFA5DE" ) LIMIT 1   [ RunTime:0.0010s ]
SQL: SHOW COLUMNS FROM `ym_org` [ RunTime:0.0030s ]
SQL: SELECT `guid`,`name` FROM `ym_org` WHERE ( guid = "A221602279B8E52AA51D904103E1E24D" ) LIMIT 1   [ RunTime:0.0010s ]
SQL: SHOW COLUMNS FROM `ym_statistic_view` [ RunTime:0.0030s ]
SQL: SELECT COUNT(*) AS tp_count FROM `ym_statistic_view` WHERE `obj_guid` = 'AD623FF7605D6B4CFC384A6D7E68974C' AND `obj_type` = 1 LIMIT 1   [ RunTime:0.0010s ]
SQL: SHOW COLUMNS FROM `ym_statistic_like` [ RunTime:0.0050s ]
SQL: SELECT COUNT(*) AS tp_count FROM `ym_statistic_like` WHERE `obj_guid` = 'AD623FF7605D6B4CFC384A6D7E68974C' AND `obj_type` = 1 AND `is_like` = 1 LIMIT 1   [ RunTime:0.0010s ]
SQL: SELECT COUNT(*) AS tp_count FROM `ym_statistic_like` WHERE `obj_guid` = 'AD623FF7605D6B4CFC384A6D7E68974C' AND `obj_type` = 1 AND `is_like` = 1 AND `user_guid` = 'outside_user_80551A4C679A1DCCA4B7AFBF7651C1B5' LIMIT 1   [ RunTime:0.0010s ]
SQL: SHOW COLUMNS FROM `ym_activity_signup` [ RunTime:0.0030s ]
SQL: SELECT * FROM `ym_activity_signup` WHERE `activity_guid` = 'AD623FF7605D6B4CFC384A6D7E68974C' LIMIT 1   [ RunTime:0.0000s ]
SQL: SHOW COLUMNS FROM `ym_activity_signup_form_build` [ RunTime:0.0030s ]
SQL: SELECT * FROM `ym_activity_signup_form_build` WHERE `signup_guid` = 'D7C7B9A5E0CCC25C7A7766BB63A409F6' AND `is_del` = 0  [ RunTime:0.0010s ]
SQL: SHOW COLUMNS FROM `ym_activity_signup_userinfo` [ RunTime:0.0030s ]
SQL: SELECT COUNT(*) AS tp_count FROM `ym_activity_signup_userinfo` WHERE `activity_guid` = 'AD623FF7605D6B4CFC384A6D7E68974C' AND `is_del` = 0 LIMIT 1   [ RunTime:0.0010s ]
SQL: SHOW COLUMNS FROM `ym_activity_attr_ticket` [ RunTime:0.0030s ]
SQL: SELECT SUM(num) as total FROM `ym_activity_attr_ticket` WHERE `activity_guid` = 'AD623FF7605D6B4CFC384A6D7E68974C' AND `is_del` = 0 AND `is_for_sale` = 1 LIMIT 1   [ RunTime:0.0000s ]
SQL: SELECT COUNT(*) AS tp_count FROM `ym_activity_signup_userinfo` WHERE `activity_guid` = 'AD623FF7605D6B4CFC384A6D7E68974C' AND `is_del` = 0 LIMIT 1   [ RunTime:0.0000s ]
SQL: SHOW COLUMNS FROM `ym_activity_signup_userinfo` [ RunTime:0.0040s ]
SQL: SELECT COUNT(*) AS tp_count FROM `ym_activity_signup_userinfo` WHERE `signup_guid` = 'D7C7B9A5E0CCC25C7A7766BB63A409F6' AND `user_guid` = 'outside_user_80551A4C679A1DCCA4B7AFBF7651C1B5' LIMIT 1   [ RunTime:0.0010s ]
SQL: SHOW COLUMNS FROM `ym_activity_attr_undertaker` [ RunTime:0.0030s ]
SQL: SELECT * FROM `ym_activity_attr_undertaker` WHERE `activity_guid` = 'AD623FF7605D6B4CFC384A6D7E68974C' AND `is_del` = 0 ORDER BY id asc  [ RunTime:0.0000s ]
SQL: SHOW COLUMNS FROM `ym_activity_attr_flow` [ RunTime:0.0030s ]
SQL: SELECT * FROM `ym_activity_attr_flow` WHERE `activity_guid` = 'AD623FF7605D6B4CFC384A6D7E68974C' AND `is_del` = 0 ORDER BY id asc  [ RunTime:0.0000s ]
SQL: SELECT * FROM `ym_activity_signup_userinfo` WHERE ( activity_guid='AD623FF7605D6B4CFC384A6D7E68974C' and is_del=0 ) ORDER BY updated_at DESC LIMIT 0,10   [ RunTime:0.0010s ]
SQL: SELECT COUNT(*) AS tp_count FROM `ym_activity_signup_userinfo` WHERE ( activity_guid='AD623FF7605D6B4CFC384A6D7E68974C' and is_del=0 ) LIMIT 1   [ RunTime:0.0010s ]
SQL: SELECT COUNT(*) AS tp_count FROM `ym_activity_signup_userinfo` WHERE ( activity_guid='AD623FF7605D6B4CFC384A6D7E68974C' and is_del=0 ) LIMIT 1   [ RunTime:0.0000s ]

[ 2015-04-03T09:54:52+08:00 ] 127.0.0.1 /mobile/activity/qrcode/aid/AD623FF7605D6B4CFC384A6D7E68974C/token/A221602279B8E52AA51D904103E1E24D
INFO: [ app_init ] --START--
INFO: Run Behavior\BuildLiteBehavior [ RunTime:0.001000s ]
INFO: [ app_init ] --END-- [ RunTime:0.003000s ]
SQL: SHOW COLUMNS FROM `ym_activity` [ RunTime:0.0030s ]
SQL: SELECT `org_guid` FROM `ym_activity` WHERE `guid` = 'AD623FF7605D6B4CFC384A6D7E68974C' LIMIT 1   [ RunTime:0.0010s ]

[ 2015-04-03T10:09:22+08:00 ] 127.0.0.1 /mobile/activity/preview/aid/79B3BF3764940EFD3FCA34677C84A1AA/token/A221602279B8E52AA51D904103E1E24D
INFO: [ app_init ] --START--
INFO: Run Behavior\BuildLiteBehavior [ RunTime:0.001000s ]
INFO: [ app_init ] --END-- [ RunTime:0.004000s ]
SQL: SHOW COLUMNS FROM `ym_activity` [ RunTime:0.0030s ]
SQL: SELECT * FROM `ym_activity` WHERE ( guid = "79B3BF3764940EFD3FCA34677C84A1AA" ) LIMIT 1   [ RunTime:0.0020s ]
SQL: SHOW COLUMNS FROM `ym_activity_subject` [ RunTime:0.0020s ]
SQL: SELECT * FROM `ym_activity_subject` WHERE ( guid = "95CEC0849FC0CF2F3CAF2C124DCF7455" ) LIMIT 1   [ RunTime:0.0030s ]
SQL: SHOW COLUMNS FROM `ym_org` [ RunTime:0.0030s ]
SQL: SELECT `guid`,`name` FROM `ym_org` WHERE ( guid = "A221602279B8E52AA51D904103E1E24D" ) LIMIT 1   [ RunTime:0.0020s ]
SQL: SHOW COLUMNS FROM `ym_statistic_view` [ RunTime:0.0020s ]
SQL: SELECT COUNT(*) AS tp_count FROM `ym_statistic_view` WHERE `obj_guid` = '79B3BF3764940EFD3FCA34677C84A1AA' AND `obj_type` = 1 LIMIT 1   [ RunTime:0.0020s ]
SQL: SHOW COLUMNS FROM `ym_statistic_like` [ RunTime:0.0020s ]
SQL: SELECT COUNT(*) AS tp_count FROM `ym_statistic_like` WHERE `obj_guid` = '79B3BF3764940EFD3FCA34677C84A1AA' AND `obj_type` = 1 AND `is_like` = 1 LIMIT 1   [ RunTime:0.0020s ]
SQL: SELECT COUNT(*) AS tp_count FROM `ym_statistic_like` WHERE `obj_guid` = '79B3BF3764940EFD3FCA34677C84A1AA' AND `obj_type` = 1 AND `is_like` = 1 AND `user_guid` = 'outside_user_8517EE8205C30A2CEC1BE97AD712E875' LIMIT 1   [ RunTime:0.0010s ]
SQL: SHOW COLUMNS FROM `ym_activity_signup` [ RunTime:0.0030s ]
SQL: SELECT * FROM `ym_activity_signup` WHERE `activity_guid` = '79B3BF3764940EFD3FCA34677C84A1AA' LIMIT 1   [ RunTime:0.0030s ]
SQL: SHOW COLUMNS FROM `ym_activity_signup_form_build` [ RunTime:0.0030s ]
SQL: SELECT * FROM `ym_activity_signup_form_build` WHERE `signup_guid` = '4983C3213C2DA26C19A1A1C80DDEAEE0' AND `is_del` = 0  [ RunTime:0.0030s ]
SQL: SHOW COLUMNS FROM `ym_activity_signup_userinfo` [ RunTime:0.0020s ]
SQL: SELECT COUNT(*) AS tp_count FROM `ym_activity_signup_userinfo` WHERE `activity_guid` = '79B3BF3764940EFD3FCA34677C84A1AA' AND `is_del` = 0 LIMIT 1   [ RunTime:0.0010s ]
SQL: SHOW COLUMNS FROM `ym_activity_attr_ticket` [ RunTime:0.0020s ]
SQL: SELECT SUM(num) as total FROM `ym_activity_attr_ticket` WHERE `activity_guid` = '79B3BF3764940EFD3FCA34677C84A1AA' AND `is_del` = 0 AND `is_for_sale` = 1 LIMIT 1   [ RunTime:0.0020s ]
SQL: SELECT COUNT(*) AS tp_count FROM `ym_activity_signup_userinfo` WHERE `activity_guid` = '79B3BF3764940EFD3FCA34677C84A1AA' AND `is_del` = 0 LIMIT 1   [ RunTime:0.0010s ]
SQL: SELECT `guid`,`num`,`name` FROM `ym_activity_attr_ticket` WHERE `activity_guid` = '79B3BF3764940EFD3FCA34677C84A1AA' AND `is_del` = 0 AND `is_for_sale` = 1  [ RunTime:0.0020s ]
SQL: SHOW COLUMNS FROM `ym_activity_user_ticket` [ RunTime:0.0020s ]
SQL: SELECT COUNT(*) AS tp_count FROM `ym_activity_user_ticket` WHERE `ticket_guid` = '669919B481FAFC1AC2B71560103000AA' AND `status` = 2 AND `is_del` = 0 LIMIT 1   [ RunTime:0.0020s ]
SQL: SELECT COUNT(*) AS tp_count FROM `ym_activity_user_ticket` WHERE `ticket_guid` = '22187E86A20C103299DC87DA144C8552' AND `status` = 2 AND `is_del` = 0 LIMIT 1   [ RunTime:0.0020s ]
SQL: SELECT COUNT(*) AS tp_count FROM `ym_activity_user_ticket` WHERE `ticket_guid` = '10182994AF6AC4E9126BB7832F5460BF' AND `status` = 2 AND `is_del` = 0 LIMIT 1   [ RunTime:0.0010s ]
SQL: SHOW COLUMNS FROM `ym_activity_signup_userinfo` [ RunTime:0.0020s ]
SQL: SELECT COUNT(*) AS tp_count FROM `ym_activity_signup_userinfo` WHERE `signup_guid` = '4983C3213C2DA26C19A1A1C80DDEAEE0' AND `user_guid` = 'outside_user_8517EE8205C30A2CEC1BE97AD712E875' LIMIT 1   [ RunTime:0.0020s ]
SQL: SHOW COLUMNS FROM `ym_activity_attr_undertaker` [ RunTime:0.0030s ]
SQL: SELECT * FROM `ym_activity_attr_undertaker` WHERE `activity_guid` = '79B3BF3764940EFD3FCA34677C84A1AA' AND `is_del` = 0 ORDER BY id asc  [ RunTime:0.0020s ]
SQL: SHOW COLUMNS FROM `ym_activity_attr_flow` [ RunTime:0.0050s ]
SQL: SELECT * FROM `ym_activity_attr_flow` WHERE `activity_guid` = '79B3BF3764940EFD3FCA34677C84A1AA' AND `is_del` = 0 ORDER BY id asc  [ RunTime:0.0030s ]
SQL: SELECT * FROM `ym_activity_signup_userinfo` WHERE ( activity_guid='79B3BF3764940EFD3FCA34677C84A1AA' and is_del=0 ) ORDER BY updated_at DESC LIMIT 0,10   [ RunTime:0.0020s ]
SQL: SELECT COUNT(*) AS tp_count FROM `ym_activity_signup_userinfo` WHERE ( activity_guid='79B3BF3764940EFD3FCA34677C84A1AA' and is_del=0 ) LIMIT 1   [ RunTime:0.0020s ]
SQL: SELECT COUNT(*) AS tp_count FROM `ym_activity_signup_userinfo` WHERE ( activity_guid='79B3BF3764940EFD3FCA34677C84A1AA' and is_del=0 ) LIMIT 1   [ RunTime:0.0020s ]

[ 2015-04-03T10:09:22+08:00 ] 127.0.0.1 /mobile/activity/qrcode/aid/79B3BF3764940EFD3FCA34677C84A1AA/token/A221602279B8E52AA51D904103E1E24D
INFO: [ app_init ] --START--
INFO: Run Behavior\BuildLiteBehavior [ RunTime:0.001000s ]
INFO: [ app_init ] --END-- [ RunTime:0.003000s ]
SQL: SHOW COLUMNS FROM `ym_activity` [ RunTime:0.0030s ]
SQL: SELECT `org_guid` FROM `ym_activity` WHERE `guid` = '79B3BF3764940EFD3FCA34677C84A1AA' LIMIT 1   [ RunTime:0.0010s ]

[ 2015-04-03T11:42:24+08:00 ] 127.0.0.1 /mobile/activity/preview/aid/AD623FF7605D6B4CFC384A6D7E68974C/token/A221602279B8E52AA51D904103E1E24D
INFO: [ app_init ] --START--
INFO: Run Behavior\BuildLiteBehavior [ RunTime:0.000000s ]
INFO: [ app_init ] --END-- [ RunTime:0.003000s ]
SQL: SHOW COLUMNS FROM `ym_activity` [ RunTime:0.0040s ]
SQL: SELECT * FROM `ym_activity` WHERE ( guid = "AD623FF7605D6B4CFC384A6D7E68974C" ) LIMIT 1   [ RunTime:0.0000s ]
SQL: SHOW COLUMNS FROM `ym_activity_subject` [ RunTime:0.0050s ]
SQL: SELECT * FROM `ym_activity_subject` WHERE ( guid = "5757146541D4F289A768A6E32EEFA5DE" ) LIMIT 1   [ RunTime:0.0010s ]
SQL: SHOW COLUMNS FROM `ym_org` [ RunTime:0.0050s ]
SQL: SELECT `guid`,`name` FROM `ym_org` WHERE ( guid = "A221602279B8E52AA51D904103E1E24D" ) LIMIT 1   [ RunTime:0.0020s ]
SQL: SHOW COLUMNS FROM `ym_statistic_view` [ RunTime:0.0040s ]
SQL: SELECT COUNT(*) AS tp_count FROM `ym_statistic_view` WHERE `obj_guid` = 'AD623FF7605D6B4CFC384A6D7E68974C' AND `obj_type` = 1 LIMIT 1   [ RunTime:0.0090s ]
SQL: SHOW COLUMNS FROM `ym_statistic_like` [ RunTime:0.0050s ]
SQL: SELECT COUNT(*) AS tp_count FROM `ym_statistic_like` WHERE `obj_guid` = 'AD623FF7605D6B4CFC384A6D7E68974C' AND `obj_type` = 1 AND `is_like` = 1 LIMIT 1   [ RunTime:0.0020s ]
SQL: SELECT COUNT(*) AS tp_count FROM `ym_statistic_like` WHERE `obj_guid` = 'AD623FF7605D6B4CFC384A6D7E68974C' AND `obj_type` = 1 AND `is_like` = 1 AND `user_guid` = 'outside_user_0343D543BA1E264112FF027D64E65FA0' LIMIT 1   [ RunTime:0.0000s ]
SQL: SHOW COLUMNS FROM `ym_activity_signup` [ RunTime:0.0060s ]
SQL: SELECT * FROM `ym_activity_signup` WHERE `activity_guid` = 'AD623FF7605D6B4CFC384A6D7E68974C' LIMIT 1   [ RunTime:0.0010s ]
SQL: SHOW COLUMNS FROM `ym_activity_signup_form_build` [ RunTime:0.0040s ]
SQL: SELECT * FROM `ym_activity_signup_form_build` WHERE `signup_guid` = 'D7C7B9A5E0CCC25C7A7766BB63A409F6' AND `is_del` = 0  [ RunTime:0.0010s ]
SQL: SHOW COLUMNS FROM `ym_activity_signup_userinfo` [ RunTime:0.0050s ]
SQL: SELECT COUNT(*) AS tp_count FROM `ym_activity_signup_userinfo` WHERE `activity_guid` = 'AD623FF7605D6B4CFC384A6D7E68974C' AND `is_del` = 0 LIMIT 1   [ RunTime:0.0000s ]
SQL: SHOW COLUMNS FROM `ym_activity_attr_ticket` [ RunTime:0.0030s ]
SQL: SELECT SUM(num) as total FROM `ym_activity_attr_ticket` WHERE `activity_guid` = 'AD623FF7605D6B4CFC384A6D7E68974C' AND `is_del` = 0 AND `is_for_sale` = 1 LIMIT 1   [ RunTime:0.0010s ]
SQL: SELECT COUNT(*) AS tp_count FROM `ym_activity_signup_userinfo` WHERE `activity_guid` = 'AD623FF7605D6B4CFC384A6D7E68974C' AND `is_del` = 0 LIMIT 1   [ RunTime:0.0010s ]
SQL: SHOW COLUMNS FROM `ym_activity_signup_userinfo` [ RunTime:0.0020s ]
SQL: SELECT COUNT(*) AS tp_count FROM `ym_activity_signup_userinfo` WHERE `signup_guid` = 'D7C7B9A5E0CCC25C7A7766BB63A409F6' AND `user_guid` = 'outside_user_0343D543BA1E264112FF027D64E65FA0' LIMIT 1   [ RunTime:0.0000s ]
SQL: SHOW COLUMNS FROM `ym_activity_attr_undertaker` [ RunTime:0.0040s ]
SQL: SELECT * FROM `ym_activity_attr_undertaker` WHERE `activity_guid` = 'AD623FF7605D6B4CFC384A6D7E68974C' AND `is_del` = 0 ORDER BY id asc  [ RunTime:0.0010s ]
SQL: SHOW COLUMNS FROM `ym_activity_attr_flow` [ RunTime:0.0030s ]
SQL: SELECT * FROM `ym_activity_attr_flow` WHERE `activity_guid` = 'AD623FF7605D6B4CFC384A6D7E68974C' AND `is_del` = 0 ORDER BY id asc  [ RunTime:0.0000s ]
SQL: SELECT * FROM `ym_activity_signup_userinfo` WHERE ( activity_guid='AD623FF7605D6B4CFC384A6D7E68974C' and is_del=0 ) ORDER BY updated_at DESC LIMIT 0,10   [ RunTime:0.0010s ]
SQL: SELECT COUNT(*) AS tp_count FROM `ym_activity_signup_userinfo` WHERE ( activity_guid='AD623FF7605D6B4CFC384A6D7E68974C' and is_del=0 ) LIMIT 1   [ RunTime:0.0000s ]
SQL: SELECT COUNT(*) AS tp_count FROM `ym_activity_signup_userinfo` WHERE ( activity_guid='AD623FF7605D6B4CFC384A6D7E68974C' and is_del=0 ) LIMIT 1   [ RunTime:0.0010s ]

[ 2015-04-03T11:42:24+08:00 ] 127.0.0.1 /mobile/activity/qrcode/aid/AD623FF7605D6B4CFC384A6D7E68974C/token/A221602279B8E52AA51D904103E1E24D
INFO: [ app_init ] --START--
INFO: Run Behavior\BuildLiteBehavior [ RunTime:0.000000s ]
INFO: [ app_init ] --END-- [ RunTime:0.002000s ]
SQL: SHOW COLUMNS FROM `ym_activity` [ RunTime:0.0060s ]
SQL: SELECT `org_guid` FROM `ym_activity` WHERE `guid` = 'AD623FF7605D6B4CFC384A6D7E68974C' LIMIT 1   [ RunTime:0.0010s ]

[ 2015-04-03T11:53:46+08:00 ] 127.0.0.1 /mobile/activity/qrcode/aid/AD623FF7605D6B4CFC384A6D7E68974C/token/A221602279B8E52AA51D904103E1E24D
INFO: [ app_init ] --START--
INFO: Run Behavior\BuildLiteBehavior [ RunTime:0.000000s ]
INFO: [ app_init ] --END-- [ RunTime:0.002000s ]
SQL: SHOW COLUMNS FROM `ym_activity` [ RunTime:0.0060s ]
SQL: SELECT `org_guid` FROM `ym_activity` WHERE `guid` = 'AD623FF7605D6B4CFC384A6D7E68974C' LIMIT 1   [ RunTime:0.0000s ]

[ 2015-04-03T11:54:01+08:00 ] 127.0.0.1 /mobile/activity/preview/aid/AD623FF7605D6B4CFC384A6D7E68974C/token/A221602279B8E52AA51D904103E1E24D
INFO: [ app_init ] --START--
INFO: Run Behavior\BuildLiteBehavior [ RunTime:0.000000s ]
INFO: [ app_init ] --END-- [ RunTime:0.003000s ]
SQL: SHOW COLUMNS FROM `ym_activity` [ RunTime:0.0050s ]
SQL: SELECT * FROM `ym_activity` WHERE ( guid = "AD623FF7605D6B4CFC384A6D7E68974C" ) LIMIT 1   [ RunTime:0.0010s ]
SQL: SHOW COLUMNS FROM `ym_activity_subject` [ RunTime:0.0080s ]
SQL: SELECT * FROM `ym_activity_subject` WHERE ( guid = "5757146541D4F289A768A6E32EEFA5DE" ) LIMIT 1   [ RunTime:0.0010s ]
SQL: SHOW COLUMNS FROM `ym_org` [ RunTime:0.0080s ]
SQL: SELECT `guid`,`name` FROM `ym_org` WHERE ( guid = "A221602279B8E52AA51D904103E1E24D" ) LIMIT 1   [ RunTime:0.0020s ]
SQL: SHOW COLUMNS FROM `ym_statistic_view` [ RunTime:0.0050s ]
SQL: SELECT COUNT(*) AS tp_count FROM `ym_statistic_view` WHERE `obj_guid` = 'AD623FF7605D6B4CFC384A6D7E68974C' AND `obj_type` = 1 LIMIT 1   [ RunTime:0.0030s ]
SQL: SHOW COLUMNS FROM `ym_statistic_like` [ RunTime:0.0070s ]
SQL: SELECT COUNT(*) AS tp_count FROM `ym_statistic_like` WHERE `obj_guid` = 'AD623FF7605D6B4CFC384A6D7E68974C' AND `obj_type` = 1 AND `is_like` = 1 LIMIT 1   [ RunTime:0.0010s ]
SQL: SELECT COUNT(*) AS tp_count FROM `ym_statistic_like` WHERE `obj_guid` = 'AD623FF7605D6B4CFC384A6D7E68974C' AND `obj_type` = 1 AND `is_like` = 1 AND `user_guid` = 'outside_user_918A97F9FC111A14EE2BC6D8927078B1' LIMIT 1   [ RunTime:0.0010s ]
SQL: SHOW COLUMNS FROM `ym_activity_signup` [ RunTime:0.0120s ]
SQL: SELECT * FROM `ym_activity_signup` WHERE `activity_guid` = 'AD623FF7605D6B4CFC384A6D7E68974C' LIMIT 1   [ RunTime:0.0000s ]
SQL: SHOW COLUMNS FROM `ym_activity_signup_form_build` [ RunTime:0.0030s ]
SQL: SELECT * FROM `ym_activity_signup_form_build` WHERE `signup_guid` = 'D7C7B9A5E0CCC25C7A7766BB63A409F6' AND `is_del` = 0  [ RunTime:0.0010s ]
SQL: SHOW COLUMNS FROM `ym_activity_signup_userinfo` [ RunTime:0.0080s ]
SQL: SELECT COUNT(*) AS tp_count FROM `ym_activity_signup_userinfo` WHERE `activity_guid` = 'AD623FF7605D6B4CFC384A6D7E68974C' AND `is_del` = 0 LIMIT 1   [ RunTime:0.0010s ]
SQL: SHOW COLUMNS FROM `ym_activity_attr_ticket` [ RunTime:0.0090s ]
SQL: SELECT SUM(num) as total FROM `ym_activity_attr_ticket` WHERE `activity_guid` = 'AD623FF7605D6B4CFC384A6D7E68974C' AND `is_del` = 0 AND `is_for_sale` = 1 LIMIT 1   [ RunTime:0.0010s ]
SQL: SELECT COUNT(*) AS tp_count FROM `ym_activity_signup_userinfo` WHERE `activity_guid` = 'AD623FF7605D6B4CFC384A6D7E68974C' AND `is_del` = 0 LIMIT 1   [ RunTime:0.0010s ]
SQL: SHOW COLUMNS FROM `ym_activity_signup_userinfo` [ RunTime:0.0040s ]
SQL: SELECT COUNT(*) AS tp_count FROM `ym_activity_signup_userinfo` WHERE `signup_guid` = 'D7C7B9A5E0CCC25C7A7766BB63A409F6' AND `user_guid` = 'outside_user_918A97F9FC111A14EE2BC6D8927078B1' LIMIT 1   [ RunTime:0.0010s ]
SQL: SHOW COLUMNS FROM `ym_activity_attr_undertaker` [ RunTime:0.0050s ]
SQL: SELECT * FROM `ym_activity_attr_undertaker` WHERE `activity_guid` = 'AD623FF7605D6B4CFC384A6D7E68974C' AND `is_del` = 0 ORDER BY id asc  [ RunTime:0.0000s ]
SQL: SHOW COLUMNS FROM `ym_activity_attr_flow` [ RunTime:0.0030s ]
SQL: SELECT * FROM `ym_activity_attr_flow` WHERE `activity_guid` = 'AD623FF7605D6B4CFC384A6D7E68974C' AND `is_del` = 0 ORDER BY id asc  [ RunTime:0.0010s ]
SQL: SELECT * FROM `ym_activity_signup_userinfo` WHERE ( activity_guid='AD623FF7605D6B4CFC384A6D7E68974C' and is_del=0 ) ORDER BY updated_at DESC LIMIT 0,10   [ RunTime:0.0010s ]
SQL: SELECT COUNT(*) AS tp_count FROM `ym_activity_signup_userinfo` WHERE ( activity_guid='AD623FF7605D6B4CFC384A6D7E68974C' and is_del=0 ) LIMIT 1   [ RunTime:0.0010s ]
SQL: SELECT COUNT(*) AS tp_count FROM `ym_activity_signup_userinfo` WHERE ( activity_guid='AD623FF7605D6B4CFC384A6D7E68974C' and is_del=0 ) LIMIT 1   [ RunTime:0.0010s ]

[ 2015-04-03T16:04:01+08:00 ] 127.0.0.1 /mobile/activity/ticket/aid/AD623FF7605D6B4CFC384A6D7E68974C/iid/59D5E6B39DBD6C0591F84B0EC1A313F3
INFO: [ app_init ] --START--
INFO: Run Behavior\BuildLiteBehavior [ RunTime:0.000000s ]
INFO: [ app_init ] --END-- [ RunTime:0.002000s ]
SQL: SHOW COLUMNS FROM `ym_activity` [ RunTime:0.0050s ]
SQL: SELECT * FROM `ym_activity` WHERE `guid` = 'AD623FF7605D6B4CFC384A6D7E68974C' LIMIT 1   [ RunTime:0.0000s ]
SQL: SHOW COLUMNS FROM `ym_org` [ RunTime:0.0050s ]
SQL: SELECT `name` FROM `ym_org` WHERE `guid` = 'A221602279B8E52AA51D904103E1E24D' LIMIT 1   [ RunTime:0.0000s ]
SQL: SHOW COLUMNS FROM `ym_activity_signup` [ RunTime:0.0030s ]
SQL: SELECT * FROM `ym_activity_signup` WHERE `activity_guid` = 'AD623FF7605D6B4CFC384A6D7E68974C' LIMIT 1   [ RunTime:0.0020s ]
SQL: SHOW COLUMNS FROM `ym_activity_signup_userinfo` [ RunTime:0.0030s ]
SQL: SELECT * FROM `ym_activity_signup_userinfo` WHERE `guid` = '59D5E6B39DBD6C0591F84B0EC1A313F3' LIMIT 1   [ RunTime:0.0010s ]
SQL: SHOW COLUMNS FROM `ym_activity_user_ticket` [ RunTime:0.0050s ]
SQL: SELECT * FROM `ym_activity_user_ticket` WHERE `user_guid` = 'add_by_org_3EEB093125D5B5BBA8A246CBAD117B9B' AND `activity_guid` = 'AD623FF7605D6B4CFC384A6D7E68974C' LIMIT 1   [ RunTime:0.0010s ]
SQL: UPDATE `ym_activity_user_ticket` SET `status`='3',`updated_at`='1428048241' WHERE `user_guid` = 'add_by_org_3EEB093125D5B5BBA8A246CBAD117B9B' AND `activity_guid` = 'AD623FF7605D6B4CFC384A6D7E68974C' [ RunTime:0.0010s ]

[ 2015-04-03T16:04:04+08:00 ] 127.0.0.1 /mobile/activity/signin_qrcode/tid/A6B16DFC3BABC13413211D43B92087D4
INFO: [ app_init ] --START--
INFO: Run Behavior\BuildLiteBehavior [ RunTime:0.000000s ]
INFO: [ app_init ] --END-- [ RunTime:0.003000s ]
SQL: SHOW COLUMNS FROM `ym_activity_user_ticket` [ RunTime:0.0040s ]
SQL: SELECT `activity_guid`,`user_guid`,`mobile`,`ticket_code`,`ticket_name` FROM `ym_activity_user_ticket` WHERE `guid` = 'A6B16DFC3BABC13413211D43B92087D4' LIMIT 1   [ RunTime:0.0010s ]

