[ 2015-04-07T09:05:12+08:00 ] 127.0.0.1 /mobile/activity/preview/aid/79B3BF3764940EFD3FCA34677C84A1AA/token/A221602279B8E52AA51D904103E1E24D
INFO: [ app_init ] --START--
INFO: Run Behavior\BuildLiteBehavior [ RunTime:0.001000s ]
INFO: [ app_init ] --END-- [ RunTime:0.003000s ]
SQL: SHOW COLUMNS FROM `ym_activity` [ RunTime:0.0020s ]
SQL: SELECT * FROM `ym_activity` WHERE ( guid = "79B3BF3764940EFD3FCA34677C84A1AA" ) LIMIT 1   [ RunTime:0.0030s ]
SQL: SHOW COLUMNS FROM `ym_activity_subject` [ RunTime:0.0030s ]
SQL: SELECT * FROM `ym_activity_subject` WHERE ( guid = "95CEC0849FC0CF2F3CAF2C124DCF7455" ) LIMIT 1   [ RunTime:0.0020s ]
SQL: SHOW COLUMNS FROM `ym_org` [ RunTime:0.0030s ]
SQL: SELECT `guid`,`name` FROM `ym_org` WHERE ( guid = "A221602279B8E52AA51D904103E1E24D" ) LIMIT 1   [ RunTime:0.0010s ]
SQL: SHOW COLUMNS FROM `ym_statistic_view` [ RunTime:0.0030s ]
SQL: SELECT COUNT(*) AS tp_count FROM `ym_statistic_view` WHERE `obj_guid` = '79B3BF3764940EFD3FCA34677C84A1AA' AND `obj_type` = 1 LIMIT 1   [ RunTime:0.0030s ]
SQL: SHOW COLUMNS FROM `ym_statistic_like` [ RunTime:0.0030s ]
SQL: SELECT COUNT(*) AS tp_count FROM `ym_statistic_like` WHERE `obj_guid` = '79B3BF3764940EFD3FCA34677C84A1AA' AND `obj_type` = 1 AND `is_like` = 1 LIMIT 1   [ RunTime:0.0020s ]
SQL: SELECT COUNT(*) AS tp_count FROM `ym_statistic_like` WHERE `obj_guid` = '79B3BF3764940EFD3FCA34677C84A1AA' AND `obj_type` = 1 AND `is_like` = 1 AND `user_guid` = 'outside_user_15631C6DC78A859C1B2F64E474BD9C9A' LIMIT 1   [ RunTime:0.0010s ]
SQL: SHOW COLUMNS FROM `ym_activity_signup` [ RunTime:0.0030s ]
SQL: SELECT * FROM `ym_activity_signup` WHERE `activity_guid` = '79B3BF3764940EFD3FCA34677C84A1AA' LIMIT 1   [ RunTime:0.0030s ]
SQL: SHOW COLUMNS FROM `ym_activity_signup_form_build` [ RunTime:0.0020s ]
SQL: SELECT * FROM `ym_activity_signup_form_build` WHERE `signup_guid` = '4983C3213C2DA26C19A1A1C80DDEAEE0' AND `is_del` = 0  [ RunTime:0.0030s ]
SQL: SHOW COLUMNS FROM `ym_activity_signup_userinfo` [ RunTime:0.0030s ]
SQL: SELECT COUNT(*) AS tp_count FROM `ym_activity_signup_userinfo` WHERE `activity_guid` = '79B3BF3764940EFD3FCA34677C84A1AA' AND `is_del` = 0 LIMIT 1   [ RunTime:0.0020s ]
SQL: SHOW COLUMNS FROM `ym_activity_attr_ticket` [ RunTime:0.0020s ]
SQL: SELECT SUM(num) as total FROM `ym_activity_attr_ticket` WHERE `activity_guid` = '79B3BF3764940EFD3FCA34677C84A1AA' AND `is_del` = 0 AND `is_for_sale` = 1 LIMIT 1   [ RunTime:0.0020s ]
SQL: SELECT COUNT(*) AS tp_count FROM `ym_activity_signup_userinfo` WHERE `activity_guid` = '79B3BF3764940EFD3FCA34677C84A1AA' AND `is_del` = 0 LIMIT 1   [ RunTime:0.0020s ]
SQL: SELECT `guid`,`num`,`name` FROM `ym_activity_attr_ticket` WHERE `activity_guid` = '79B3BF3764940EFD3FCA34677C84A1AA' AND `is_del` = 0 AND `is_for_sale` = 1  [ RunTime:0.0020s ]
SQL: SHOW COLUMNS FROM `ym_activity_user_ticket` [ RunTime:0.0030s ]
SQL: SELECT COUNT(*) AS tp_count FROM `ym_activity_user_ticket` WHERE `ticket_guid` = '669919B481FAFC1AC2B71560103000AA' AND `status` = 2 AND `is_del` = 0 LIMIT 1   [ RunTime:0.0010s ]
SQL: SELECT COUNT(*) AS tp_count FROM `ym_activity_user_ticket` WHERE `ticket_guid` = '22187E86A20C103299DC87DA144C8552' AND `status` = 2 AND `is_del` = 0 LIMIT 1   [ RunTime:0.0010s ]
SQL: SELECT COUNT(*) AS tp_count FROM `ym_activity_user_ticket` WHERE `ticket_guid` = '10182994AF6AC4E9126BB7832F5460BF' AND `status` = 2 AND `is_del` = 0 LIMIT 1   [ RunTime:0.0020s ]
SQL: SHOW COLUMNS FROM `ym_activity_signup_userinfo` [ RunTime:0.0030s ]
SQL: SELECT COUNT(*) AS tp_count FROM `ym_activity_signup_userinfo` WHERE `signup_guid` = '4983C3213C2DA26C19A1A1C80DDEAEE0' AND `user_guid` = 'outside_user_15631C6DC78A859C1B2F64E474BD9C9A' LIMIT 1   [ RunTime:0.0020s ]
SQL: SHOW COLUMNS FROM `ym_activity_attr_undertaker` [ RunTime:0.0020s ]
SQL: SELECT * FROM `ym_activity_attr_undertaker` WHERE `activity_guid` = '79B3BF3764940EFD3FCA34677C84A1AA' AND `is_del` = 0 ORDER BY id asc  [ RunTime:0.0020s ]
SQL: SHOW COLUMNS FROM `ym_activity_attr_flow` [ RunTime:0.0020s ]
SQL: SELECT * FROM `ym_activity_attr_flow` WHERE `activity_guid` = '79B3BF3764940EFD3FCA34677C84A1AA' AND `is_del` = 0 ORDER BY id asc  [ RunTime:0.0020s ]
SQL: SELECT * FROM `ym_activity_signup_userinfo` WHERE ( activity_guid='79B3BF3764940EFD3FCA34677C84A1AA' and is_del=0 ) ORDER BY updated_at DESC LIMIT 0,10   [ RunTime:0.0030s ]
SQL: SELECT COUNT(*) AS tp_count FROM `ym_activity_signup_userinfo` WHERE ( activity_guid='79B3BF3764940EFD3FCA34677C84A1AA' and is_del=0 ) LIMIT 1   [ RunTime:0.0010s ]
SQL: SELECT COUNT(*) AS tp_count FROM `ym_activity_signup_userinfo` WHERE ( activity_guid='79B3BF3764940EFD3FCA34677C84A1AA' and is_del=0 ) LIMIT 1   [ RunTime:0.0010s ]

[ 2015-04-07T09:05:12+08:00 ] 127.0.0.1 /mobile/activity/qrcode/aid/79B3BF3764940EFD3FCA34677C84A1AA/token/A221602279B8E52AA51D904103E1E24D
INFO: [ app_init ] --START--
INFO: Run Behavior\BuildLiteBehavior [ RunTime:0.000000s ]
INFO: [ app_init ] --END-- [ RunTime:0.002000s ]
SQL: SHOW COLUMNS FROM `ym_activity` [ RunTime:0.0020s ]
SQL: SELECT `org_guid` FROM `ym_activity` WHERE `guid` = '79B3BF3764940EFD3FCA34677C84A1AA' LIMIT 1   [ RunTime:0.0020s ]

[ 2015-04-07T09:11:52+08:00 ] 127.0.0.1 /mobile/activity/ticket/aid/79B3BF3764940EFD3FCA34677C84A1AA/iid/2917392173
INFO: [ app_init ] --START--
INFO: Run Behavior\BuildLiteBehavior [ RunTime:0.000000s ]
INFO: [ app_init ] --END-- [ RunTime:0.002000s ]
SQL: SHOW COLUMNS FROM `ym_activity` [ RunTime:0.0020s ]
SQL: SELECT * FROM `ym_activity` WHERE `guid` = '79B3BF3764940EFD3FCA34677C84A1AA' LIMIT 1   [ RunTime:0.0020s ]
SQL: SHOW COLUMNS FROM `ym_org` [ RunTime:0.0020s ]
SQL: SELECT `name` FROM `ym_org` WHERE `guid` = 'A221602279B8E52AA51D904103E1E24D' LIMIT 1   [ RunTime:0.0010s ]
SQL: SHOW COLUMNS FROM `ym_activity_signup` [ RunTime:0.0020s ]
SQL: SELECT * FROM `ym_activity_signup` WHERE `activity_guid` = '79B3BF3764940EFD3FCA34677C84A1AA' LIMIT 1   [ RunTime:0.0030s ]
SQL: SHOW COLUMNS FROM `ym_activity_signup_userinfo` [ RunTime:0.0030s ]
SQL: SELECT * FROM `ym_activity_signup_userinfo` WHERE `guid` = '2917392173' LIMIT 1   [ RunTime:0.0020s ]
SQL: SHOW COLUMNS FROM `ym_activity_user_ticket` [ RunTime:0.0020s ]
SQL: SELECT * FROM `ym_activity_user_ticket` WHERE `user_guid` = null AND `activity_guid` = '79B3BF3764940EFD3FCA34677C84A1AA' LIMIT 1   [ RunTime:0.0020s ]
SQL: UPDATE `ym_activity_user_ticket` SET `status`='3',`updated_at`='1428369112' WHERE `user_guid` = null AND `activity_guid` = '79B3BF3764940EFD3FCA34677C84A1AA' [ RunTime:0.0020s ]

[ 2015-04-07T09:11:52+08:00 ] 127.0.0.1 /mobile/activity/signin_qrcode
INFO: [ app_init ] --START--
INFO: Run Behavior\BuildLiteBehavior [ RunTime:0.000000s ]
INFO: [ app_init ] --END-- [ RunTime:0.002000s ]
SQL: SHOW COLUMNS FROM `ym_activity_user_ticket` [ RunTime:0.0030s ]
SQL: SELECT `activity_guid`,`user_guid`,`mobile`,`ticket_code`,`ticket_name` FROM `ym_activity_user_ticket` WHERE `guid` = '' LIMIT 1   [ RunTime:0.0020s ]

[ 2015-04-07T09:13:26+08:00 ] 127.0.0.1 /mobile/activity/ticket/aid/79B3BF3764940EFD3FCA34677C84A1AA/iid/61841A90150A281ED03D45177AF008BC
INFO: [ app_init ] --START--
INFO: Run Behavior\BuildLiteBehavior [ RunTime:0.000000s ]
INFO: [ app_init ] --END-- [ RunTime:0.001000s ]
SQL: SHOW COLUMNS FROM `ym_activity` [ RunTime:0.0030s ]
SQL: SELECT * FROM `ym_activity` WHERE `guid` = '79B3BF3764940EFD3FCA34677C84A1AA' LIMIT 1   [ RunTime:0.0020s ]
SQL: SHOW COLUMNS FROM `ym_org` [ RunTime:0.0030s ]
SQL: SELECT `name` FROM `ym_org` WHERE `guid` = 'A221602279B8E52AA51D904103E1E24D' LIMIT 1   [ RunTime:0.0020s ]
SQL: SHOW COLUMNS FROM `ym_activity_signup` [ RunTime:0.0030s ]
SQL: SELECT * FROM `ym_activity_signup` WHERE `activity_guid` = '79B3BF3764940EFD3FCA34677C84A1AA' LIMIT 1   [ RunTime:0.0030s ]
SQL: SHOW COLUMNS FROM `ym_activity_signup_userinfo` [ RunTime:0.0020s ]
SQL: SELECT * FROM `ym_activity_signup_userinfo` WHERE `guid` = '61841A90150A281ED03D45177AF008BC' LIMIT 1   [ RunTime:0.0020s ]
SQL: SHOW COLUMNS FROM `ym_activity_user_ticket` [ RunTime:0.0020s ]
SQL: SELECT * FROM `ym_activity_user_ticket` WHERE `user_guid` = 'outside_user_E76CEDD9B87AE752FC177521A38467BD' AND `activity_guid` = '79B3BF3764940EFD3FCA34677C84A1AA' LIMIT 1   [ RunTime:0.0030s ]
SQL: UPDATE `ym_activity_user_ticket` SET `status`='3',`updated_at`='1428369206' WHERE `user_guid` = 'outside_user_E76CEDD9B87AE752FC177521A38467BD' AND `activity_guid` = '79B3BF3764940EFD3FCA34677C84A1AA' [ RunTime:0.0020s ]

[ 2015-04-07T09:13:26+08:00 ] 127.0.0.1 /mobile/activity/signin_qrcode/tid/08C4047C97AE0DD91069757E103E1B21
INFO: [ app_init ] --START--
INFO: Run Behavior\BuildLiteBehavior [ RunTime:0.001000s ]
INFO: [ app_init ] --END-- [ RunTime:0.001000s ]
SQL: SHOW COLUMNS FROM `ym_activity_user_ticket` [ RunTime:0.0030s ]
SQL: SELECT `activity_guid`,`user_guid`,`mobile`,`ticket_code`,`ticket_name` FROM `ym_activity_user_ticket` WHERE `guid` = '08C4047C97AE0DD91069757E103E1B21' LIMIT 1   [ RunTime:0.0020s ]

[ 2015-04-07T11:26:46+08:00 ] 127.0.0.1 /mobile/activity/preview/aid/79B3BF3764940EFD3FCA34677C84A1AA/token/A221602279B8E52AA51D904103E1E24D
INFO: [ app_init ] --START--
INFO: Run Behavior\BuildLiteBehavior [ RunTime:0.000000s ]
INFO: [ app_init ] --END-- [ RunTime:0.004000s ]
SQL: SHOW COLUMNS FROM `ym_activity` [ RunTime:0.0030s ]
SQL: SELECT * FROM `ym_activity` WHERE ( guid = "79B3BF3764940EFD3FCA34677C84A1AA" ) LIMIT 1   [ RunTime:0.0040s ]
SQL: SHOW COLUMNS FROM `ym_activity_subject` [ RunTime:0.0030s ]
SQL: SELECT * FROM `ym_activity_subject` WHERE ( guid = "95CEC0849FC0CF2F3CAF2C124DCF7455" ) LIMIT 1   [ RunTime:0.0020s ]
SQL: SHOW COLUMNS FROM `ym_org` [ RunTime:0.0030s ]
SQL: SELECT `guid`,`name` FROM `ym_org` WHERE ( guid = "A221602279B8E52AA51D904103E1E24D" ) LIMIT 1   [ RunTime:0.0030s ]
SQL: SHOW COLUMNS FROM `ym_statistic_view` [ RunTime:0.0030s ]
SQL: SELECT COUNT(*) AS tp_count FROM `ym_statistic_view` WHERE `obj_guid` = '79B3BF3764940EFD3FCA34677C84A1AA' AND `obj_type` = 1 LIMIT 1   [ RunTime:0.0050s ]
SQL: SHOW COLUMNS FROM `ym_statistic_like` [ RunTime:0.0040s ]
SQL: SELECT COUNT(*) AS tp_count FROM `ym_statistic_like` WHERE `obj_guid` = '79B3BF3764940EFD3FCA34677C84A1AA' AND `obj_type` = 1 AND `is_like` = 1 LIMIT 1   [ RunTime:0.0020s ]
SQL: SELECT COUNT(*) AS tp_count FROM `ym_statistic_like` WHERE `obj_guid` = '79B3BF3764940EFD3FCA34677C84A1AA' AND `obj_type` = 1 AND `is_like` = 1 AND `user_guid` = 'outside_user_06D4223981DFA8F4EBD3F4DD19501FDA' LIMIT 1   [ RunTime:0.0020s ]
SQL: SHOW COLUMNS FROM `ym_activity_signup` [ RunTime:0.0030s ]
SQL: SELECT * FROM `ym_activity_signup` WHERE `activity_guid` = '79B3BF3764940EFD3FCA34677C84A1AA' LIMIT 1   [ RunTime:0.0050s ]
SQL: SHOW COLUMNS FROM `ym_activity_signup_form_build` [ RunTime:0.0020s ]
SQL: SELECT * FROM `ym_activity_signup_form_build` WHERE `signup_guid` = '4983C3213C2DA26C19A1A1C80DDEAEE0' AND `is_del` = 0  [ RunTime:0.0030s ]
SQL: SHOW COLUMNS FROM `ym_activity_signup_userinfo` [ RunTime:0.0030s ]
SQL: SELECT COUNT(*) AS tp_count FROM `ym_activity_signup_userinfo` WHERE `activity_guid` = '79B3BF3764940EFD3FCA34677C84A1AA' AND `is_del` = 0 LIMIT 1   [ RunTime:0.0020s ]
SQL: SHOW COLUMNS FROM `ym_activity_attr_ticket` [ RunTime:0.0020s ]
SQL: SELECT SUM(num) as total FROM `ym_activity_attr_ticket` WHERE `activity_guid` = '79B3BF3764940EFD3FCA34677C84A1AA' AND `is_del` = 0 AND `is_for_sale` = 1 LIMIT 1   [ RunTime:0.0020s ]
SQL: SELECT COUNT(*) AS tp_count FROM `ym_activity_signup_userinfo` WHERE `activity_guid` = '79B3BF3764940EFD3FCA34677C84A1AA' AND `is_del` = 0 LIMIT 1   [ RunTime:0.0020s ]
SQL: SELECT `guid`,`num`,`name` FROM `ym_activity_attr_ticket` WHERE `activity_guid` = '79B3BF3764940EFD3FCA34677C84A1AA' AND `is_del` = 0 AND `is_for_sale` = 1  [ RunTime:0.0020s ]
SQL: SHOW COLUMNS FROM `ym_activity_user_ticket` [ RunTime:0.0030s ]
SQL: SELECT COUNT(*) AS tp_count FROM `ym_activity_user_ticket` WHERE `ticket_guid` = '669919B481FAFC1AC2B71560103000AA' AND `status` = 2 AND `is_del` = 0 LIMIT 1   [ RunTime:0.0020s ]
SQL: SELECT COUNT(*) AS tp_count FROM `ym_activity_user_ticket` WHERE `ticket_guid` = '22187E86A20C103299DC87DA144C8552' AND `status` = 2 AND `is_del` = 0 LIMIT 1   [ RunTime:0.0020s ]
SQL: SELECT COUNT(*) AS tp_count FROM `ym_activity_user_ticket` WHERE `ticket_guid` = '10182994AF6AC4E9126BB7832F5460BF' AND `status` = 2 AND `is_del` = 0 LIMIT 1   [ RunTime:0.0020s ]
SQL: SHOW COLUMNS FROM `ym_activity_signup_userinfo` [ RunTime:0.0020s ]
SQL: SELECT COUNT(*) AS tp_count FROM `ym_activity_signup_userinfo` WHERE `signup_guid` = '4983C3213C2DA26C19A1A1C80DDEAEE0' AND `user_guid` = 'outside_user_06D4223981DFA8F4EBD3F4DD19501FDA' LIMIT 1   [ RunTime:0.0020s ]
SQL: SHOW COLUMNS FROM `ym_activity_attr_undertaker` [ RunTime:0.0020s ]
SQL: SELECT * FROM `ym_activity_attr_undertaker` WHERE `activity_guid` = '79B3BF3764940EFD3FCA34677C84A1AA' AND `is_del` = 0 ORDER BY id asc  [ RunTime:0.0020s ]
SQL: SHOW COLUMNS FROM `ym_activity_attr_flow` [ RunTime:0.0020s ]
SQL: SELECT * FROM `ym_activity_attr_flow` WHERE `activity_guid` = '79B3BF3764940EFD3FCA34677C84A1AA' AND `is_del` = 0 ORDER BY id asc  [ RunTime:0.0020s ]
SQL: SELECT * FROM `ym_activity_signup_userinfo` WHERE ( activity_guid='79B3BF3764940EFD3FCA34677C84A1AA' and is_del=0 ) ORDER BY updated_at DESC LIMIT 0,10   [ RunTime:0.0030s ]
SQL: SELECT COUNT(*) AS tp_count FROM `ym_activity_signup_userinfo` WHERE ( activity_guid='79B3BF3764940EFD3FCA34677C84A1AA' and is_del=0 ) LIMIT 1   [ RunTime:0.0010s ]
SQL: SELECT COUNT(*) AS tp_count FROM `ym_activity_signup_userinfo` WHERE ( activity_guid='79B3BF3764940EFD3FCA34677C84A1AA' and is_del=0 ) LIMIT 1   [ RunTime:0.0020s ]

[ 2015-04-07T11:26:46+08:00 ] 127.0.0.1 /mobile/activity/qrcode/aid/79B3BF3764940EFD3FCA34677C84A1AA/token/A221602279B8E52AA51D904103E1E24D
INFO: [ app_init ] --START--
INFO: Run Behavior\BuildLiteBehavior [ RunTime:0.001000s ]
INFO: [ app_init ] --END-- [ RunTime:0.002000s ]
SQL: SHOW COLUMNS FROM `ym_activity` [ RunTime:0.0050s ]
SQL: SELECT `org_guid` FROM `ym_activity` WHERE `guid` = '79B3BF3764940EFD3FCA34677C84A1AA' LIMIT 1   [ RunTime:0.0020s ]

[ 2015-04-07T14:12:14+08:00 ] 127.0.0.1 /mobile/activity/preview/aid/79B3BF3764940EFD3FCA34677C84A1AA/token/A221602279B8E52AA51D904103E1E24D
INFO: [ app_init ] --START--
INFO: Run Behavior\BuildLiteBehavior [ RunTime:0.001000s ]
INFO: [ app_init ] --END-- [ RunTime:0.003000s ]
SQL: SHOW COLUMNS FROM `ym_activity` [ RunTime:0.0020s ]
SQL: SELECT * FROM `ym_activity` WHERE ( guid = "79B3BF3764940EFD3FCA34677C84A1AA" ) LIMIT 1   [ RunTime:0.0020s ]
SQL: SHOW COLUMNS FROM `ym_activity_subject` [ RunTime:0.0030s ]
SQL: SELECT * FROM `ym_activity_subject` WHERE ( guid = "95CEC0849FC0CF2F3CAF2C124DCF7455" ) LIMIT 1   [ RunTime:0.0030s ]
SQL: SHOW COLUMNS FROM `ym_org` [ RunTime:0.0040s ]
SQL: SELECT `guid`,`name` FROM `ym_org` WHERE ( guid = "A221602279B8E52AA51D904103E1E24D" ) LIMIT 1   [ RunTime:0.0020s ]
SQL: SHOW COLUMNS FROM `ym_statistic_view` [ RunTime:0.0030s ]
SQL: SELECT COUNT(*) AS tp_count FROM `ym_statistic_view` WHERE `obj_guid` = '79B3BF3764940EFD3FCA34677C84A1AA' AND `obj_type` = 1 LIMIT 1   [ RunTime:0.0010s ]
SQL: SHOW COLUMNS FROM `ym_statistic_like` [ RunTime:0.0020s ]
SQL: SELECT COUNT(*) AS tp_count FROM `ym_statistic_like` WHERE `obj_guid` = '79B3BF3764940EFD3FCA34677C84A1AA' AND `obj_type` = 1 AND `is_like` = 1 LIMIT 1   [ RunTime:0.0020s ]
SQL: SELECT COUNT(*) AS tp_count FROM `ym_statistic_like` WHERE `obj_guid` = '79B3BF3764940EFD3FCA34677C84A1AA' AND `obj_type` = 1 AND `is_like` = 1 AND `user_guid` = 'outside_user_0F9E22C3D030E2D4DA038ADA093D9A7B' LIMIT 1   [ RunTime:0.0010s ]
SQL: SHOW COLUMNS FROM `ym_activity_signup` [ RunTime:0.0030s ]
SQL: SELECT * FROM `ym_activity_signup` WHERE `activity_guid` = '79B3BF3764940EFD3FCA34677C84A1AA' LIMIT 1   [ RunTime:0.0030s ]
SQL: SHOW COLUMNS FROM `ym_activity_signup_form_build` [ RunTime:0.0030s ]
SQL: SELECT * FROM `ym_activity_signup_form_build` WHERE `signup_guid` = '4983C3213C2DA26C19A1A1C80DDEAEE0' AND `is_del` = 0  [ RunTime:0.0020s ]
SQL: SHOW COLUMNS FROM `ym_activity_signup_userinfo` [ RunTime:0.0020s ]
SQL: SELECT COUNT(*) AS tp_count FROM `ym_activity_signup_userinfo` WHERE `activity_guid` = '79B3BF3764940EFD3FCA34677C84A1AA' AND `is_del` = 0 LIMIT 1   [ RunTime:0.0020s ]
SQL: SHOW COLUMNS FROM `ym_activity_attr_ticket` [ RunTime:0.0030s ]
SQL: SELECT SUM(num) as total FROM `ym_activity_attr_ticket` WHERE `activity_guid` = '79B3BF3764940EFD3FCA34677C84A1AA' AND `is_del` = 0 AND `is_for_sale` = 1 LIMIT 1   [ RunTime:0.0010s ]
SQL: SELECT COUNT(*) AS tp_count FROM `ym_activity_signup_userinfo` WHERE `activity_guid` = '79B3BF3764940EFD3FCA34677C84A1AA' AND `is_del` = 0 LIMIT 1   [ RunTime:0.0010s ]
SQL: SELECT `guid`,`num`,`name` FROM `ym_activity_attr_ticket` WHERE `activity_guid` = '79B3BF3764940EFD3FCA34677C84A1AA' AND `is_del` = 0 AND `is_for_sale` = 1  [ RunTime:0.0020s ]
SQL: SHOW COLUMNS FROM `ym_activity_user_ticket` [ RunTime:0.0020s ]
SQL: SELECT COUNT(*) AS tp_count FROM `ym_activity_user_ticket` WHERE `ticket_guid` = '669919B481FAFC1AC2B71560103000AA' AND `status` = 2 AND `is_del` = 0 LIMIT 1   [ RunTime:0.0010s ]
SQL: SELECT COUNT(*) AS tp_count FROM `ym_activity_user_ticket` WHERE `ticket_guid` = '22187E86A20C103299DC87DA144C8552' AND `status` = 2 AND `is_del` = 0 LIMIT 1   [ RunTime:0.0020s ]
SQL: SELECT COUNT(*) AS tp_count FROM `ym_activity_user_ticket` WHERE `ticket_guid` = '10182994AF6AC4E9126BB7832F5460BF' AND `status` = 2 AND `is_del` = 0 LIMIT 1   [ RunTime:0.0010s ]
SQL: SHOW COLUMNS FROM `ym_activity_signup_userinfo` [ RunTime:0.0020s ]
SQL: SELECT COUNT(*) AS tp_count FROM `ym_activity_signup_userinfo` WHERE `signup_guid` = '4983C3213C2DA26C19A1A1C80DDEAEE0' AND `user_guid` = 'outside_user_0F9E22C3D030E2D4DA038ADA093D9A7B' LIMIT 1   [ RunTime:0.0020s ]
SQL: SHOW COLUMNS FROM `ym_activity_attr_undertaker` [ RunTime:0.0030s ]
SQL: SELECT * FROM `ym_activity_attr_undertaker` WHERE `activity_guid` = '79B3BF3764940EFD3FCA34677C84A1AA' AND `is_del` = 0 ORDER BY id asc  [ RunTime:0.0020s ]
SQL: SHOW COLUMNS FROM `ym_activity_attr_flow` [ RunTime:0.0030s ]
SQL: SELECT * FROM `ym_activity_attr_flow` WHERE `activity_guid` = '79B3BF3764940EFD3FCA34677C84A1AA' AND `is_del` = 0 ORDER BY id asc  [ RunTime:0.0020s ]
SQL: SELECT * FROM `ym_activity_signup_userinfo` WHERE ( activity_guid='79B3BF3764940EFD3FCA34677C84A1AA' and is_del=0 ) ORDER BY updated_at DESC LIMIT 0,10   [ RunTime:0.0020s ]
SQL: SELECT COUNT(*) AS tp_count FROM `ym_activity_signup_userinfo` WHERE ( activity_guid='79B3BF3764940EFD3FCA34677C84A1AA' and is_del=0 ) LIMIT 1   [ RunTime:0.0020s ]
SQL: SELECT COUNT(*) AS tp_count FROM `ym_activity_signup_userinfo` WHERE ( activity_guid='79B3BF3764940EFD3FCA34677C84A1AA' and is_del=0 ) LIMIT 1   [ RunTime:0.0020s ]

[ 2015-04-07T14:12:14+08:00 ] 127.0.0.1 /mobile/activity/qrcode/aid/79B3BF3764940EFD3FCA34677C84A1AA/token/A221602279B8E52AA51D904103E1E24D
INFO: [ app_init ] --START--
INFO: Run Behavior\BuildLiteBehavior [ RunTime:0.000000s ]
INFO: [ app_init ] --END-- [ RunTime:0.002000s ]
SQL: SHOW COLUMNS FROM `ym_activity` [ RunTime:0.0030s ]
SQL: SELECT `org_guid` FROM `ym_activity` WHERE `guid` = '79B3BF3764940EFD3FCA34677C84A1AA' LIMIT 1   [ RunTime:0.0010s ]

[ 2015-04-07T14:12:16+08:00 ] 127.0.0.1 /mobile/activity/view/aid/79B3BF3764940EFD3FCA34677C84A1AA/token/A221602279B8E52AA51D904103E1E24D
INFO: [ app_init ] --START--
INFO: Run Behavior\BuildLiteBehavior [ RunTime:0.000000s ]
INFO: [ app_init ] --END-- [ RunTime:0.002000s ]
SQL: SHOW COLUMNS FROM `ym_activity` [ RunTime:0.0030s ]
SQL: SELECT * FROM `ym_activity` WHERE ( guid = "79B3BF3764940EFD3FCA34677C84A1AA" ) LIMIT 1   [ RunTime:0.0030s ]
SQL: SHOW COLUMNS FROM `ym_user_device` [ RunTime:0.0020s ]
SQL: SELECT * FROM `ym_user_device` WHERE `token` = 'A221602279B8E52AA51D904103E1E24D' LIMIT 1   [ RunTime:0.0020s ]
SQL: SHOW COLUMNS FROM `ym_activity_subject` [ RunTime:0.0030s ]
SQL: SELECT * FROM `ym_activity_subject` WHERE ( guid = "95CEC0849FC0CF2F3CAF2C124DCF7455" ) LIMIT 1   [ RunTime:0.0030s ]
SQL: SHOW COLUMNS FROM `ym_org` [ RunTime:0.0030s ]
SQL: SELECT `guid`,`name` FROM `ym_org` WHERE ( guid = "A221602279B8E52AA51D904103E1E24D" ) LIMIT 1   [ RunTime:0.0020s ]
SQL: SHOW COLUMNS FROM `ym_activity_browse` [ RunTime:0.0020s ]
SQL: SELECT * FROM `ym_activity_browse` WHERE `activity_guid` = '79B3BF3764940EFD3FCA34677C84A1AA' AND `user_guid` = 'outside_user_CDAD3CD5F84B73077406D87F2A22FEF4' LIMIT 1   [ RunTime:0.0050s ]
SQL: INSERT INTO `ym_activity_browse` (`guid`,`activity_guid`,`user_guid`,`org_guid`,`created_at`) VALUES ('CA9CC6B433BBBAA7E3D12208A3FED889','79B3BF3764940EFD3FCA34677C84A1AA','outside_user_CDAD3CD5F84B73077406D87F2A22FEF4','A221602279B8E52AA51D904103E1E24D','1428387136') [ RunTime:0.0020s ]
SQL: SHOW COLUMNS FROM `ym_statistic_view` [ RunTime:0.0020s ]
SQL: SELECT COUNT(*) AS tp_count FROM `ym_statistic_view` WHERE `obj_guid` = '79B3BF3764940EFD3FCA34677C84A1AA' AND `obj_type` = 1 LIMIT 1   [ RunTime:0.0020s ]
SQL: INSERT INTO `ym_statistic_view` (`guid`,`obj_guid`,`obj_type`,`user_guid`,`created_at`,`updated_at`) VALUES ('E487B0AD521D6B1F2BB471296B873564','79B3BF3764940EFD3FCA34677C84A1AA','4','outside_user_CDAD3CD5F84B73077406D87F2A22FEF4','1428387136','1428387136') [ RunTime:0.0030s ]
SQL: SHOW COLUMNS FROM `ym_statistic_like` [ RunTime:0.0030s ]
SQL: SELECT COUNT(*) AS tp_count FROM `ym_statistic_like` WHERE `obj_guid` = '79B3BF3764940EFD3FCA34677C84A1AA' AND `obj_type` = 1 AND `is_like` = 1 LIMIT 1   [ RunTime:0.0020s ]
SQL: SELECT COUNT(*) AS tp_count FROM `ym_statistic_like` WHERE `obj_guid` = '79B3BF3764940EFD3FCA34677C84A1AA' AND `obj_type` = 1 AND `is_like` = 1 AND `user_guid` = 'outside_user_CDAD3CD5F84B73077406D87F2A22FEF4' LIMIT 1   [ RunTime:0.0020s ]
SQL: SHOW COLUMNS FROM `ym_activity_signup` [ RunTime:0.0020s ]
SQL: SELECT * FROM `ym_activity_signup` WHERE `activity_guid` = '79B3BF3764940EFD3FCA34677C84A1AA' LIMIT 1   [ RunTime:0.0040s ]
SQL: SHOW COLUMNS FROM `ym_activity_signup_form_build` [ RunTime:0.0020s ]
SQL: SELECT * FROM `ym_activity_signup_form_build` WHERE `signup_guid` = '4983C3213C2DA26C19A1A1C80DDEAEE0' AND `is_del` = 0  [ RunTime:0.0020s ]
SQL: SHOW COLUMNS FROM `ym_activity_signup_userinfo` [ RunTime:0.0020s ]
SQL: SELECT COUNT(*) AS tp_count FROM `ym_activity_signup_userinfo` WHERE `activity_guid` = '79B3BF3764940EFD3FCA34677C84A1AA' AND `is_del` = 0 LIMIT 1   [ RunTime:0.0020s ]
SQL: SHOW COLUMNS FROM `ym_activity_attr_ticket` [ RunTime:0.0030s ]
SQL: SELECT SUM(num) as total FROM `ym_activity_attr_ticket` WHERE `activity_guid` = '79B3BF3764940EFD3FCA34677C84A1AA' AND `is_del` = 0 AND `is_for_sale` = 1 LIMIT 1   [ RunTime:0.0010s ]
SQL: SELECT COUNT(*) AS tp_count FROM `ym_activity_signup_userinfo` WHERE `activity_guid` = '79B3BF3764940EFD3FCA34677C84A1AA' AND `is_del` = 0 LIMIT 1   [ RunTime:0.0020s ]
SQL: SELECT `guid`,`num`,`name` FROM `ym_activity_attr_ticket` WHERE `activity_guid` = '79B3BF3764940EFD3FCA34677C84A1AA' AND `is_del` = 0 AND `is_for_sale` = 1  [ RunTime:0.0010s ]
SQL: SHOW COLUMNS FROM `ym_activity_user_ticket` [ RunTime:0.0020s ]
SQL: SELECT COUNT(*) AS tp_count FROM `ym_activity_user_ticket` WHERE `ticket_guid` = '669919B481FAFC1AC2B71560103000AA' AND `status` = 2 AND `is_del` = 0 LIMIT 1   [ RunTime:0.0020s ]
SQL: SELECT COUNT(*) AS tp_count FROM `ym_activity_user_ticket` WHERE `ticket_guid` = '22187E86A20C103299DC87DA144C8552' AND `status` = 2 AND `is_del` = 0 LIMIT 1   [ RunTime:0.0020s ]
SQL: SELECT COUNT(*) AS tp_count FROM `ym_activity_user_ticket` WHERE `ticket_guid` = '10182994AF6AC4E9126BB7832F5460BF' AND `status` = 2 AND `is_del` = 0 LIMIT 1   [ RunTime:0.0010s ]
SQL: SHOW COLUMNS FROM `ym_activity_signup_userinfo` [ RunTime:0.0020s ]
SQL: SELECT COUNT(*) AS tp_count FROM `ym_activity_signup_userinfo` WHERE `signup_guid` = '4983C3213C2DA26C19A1A1C80DDEAEE0' AND `user_guid` = 'outside_user_CDAD3CD5F84B73077406D87F2A22FEF4' LIMIT 1   [ RunTime:0.0020s ]
SQL: SHOW COLUMNS FROM `ym_activity_attr_undertaker` [ RunTime:0.0020s ]
SQL: SELECT * FROM `ym_activity_attr_undertaker` WHERE `activity_guid` = '79B3BF3764940EFD3FCA34677C84A1AA' AND `is_del` = 0 ORDER BY id asc  [ RunTime:0.0020s ]
SQL: SHOW COLUMNS FROM `ym_activity_attr_flow` [ RunTime:0.0020s ]
SQL: SELECT * FROM `ym_activity_attr_flow` WHERE `activity_guid` = '79B3BF3764940EFD3FCA34677C84A1AA' AND `is_del` = 0 ORDER BY id asc  [ RunTime:0.0020s ]
SQL: SELECT * FROM `ym_activity_signup_userinfo` WHERE ( activity_guid='79B3BF3764940EFD3FCA34677C84A1AA' and is_del=0 ) ORDER BY updated_at DESC LIMIT 0,10   [ RunTime:0.0030s ]
SQL: SELECT COUNT(*) AS tp_count FROM `ym_activity_signup_userinfo` WHERE ( activity_guid='79B3BF3764940EFD3FCA34677C84A1AA' and is_del=0 ) LIMIT 1   [ RunTime:0.0010s ]
SQL: SELECT COUNT(*) AS tp_count FROM `ym_activity_signup_userinfo` WHERE ( activity_guid='79B3BF3764940EFD3FCA34677C84A1AA' and is_del=0 ) LIMIT 1   [ RunTime:0.0020s ]

[ 2015-04-07T14:12:25+08:00 ] 127.0.0.1 /mobile/activity/view/aid/79B3BF3764940EFD3FCA34677C84A1AA/token/A221602279B8E52AA51D904103E1E24D
INFO: [ app_init ] --START--
INFO: Run Behavior\BuildLiteBehavior [ RunTime:0.001000s ]
INFO: [ app_init ] --END-- [ RunTime:0.004000s ]
SQL: SHOW COLUMNS FROM `ym_activity` [ RunTime:0.0020s ]
SQL: SELECT * FROM `ym_activity` WHERE ( guid = "79B3BF3764940EFD3FCA34677C84A1AA" ) LIMIT 1   [ RunTime:0.0020s ]
SQL: SHOW COLUMNS FROM `ym_user_device` [ RunTime:0.0020s ]
SQL: SELECT * FROM `ym_user_device` WHERE `token` = 'A221602279B8E52AA51D904103E1E24D' LIMIT 1   [ RunTime:0.0020s ]
SQL: SHOW COLUMNS FROM `ym_activity_subject` [ RunTime:0.0020s ]
SQL: SELECT * FROM `ym_activity_subject` WHERE ( guid = "95CEC0849FC0CF2F3CAF2C124DCF7455" ) LIMIT 1   [ RunTime:0.0020s ]
SQL: SHOW COLUMNS FROM `ym_org` [ RunTime:0.0030s ]
SQL: SELECT `guid`,`name` FROM `ym_org` WHERE ( guid = "A221602279B8E52AA51D904103E1E24D" ) LIMIT 1   [ RunTime:0.0020s ]
SQL: SHOW COLUMNS FROM `ym_activity_browse` [ RunTime:0.0020s ]
SQL: SELECT * FROM `ym_activity_browse` WHERE `activity_guid` = '79B3BF3764940EFD3FCA34677C84A1AA' AND `user_guid` = 'outside_user_CDAD3CD5F84B73077406D87F2A22FEF4' LIMIT 1   [ RunTime:0.0020s ]
SQL: INSERT INTO `ym_activity_browse` (`guid`,`activity_guid`,`user_guid`,`org_guid`,`created_at`) VALUES ('2F82BB51BD2260EDC34EC61F7C5C2C41','79B3BF3764940EFD3FCA34677C84A1AA','outside_user_CDAD3CD5F84B73077406D87F2A22FEF4','A221602279B8E52AA51D904103E1E24D','1428387145') [ RunTime:0.0020s ]
SQL: SHOW COLUMNS FROM `ym_statistic_view` [ RunTime:0.0020s ]
SQL: SELECT COUNT(*) AS tp_count FROM `ym_statistic_view` WHERE `obj_guid` = '79B3BF3764940EFD3FCA34677C84A1AA' AND `obj_type` = 1 LIMIT 1   [ RunTime:0.0020s ]
SQL: INSERT INTO `ym_statistic_view` (`guid`,`obj_guid`,`obj_type`,`user_guid`,`created_at`,`updated_at`) VALUES ('6B59BC9ABD87C6123482254C80C25E9A','79B3BF3764940EFD3FCA34677C84A1AA','4','outside_user_CDAD3CD5F84B73077406D87F2A22FEF4','1428387145','1428387145') [ RunTime:0.0020s ]
SQL: SHOW COLUMNS FROM `ym_statistic_like` [ RunTime:0.0020s ]
SQL: SELECT COUNT(*) AS tp_count FROM `ym_statistic_like` WHERE `obj_guid` = '79B3BF3764940EFD3FCA34677C84A1AA' AND `obj_type` = 1 AND `is_like` = 1 LIMIT 1   [ RunTime:0.0010s ]
SQL: SELECT COUNT(*) AS tp_count FROM `ym_statistic_like` WHERE `obj_guid` = '79B3BF3764940EFD3FCA34677C84A1AA' AND `obj_type` = 1 AND `is_like` = 1 AND `user_guid` = 'outside_user_CDAD3CD5F84B73077406D87F2A22FEF4' LIMIT 1   [ RunTime:0.0020s ]
SQL: SHOW COLUMNS FROM `ym_activity_signup` [ RunTime:0.0020s ]
SQL: SELECT * FROM `ym_activity_signup` WHERE `activity_guid` = '79B3BF3764940EFD3FCA34677C84A1AA' LIMIT 1   [ RunTime:0.0030s ]
SQL: SHOW COLUMNS FROM `ym_activity_signup_form_build` [ RunTime:0.0020s ]
SQL: SELECT * FROM `ym_activity_signup_form_build` WHERE `signup_guid` = '4983C3213C2DA26C19A1A1C80DDEAEE0' AND `is_del` = 0  [ RunTime:0.0030s ]
SQL: SHOW COLUMNS FROM `ym_activity_signup_userinfo` [ RunTime:0.0020s ]
SQL: SELECT COUNT(*) AS tp_count FROM `ym_activity_signup_userinfo` WHERE `activity_guid` = '79B3BF3764940EFD3FCA34677C84A1AA' AND `is_del` = 0 LIMIT 1   [ RunTime:0.0020s ]
SQL: SHOW COLUMNS FROM `ym_activity_attr_ticket` [ RunTime:0.0020s ]
SQL: SELECT SUM(num) as total FROM `ym_activity_attr_ticket` WHERE `activity_guid` = '79B3BF3764940EFD3FCA34677C84A1AA' AND `is_del` = 0 AND `is_for_sale` = 1 LIMIT 1   [ RunTime:0.0010s ]
SQL: SELECT COUNT(*) AS tp_count FROM `ym_activity_signup_userinfo` WHERE `activity_guid` = '79B3BF3764940EFD3FCA34677C84A1AA' AND `is_del` = 0 LIMIT 1   [ RunTime:0.0020s ]
SQL: SELECT `guid`,`num`,`name` FROM `ym_activity_attr_ticket` WHERE `activity_guid` = '79B3BF3764940EFD3FCA34677C84A1AA' AND `is_del` = 0 AND `is_for_sale` = 1  [ RunTime:0.0010s ]
SQL: SHOW COLUMNS FROM `ym_activity_user_ticket` [ RunTime:0.0020s ]
SQL: SELECT COUNT(*) AS tp_count FROM `ym_activity_user_ticket` WHERE `ticket_guid` = '669919B481FAFC1AC2B71560103000AA' AND `status` = 2 AND `is_del` = 0 LIMIT 1   [ RunTime:0.0010s ]
SQL: SELECT COUNT(*) AS tp_count FROM `ym_activity_user_ticket` WHERE `ticket_guid` = '22187E86A20C103299DC87DA144C8552' AND `status` = 2 AND `is_del` = 0 LIMIT 1   [ RunTime:0.0010s ]
SQL: SELECT COUNT(*) AS tp_count FROM `ym_activity_user_ticket` WHERE `ticket_guid` = '10182994AF6AC4E9126BB7832F5460BF' AND `status` = 2 AND `is_del` = 0 LIMIT 1   [ RunTime:0.0010s ]
SQL: SHOW COLUMNS FROM `ym_activity_signup_userinfo` [ RunTime:0.0020s ]
SQL: SELECT COUNT(*) AS tp_count FROM `ym_activity_signup_userinfo` WHERE `signup_guid` = '4983C3213C2DA26C19A1A1C80DDEAEE0' AND `user_guid` = 'outside_user_CDAD3CD5F84B73077406D87F2A22FEF4' LIMIT 1   [ RunTime:0.0020s ]
SQL: SHOW COLUMNS FROM `ym_activity_attr_undertaker` [ RunTime:0.0020s ]
SQL: SELECT * FROM `ym_activity_attr_undertaker` WHERE `activity_guid` = '79B3BF3764940EFD3FCA34677C84A1AA' AND `is_del` = 0 ORDER BY id asc  [ RunTime:0.0020s ]
SQL: SHOW COLUMNS FROM `ym_activity_attr_flow` [ RunTime:0.0020s ]
SQL: SELECT * FROM `ym_activity_attr_flow` WHERE `activity_guid` = '79B3BF3764940EFD3FCA34677C84A1AA' AND `is_del` = 0 ORDER BY id asc  [ RunTime:0.0020s ]
SQL: SELECT * FROM `ym_activity_signup_userinfo` WHERE ( activity_guid='79B3BF3764940EFD3FCA34677C84A1AA' and is_del=0 ) ORDER BY updated_at DESC LIMIT 0,10   [ RunTime:0.0030s ]
SQL: SELECT COUNT(*) AS tp_count FROM `ym_activity_signup_userinfo` WHERE ( activity_guid='79B3BF3764940EFD3FCA34677C84A1AA' and is_del=0 ) LIMIT 1   [ RunTime:0.0010s ]
SQL: SELECT COUNT(*) AS tp_count FROM `ym_activity_signup_userinfo` WHERE ( activity_guid='79B3BF3764940EFD3FCA34677C84A1AA' and is_del=0 ) LIMIT 1   [ RunTime:0.0010s ]

[ 2015-04-07T14:15:43+08:00 ] 127.0.0.1 /mobile/activity/view/aid/79B3BF3764940EFD3FCA34677C84A1AA/token/A221602279B8E52AA51D904103E1E24D
INFO: [ app_init ] --START--
INFO: Run Behavior\BuildLiteBehavior [ RunTime:0.000000s ]
INFO: [ app_init ] --END-- [ RunTime:0.003000s ]
SQL: SHOW COLUMNS FROM `ym_activity` [ RunTime:0.0030s ]
SQL: SELECT * FROM `ym_activity` WHERE ( guid = "79B3BF3764940EFD3FCA34677C84A1AA" ) LIMIT 1   [ RunTime:0.0030s ]
SQL: SHOW COLUMNS FROM `ym_user_device` [ RunTime:0.0030s ]
SQL: SELECT * FROM `ym_user_device` WHERE `token` = 'A221602279B8E52AA51D904103E1E24D' LIMIT 1   [ RunTime:0.0030s ]
SQL: SHOW COLUMNS FROM `ym_activity_subject` [ RunTime:0.0060s ]
SQL: SELECT * FROM `ym_activity_subject` WHERE ( guid = "95CEC0849FC0CF2F3CAF2C124DCF7455" ) LIMIT 1   [ RunTime:0.0020s ]
SQL: SHOW COLUMNS FROM `ym_org` [ RunTime:0.0040s ]
SQL: SELECT `guid`,`name` FROM `ym_org` WHERE ( guid = "A221602279B8E52AA51D904103E1E24D" ) LIMIT 1   [ RunTime:0.0020s ]
SQL: SHOW COLUMNS FROM `ym_activity_browse` [ RunTime:0.0020s ]
SQL: SELECT * FROM `ym_activity_browse` WHERE `activity_guid` = '79B3BF3764940EFD3FCA34677C84A1AA' AND `user_guid` = 'outside_user_CDAD3CD5F84B73077406D87F2A22FEF4' LIMIT 1   [ RunTime:0.0020s ]
SQL: INSERT INTO `ym_activity_browse` (`guid`,`activity_guid`,`user_guid`,`org_guid`,`created_at`) VALUES ('D1931C1B0E3F4F94A72CE4636DFEA1DE','79B3BF3764940EFD3FCA34677C84A1AA','outside_user_CDAD3CD5F84B73077406D87F2A22FEF4','A221602279B8E52AA51D904103E1E24D','1428387343') [ RunTime:0.0020s ]
SQL: SHOW COLUMNS FROM `ym_statistic_view` [ RunTime:0.0020s ]
SQL: SELECT COUNT(*) AS tp_count FROM `ym_statistic_view` WHERE `obj_guid` = '79B3BF3764940EFD3FCA34677C84A1AA' AND `obj_type` = 1 LIMIT 1   [ RunTime:0.0020s ]
SQL: INSERT INTO `ym_statistic_view` (`guid`,`obj_guid`,`obj_type`,`user_guid`,`created_at`,`updated_at`) VALUES ('A445EB34FE840F51C32DFFC38755CAFE','79B3BF3764940EFD3FCA34677C84A1AA','4','outside_user_CDAD3CD5F84B73077406D87F2A22FEF4','1428387343','1428387343') [ RunTime:0.0030s ]
SQL: SHOW COLUMNS FROM `ym_statistic_like` [ RunTime:0.0020s ]
SQL: SELECT COUNT(*) AS tp_count FROM `ym_statistic_like` WHERE `obj_guid` = '79B3BF3764940EFD3FCA34677C84A1AA' AND `obj_type` = 1 AND `is_like` = 1 LIMIT 1   [ RunTime:0.0020s ]
SQL: SELECT COUNT(*) AS tp_count FROM `ym_statistic_like` WHERE `obj_guid` = '79B3BF3764940EFD3FCA34677C84A1AA' AND `obj_type` = 1 AND `is_like` = 1 AND `user_guid` = 'outside_user_CDAD3CD5F84B73077406D87F2A22FEF4' LIMIT 1   [ RunTime:0.0030s ]
SQL: SHOW COLUMNS FROM `ym_activity_signup` [ RunTime:0.0020s ]
SQL: SELECT * FROM `ym_activity_signup` WHERE `activity_guid` = '79B3BF3764940EFD3FCA34677C84A1AA' LIMIT 1   [ RunTime:0.0030s ]
SQL: SHOW COLUMNS FROM `ym_activity_signup_form_build` [ RunTime:0.0020s ]
SQL: SELECT * FROM `ym_activity_signup_form_build` WHERE `signup_guid` = '4983C3213C2DA26C19A1A1C80DDEAEE0' AND `is_del` = 0  [ RunTime:0.0020s ]
SQL: SHOW COLUMNS FROM `ym_activity_signup_userinfo` [ RunTime:0.0020s ]
SQL: SELECT COUNT(*) AS tp_count FROM `ym_activity_signup_userinfo` WHERE `activity_guid` = '79B3BF3764940EFD3FCA34677C84A1AA' AND `is_del` = 0 LIMIT 1   [ RunTime:0.0020s ]
SQL: SHOW COLUMNS FROM `ym_activity_attr_ticket` [ RunTime:0.0020s ]
SQL: SELECT SUM(num) as total FROM `ym_activity_attr_ticket` WHERE `activity_guid` = '79B3BF3764940EFD3FCA34677C84A1AA' AND `is_del` = 0 AND `is_for_sale` = 1 LIMIT 1   [ RunTime:0.0020s ]
SQL: SELECT COUNT(*) AS tp_count FROM `ym_activity_signup_userinfo` WHERE `activity_guid` = '79B3BF3764940EFD3FCA34677C84A1AA' AND `is_del` = 0 LIMIT 1   [ RunTime:0.0010s ]
SQL: SELECT `guid`,`num`,`name` FROM `ym_activity_attr_ticket` WHERE `activity_guid` = '79B3BF3764940EFD3FCA34677C84A1AA' AND `is_del` = 0 AND `is_for_sale` = 1  [ RunTime:0.0020s ]
SQL: SHOW COLUMNS FROM `ym_activity_user_ticket` [ RunTime:0.0030s ]
SQL: SELECT COUNT(*) AS tp_count FROM `ym_activity_user_ticket` WHERE `ticket_guid` = '669919B481FAFC1AC2B71560103000AA' AND `status` = 2 AND `is_del` = 0 LIMIT 1   [ RunTime:0.2110s ]
SQL: SELECT COUNT(*) AS tp_count FROM `ym_activity_user_ticket` WHERE `ticket_guid` = '22187E86A20C103299DC87DA144C8552' AND `status` = 2 AND `is_del` = 0 LIMIT 1   [ RunTime:0.0010s ]
SQL: SELECT COUNT(*) AS tp_count FROM `ym_activity_user_ticket` WHERE `ticket_guid` = '10182994AF6AC4E9126BB7832F5460BF' AND `status` = 2 AND `is_del` = 0 LIMIT 1   [ RunTime:0.0010s ]
SQL: SHOW COLUMNS FROM `ym_activity_signup_userinfo` [ RunTime:0.0020s ]
SQL: SELECT COUNT(*) AS tp_count FROM `ym_activity_signup_userinfo` WHERE `signup_guid` = '4983C3213C2DA26C19A1A1C80DDEAEE0' AND `user_guid` = 'outside_user_CDAD3CD5F84B73077406D87F2A22FEF4' LIMIT 1   [ RunTime:0.0030s ]
SQL: SHOW COLUMNS FROM `ym_activity_attr_undertaker` [ RunTime:0.0050s ]
SQL: SELECT * FROM `ym_activity_attr_undertaker` WHERE `activity_guid` = '79B3BF3764940EFD3FCA34677C84A1AA' AND `is_del` = 0 ORDER BY id asc  [ RunTime:0.0020s ]
SQL: SHOW COLUMNS FROM `ym_activity_attr_flow` [ RunTime:0.0020s ]
SQL: SELECT * FROM `ym_activity_attr_flow` WHERE `activity_guid` = '79B3BF3764940EFD3FCA34677C84A1AA' AND `is_del` = 0 ORDER BY id asc  [ RunTime:0.0020s ]
SQL: SELECT * FROM `ym_activity_signup_userinfo` WHERE ( activity_guid='79B3BF3764940EFD3FCA34677C84A1AA' and is_del=0 ) ORDER BY updated_at DESC LIMIT 0,10   [ RunTime:0.0020s ]
SQL: SELECT COUNT(*) AS tp_count FROM `ym_activity_signup_userinfo` WHERE ( activity_guid='79B3BF3764940EFD3FCA34677C84A1AA' and is_del=0 ) LIMIT 1   [ RunTime:0.0020s ]
SQL: SELECT COUNT(*) AS tp_count FROM `ym_activity_signup_userinfo` WHERE ( activity_guid='79B3BF3764940EFD3FCA34677C84A1AA' and is_del=0 ) LIMIT 1   [ RunTime:0.0010s ]

[ 2015-04-07T14:15:57+08:00 ] 127.0.0.1 /mobile/activity/view/aid/79B3BF3764940EFD3FCA34677C84A1AA/token/A221602279B8E52AA51D904103E1E24D
INFO: [ app_init ] --START--
INFO: Run Behavior\BuildLiteBehavior [ RunTime:0.000000s ]
INFO: [ app_init ] --END-- [ RunTime:0.002000s ]
SQL: SHOW COLUMNS FROM `ym_activity` [ RunTime:0.2030s ]
SQL: SELECT * FROM `ym_activity` WHERE ( guid = "79B3BF3764940EFD3FCA34677C84A1AA" ) LIMIT 1   [ RunTime:0.0030s ]
SQL: SHOW COLUMNS FROM `ym_user_device` [ RunTime:0.0020s ]
SQL: SELECT * FROM `ym_user_device` WHERE `token` = 'A221602279B8E52AA51D904103E1E24D' LIMIT 1   [ RunTime:0.0020s ]
SQL: SHOW COLUMNS FROM `ym_activity_subject` [ RunTime:0.0020s ]
SQL: SELECT * FROM `ym_activity_subject` WHERE ( guid = "95CEC0849FC0CF2F3CAF2C124DCF7455" ) LIMIT 1   [ RunTime:0.0020s ]
SQL: SHOW COLUMNS FROM `ym_org` [ RunTime:0.0030s ]
SQL: SELECT `guid`,`name` FROM `ym_org` WHERE ( guid = "A221602279B8E52AA51D904103E1E24D" ) LIMIT 1   [ RunTime:0.0020s ]
SQL: SHOW COLUMNS FROM `ym_activity_browse` [ RunTime:0.0020s ]
SQL: SELECT * FROM `ym_activity_browse` WHERE `activity_guid` = '79B3BF3764940EFD3FCA34677C84A1AA' AND `user_guid` = 'outside_user_CDAD3CD5F84B73077406D87F2A22FEF4' LIMIT 1   [ RunTime:0.0030s ]
SQL: INSERT INTO `ym_activity_browse` (`guid`,`activity_guid`,`user_guid`,`org_guid`,`created_at`) VALUES ('EDA33AC53856806B4A62BCCDCE4072CC','79B3BF3764940EFD3FCA34677C84A1AA','outside_user_CDAD3CD5F84B73077406D87F2A22FEF4','A221602279B8E52AA51D904103E1E24D','1428387357') [ RunTime:0.0060s ]
SQL: SHOW COLUMNS FROM `ym_statistic_view` [ RunTime:0.0020s ]
SQL: SELECT COUNT(*) AS tp_count FROM `ym_statistic_view` WHERE `obj_guid` = '79B3BF3764940EFD3FCA34677C84A1AA' AND `obj_type` = 1 LIMIT 1   [ RunTime:0.0020s ]
SQL: INSERT INTO `ym_statistic_view` (`guid`,`obj_guid`,`obj_type`,`user_guid`,`created_at`,`updated_at`) VALUES ('28252F0A1215586B62F22D68C8340E32','79B3BF3764940EFD3FCA34677C84A1AA','4','outside_user_CDAD3CD5F84B73077406D87F2A22FEF4','1428387357','1428387357') [ RunTime:0.0020s ]
SQL: SHOW COLUMNS FROM `ym_statistic_like` [ RunTime:0.0020s ]
SQL: SELECT COUNT(*) AS tp_count FROM `ym_statistic_like` WHERE `obj_guid` = '79B3BF3764940EFD3FCA34677C84A1AA' AND `obj_type` = 1 AND `is_like` = 1 LIMIT 1   [ RunTime:0.0020s ]
SQL: SELECT COUNT(*) AS tp_count FROM `ym_statistic_like` WHERE `obj_guid` = '79B3BF3764940EFD3FCA34677C84A1AA' AND `obj_type` = 1 AND `is_like` = 1 AND `user_guid` = 'outside_user_CDAD3CD5F84B73077406D87F2A22FEF4' LIMIT 1   [ RunTime:0.0020s ]
SQL: SHOW COLUMNS FROM `ym_activity_signup` [ RunTime:0.0020s ]
SQL: SELECT * FROM `ym_activity_signup` WHERE `activity_guid` = '79B3BF3764940EFD3FCA34677C84A1AA' LIMIT 1   [ RunTime:0.0040s ]
SQL: SHOW COLUMNS FROM `ym_activity_signup_form_build` [ RunTime:0.0030s ]
SQL: SELECT * FROM `ym_activity_signup_form_build` WHERE `signup_guid` = '4983C3213C2DA26C19A1A1C80DDEAEE0' AND `is_del` = 0  [ RunTime:0.0020s ]
SQL: SHOW COLUMNS FROM `ym_activity_signup_userinfo` [ RunTime:0.0030s ]
SQL: SELECT COUNT(*) AS tp_count FROM `ym_activity_signup_userinfo` WHERE `activity_guid` = '79B3BF3764940EFD3FCA34677C84A1AA' AND `is_del` = 0 LIMIT 1   [ RunTime:0.0020s ]
SQL: SHOW COLUMNS FROM `ym_activity_attr_ticket` [ RunTime:0.0020s ]
SQL: SELECT SUM(num) as total FROM `ym_activity_attr_ticket` WHERE `activity_guid` = '79B3BF3764940EFD3FCA34677C84A1AA' AND `is_del` = 0 AND `is_for_sale` = 1 LIMIT 1   [ RunTime:0.0010s ]
SQL: SELECT COUNT(*) AS tp_count FROM `ym_activity_signup_userinfo` WHERE `activity_guid` = '79B3BF3764940EFD3FCA34677C84A1AA' AND `is_del` = 0 LIMIT 1   [ RunTime:0.0010s ]
SQL: SELECT `guid`,`num`,`name` FROM `ym_activity_attr_ticket` WHERE `activity_guid` = '79B3BF3764940EFD3FCA34677C84A1AA' AND `is_del` = 0 AND `is_for_sale` = 1  [ RunTime:0.0020s ]
SQL: SHOW COLUMNS FROM `ym_activity_user_ticket` [ RunTime:0.0020s ]
SQL: SELECT COUNT(*) AS tp_count FROM `ym_activity_user_ticket` WHERE `ticket_guid` = '669919B481FAFC1AC2B71560103000AA' AND `status` = 2 AND `is_del` = 0 LIMIT 1   [ RunTime:0.0020s ]
SQL: SELECT COUNT(*) AS tp_count FROM `ym_activity_user_ticket` WHERE `ticket_guid` = '22187E86A20C103299DC87DA144C8552' AND `status` = 2 AND `is_del` = 0 LIMIT 1   [ RunTime:0.0020s ]
SQL: SELECT COUNT(*) AS tp_count FROM `ym_activity_user_ticket` WHERE `ticket_guid` = '10182994AF6AC4E9126BB7832F5460BF' AND `status` = 2 AND `is_del` = 0 LIMIT 1   [ RunTime:0.0020s ]
SQL: SHOW COLUMNS FROM `ym_activity_signup_userinfo` [ RunTime:0.0030s ]
SQL: SELECT COUNT(*) AS tp_count FROM `ym_activity_signup_userinfo` WHERE `signup_guid` = '4983C3213C2DA26C19A1A1C80DDEAEE0' AND `user_guid` = 'outside_user_CDAD3CD5F84B73077406D87F2A22FEF4' LIMIT 1   [ RunTime:0.0010s ]
SQL: SHOW COLUMNS FROM `ym_activity_attr_undertaker` [ RunTime:0.0030s ]
SQL: SELECT * FROM `ym_activity_attr_undertaker` WHERE `activity_guid` = '79B3BF3764940EFD3FCA34677C84A1AA' AND `is_del` = 0 ORDER BY id asc  [ RunTime:0.0030s ]
SQL: SHOW COLUMNS FROM `ym_activity_attr_flow` [ RunTime:0.0020s ]
SQL: SELECT * FROM `ym_activity_attr_flow` WHERE `activity_guid` = '79B3BF3764940EFD3FCA34677C84A1AA' AND `is_del` = 0 ORDER BY id asc  [ RunTime:0.0020s ]
SQL: SELECT * FROM `ym_activity_signup_userinfo` WHERE ( activity_guid='79B3BF3764940EFD3FCA34677C84A1AA' and is_del=0 ) ORDER BY updated_at DESC LIMIT 0,10   [ RunTime:0.0040s ]
SQL: SELECT COUNT(*) AS tp_count FROM `ym_activity_signup_userinfo` WHERE ( activity_guid='79B3BF3764940EFD3FCA34677C84A1AA' and is_del=0 ) LIMIT 1   [ RunTime:0.0010s ]
SQL: SELECT COUNT(*) AS tp_count FROM `ym_activity_signup_userinfo` WHERE ( activity_guid='79B3BF3764940EFD3FCA34677C84A1AA' and is_del=0 ) LIMIT 1   [ RunTime:0.0010s ]

[ 2015-04-07T14:16:44+08:00 ] 127.0.0.1 /mobile/activity/view/aid/79B3BF3764940EFD3FCA34677C84A1AA/token/A221602279B8E52AA51D904103E1E24D
INFO: [ app_init ] --START--
INFO: Run Behavior\BuildLiteBehavior [ RunTime:0.000000s ]
INFO: [ app_init ] --END-- [ RunTime:0.003000s ]
SQL: SHOW COLUMNS FROM `ym_activity` [ RunTime:0.0030s ]
SQL: SELECT * FROM `ym_activity` WHERE ( guid = "79B3BF3764940EFD3FCA34677C84A1AA" ) LIMIT 1   [ RunTime:0.0020s ]
SQL: SHOW COLUMNS FROM `ym_user_device` [ RunTime:0.0020s ]
SQL: SELECT * FROM `ym_user_device` WHERE `token` = 'A221602279B8E52AA51D904103E1E24D' LIMIT 1   [ RunTime:0.0020s ]
SQL: SHOW COLUMNS FROM `ym_activity_subject` [ RunTime:0.0020s ]
SQL: SELECT * FROM `ym_activity_subject` WHERE ( guid = "95CEC0849FC0CF2F3CAF2C124DCF7455" ) LIMIT 1   [ RunTime:0.0020s ]
SQL: SHOW COLUMNS FROM `ym_org` [ RunTime:0.0030s ]
SQL: SELECT `guid`,`name` FROM `ym_org` WHERE ( guid = "A221602279B8E52AA51D904103E1E24D" ) LIMIT 1   [ RunTime:0.0010s ]
SQL: SHOW COLUMNS FROM `ym_activity_browse` [ RunTime:0.0020s ]
SQL: SELECT * FROM `ym_activity_browse` WHERE `activity_guid` = '79B3BF3764940EFD3FCA34677C84A1AA' AND `user_guid` = 'outside_user_CDAD3CD5F84B73077406D87F2A22FEF4' LIMIT 1   [ RunTime:0.0020s ]
SQL: INSERT INTO `ym_activity_browse` (`guid`,`activity_guid`,`user_guid`,`org_guid`,`created_at`) VALUES ('152824EA590B44AB68159FF1E2C312A0','79B3BF3764940EFD3FCA34677C84A1AA','outside_user_CDAD3CD5F84B73077406D87F2A22FEF4','A221602279B8E52AA51D904103E1E24D','1428387403') [ RunTime:0.0020s ]
SQL: SHOW COLUMNS FROM `ym_statistic_view` [ RunTime:0.0020s ]
SQL: SELECT COUNT(*) AS tp_count FROM `ym_statistic_view` WHERE `obj_guid` = '79B3BF3764940EFD3FCA34677C84A1AA' AND `obj_type` = 1 LIMIT 1   [ RunTime:0.0020s ]
SQL: INSERT INTO `ym_statistic_view` (`guid`,`obj_guid`,`obj_type`,`user_guid`,`created_at`,`updated_at`) VALUES ('D9AB32BD85973BDA3E4984133CB0B06F','79B3BF3764940EFD3FCA34677C84A1AA','4','outside_user_CDAD3CD5F84B73077406D87F2A22FEF4','1428387403','1428387403') [ RunTime:0.0020s ]
SQL: SHOW COLUMNS FROM `ym_statistic_like` [ RunTime:0.0020s ]
SQL: SELECT COUNT(*) AS tp_count FROM `ym_statistic_like` WHERE `obj_guid` = '79B3BF3764940EFD3FCA34677C84A1AA' AND `obj_type` = 1 AND `is_like` = 1 LIMIT 1   [ RunTime:0.0020s ]
SQL: SELECT COUNT(*) AS tp_count FROM `ym_statistic_like` WHERE `obj_guid` = '79B3BF3764940EFD3FCA34677C84A1AA' AND `obj_type` = 1 AND `is_like` = 1 AND `user_guid` = 'outside_user_CDAD3CD5F84B73077406D87F2A22FEF4' LIMIT 1   [ RunTime:0.0010s ]
SQL: SHOW COLUMNS FROM `ym_activity_signup` [ RunTime:0.0030s ]
SQL: SELECT * FROM `ym_activity_signup` WHERE `activity_guid` = '79B3BF3764940EFD3FCA34677C84A1AA' LIMIT 1   [ RunTime:0.0040s ]
SQL: SHOW COLUMNS FROM `ym_activity_signup_form_build` [ RunTime:0.0020s ]
SQL: SELECT * FROM `ym_activity_signup_form_build` WHERE `signup_guid` = '4983C3213C2DA26C19A1A1C80DDEAEE0' AND `is_del` = 0  [ RunTime:0.0020s ]
SQL: SHOW COLUMNS FROM `ym_activity_signup_userinfo` [ RunTime:0.0030s ]
SQL: SELECT COUNT(*) AS tp_count FROM `ym_activity_signup_userinfo` WHERE `activity_guid` = '79B3BF3764940EFD3FCA34677C84A1AA' AND `is_del` = 0 LIMIT 1   [ RunTime:0.0020s ]
SQL: SHOW COLUMNS FROM `ym_activity_attr_ticket` [ RunTime:0.0020s ]
SQL: SELECT SUM(num) as total FROM `ym_activity_attr_ticket` WHERE `activity_guid` = '79B3BF3764940EFD3FCA34677C84A1AA' AND `is_del` = 0 AND `is_for_sale` = 1 LIMIT 1   [ RunTime:0.0020s ]
SQL: SELECT COUNT(*) AS tp_count FROM `ym_activity_signup_userinfo` WHERE `activity_guid` = '79B3BF3764940EFD3FCA34677C84A1AA' AND `is_del` = 0 LIMIT 1   [ RunTime:0.0020s ]
SQL: SELECT `guid`,`num`,`name` FROM `ym_activity_attr_ticket` WHERE `activity_guid` = '79B3BF3764940EFD3FCA34677C84A1AA' AND `is_del` = 0 AND `is_for_sale` = 1  [ RunTime:0.0020s ]
SQL: SHOW COLUMNS FROM `ym_activity_user_ticket` [ RunTime:0.0030s ]
SQL: SELECT COUNT(*) AS tp_count FROM `ym_activity_user_ticket` WHERE `ticket_guid` = '669919B481FAFC1AC2B71560103000AA' AND `status` = 2 AND `is_del` = 0 LIMIT 1   [ RunTime:0.0020s ]
SQL: SELECT COUNT(*) AS tp_count FROM `ym_activity_user_ticket` WHERE `ticket_guid` = '22187E86A20C103299DC87DA144C8552' AND `status` = 2 AND `is_del` = 0 LIMIT 1   [ RunTime:0.0020s ]
SQL: SELECT COUNT(*) AS tp_count FROM `ym_activity_user_ticket` WHERE `ticket_guid` = '10182994AF6AC4E9126BB7832F5460BF' AND `status` = 2 AND `is_del` = 0 LIMIT 1   [ RunTime:0.0020s ]
SQL: SHOW COLUMNS FROM `ym_activity_signup_userinfo` [ RunTime:0.0030s ]
SQL: SELECT COUNT(*) AS tp_count FROM `ym_activity_signup_userinfo` WHERE `signup_guid` = '4983C3213C2DA26C19A1A1C80DDEAEE0' AND `user_guid` = 'outside_user_CDAD3CD5F84B73077406D87F2A22FEF4' LIMIT 1   [ RunTime:0.0020s ]
SQL: SHOW COLUMNS FROM `ym_activity_attr_undertaker` [ RunTime:0.0020s ]
SQL: SELECT * FROM `ym_activity_attr_undertaker` WHERE `activity_guid` = '79B3BF3764940EFD3FCA34677C84A1AA' AND `is_del` = 0 ORDER BY id asc  [ RunTime:0.0020s ]
SQL: SHOW COLUMNS FROM `ym_activity_attr_flow` [ RunTime:0.0030s ]
SQL: SELECT * FROM `ym_activity_attr_flow` WHERE `activity_guid` = '79B3BF3764940EFD3FCA34677C84A1AA' AND `is_del` = 0 ORDER BY id asc  [ RunTime:0.0020s ]
SQL: SELECT * FROM `ym_activity_signup_userinfo` WHERE ( activity_guid='79B3BF3764940EFD3FCA34677C84A1AA' and is_del=0 ) ORDER BY updated_at DESC LIMIT 0,10   [ RunTime:0.0030s ]
SQL: SELECT COUNT(*) AS tp_count FROM `ym_activity_signup_userinfo` WHERE ( activity_guid='79B3BF3764940EFD3FCA34677C84A1AA' and is_del=0 ) LIMIT 1   [ RunTime:0.0020s ]
SQL: SELECT COUNT(*) AS tp_count FROM `ym_activity_signup_userinfo` WHERE ( activity_guid='79B3BF3764940EFD3FCA34677C84A1AA' and is_del=0 ) LIMIT 1   [ RunTime:0.0010s ]

[ 2015-04-07T14:16:53+08:00 ] 127.0.0.1 /mobile/activity/view/aid/79B3BF3764940EFD3FCA34677C84A1AA/token/A221602279B8E52AA51D904103E1E24D
INFO: [ app_init ] --START--
INFO: Run Behavior\BuildLiteBehavior [ RunTime:0.000000s ]
INFO: [ app_init ] --END-- [ RunTime:0.002000s ]
SQL: SHOW COLUMNS FROM `ym_activity` [ RunTime:0.0030s ]
SQL: SELECT * FROM `ym_activity` WHERE ( guid = "79B3BF3764940EFD3FCA34677C84A1AA" ) LIMIT 1   [ RunTime:0.0020s ]
SQL: SHOW COLUMNS FROM `ym_user_device` [ RunTime:0.0020s ]
SQL: SELECT * FROM `ym_user_device` WHERE `token` = 'A221602279B8E52AA51D904103E1E24D' LIMIT 1   [ RunTime:0.0020s ]
SQL: SHOW COLUMNS FROM `ym_activity_subject` [ RunTime:0.0030s ]
SQL: SELECT * FROM `ym_activity_subject` WHERE ( guid = "95CEC0849FC0CF2F3CAF2C124DCF7455" ) LIMIT 1   [ RunTime:0.0020s ]
SQL: SHOW COLUMNS FROM `ym_org` [ RunTime:0.0030s ]
SQL: SELECT `guid`,`name` FROM `ym_org` WHERE ( guid = "A221602279B8E52AA51D904103E1E24D" ) LIMIT 1   [ RunTime:0.0020s ]
SQL: SHOW COLUMNS FROM `ym_activity_browse` [ RunTime:0.0020s ]
SQL: SELECT * FROM `ym_activity_browse` WHERE `activity_guid` = '79B3BF3764940EFD3FCA34677C84A1AA' AND `user_guid` = 'outside_user_CDAD3CD5F84B73077406D87F2A22FEF4' LIMIT 1   [ RunTime:0.0020s ]
SQL: INSERT INTO `ym_activity_browse` (`guid`,`activity_guid`,`user_guid`,`org_guid`,`created_at`) VALUES ('46610FC93471F52EB22B84C7C534852E','79B3BF3764940EFD3FCA34677C84A1AA','outside_user_CDAD3CD5F84B73077406D87F2A22FEF4','A221602279B8E52AA51D904103E1E24D','1428387413') [ RunTime:0.0020s ]
SQL: SHOW COLUMNS FROM `ym_statistic_view` [ RunTime:0.0020s ]
SQL: SELECT COUNT(*) AS tp_count FROM `ym_statistic_view` WHERE `obj_guid` = '79B3BF3764940EFD3FCA34677C84A1AA' AND `obj_type` = 1 LIMIT 1   [ RunTime:0.0030s ]
SQL: INSERT INTO `ym_statistic_view` (`guid`,`obj_guid`,`obj_type`,`user_guid`,`created_at`,`updated_at`) VALUES ('BB2A60AF2D62130FF60365B01BB8F040','79B3BF3764940EFD3FCA34677C84A1AA','4','outside_user_CDAD3CD5F84B73077406D87F2A22FEF4','1428387413','1428387413') [ RunTime:0.0100s ]
SQL: SHOW COLUMNS FROM `ym_statistic_like` [ RunTime:0.0020s ]
SQL: SELECT COUNT(*) AS tp_count FROM `ym_statistic_like` WHERE `obj_guid` = '79B3BF3764940EFD3FCA34677C84A1AA' AND `obj_type` = 1 AND `is_like` = 1 LIMIT 1   [ RunTime:0.0010s ]
SQL: SELECT COUNT(*) AS tp_count FROM `ym_statistic_like` WHERE `obj_guid` = '79B3BF3764940EFD3FCA34677C84A1AA' AND `obj_type` = 1 AND `is_like` = 1 AND `user_guid` = 'outside_user_CDAD3CD5F84B73077406D87F2A22FEF4' LIMIT 1   [ RunTime:0.0020s ]
SQL: SHOW COLUMNS FROM `ym_activity_signup` [ RunTime:0.0020s ]
SQL: SELECT * FROM `ym_activity_signup` WHERE `activity_guid` = '79B3BF3764940EFD3FCA34677C84A1AA' LIMIT 1   [ RunTime:0.0040s ]
SQL: SHOW COLUMNS FROM `ym_activity_signup_form_build` [ RunTime:0.0030s ]
SQL: SELECT * FROM `ym_activity_signup_form_build` WHERE `signup_guid` = '4983C3213C2DA26C19A1A1C80DDEAEE0' AND `is_del` = 0  [ RunTime:0.0030s ]
SQL: SHOW COLUMNS FROM `ym_activity_signup_userinfo` [ RunTime:0.0020s ]
SQL: SELECT COUNT(*) AS tp_count FROM `ym_activity_signup_userinfo` WHERE `activity_guid` = '79B3BF3764940EFD3FCA34677C84A1AA' AND `is_del` = 0 LIMIT 1   [ RunTime:0.0010s ]
SQL: SHOW COLUMNS FROM `ym_activity_attr_ticket` [ RunTime:0.0020s ]
SQL: SELECT SUM(num) as total FROM `ym_activity_attr_ticket` WHERE `activity_guid` = '79B3BF3764940EFD3FCA34677C84A1AA' AND `is_del` = 0 AND `is_for_sale` = 1 LIMIT 1   [ RunTime:0.0010s ]
SQL: SELECT COUNT(*) AS tp_count FROM `ym_activity_signup_userinfo` WHERE `activity_guid` = '79B3BF3764940EFD3FCA34677C84A1AA' AND `is_del` = 0 LIMIT 1   [ RunTime:0.0010s ]
SQL: SELECT `guid`,`num`,`name` FROM `ym_activity_attr_ticket` WHERE `activity_guid` = '79B3BF3764940EFD3FCA34677C84A1AA' AND `is_del` = 0 AND `is_for_sale` = 1  [ RunTime:0.0010s ]
SQL: SHOW COLUMNS FROM `ym_activity_user_ticket` [ RunTime:0.0030s ]
SQL: SELECT COUNT(*) AS tp_count FROM `ym_activity_user_ticket` WHERE `ticket_guid` = '669919B481FAFC1AC2B71560103000AA' AND `status` = 2 AND `is_del` = 0 LIMIT 1   [ RunTime:0.0010s ]
SQL: SELECT COUNT(*) AS tp_count FROM `ym_activity_user_ticket` WHERE `ticket_guid` = '22187E86A20C103299DC87DA144C8552' AND `status` = 2 AND `is_del` = 0 LIMIT 1   [ RunTime:0.0010s ]
SQL: SELECT COUNT(*) AS tp_count FROM `ym_activity_user_ticket` WHERE `ticket_guid` = '10182994AF6AC4E9126BB7832F5460BF' AND `status` = 2 AND `is_del` = 0 LIMIT 1   [ RunTime:0.0020s ]
SQL: SHOW COLUMNS FROM `ym_activity_signup_userinfo` [ RunTime:0.0020s ]
SQL: SELECT COUNT(*) AS tp_count FROM `ym_activity_signup_userinfo` WHERE `signup_guid` = '4983C3213C2DA26C19A1A1C80DDEAEE0' AND `user_guid` = 'outside_user_CDAD3CD5F84B73077406D87F2A22FEF4' LIMIT 1   [ RunTime:0.0010s ]
SQL: SHOW COLUMNS FROM `ym_activity_attr_undertaker` [ RunTime:0.0020s ]
SQL: SELECT * FROM `ym_activity_attr_undertaker` WHERE `activity_guid` = '79B3BF3764940EFD3FCA34677C84A1AA' AND `is_del` = 0 ORDER BY id asc  [ RunTime:0.0020s ]
SQL: SHOW COLUMNS FROM `ym_activity_attr_flow` [ RunTime:0.0020s ]
SQL: SELECT * FROM `ym_activity_attr_flow` WHERE `activity_guid` = '79B3BF3764940EFD3FCA34677C84A1AA' AND `is_del` = 0 ORDER BY id asc  [ RunTime:0.0020s ]
SQL: SELECT * FROM `ym_activity_signup_userinfo` WHERE ( activity_guid='79B3BF3764940EFD3FCA34677C84A1AA' and is_del=0 ) ORDER BY updated_at DESC LIMIT 0,10   [ RunTime:0.0030s ]
SQL: SELECT COUNT(*) AS tp_count FROM `ym_activity_signup_userinfo` WHERE ( activity_guid='79B3BF3764940EFD3FCA34677C84A1AA' and is_del=0 ) LIMIT 1   [ RunTime:0.0010s ]
SQL: SELECT COUNT(*) AS tp_count FROM `ym_activity_signup_userinfo` WHERE ( activity_guid='79B3BF3764940EFD3FCA34677C84A1AA' and is_del=0 ) LIMIT 1   [ RunTime:0.0010s ]

[ 2015-04-07T14:18:59+08:00 ] 127.0.0.1 /mobile/activity/view/aid/79B3BF3764940EFD3FCA34677C84A1AA/token/A221602279B8E52AA51D904103E1E24D
INFO: [ app_init ] --START--
INFO: Run Behavior\BuildLiteBehavior [ RunTime:0.000000s ]
INFO: [ app_init ] --END-- [ RunTime:0.003001s ]
SQL: SHOW COLUMNS FROM `ym_activity` [ RunTime:0.0030s ]
SQL: SELECT * FROM `ym_activity` WHERE ( guid = "79B3BF3764940EFD3FCA34677C84A1AA" ) LIMIT 1   [ RunTime:0.0030s ]
SQL: SHOW COLUMNS FROM `ym_user_device` [ RunTime:0.0020s ]
SQL: SELECT * FROM `ym_user_device` WHERE `token` = 'A221602279B8E52AA51D904103E1E24D' LIMIT 1   [ RunTime:0.0020s ]
SQL: SHOW COLUMNS FROM `ym_activity_subject` [ RunTime:0.0030s ]
SQL: SELECT * FROM `ym_activity_subject` WHERE ( guid = "95CEC0849FC0CF2F3CAF2C124DCF7455" ) LIMIT 1   [ RunTime:0.0020s ]
SQL: SHOW COLUMNS FROM `ym_org` [ RunTime:0.0030s ]
SQL: SELECT `guid`,`name` FROM `ym_org` WHERE ( guid = "A221602279B8E52AA51D904103E1E24D" ) LIMIT 1   [ RunTime:0.0020s ]
SQL: SHOW COLUMNS FROM `ym_activity_browse` [ RunTime:0.0020s ]
SQL: SELECT * FROM `ym_activity_browse` WHERE `activity_guid` = '79B3BF3764940EFD3FCA34677C84A1AA' AND `user_guid` = 'outside_user_CDAD3CD5F84B73077406D87F2A22FEF4' LIMIT 1   [ RunTime:0.0030s ]
SQL: INSERT INTO `ym_activity_browse` (`guid`,`activity_guid`,`user_guid`,`org_guid`,`created_at`) VALUES ('F8C036075EA4016B06E13CC45A2D7140','79B3BF3764940EFD3FCA34677C84A1AA','outside_user_CDAD3CD5F84B73077406D87F2A22FEF4','A221602279B8E52AA51D904103E1E24D','1428387539') [ RunTime:0.0020s ]
SQL: SHOW COLUMNS FROM `ym_statistic_view` [ RunTime:0.0020s ]
SQL: SELECT COUNT(*) AS tp_count FROM `ym_statistic_view` WHERE `obj_guid` = '79B3BF3764940EFD3FCA34677C84A1AA' AND `obj_type` = 1 LIMIT 1   [ RunTime:0.0030s ]
SQL: INSERT INTO `ym_statistic_view` (`guid`,`obj_guid`,`obj_type`,`user_guid`,`created_at`,`updated_at`) VALUES ('10B71EC809F7DAA2610B50E786A00CFF','79B3BF3764940EFD3FCA34677C84A1AA','4','outside_user_CDAD3CD5F84B73077406D87F2A22FEF4','1428387539','1428387539') [ RunTime:0.0030s ]
SQL: SHOW COLUMNS FROM `ym_statistic_like` [ RunTime:0.0020s ]
SQL: SELECT COUNT(*) AS tp_count FROM `ym_statistic_like` WHERE `obj_guid` = '79B3BF3764940EFD3FCA34677C84A1AA' AND `obj_type` = 1 AND `is_like` = 1 LIMIT 1   [ RunTime:0.0020s ]
SQL: SELECT COUNT(*) AS tp_count FROM `ym_statistic_like` WHERE `obj_guid` = '79B3BF3764940EFD3FCA34677C84A1AA' AND `obj_type` = 1 AND `is_like` = 1 AND `user_guid` = 'outside_user_CDAD3CD5F84B73077406D87F2A22FEF4' LIMIT 1   [ RunTime:0.0020s ]
SQL: SHOW COLUMNS FROM `ym_activity_signup` [ RunTime:0.0030s ]
SQL: SELECT * FROM `ym_activity_signup` WHERE `activity_guid` = '79B3BF3764940EFD3FCA34677C84A1AA' LIMIT 1   [ RunTime:0.0030s ]
SQL: SHOW COLUMNS FROM `ym_activity_signup_form_build` [ RunTime:0.0020s ]
SQL: SELECT * FROM `ym_activity_signup_form_build` WHERE `signup_guid` = '4983C3213C2DA26C19A1A1C80DDEAEE0' AND `is_del` = 0  [ RunTime:0.0030s ]
SQL: SHOW COLUMNS FROM `ym_activity_signup_userinfo` [ RunTime:0.0030s ]
SQL: SELECT COUNT(*) AS tp_count FROM `ym_activity_signup_userinfo` WHERE `activity_guid` = '79B3BF3764940EFD3FCA34677C84A1AA' AND `is_del` = 0 LIMIT 1   [ RunTime:0.0030s ]
SQL: SHOW COLUMNS FROM `ym_activity_attr_ticket` [ RunTime:0.0020s ]
SQL: SELECT SUM(num) as total FROM `ym_activity_attr_ticket` WHERE `activity_guid` = '79B3BF3764940EFD3FCA34677C84A1AA' AND `is_del` = 0 AND `is_for_sale` = 1 LIMIT 1   [ RunTime:0.0020s ]
SQL: SELECT COUNT(*) AS tp_count FROM `ym_activity_signup_userinfo` WHERE `activity_guid` = '79B3BF3764940EFD3FCA34677C84A1AA' AND `is_del` = 0 LIMIT 1   [ RunTime:0.0030s ]
SQL: SELECT `guid`,`num`,`name` FROM `ym_activity_attr_ticket` WHERE `activity_guid` = '79B3BF3764940EFD3FCA34677C84A1AA' AND `is_del` = 0 AND `is_for_sale` = 1  [ RunTime:0.0020s ]
SQL: SHOW COLUMNS FROM `ym_activity_user_ticket` [ RunTime:0.0020s ]
SQL: SELECT COUNT(*) AS tp_count FROM `ym_activity_user_ticket` WHERE `ticket_guid` = '669919B481FAFC1AC2B71560103000AA' AND `status` = 2 AND `is_del` = 0 LIMIT 1   [ RunTime:0.0020s ]
SQL: SELECT COUNT(*) AS tp_count FROM `ym_activity_user_ticket` WHERE `ticket_guid` = '22187E86A20C103299DC87DA144C8552' AND `status` = 2 AND `is_del` = 0 LIMIT 1   [ RunTime:0.0020s ]
SQL: SELECT COUNT(*) AS tp_count FROM `ym_activity_user_ticket` WHERE `ticket_guid` = '10182994AF6AC4E9126BB7832F5460BF' AND `status` = 2 AND `is_del` = 0 LIMIT 1   [ RunTime:0.0020s ]
SQL: SHOW COLUMNS FROM `ym_activity_signup_userinfo` [ RunTime:0.0020s ]
SQL: SELECT COUNT(*) AS tp_count FROM `ym_activity_signup_userinfo` WHERE `signup_guid` = '4983C3213C2DA26C19A1A1C80DDEAEE0' AND `user_guid` = 'outside_user_CDAD3CD5F84B73077406D87F2A22FEF4' LIMIT 1   [ RunTime:0.0010s ]
SQL: SHOW COLUMNS FROM `ym_activity_attr_undertaker` [ RunTime:0.0020s ]
SQL: SELECT * FROM `ym_activity_attr_undertaker` WHERE `activity_guid` = '79B3BF3764940EFD3FCA34677C84A1AA' AND `is_del` = 0 ORDER BY id asc  [ RunTime:0.0020s ]
SQL: SHOW COLUMNS FROM `ym_activity_attr_flow` [ RunTime:0.0030s ]
SQL: SELECT * FROM `ym_activity_attr_flow` WHERE `activity_guid` = '79B3BF3764940EFD3FCA34677C84A1AA' AND `is_del` = 0 ORDER BY id asc  [ RunTime:0.0010s ]
SQL: SELECT * FROM `ym_activity_signup_userinfo` WHERE ( activity_guid='79B3BF3764940EFD3FCA34677C84A1AA' and is_del=0 ) ORDER BY updated_at DESC LIMIT 0,10   [ RunTime:0.0030s ]
SQL: SELECT COUNT(*) AS tp_count FROM `ym_activity_signup_userinfo` WHERE ( activity_guid='79B3BF3764940EFD3FCA34677C84A1AA' and is_del=0 ) LIMIT 1   [ RunTime:0.0020s ]
SQL: SELECT COUNT(*) AS tp_count FROM `ym_activity_signup_userinfo` WHERE ( activity_guid='79B3BF3764940EFD3FCA34677C84A1AA' and is_del=0 ) LIMIT 1   [ RunTime:0.0020s ]

[ 2015-04-07T14:21:44+08:00 ] 127.0.0.1 /mobile/activity/view/aid/79B3BF3764940EFD3FCA34677C84A1AA/token/A221602279B8E52AA51D904103E1E24D
INFO: [ app_init ] --START--
INFO: Run Behavior\BuildLiteBehavior [ RunTime:0.002000s ]
INFO: [ app_init ] --END-- [ RunTime:0.004000s ]

[ 2015-04-07T14:22:11+08:00 ] 127.0.0.1 /mobile/activity/view/aid/79B3BF3764940EFD3FCA34677C84A1AA/token/A221602279B8E52AA51D904103E1E24D
INFO: [ app_init ] --START--
INFO: Run Behavior\BuildLiteBehavior [ RunTime:0.000000s ]
INFO: [ app_init ] --END-- [ RunTime:0.001000s ]

[ 2015-04-07T14:28:20+08:00 ] 127.0.0.1 /mobile/activity/view/aid/79B3BF3764940EFD3FCA34677C84A1AA/token/A221602279B8E52AA51D904103E1E24D
INFO: [ app_init ] --START--
INFO: Run Behavior\BuildLiteBehavior [ RunTime:0.000000s ]
INFO: [ app_init ] --END-- [ RunTime:0.002001s ]
SQL: SHOW COLUMNS FROM `ym_activity` [ RunTime:0.0050s ]
SQL: SELECT * FROM `ym_activity` WHERE ( guid = "79B3BF3764940EFD3FCA34677C84A1AA" ) LIMIT 1   [ RunTime:0.0050s ]
SQL: SHOW COLUMNS FROM `ym_user_device` [ RunTime:0.2740s ]
SQL: SELECT * FROM `ym_user_device` WHERE `token` = 'A221602279B8E52AA51D904103E1E24D' LIMIT 1   [ RunTime:0.5270s ]
SQL: SHOW COLUMNS FROM `ym_activity_subject` [ RunTime:0.0170s ]
SQL: SELECT * FROM `ym_activity_subject` WHERE ( guid = "95CEC0849FC0CF2F3CAF2C124DCF7455" ) LIMIT 1   [ RunTime:0.0070s ]
SQL: SHOW COLUMNS FROM `ym_org` [ RunTime:0.0100s ]
SQL: SELECT `guid`,`name` FROM `ym_org` WHERE ( guid = "A221602279B8E52AA51D904103E1E24D" ) LIMIT 1   [ RunTime:0.0030s ]
SQL: SHOW COLUMNS FROM `ym_activity_browse` [ RunTime:0.0090s ]
SQL: SELECT * FROM `ym_activity_browse` WHERE `activity_guid` = '79B3BF3764940EFD3FCA34677C84A1AA' AND `user_guid` = 'outside_user_CDAD3CD5F84B73077406D87F2A22FEF4' LIMIT 1   [ RunTime:0.0050s ]
SQL: INSERT INTO `ym_activity_browse` (`guid`,`activity_guid`,`user_guid`,`org_guid`,`created_at`) VALUES ('436938AA461C709831AD1ABA347CD456','79B3BF3764940EFD3FCA34677C84A1AA','outside_user_CDAD3CD5F84B73077406D87F2A22FEF4','A221602279B8E52AA51D904103E1E24D','1428388099') [ RunTime:0.0050s ]
SQL: SHOW COLUMNS FROM `ym_statistic_view` [ RunTime:0.0030s ]
SQL: SELECT COUNT(*) AS tp_count FROM `ym_statistic_view` WHERE `obj_guid` = '79B3BF3764940EFD3FCA34677C84A1AA' AND `obj_type` = 1 LIMIT 1   [ RunTime:0.0040s ]
SQL: INSERT INTO `ym_statistic_view` (`guid`,`obj_guid`,`obj_type`,`user_guid`,`created_at`,`updated_at`) VALUES ('FFB72E711259B8477001476D3F4BB0C8','79B3BF3764940EFD3FCA34677C84A1AA','4','outside_user_CDAD3CD5F84B73077406D87F2A22FEF4','1428388099','1428388099') [ RunTime:0.0100s ]
SQL: SHOW COLUMNS FROM `ym_statistic_like` [ RunTime:0.0040s ]
SQL: SELECT COUNT(*) AS tp_count FROM `ym_statistic_like` WHERE `obj_guid` = '79B3BF3764940EFD3FCA34677C84A1AA' AND `obj_type` = 1 AND `is_like` = 1 LIMIT 1   [ RunTime:0.0040s ]
SQL: SELECT COUNT(*) AS tp_count FROM `ym_statistic_like` WHERE `obj_guid` = '79B3BF3764940EFD3FCA34677C84A1AA' AND `obj_type` = 1 AND `is_like` = 1 AND `user_guid` = 'outside_user_CDAD3CD5F84B73077406D87F2A22FEF4' LIMIT 1   [ RunTime:0.0110s ]
SQL: SHOW COLUMNS FROM `ym_activity_signup` [ RunTime:0.0040s ]
SQL: SELECT * FROM `ym_activity_signup` WHERE `activity_guid` = '79B3BF3764940EFD3FCA34677C84A1AA' LIMIT 1   [ RunTime:0.0650s ]
SQL: SHOW COLUMNS FROM `ym_activity_signup_form_build` [ RunTime:0.0040s ]
SQL: SELECT * FROM `ym_activity_signup_form_build` WHERE `signup_guid` = '4983C3213C2DA26C19A1A1C80DDEAEE0' AND `is_del` = 0  [ RunTime:0.0400s ]
SQL: SHOW COLUMNS FROM `ym_activity_signup_userinfo` [ RunTime:0.0150s ]
SQL: SELECT COUNT(*) AS tp_count FROM `ym_activity_signup_userinfo` WHERE `activity_guid` = '79B3BF3764940EFD3FCA34677C84A1AA' AND `is_del` = 0 LIMIT 1   [ RunTime:0.0070s ]
SQL: SHOW COLUMNS FROM `ym_activity_attr_ticket` [ RunTime:0.0040s ]
SQL: SELECT SUM(num) as total FROM `ym_activity_attr_ticket` WHERE `activity_guid` = '79B3BF3764940EFD3FCA34677C84A1AA' AND `is_del` = 0 AND `is_for_sale` = 1 LIMIT 1   [ RunTime:0.0040s ]
SQL: SELECT COUNT(*) AS tp_count FROM `ym_activity_signup_userinfo` WHERE `activity_guid` = '79B3BF3764940EFD3FCA34677C84A1AA' AND `is_del` = 0 LIMIT 1   [ RunTime:0.0280s ]
SQL: SELECT `guid`,`num`,`name` FROM `ym_activity_attr_ticket` WHERE `activity_guid` = '79B3BF3764940EFD3FCA34677C84A1AA' AND `is_del` = 0 AND `is_for_sale` = 1  [ RunTime:0.0070s ]
SQL: SHOW COLUMNS FROM `ym_activity_user_ticket` [ RunTime:0.0110s ]
SQL: SELECT COUNT(*) AS tp_count FROM `ym_activity_user_ticket` WHERE `ticket_guid` = '669919B481FAFC1AC2B71560103000AA' AND `status` = 2 AND `is_del` = 0 LIMIT 1   [ RunTime:0.0100s ]
SQL: SELECT COUNT(*) AS tp_count FROM `ym_activity_user_ticket` WHERE `ticket_guid` = '22187E86A20C103299DC87DA144C8552' AND `status` = 2 AND `is_del` = 0 LIMIT 1   [ RunTime:0.0040s ]
SQL: SELECT COUNT(*) AS tp_count FROM `ym_activity_user_ticket` WHERE `ticket_guid` = '10182994AF6AC4E9126BB7832F5460BF' AND `status` = 2 AND `is_del` = 0 LIMIT 1   [ RunTime:0.0280s ]
SQL: SHOW COLUMNS FROM `ym_activity_signup_userinfo` [ RunTime:0.0040s ]
SQL: SELECT COUNT(*) AS tp_count FROM `ym_activity_signup_userinfo` WHERE `signup_guid` = '4983C3213C2DA26C19A1A1C80DDEAEE0' AND `user_guid` = 'outside_user_CDAD3CD5F84B73077406D87F2A22FEF4' LIMIT 1   [ RunTime:0.0110s ]
SQL: SHOW COLUMNS FROM `ym_activity_attr_undertaker` [ RunTime:0.0060s ]
SQL: SELECT * FROM `ym_activity_attr_undertaker` WHERE `activity_guid` = '79B3BF3764940EFD3FCA34677C84A1AA' AND `is_del` = 0 ORDER BY id asc  [ RunTime:0.0070s ]
SQL: SHOW COLUMNS FROM `ym_activity_attr_flow` [ RunTime:0.0050s ]
SQL: SELECT * FROM `ym_activity_attr_flow` WHERE `activity_guid` = '79B3BF3764940EFD3FCA34677C84A1AA' AND `is_del` = 0 ORDER BY id asc  [ RunTime:0.0040s ]
SQL: SELECT * FROM `ym_activity_signup_userinfo` WHERE ( activity_guid='79B3BF3764940EFD3FCA34677C84A1AA' and is_del=0 ) ORDER BY updated_at DESC LIMIT 0,10   [ RunTime:0.0050s ]
SQL: SELECT COUNT(*) AS tp_count FROM `ym_activity_signup_userinfo` WHERE ( activity_guid='79B3BF3764940EFD3FCA34677C84A1AA' and is_del=0 ) LIMIT 1   [ RunTime:0.0050s ]
SQL: SELECT COUNT(*) AS tp_count FROM `ym_activity_signup_userinfo` WHERE ( activity_guid='79B3BF3764940EFD3FCA34677C84A1AA' and is_del=0 ) LIMIT 1   [ RunTime:0.0270s ]

[ 2015-04-07T14:29:31+08:00 ] 127.0.0.1 /mobile/activity/view/aid/79B3BF3764940EFD3FCA34677C84A1AA/token/A221602279B8E52AA51D904103E1E24D
INFO: [ app_init ] --START--
INFO: Run Behavior\BuildLiteBehavior [ RunTime:0.001000s ]
INFO: [ app_init ] --END-- [ RunTime:0.002000s ]
SQL: SHOW COLUMNS FROM `ym_activity` [ RunTime:0.0040s ]
SQL: SELECT * FROM `ym_activity` WHERE ( guid = "79B3BF3764940EFD3FCA34677C84A1AA" ) LIMIT 1   [ RunTime:0.8200s ]
SQL: SHOW COLUMNS FROM `ym_user_device` [ RunTime:0.0120s ]
SQL: SELECT * FROM `ym_user_device` WHERE `token` = 'A221602279B8E52AA51D904103E1E24D' LIMIT 1   [ RunTime:0.0190s ]
SQL: SHOW COLUMNS FROM `ym_activity_subject` [ RunTime:0.0150s ]
SQL: SELECT * FROM `ym_activity_subject` WHERE ( guid = "95CEC0849FC0CF2F3CAF2C124DCF7455" ) LIMIT 1   [ RunTime:0.0350s ]
SQL: SHOW COLUMNS FROM `ym_org` [ RunTime:0.0300s ]
SQL: SELECT `guid`,`name` FROM `ym_org` WHERE ( guid = "A221602279B8E52AA51D904103E1E24D" ) LIMIT 1   [ RunTime:0.0040s ]
SQL: SHOW COLUMNS FROM `ym_activity_browse` [ RunTime:0.0060s ]
SQL: SELECT * FROM `ym_activity_browse` WHERE `activity_guid` = '79B3BF3764940EFD3FCA34677C84A1AA' AND `user_guid` = 'outside_user_CDAD3CD5F84B73077406D87F2A22FEF4' LIMIT 1   [ RunTime:0.0240s ]
SQL: INSERT INTO `ym_activity_browse` (`guid`,`activity_guid`,`user_guid`,`org_guid`,`created_at`) VALUES ('BE7307CEE01AB223D3C490EED56DF476','79B3BF3764940EFD3FCA34677C84A1AA','outside_user_CDAD3CD5F84B73077406D87F2A22FEF4','A221602279B8E52AA51D904103E1E24D','1428388170') [ RunTime:0.0120s ]
SQL: SHOW COLUMNS FROM `ym_statistic_view` [ RunTime:0.0080s ]
SQL: SELECT COUNT(*) AS tp_count FROM `ym_statistic_view` WHERE `obj_guid` = '79B3BF3764940EFD3FCA34677C84A1AA' AND `obj_type` = 1 LIMIT 1   [ RunTime:0.0160s ]
SQL: INSERT INTO `ym_statistic_view` (`guid`,`obj_guid`,`obj_type`,`user_guid`,`created_at`,`updated_at`) VALUES ('5E589B762026FB38F9C22EE3EBA2C0EF','79B3BF3764940EFD3FCA34677C84A1AA','4','outside_user_CDAD3CD5F84B73077406D87F2A22FEF4','1428388170','1428388170') [ RunTime:0.0060s ]
SQL: SHOW COLUMNS FROM `ym_statistic_like` [ RunTime:0.0080s ]
SQL: SELECT COUNT(*) AS tp_count FROM `ym_statistic_like` WHERE `obj_guid` = '79B3BF3764940EFD3FCA34677C84A1AA' AND `obj_type` = 1 AND `is_like` = 1 LIMIT 1   [ RunTime:0.0310s ]
SQL: SELECT COUNT(*) AS tp_count FROM `ym_statistic_like` WHERE `obj_guid` = '79B3BF3764940EFD3FCA34677C84A1AA' AND `obj_type` = 1 AND `is_like` = 1 AND `user_guid` = 'outside_user_CDAD3CD5F84B73077406D87F2A22FEF4' LIMIT 1   [ RunTime:0.0110s ]
SQL: SHOW COLUMNS FROM `ym_activity_signup` [ RunTime:0.0200s ]
SQL: SELECT * FROM `ym_activity_signup` WHERE `activity_guid` = '79B3BF3764940EFD3FCA34677C84A1AA' LIMIT 1   [ RunTime:0.0410s ]
SQL: SHOW COLUMNS FROM `ym_activity_signup_form_build` [ RunTime:0.0050s ]
SQL: SELECT * FROM `ym_activity_signup_form_build` WHERE `signup_guid` = '4983C3213C2DA26C19A1A1C80DDEAEE0' AND `is_del` = 0  [ RunTime:0.0080s ]
SQL: SHOW COLUMNS FROM `ym_activity_signup_userinfo` [ RunTime:0.0110s ]
SQL: SELECT COUNT(*) AS tp_count FROM `ym_activity_signup_userinfo` WHERE `activity_guid` = '79B3BF3764940EFD3FCA34677C84A1AA' AND `is_del` = 0 LIMIT 1   [ RunTime:0.0030s ]
SQL: SHOW COLUMNS FROM `ym_activity_attr_ticket` [ RunTime:0.0130s ]
SQL: SELECT SUM(num) as total FROM `ym_activity_attr_ticket` WHERE `activity_guid` = '79B3BF3764940EFD3FCA34677C84A1AA' AND `is_del` = 0 AND `is_for_sale` = 1 LIMIT 1   [ RunTime:0.0100s ]
SQL: SELECT COUNT(*) AS tp_count FROM `ym_activity_signup_userinfo` WHERE `activity_guid` = '79B3BF3764940EFD3FCA34677C84A1AA' AND `is_del` = 0 LIMIT 1   [ RunTime:0.0050s ]
SQL: SELECT `guid`,`num`,`name` FROM `ym_activity_attr_ticket` WHERE `activity_guid` = '79B3BF3764940EFD3FCA34677C84A1AA' AND `is_del` = 0 AND `is_for_sale` = 1  [ RunTime:0.0060s ]
SQL: SHOW COLUMNS FROM `ym_activity_user_ticket` [ RunTime:0.0110s ]
SQL: SELECT COUNT(*) AS tp_count FROM `ym_activity_user_ticket` WHERE `ticket_guid` = '669919B481FAFC1AC2B71560103000AA' AND `status` = 2 AND `is_del` = 0 LIMIT 1   [ RunTime:0.0040s ]
SQL: SELECT COUNT(*) AS tp_count FROM `ym_activity_user_ticket` WHERE `ticket_guid` = '22187E86A20C103299DC87DA144C8552' AND `status` = 2 AND `is_del` = 0 LIMIT 1   [ RunTime:0.0050s ]
SQL: SELECT COUNT(*) AS tp_count FROM `ym_activity_user_ticket` WHERE `ticket_guid` = '10182994AF6AC4E9126BB7832F5460BF' AND `status` = 2 AND `is_del` = 0 LIMIT 1   [ RunTime:0.0050s ]
SQL: SHOW COLUMNS FROM `ym_activity_signup_userinfo` [ RunTime:0.0040s ]
SQL: SELECT COUNT(*) AS tp_count FROM `ym_activity_signup_userinfo` WHERE `signup_guid` = '4983C3213C2DA26C19A1A1C80DDEAEE0' AND `user_guid` = 'outside_user_CDAD3CD5F84B73077406D87F2A22FEF4' LIMIT 1   [ RunTime:0.0080s ]
SQL: SHOW COLUMNS FROM `ym_activity_attr_undertaker` [ RunTime:0.0070s ]
SQL: SELECT * FROM `ym_activity_attr_undertaker` WHERE `activity_guid` = '79B3BF3764940EFD3FCA34677C84A1AA' AND `is_del` = 0 ORDER BY id asc  [ RunTime:0.0070s ]
SQL: SHOW COLUMNS FROM `ym_activity_attr_flow` [ RunTime:0.0170s ]
SQL: SELECT * FROM `ym_activity_attr_flow` WHERE `activity_guid` = '79B3BF3764940EFD3FCA34677C84A1AA' AND `is_del` = 0 ORDER BY id asc  [ RunTime:0.0040s ]
SQL: SELECT * FROM `ym_activity_signup_userinfo` WHERE ( activity_guid='79B3BF3764940EFD3FCA34677C84A1AA' and is_del=0 ) ORDER BY updated_at DESC LIMIT 0,10   [ RunTime:0.0180s ]
SQL: SELECT COUNT(*) AS tp_count FROM `ym_activity_signup_userinfo` WHERE ( activity_guid='79B3BF3764940EFD3FCA34677C84A1AA' and is_del=0 ) LIMIT 1   [ RunTime:0.0110s ]
SQL: SELECT COUNT(*) AS tp_count FROM `ym_activity_signup_userinfo` WHERE ( activity_guid='79B3BF3764940EFD3FCA34677C84A1AA' and is_del=0 ) LIMIT 1   [ RunTime:0.0050s ]

[ 2015-04-07T14:30:25+08:00 ] 127.0.0.1 /mobile/activity/view/aid/79B3BF3764940EFD3FCA34677C84A1AA/token/A221602279B8E52AA51D904103E1E24D
INFO: [ app_init ] --START--
INFO: Run Behavior\BuildLiteBehavior [ RunTime:0.000000s ]
INFO: [ app_init ] --END-- [ RunTime:0.003000s ]
SQL: SHOW COLUMNS FROM `ym_activity` [ RunTime:0.0070s ]
SQL: SELECT * FROM `ym_activity` WHERE ( guid = "79B3BF3764940EFD3FCA34677C84A1AA" ) LIMIT 1   [ RunTime:0.0070s ]
SQL: SHOW COLUMNS FROM `ym_user_device` [ RunTime:0.0050s ]
SQL: SELECT * FROM `ym_user_device` WHERE `token` = 'A221602279B8E52AA51D904103E1E24D' LIMIT 1   [ RunTime:0.0050s ]
SQL: SHOW COLUMNS FROM `ym_activity_subject` [ RunTime:0.0050s ]
SQL: SELECT * FROM `ym_activity_subject` WHERE ( guid = "95CEC0849FC0CF2F3CAF2C124DCF7455" ) LIMIT 1   [ RunTime:0.0240s ]
SQL: SHOW COLUMNS FROM `ym_org` [ RunTime:0.0110s ]
SQL: SELECT `guid`,`name` FROM `ym_org` WHERE ( guid = "A221602279B8E52AA51D904103E1E24D" ) LIMIT 1   [ RunTime:0.0050s ]
SQL: SHOW COLUMNS FROM `ym_activity_browse` [ RunTime:0.0040s ]
SQL: SELECT * FROM `ym_activity_browse` WHERE `activity_guid` = '79B3BF3764940EFD3FCA34677C84A1AA' AND `user_guid` = 'outside_user_CDAD3CD5F84B73077406D87F2A22FEF4' LIMIT 1   [ RunTime:0.0050s ]
SQL: INSERT INTO `ym_activity_browse` (`guid`,`activity_guid`,`user_guid`,`org_guid`,`created_at`) VALUES ('7DF6E1A407C7969978EAE1764402DEEF','79B3BF3764940EFD3FCA34677C84A1AA','outside_user_CDAD3CD5F84B73077406D87F2A22FEF4','A221602279B8E52AA51D904103E1E24D','1428388224') [ RunTime:0.0050s ]
SQL: SHOW COLUMNS FROM `ym_statistic_view` [ RunTime:0.0200s ]
SQL: SELECT COUNT(*) AS tp_count FROM `ym_statistic_view` WHERE `obj_guid` = '79B3BF3764940EFD3FCA34677C84A1AA' AND `obj_type` = 1 LIMIT 1   [ RunTime:0.0050s ]
SQL: INSERT INTO `ym_statistic_view` (`guid`,`obj_guid`,`obj_type`,`user_guid`,`created_at`,`updated_at`) VALUES ('3E27D8CD704BF895E39ABBBC43A265BE','79B3BF3764940EFD3FCA34677C84A1AA','4','outside_user_CDAD3CD5F84B73077406D87F2A22FEF4','1428388224','1428388224') [ RunTime:0.0080s ]
SQL: SHOW COLUMNS FROM `ym_statistic_like` [ RunTime:0.0090s ]
SQL: SELECT COUNT(*) AS tp_count FROM `ym_statistic_like` WHERE `obj_guid` = '79B3BF3764940EFD3FCA34677C84A1AA' AND `obj_type` = 1 AND `is_like` = 1 LIMIT 1   [ RunTime:0.0060s ]
SQL: SELECT COUNT(*) AS tp_count FROM `ym_statistic_like` WHERE `obj_guid` = '79B3BF3764940EFD3FCA34677C84A1AA' AND `obj_type` = 1 AND `is_like` = 1 AND `user_guid` = 'outside_user_CDAD3CD5F84B73077406D87F2A22FEF4' LIMIT 1   [ RunTime:0.0070s ]
SQL: SHOW COLUMNS FROM `ym_activity_signup` [ RunTime:0.0090s ]
SQL: SELECT * FROM `ym_activity_signup` WHERE `activity_guid` = '79B3BF3764940EFD3FCA34677C84A1AA' LIMIT 1   [ RunTime:0.0630s ]
SQL: SHOW COLUMNS FROM `ym_activity_signup_form_build` [ RunTime:0.0050s ]
SQL: SELECT * FROM `ym_activity_signup_form_build` WHERE `signup_guid` = '4983C3213C2DA26C19A1A1C80DDEAEE0' AND `is_del` = 0  [ RunTime:0.0100s ]
SQL: SHOW COLUMNS FROM `ym_activity_signup_userinfo` [ RunTime:0.0060s ]
SQL: SELECT COUNT(*) AS tp_count FROM `ym_activity_signup_userinfo` WHERE `activity_guid` = '79B3BF3764940EFD3FCA34677C84A1AA' AND `is_del` = 0 LIMIT 1   [ RunTime:0.0030s ]
SQL: SHOW COLUMNS FROM `ym_activity_attr_ticket` [ RunTime:0.0240s ]
SQL: SELECT SUM(num) as total FROM `ym_activity_attr_ticket` WHERE `activity_guid` = '79B3BF3764940EFD3FCA34677C84A1AA' AND `is_del` = 0 AND `is_for_sale` = 1 LIMIT 1   [ RunTime:0.0040s ]
SQL: SELECT COUNT(*) AS tp_count FROM `ym_activity_signup_userinfo` WHERE `activity_guid` = '79B3BF3764940EFD3FCA34677C84A1AA' AND `is_del` = 0 LIMIT 1   [ RunTime:0.0060s ]
SQL: SELECT `guid`,`num`,`name` FROM `ym_activity_attr_ticket` WHERE `activity_guid` = '79B3BF3764940EFD3FCA34677C84A1AA' AND `is_del` = 0 AND `is_for_sale` = 1  [ RunTime:0.0080s ]
SQL: SHOW COLUMNS FROM `ym_activity_user_ticket` [ RunTime:0.0050s ]
SQL: SELECT COUNT(*) AS tp_count FROM `ym_activity_user_ticket` WHERE `ticket_guid` = '669919B481FAFC1AC2B71560103000AA' AND `status` = 2 AND `is_del` = 0 LIMIT 1   [ RunTime:0.0040s ]
SQL: SELECT COUNT(*) AS tp_count FROM `ym_activity_user_ticket` WHERE `ticket_guid` = '22187E86A20C103299DC87DA144C8552' AND `status` = 2 AND `is_del` = 0 LIMIT 1   [ RunTime:0.0070s ]
SQL: SELECT COUNT(*) AS tp_count FROM `ym_activity_user_ticket` WHERE `ticket_guid` = '10182994AF6AC4E9126BB7832F5460BF' AND `status` = 2 AND `is_del` = 0 LIMIT 1   [ RunTime:0.0040s ]
SQL: SHOW COLUMNS FROM `ym_activity_signup_userinfo` [ RunTime:0.0330s ]
SQL: SELECT COUNT(*) AS tp_count FROM `ym_activity_signup_userinfo` WHERE `signup_guid` = '4983C3213C2DA26C19A1A1C80DDEAEE0' AND `user_guid` = 'outside_user_CDAD3CD5F84B73077406D87F2A22FEF4' LIMIT 1   [ RunTime:0.0190s ]
SQL: SHOW COLUMNS FROM `ym_activity_attr_undertaker` [ RunTime:0.0050s ]
SQL: SELECT * FROM `ym_activity_attr_undertaker` WHERE `activity_guid` = '79B3BF3764940EFD3FCA34677C84A1AA' AND `is_del` = 0 ORDER BY id asc  [ RunTime:0.0060s ]
SQL: SHOW COLUMNS FROM `ym_activity_attr_flow` [ RunTime:0.0040s ]
SQL: SELECT * FROM `ym_activity_attr_flow` WHERE `activity_guid` = '79B3BF3764940EFD3FCA34677C84A1AA' AND `is_del` = 0 ORDER BY id asc  [ RunTime:0.0040s ]
SQL: SELECT * FROM `ym_activity_signup_userinfo` WHERE ( activity_guid='79B3BF3764940EFD3FCA34677C84A1AA' and is_del=0 ) ORDER BY updated_at DESC LIMIT 0,10   [ RunTime:0.0110s ]
SQL: SELECT COUNT(*) AS tp_count FROM `ym_activity_signup_userinfo` WHERE ( activity_guid='79B3BF3764940EFD3FCA34677C84A1AA' and is_del=0 ) LIMIT 1   [ RunTime:0.0220s ]
SQL: SELECT COUNT(*) AS tp_count FROM `ym_activity_signup_userinfo` WHERE ( activity_guid='79B3BF3764940EFD3FCA34677C84A1AA' and is_del=0 ) LIMIT 1   [ RunTime:0.0040s ]

