[ 2015-03-30T10:26:14+08:00 ] 127.0.0.1 /mobile/activity/preview/aid/79B3BF3764940EFD3FCA34677C84A1AA/token/A221602279B8E52AA51D904103E1E24D
INFO: [ app_init ] --START--
INFO: Run Behavior\BuildLiteBehavior [ RunTime:0.000274s ]
INFO: [ app_init ] --END-- [ RunTime:0.001863s ]
SQL: SHOW COLUMNS FROM `ym_activity` [ RunTime:0.0045s ]
SQL: SELECT * FROM `ym_activity` WHERE ( guid = "79B3BF3764940EFD3FCA34677C84A1AA" ) LIMIT 1   [ RunTime:0.0048s ]
SQL: SHOW COLUMNS FROM `ym_activity_subject` [ RunTime:0.0036s ]
SQL: SELECT * FROM `ym_activity_subject` WHERE ( guid = "95CEC0849FC0CF2F3CAF2C124DCF7455" ) LIMIT 1   [ RunTime:0.0052s ]
SQL: SHOW COLUMNS FROM `ym_org` [ RunTime:0.0093s ]
SQL: SELECT `guid`,`name` FROM `ym_org` WHERE ( guid = "A221602279B8E52AA51D904103E1E24D" ) LIMIT 1   [ RunTime:0.0134s ]
SQL: SHOW COLUMNS FROM `ym_statistic_view` [ RunTime:0.0031s ]
SQL: SELECT COUNT(*) AS tp_count FROM `ym_statistic_view` WHERE `obj_guid` = '79B3BF3764940EFD3FCA34677C84A1AA' AND `obj_type` = 1 LIMIT 1   [ RunTime:0.0032s ]
SQL: SHOW COLUMNS FROM `ym_statistic_like` [ RunTime:0.0035s ]
SQL: SELECT COUNT(*) AS tp_count FROM `ym_statistic_like` WHERE `obj_guid` = '79B3BF3764940EFD3FCA34677C84A1AA' AND `obj_type` = 1 AND `is_like` = 1 LIMIT 1   [ RunTime:0.0027s ]
SQL: SELECT COUNT(*) AS tp_count FROM `ym_statistic_like` WHERE `obj_guid` = '79B3BF3764940EFD3FCA34677C84A1AA' AND `obj_type` = 1 AND `is_like` = 1 AND `user_guid` = 'outside_user_98DEB4F20A41F417738772DCBCE4F307' LIMIT 1   [ RunTime:0.0027s ]
SQL: SHOW COLUMNS FROM `ym_activity_signup` [ RunTime:0.0055s ]
SQL: SELECT * FROM `ym_activity_signup` WHERE `activity_guid` = '79B3BF3764940EFD3FCA34677C84A1AA' LIMIT 1   [ RunTime:0.0085s ]
SQL: SHOW COLUMNS FROM `ym_activity_signup_form_build` [ RunTime:0.0033s ]
SQL: SELECT * FROM `ym_activity_signup_form_build` WHERE `signup_guid` = '4983C3213C2DA26C19A1A1C80DDEAEE0' AND `is_del` = 0  [ RunTime:0.0046s ]
SQL: SHOW COLUMNS FROM `ym_activity_signup_userinfo` [ RunTime:0.0073s ]
SQL: SELECT COUNT(*) AS tp_count FROM `ym_activity_signup_userinfo` WHERE `activity_guid` = '79B3BF3764940EFD3FCA34677C84A1AA' AND `is_del` = 0 LIMIT 1   [ RunTime:0.0027s ]
SQL: SHOW COLUMNS FROM `ym_activity_attr_ticket` [ RunTime:0.0080s ]
SQL: SELECT SUM(num) as total FROM `ym_activity_attr_ticket` WHERE `activity_guid` = '79B3BF3764940EFD3FCA34677C84A1AA' AND `is_del` = 0 AND `is_for_sale` = 1 LIMIT 1   [ RunTime:0.0024s ]
SQL: SELECT COUNT(*) AS tp_count FROM `ym_activity_signup_userinfo` WHERE `activity_guid` = '79B3BF3764940EFD3FCA34677C84A1AA' AND `is_del` = 0 LIMIT 1   [ RunTime:0.0043s ]
SQL: SELECT `guid`,`num`,`name` FROM `ym_activity_attr_ticket` WHERE `activity_guid` = '79B3BF3764940EFD3FCA34677C84A1AA' AND `is_del` = 0 AND `is_for_sale` = 1  [ RunTime:0.0033s ]
SQL: SHOW COLUMNS FROM `ym_activity_user_ticket` [ RunTime:0.0043s ]
SQL: SELECT COUNT(*) AS tp_count FROM `ym_activity_user_ticket` WHERE `ticket_guid` = '669919B481FAFC1AC2B71560103000AA' AND `status` = 2 AND `is_del` = 0 LIMIT 1   [ RunTime:0.0026s ]
SQL: SELECT COUNT(*) AS tp_count FROM `ym_activity_user_ticket` WHERE `ticket_guid` = '22187E86A20C103299DC87DA144C8552' AND `status` = 2 AND `is_del` = 0 LIMIT 1   [ RunTime:0.0026s ]
SQL: SELECT COUNT(*) AS tp_count FROM `ym_activity_user_ticket` WHERE `ticket_guid` = '10182994AF6AC4E9126BB7832F5460BF' AND `status` = 2 AND `is_del` = 0 LIMIT 1   [ RunTime:0.0027s ]
SQL: SHOW COLUMNS FROM `ym_activity_signup_userinfo` [ RunTime:0.0093s ]
SQL: SELECT COUNT(*) AS tp_count FROM `ym_activity_signup_userinfo` WHERE `signup_guid` = '4983C3213C2DA26C19A1A1C80DDEAEE0' AND `user_guid` = 'outside_user_98DEB4F20A41F417738772DCBCE4F307' LIMIT 1   [ RunTime:0.0027s ]
SQL: SHOW COLUMNS FROM `ym_activity_attr_undertaker` [ RunTime:0.0038s ]
SQL: SELECT * FROM `ym_activity_attr_undertaker` WHERE `activity_guid` = '79B3BF3764940EFD3FCA34677C84A1AA' AND `is_del` = 0 ORDER BY id asc  [ RunTime:0.0031s ]
SQL: SHOW COLUMNS FROM `ym_activity_attr_flow` [ RunTime:0.0030s ]
SQL: SELECT * FROM `ym_activity_attr_flow` WHERE `activity_guid` = '79B3BF3764940EFD3FCA34677C84A1AA' AND `is_del` = 0 ORDER BY id asc  [ RunTime:0.0031s ]
SQL: SELECT * FROM `ym_activity_signup_userinfo` WHERE ( activity_guid='79B3BF3764940EFD3FCA34677C84A1AA' and is_del=0 ) ORDER BY updated_at DESC LIMIT 0,10   [ RunTime:0.0075s ]
SQL: SELECT COUNT(*) AS tp_count FROM `ym_activity_signup_userinfo` WHERE ( activity_guid='79B3BF3764940EFD3FCA34677C84A1AA' and is_del=0 ) LIMIT 1   [ RunTime:0.0023s ]
SQL: SELECT COUNT(*) AS tp_count FROM `ym_activity_signup_userinfo` WHERE ( activity_guid='79B3BF3764940EFD3FCA34677C84A1AA' and is_del=0 ) LIMIT 1   [ RunTime:0.0040s ]

[ 2015-03-30T10:26:14+08:00 ] 127.0.0.1 /mobile/activity/qrcode/aid/79B3BF3764940EFD3FCA34677C84A1AA/token/A221602279B8E52AA51D904103E1E24D
INFO: [ app_init ] --START--
INFO: Run Behavior\BuildLiteBehavior [ RunTime:0.000154s ]
INFO: [ app_init ] --END-- [ RunTime:0.001244s ]
SQL: SHOW COLUMNS FROM `ym_activity` [ RunTime:0.0034s ]
SQL: SELECT `org_guid` FROM `ym_activity` WHERE `guid` = '79B3BF3764940EFD3FCA34677C84A1AA' LIMIT 1   [ RunTime:0.0034s ]

[ 2015-03-30T10:26:18+08:00 ] 127.0.0.1 /mobile/activity/signup_user/aid/79B3BF3764940EFD3FCA34677C84A1AA/token/A221602279B8E52AA51D904103E1E24D
INFO: [ app_init ] --START--
INFO: Run Behavior\BuildLiteBehavior [ RunTime:0.000150s ]
INFO: [ app_init ] --END-- [ RunTime:0.001362s ]
SQL: SHOW COLUMNS FROM `ym_activity` [ RunTime:0.0059s ]
SQL: SELECT * FROM `ym_activity` WHERE ( guid = "79B3BF3764940EFD3FCA34677C84A1AA" ) LIMIT 1   [ RunTime:0.0065s ]
SQL: SHOW COLUMNS FROM `ym_activity_signup` [ RunTime:0.0055s ]
SQL: SELECT * FROM `ym_activity_signup` WHERE `activity_guid` = '79B3BF3764940EFD3FCA34677C84A1AA' LIMIT 1   [ RunTime:0.0072s ]
SQL: SHOW COLUMNS FROM `ym_activity_signup_userinfo` [ RunTime:0.0033s ]
SQL: SELECT COUNT(*) AS tp_count FROM `ym_activity_signup_userinfo` WHERE `signup_guid` = '4983C3213C2DA26C19A1A1C80DDEAEE0' AND `user_guid` = 'outside_user_FCDF5155FA0C5B2165600E75403FD423' LIMIT 1   [ RunTime:0.0030s ]
SQL: SHOW COLUMNS FROM `ym_activity_attr_ticket` [ RunTime:0.0034s ]
SQL: SELECT SUM(num) as total FROM `ym_activity_attr_ticket` WHERE `activity_guid` = '79B3BF3764940EFD3FCA34677C84A1AA' AND `is_del` = 0 AND `is_for_sale` = 1 LIMIT 1   [ RunTime:0.0026s ]
SQL: SHOW COLUMNS FROM `ym_activity_signup_userinfo` [ RunTime:0.0033s ]
SQL: SELECT COUNT(*) AS tp_count FROM `ym_activity_signup_userinfo` WHERE `activity_guid` = '79B3BF3764940EFD3FCA34677C84A1AA' AND `is_del` = 0 LIMIT 1   [ RunTime:0.0053s ]
SQL: SELECT `guid`,`num`,`name` FROM `ym_activity_attr_ticket` WHERE `activity_guid` = '79B3BF3764940EFD3FCA34677C84A1AA' AND `is_del` = 0 AND `is_for_sale` = 1  [ RunTime:0.0026s ]
SQL: SHOW COLUMNS FROM `ym_activity_user_ticket` [ RunTime:0.0039s ]
SQL: SELECT COUNT(*) AS tp_count FROM `ym_activity_user_ticket` WHERE `ticket_guid` = '669919B481FAFC1AC2B71560103000AA' AND `status` = 2 AND `is_del` = 0 LIMIT 1   [ RunTime:0.0025s ]
SQL: SELECT COUNT(*) AS tp_count FROM `ym_activity_user_ticket` WHERE `ticket_guid` = '22187E86A20C103299DC87DA144C8552' AND `status` = 2 AND `is_del` = 0 LIMIT 1   [ RunTime:0.0045s ]
SQL: SELECT COUNT(*) AS tp_count FROM `ym_activity_user_ticket` WHERE `ticket_guid` = '10182994AF6AC4E9126BB7832F5460BF' AND `status` = 2 AND `is_del` = 0 LIMIT 1   [ RunTime:0.0028s ]
SQL: SHOW COLUMNS FROM `ym_activity_signup_form_build` [ RunTime:0.0031s ]
SQL: SELECT * FROM `ym_activity_signup_form_build` WHERE `signup_guid` = '4983C3213C2DA26C19A1A1C80DDEAEE0' ORDER BY id asc  [ RunTime:0.0050s ]
SQL: SHOW COLUMNS FROM `ym_activity_signup_form_option` [ RunTime:0.0046s ]
SQL: SELECT `guid`,`build_guid`,`value` FROM `ym_activity_signup_form_option` WHERE `signup_guid` = '4983C3213C2DA26C19A1A1C80DDEAEE0'  [ RunTime:0.0042s ]

[ 2015-03-30T12:22:50+08:00 ] 127.0.0.1 /mobile/activity/preview/aid/79B3BF3764940EFD3FCA34677C84A1AA/token/A221602279B8E52AA51D904103E1E24D
INFO: [ app_init ] --START--
INFO: Run Behavior\BuildLiteBehavior [ RunTime:0.000159s ]
INFO: [ app_init ] --END-- [ RunTime:0.001637s ]
SQL: SHOW COLUMNS FROM `ym_activity` [ RunTime:0.0078s ]
SQL: SELECT * FROM `ym_activity` WHERE ( guid = "79B3BF3764940EFD3FCA34677C84A1AA" ) LIMIT 1   [ RunTime:0.0081s ]
SQL: SHOW COLUMNS FROM `ym_activity_subject` [ RunTime:0.0046s ]
SQL: SELECT * FROM `ym_activity_subject` WHERE ( guid = "95CEC0849FC0CF2F3CAF2C124DCF7455" ) LIMIT 1   [ RunTime:0.0040s ]
SQL: SHOW COLUMNS FROM `ym_org` [ RunTime:0.0065s ]
SQL: SELECT `guid`,`name` FROM `ym_org` WHERE ( guid = "A221602279B8E52AA51D904103E1E24D" ) LIMIT 1   [ RunTime:0.0028s ]
SQL: SHOW COLUMNS FROM `ym_statistic_view` [ RunTime:0.0039s ]
SQL: SELECT COUNT(*) AS tp_count FROM `ym_statistic_view` WHERE `obj_guid` = '79B3BF3764940EFD3FCA34677C84A1AA' AND `obj_type` = 1 LIMIT 1   [ RunTime:0.0050s ]
SQL: SHOW COLUMNS FROM `ym_statistic_like` [ RunTime:0.0048s ]
SQL: SELECT COUNT(*) AS tp_count FROM `ym_statistic_like` WHERE `obj_guid` = '79B3BF3764940EFD3FCA34677C84A1AA' AND `obj_type` = 1 AND `is_like` = 1 LIMIT 1   [ RunTime:0.0024s ]
SQL: SELECT COUNT(*) AS tp_count FROM `ym_statistic_like` WHERE `obj_guid` = '79B3BF3764940EFD3FCA34677C84A1AA' AND `obj_type` = 1 AND `is_like` = 1 AND `user_guid` = 'outside_user_474D4E5AC05BE54F292F3622B489B2CC' LIMIT 1   [ RunTime:0.0029s ]
SQL: SHOW COLUMNS FROM `ym_activity_signup` [ RunTime:0.0039s ]
SQL: SELECT * FROM `ym_activity_signup` WHERE `activity_guid` = '79B3BF3764940EFD3FCA34677C84A1AA' LIMIT 1   [ RunTime:0.0092s ]
SQL: SHOW COLUMNS FROM `ym_activity_signup_form_build` [ RunTime:0.0037s ]
SQL: SELECT * FROM `ym_activity_signup_form_build` WHERE `signup_guid` = '4983C3213C2DA26C19A1A1C80DDEAEE0' AND `is_del` = 0  [ RunTime:0.0040s ]
SQL: SHOW COLUMNS FROM `ym_activity_signup_userinfo` [ RunTime:0.0050s ]
SQL: SELECT COUNT(*) AS tp_count FROM `ym_activity_signup_userinfo` WHERE `activity_guid` = '79B3BF3764940EFD3FCA34677C84A1AA' AND `is_del` = 0 LIMIT 1   [ RunTime:0.0039s ]
SQL: SHOW COLUMNS FROM `ym_activity_attr_ticket` [ RunTime:0.0035s ]
SQL: SELECT SUM(num) as total FROM `ym_activity_attr_ticket` WHERE `activity_guid` = '79B3BF3764940EFD3FCA34677C84A1AA' AND `is_del` = 0 AND `is_for_sale` = 1 LIMIT 1   [ RunTime:0.0054s ]
SQL: SELECT COUNT(*) AS tp_count FROM `ym_activity_signup_userinfo` WHERE `activity_guid` = '79B3BF3764940EFD3FCA34677C84A1AA' AND `is_del` = 0 LIMIT 1   [ RunTime:0.0033s ]
SQL: SELECT `guid`,`num`,`name` FROM `ym_activity_attr_ticket` WHERE `activity_guid` = '79B3BF3764940EFD3FCA34677C84A1AA' AND `is_del` = 0 AND `is_for_sale` = 1  [ RunTime:0.0038s ]
SQL: SHOW COLUMNS FROM `ym_activity_user_ticket` [ RunTime:0.0037s ]
SQL: SELECT COUNT(*) AS tp_count FROM `ym_activity_user_ticket` WHERE `ticket_guid` = '669919B481FAFC1AC2B71560103000AA' AND `status` = 2 AND `is_del` = 0 LIMIT 1   [ RunTime:0.0064s ]
SQL: SELECT COUNT(*) AS tp_count FROM `ym_activity_user_ticket` WHERE `ticket_guid` = '22187E86A20C103299DC87DA144C8552' AND `status` = 2 AND `is_del` = 0 LIMIT 1   [ RunTime:0.0024s ]
SQL: SELECT COUNT(*) AS tp_count FROM `ym_activity_user_ticket` WHERE `ticket_guid` = '10182994AF6AC4E9126BB7832F5460BF' AND `status` = 2 AND `is_del` = 0 LIMIT 1   [ RunTime:0.0026s ]
SQL: SHOW COLUMNS FROM `ym_activity_signup_userinfo` [ RunTime:0.0051s ]
SQL: SELECT COUNT(*) AS tp_count FROM `ym_activity_signup_userinfo` WHERE `signup_guid` = '4983C3213C2DA26C19A1A1C80DDEAEE0' AND `user_guid` = 'outside_user_474D4E5AC05BE54F292F3622B489B2CC' LIMIT 1   [ RunTime:0.0026s ]
SQL: SHOW COLUMNS FROM `ym_activity_attr_undertaker` [ RunTime:0.0029s ]
SQL: SELECT * FROM `ym_activity_attr_undertaker` WHERE `activity_guid` = '79B3BF3764940EFD3FCA34677C84A1AA' AND `is_del` = 0 ORDER BY id asc  [ RunTime:0.0030s ]
SQL: SHOW COLUMNS FROM `ym_activity_attr_flow` [ RunTime:0.0031s ]
SQL: SELECT * FROM `ym_activity_attr_flow` WHERE `activity_guid` = '79B3BF3764940EFD3FCA34677C84A1AA' AND `is_del` = 0 ORDER BY id asc  [ RunTime:0.0050s ]
SQL: SELECT * FROM `ym_activity_signup_userinfo` WHERE ( activity_guid='79B3BF3764940EFD3FCA34677C84A1AA' and is_del=0 ) ORDER BY updated_at DESC LIMIT 0,10   [ RunTime:0.0051s ]
SQL: SELECT COUNT(*) AS tp_count FROM `ym_activity_signup_userinfo` WHERE ( activity_guid='79B3BF3764940EFD3FCA34677C84A1AA' and is_del=0 ) LIMIT 1   [ RunTime:0.0031s ]
SQL: SELECT COUNT(*) AS tp_count FROM `ym_activity_signup_userinfo` WHERE ( activity_guid='79B3BF3764940EFD3FCA34677C84A1AA' and is_del=0 ) LIMIT 1   [ RunTime:0.0027s ]

[ 2015-03-30T12:22:50+08:00 ] 127.0.0.1 /mobile/activity/qrcode/aid/79B3BF3764940EFD3FCA34677C84A1AA/token/A221602279B8E52AA51D904103E1E24D
INFO: [ app_init ] --START--
INFO: Run Behavior\BuildLiteBehavior [ RunTime:0.000163s ]
INFO: [ app_init ] --END-- [ RunTime:0.001648s ]
SQL: SHOW COLUMNS FROM `ym_activity` [ RunTime:0.0043s ]
SQL: SELECT `org_guid` FROM `ym_activity` WHERE `guid` = '79B3BF3764940EFD3FCA34677C84A1AA' LIMIT 1   [ RunTime:0.0024s ]

[ 2015-03-30T13:38:26+08:00 ] 127.0.0.1 /mobile/activity/preview/aid/79B3BF3764940EFD3FCA34677C84A1AA/token/A221602279B8E52AA51D904103E1E24D
INFO: [ app_init ] --START--
INFO: Run Behavior\BuildLiteBehavior [ RunTime:0.000301s ]
INFO: [ app_init ] --END-- [ RunTime:0.002240s ]
SQL: SHOW COLUMNS FROM `ym_activity` [ RunTime:0.0049s ]
SQL: SELECT * FROM `ym_activity` WHERE ( guid = "79B3BF3764940EFD3FCA34677C84A1AA" ) LIMIT 1   [ RunTime:0.0066s ]
SQL: SHOW COLUMNS FROM `ym_activity_subject` [ RunTime:0.0031s ]
SQL: SELECT * FROM `ym_activity_subject` WHERE ( guid = "95CEC0849FC0CF2F3CAF2C124DCF7455" ) LIMIT 1   [ RunTime:0.0039s ]
SQL: SHOW COLUMNS FROM `ym_org` [ RunTime:0.0045s ]
SQL: SELECT `guid`,`name` FROM `ym_org` WHERE ( guid = "A221602279B8E52AA51D904103E1E24D" ) LIMIT 1   [ RunTime:0.0060s ]
SQL: SHOW COLUMNS FROM `ym_statistic_view` [ RunTime:0.0031s ]
SQL: SELECT COUNT(*) AS tp_count FROM `ym_statistic_view` WHERE `obj_guid` = '79B3BF3764940EFD3FCA34677C84A1AA' AND `obj_type` = 1 LIMIT 1   [ RunTime:0.0030s ]
SQL: SHOW COLUMNS FROM `ym_statistic_like` [ RunTime:0.0032s ]
SQL: SELECT COUNT(*) AS tp_count FROM `ym_statistic_like` WHERE `obj_guid` = '79B3BF3764940EFD3FCA34677C84A1AA' AND `obj_type` = 1 AND `is_like` = 1 LIMIT 1   [ RunTime:0.0040s ]
SQL: SELECT COUNT(*) AS tp_count FROM `ym_statistic_like` WHERE `obj_guid` = '79B3BF3764940EFD3FCA34677C84A1AA' AND `obj_type` = 1 AND `is_like` = 1 AND `user_guid` = 'outside_user_D72E8FF1FA4B85C6750870415C71E035' LIMIT 1   [ RunTime:0.0026s ]
SQL: SHOW COLUMNS FROM `ym_activity_signup` [ RunTime:0.0037s ]
SQL: SELECT * FROM `ym_activity_signup` WHERE `activity_guid` = '79B3BF3764940EFD3FCA34677C84A1AA' LIMIT 1   [ RunTime:0.0079s ]
SQL: SHOW COLUMNS FROM `ym_activity_signup_form_build` [ RunTime:0.0033s ]
SQL: SELECT * FROM `ym_activity_signup_form_build` WHERE `signup_guid` = '4983C3213C2DA26C19A1A1C80DDEAEE0' AND `is_del` = 0  [ RunTime:0.0042s ]
SQL: SHOW COLUMNS FROM `ym_activity_signup_userinfo` [ RunTime:0.0034s ]
SQL: SELECT COUNT(*) AS tp_count FROM `ym_activity_signup_userinfo` WHERE `activity_guid` = '79B3BF3764940EFD3FCA34677C84A1AA' AND `is_del` = 0 LIMIT 1   [ RunTime:0.0029s ]
SQL: SHOW COLUMNS FROM `ym_activity_attr_ticket` [ RunTime:0.0034s ]
SQL: SELECT SUM(num) as total FROM `ym_activity_attr_ticket` WHERE `activity_guid` = '79B3BF3764940EFD3FCA34677C84A1AA' AND `is_del` = 0 AND `is_for_sale` = 1 LIMIT 1   [ RunTime:0.0027s ]
SQL: SELECT COUNT(*) AS tp_count FROM `ym_activity_signup_userinfo` WHERE `activity_guid` = '79B3BF3764940EFD3FCA34677C84A1AA' AND `is_del` = 0 LIMIT 1   [ RunTime:0.0028s ]
SQL: SELECT `guid`,`num`,`name` FROM `ym_activity_attr_ticket` WHERE `activity_guid` = '79B3BF3764940EFD3FCA34677C84A1AA' AND `is_del` = 0 AND `is_for_sale` = 1  [ RunTime:0.0053s ]
SQL: SHOW COLUMNS FROM `ym_activity_user_ticket` [ RunTime:0.0039s ]
SQL: SELECT COUNT(*) AS tp_count FROM `ym_activity_user_ticket` WHERE `ticket_guid` = '669919B481FAFC1AC2B71560103000AA' AND `status` = 2 AND `is_del` = 0 LIMIT 1   [ RunTime:0.0032s ]
SQL: SELECT COUNT(*) AS tp_count FROM `ym_activity_user_ticket` WHERE `ticket_guid` = '22187E86A20C103299DC87DA144C8552' AND `status` = 2 AND `is_del` = 0 LIMIT 1   [ RunTime:0.0079s ]
SQL: SELECT COUNT(*) AS tp_count FROM `ym_activity_user_ticket` WHERE `ticket_guid` = '10182994AF6AC4E9126BB7832F5460BF' AND `status` = 2 AND `is_del` = 0 LIMIT 1   [ RunTime:0.0028s ]
SQL: SHOW COLUMNS FROM `ym_activity_signup_userinfo` [ RunTime:0.0039s ]
SQL: SELECT COUNT(*) AS tp_count FROM `ym_activity_signup_userinfo` WHERE `signup_guid` = '4983C3213C2DA26C19A1A1C80DDEAEE0' AND `user_guid` = 'outside_user_D72E8FF1FA4B85C6750870415C71E035' LIMIT 1   [ RunTime:0.0080s ]
SQL: SHOW COLUMNS FROM `ym_activity_attr_undertaker` [ RunTime:0.0035s ]
SQL: SELECT * FROM `ym_activity_attr_undertaker` WHERE `activity_guid` = '79B3BF3764940EFD3FCA34677C84A1AA' AND `is_del` = 0 ORDER BY id asc  [ RunTime:0.0116s ]
SQL: SHOW COLUMNS FROM `ym_activity_attr_flow` [ RunTime:0.0039s ]
SQL: SELECT * FROM `ym_activity_attr_flow` WHERE `activity_guid` = '79B3BF3764940EFD3FCA34677C84A1AA' AND `is_del` = 0 ORDER BY id asc  [ RunTime:0.0037s ]
SQL: SELECT * FROM `ym_activity_signup_userinfo` WHERE ( activity_guid='79B3BF3764940EFD3FCA34677C84A1AA' and is_del=0 ) ORDER BY updated_at DESC LIMIT 0,10   [ RunTime:0.0059s ]
SQL: SELECT COUNT(*) AS tp_count FROM `ym_activity_signup_userinfo` WHERE ( activity_guid='79B3BF3764940EFD3FCA34677C84A1AA' and is_del=0 ) LIMIT 1   [ RunTime:0.0146s ]
SQL: SELECT COUNT(*) AS tp_count FROM `ym_activity_signup_userinfo` WHERE ( activity_guid='79B3BF3764940EFD3FCA34677C84A1AA' and is_del=0 ) LIMIT 1   [ RunTime:0.0033s ]

[ 2015-03-30T13:38:26+08:00 ] 127.0.0.1 /mobile/activity/qrcode/aid/79B3BF3764940EFD3FCA34677C84A1AA/token/A221602279B8E52AA51D904103E1E24D
INFO: [ app_init ] --START--
INFO: Run Behavior\BuildLiteBehavior [ RunTime:0.000240s ]
INFO: [ app_init ] --END-- [ RunTime:0.001792s ]
SQL: SHOW COLUMNS FROM `ym_activity` [ RunTime:0.0040s ]
SQL: SELECT `org_guid` FROM `ym_activity` WHERE `guid` = '79B3BF3764940EFD3FCA34677C84A1AA' LIMIT 1   [ RunTime:0.0027s ]

[ 2015-03-30T13:40:22+08:00 ] 127.0.0.1 /mobile/activity/preview/aid/79B3BF3764940EFD3FCA34677C84A1AA/token/A221602279B8E52AA51D904103E1E24D
INFO: [ app_init ] --START--
INFO: Run Behavior\BuildLiteBehavior [ RunTime:0.000162s ]
INFO: [ app_init ] --END-- [ RunTime:0.001562s ]
SQL: SHOW COLUMNS FROM `ym_activity` [ RunTime:0.0034s ]
SQL: SELECT * FROM `ym_activity` WHERE ( guid = "79B3BF3764940EFD3FCA34677C84A1AA" ) LIMIT 1   [ RunTime:0.0039s ]
SQL: SHOW COLUMNS FROM `ym_activity_subject` [ RunTime:0.0056s ]
SQL: SELECT * FROM `ym_activity_subject` WHERE ( guid = "95CEC0849FC0CF2F3CAF2C124DCF7455" ) LIMIT 1   [ RunTime:0.0037s ]
SQL: SHOW COLUMNS FROM `ym_org` [ RunTime:0.0089s ]
SQL: SELECT `guid`,`name` FROM `ym_org` WHERE ( guid = "A221602279B8E52AA51D904103E1E24D" ) LIMIT 1   [ RunTime:0.0025s ]
SQL: SHOW COLUMNS FROM `ym_statistic_view` [ RunTime:0.0053s ]
SQL: SELECT COUNT(*) AS tp_count FROM `ym_statistic_view` WHERE `obj_guid` = '79B3BF3764940EFD3FCA34677C84A1AA' AND `obj_type` = 1 LIMIT 1   [ RunTime:0.0039s ]
SQL: SHOW COLUMNS FROM `ym_statistic_like` [ RunTime:0.0031s ]
SQL: SELECT COUNT(*) AS tp_count FROM `ym_statistic_like` WHERE `obj_guid` = '79B3BF3764940EFD3FCA34677C84A1AA' AND `obj_type` = 1 AND `is_like` = 1 LIMIT 1   [ RunTime:0.0022s ]
SQL: SELECT COUNT(*) AS tp_count FROM `ym_statistic_like` WHERE `obj_guid` = '79B3BF3764940EFD3FCA34677C84A1AA' AND `obj_type` = 1 AND `is_like` = 1 AND `user_guid` = 'outside_user_B5D70E3B8AB2E44BA3A868FDF5694E60' LIMIT 1   [ RunTime:0.0026s ]
SQL: SHOW COLUMNS FROM `ym_activity_signup` [ RunTime:0.0034s ]
SQL: SELECT * FROM `ym_activity_signup` WHERE `activity_guid` = '79B3BF3764940EFD3FCA34677C84A1AA' LIMIT 1   [ RunTime:0.0074s ]
SQL: SHOW COLUMNS FROM `ym_activity_signup_form_build` [ RunTime:0.0030s ]
SQL: SELECT * FROM `ym_activity_signup_form_build` WHERE `signup_guid` = '4983C3213C2DA26C19A1A1C80DDEAEE0' AND `is_del` = 0  [ RunTime:0.0042s ]
SQL: SHOW COLUMNS FROM `ym_activity_signup_userinfo` [ RunTime:0.0052s ]
SQL: SELECT COUNT(*) AS tp_count FROM `ym_activity_signup_userinfo` WHERE `activity_guid` = '79B3BF3764940EFD3FCA34677C84A1AA' AND `is_del` = 0 LIMIT 1   [ RunTime:0.0025s ]
SQL: SHOW COLUMNS FROM `ym_activity_attr_ticket` [ RunTime:0.0034s ]
SQL: SELECT SUM(num) as total FROM `ym_activity_attr_ticket` WHERE `activity_guid` = '79B3BF3764940EFD3FCA34677C84A1AA' AND `is_del` = 0 AND `is_for_sale` = 1 LIMIT 1   [ RunTime:0.0216s ]
SQL: SELECT COUNT(*) AS tp_count FROM `ym_activity_signup_userinfo` WHERE `activity_guid` = '79B3BF3764940EFD3FCA34677C84A1AA' AND `is_del` = 0 LIMIT 1   [ RunTime:0.0026s ]
SQL: SELECT `guid`,`num`,`name` FROM `ym_activity_attr_ticket` WHERE `activity_guid` = '79B3BF3764940EFD3FCA34677C84A1AA' AND `is_del` = 0 AND `is_for_sale` = 1  [ RunTime:0.0033s ]
SQL: SHOW COLUMNS FROM `ym_activity_user_ticket` [ RunTime:0.0042s ]
SQL: SELECT COUNT(*) AS tp_count FROM `ym_activity_user_ticket` WHERE `ticket_guid` = '669919B481FAFC1AC2B71560103000AA' AND `status` = 2 AND `is_del` = 0 LIMIT 1   [ RunTime:0.0025s ]
SQL: SELECT COUNT(*) AS tp_count FROM `ym_activity_user_ticket` WHERE `ticket_guid` = '22187E86A20C103299DC87DA144C8552' AND `status` = 2 AND `is_del` = 0 LIMIT 1   [ RunTime:0.0026s ]
SQL: SELECT COUNT(*) AS tp_count FROM `ym_activity_user_ticket` WHERE `ticket_guid` = '10182994AF6AC4E9126BB7832F5460BF' AND `status` = 2 AND `is_del` = 0 LIMIT 1   [ RunTime:0.0120s ]
SQL: SHOW COLUMNS FROM `ym_activity_signup_userinfo` [ RunTime:0.0032s ]
SQL: SELECT COUNT(*) AS tp_count FROM `ym_activity_signup_userinfo` WHERE `signup_guid` = '4983C3213C2DA26C19A1A1C80DDEAEE0' AND `user_guid` = 'outside_user_B5D70E3B8AB2E44BA3A868FDF5694E60' LIMIT 1   [ RunTime:0.0030s ]
SQL: SHOW COLUMNS FROM `ym_activity_attr_undertaker` [ RunTime:0.0034s ]
SQL: SELECT * FROM `ym_activity_attr_undertaker` WHERE `activity_guid` = '79B3BF3764940EFD3FCA34677C84A1AA' AND `is_del` = 0 ORDER BY id asc  [ RunTime:0.0031s ]
SQL: SHOW COLUMNS FROM `ym_activity_attr_flow` [ RunTime:0.0046s ]
SQL: SELECT * FROM `ym_activity_attr_flow` WHERE `activity_guid` = '79B3BF3764940EFD3FCA34677C84A1AA' AND `is_del` = 0 ORDER BY id asc  [ RunTime:0.0064s ]
SQL: SELECT * FROM `ym_activity_signup_userinfo` WHERE ( activity_guid='79B3BF3764940EFD3FCA34677C84A1AA' and is_del=0 ) ORDER BY updated_at DESC LIMIT 0,10   [ RunTime:0.0131s ]
SQL: SELECT COUNT(*) AS tp_count FROM `ym_activity_signup_userinfo` WHERE ( activity_guid='79B3BF3764940EFD3FCA34677C84A1AA' and is_del=0 ) LIMIT 1   [ RunTime:0.0032s ]
SQL: SELECT COUNT(*) AS tp_count FROM `ym_activity_signup_userinfo` WHERE ( activity_guid='79B3BF3764940EFD3FCA34677C84A1AA' and is_del=0 ) LIMIT 1   [ RunTime:0.0025s ]

[ 2015-03-30T13:40:22+08:00 ] 127.0.0.1 /mobile/activity/qrcode/aid/79B3BF3764940EFD3FCA34677C84A1AA/token/A221602279B8E52AA51D904103E1E24D
INFO: [ app_init ] --START--
INFO: Run Behavior\BuildLiteBehavior [ RunTime:0.000673s ]
INFO: [ app_init ] --END-- [ RunTime:0.002848s ]
SQL: SHOW COLUMNS FROM `ym_activity` [ RunTime:0.0034s ]
SQL: SELECT `org_guid` FROM `ym_activity` WHERE `guid` = '79B3BF3764940EFD3FCA34677C84A1AA' LIMIT 1   [ RunTime:0.0025s ]

[ 2015-03-30T16:18:01+08:00 ] 127.0.0.1 /mobile/activity/ticket/aid/79B3BF3764940EFD3FCA34677C84A1AA/iid/08A333C0925F3483489DE0B3B76A2810/token/A221602279B8E52AA51D904103E1E24D
INFO: [ app_init ] --START--
INFO: Run Behavior\BuildLiteBehavior [ RunTime:0.000152s ]
INFO: [ app_init ] --END-- [ RunTime:0.001346s ]
SQL: SHOW COLUMNS FROM `ym_activity` [ RunTime:0.0038s ]
SQL: SELECT * FROM `ym_activity` WHERE `guid` = '79B3BF3764940EFD3FCA34677C84A1AA' LIMIT 1   [ RunTime:0.0044s ]
SQL: SHOW COLUMNS FROM `ym_org` [ RunTime:0.0066s ]
SQL: SELECT `name` FROM `ym_org` WHERE `guid` = 'A221602279B8E52AA51D904103E1E24D' LIMIT 1   [ RunTime:0.0052s ]
SQL: SHOW COLUMNS FROM `ym_activity_signup` [ RunTime:0.0062s ]
SQL: SELECT * FROM `ym_activity_signup` WHERE `activity_guid` = '79B3BF3764940EFD3FCA34677C84A1AA' LIMIT 1   [ RunTime:0.0083s ]
SQL: SHOW COLUMNS FROM `ym_activity_signup_userinfo` [ RunTime:0.0037s ]
SQL: SELECT * FROM `ym_activity_signup_userinfo` WHERE `guid` = '08A333C0925F3483489DE0B3B76A2810' LIMIT 1   [ RunTime:0.0047s ]
SQL: SHOW COLUMNS FROM `ym_activity_user_ticket` [ RunTime:0.0050s ]
SQL: SELECT * FROM `ym_activity_user_ticket` WHERE `user_guid` = 'add_by_org_622F28E42BD0B4B3D9172E92D22B7933' AND `activity_guid` = '79B3BF3764940EFD3FCA34677C84A1AA' LIMIT 1   [ RunTime:0.0037s ]

[ 2015-03-30T16:18:03+08:00 ] 127.0.0.1 /mobile/activity/signin_qrcode/tid/E50AD743DA3BF712F19207FDD050B469
INFO: [ app_init ] --START--
INFO: Run Behavior\BuildLiteBehavior [ RunTime:0.000152s ]
INFO: [ app_init ] --END-- [ RunTime:0.002122s ]
SQL: SHOW COLUMNS FROM `ym_activity_user_ticket` [ RunTime:0.0051s ]
SQL: SELECT `activity_guid`,`user_guid`,`mobile`,`ticket_code`,`ticket_name` FROM `ym_activity_user_ticket` WHERE `guid` = 'E50AD743DA3BF712F19207FDD050B469' LIMIT 1   [ RunTime:0.0032s ]

