[ 2015-04-10T15:38:17+08:00 ] 127.0.0.1 /
INFO: [ app_init ] --START--
INFO: Run Behavior\BuildLiteBehavior [ RunTime:0.001000s ]
INFO: [ app_init ] --END-- [ RunTime:0.001000s ]

[ 2015-04-10T15:38:17+08:00 ] 127.0.0.1 /site/index/verify
INFO: [ app_init ] --START--
INFO: Run Behavior\BuildLiteBehavior [ RunTime:0.001000s ]
INFO: [ app_init ] --END-- [ RunTime:0.001000s ]

[ 2015-04-10T15:38:20+08:00 ] 127.0.0.1 /site/index/application
INFO: [ app_init ] --START--
INFO: Run Behavior\BuildLiteBehavior [ RunTime:0.000000s ]
INFO: [ app_init ] --END-- [ RunTime:0.003000s ]
SQL: SHOW COLUMNS FROM `ym_app_application` [ RunTime:0.0030s ]

[ 2015-04-10T15:38:20+08:00 ] 127.0.0.1 /site/index/verify
INFO: [ app_init ] --START--
INFO: Run Behavior\BuildLiteBehavior [ RunTime:0.000000s ]
INFO: [ app_init ] --END-- [ RunTime:0.002000s ]

[ 2015-04-10T15:38:27+08:00 ] 127.0.0.1 /site/index/reminder
INFO: [ app_init ] --START--
INFO: Run Behavior\BuildLiteBehavior [ RunTime:0.000000s ]
INFO: [ app_init ] --END-- [ RunTime:0.003001s ]

[ 2015-04-10T15:38:51+08:00 ] 127.0.0.1 /site/index/application_success
INFO: [ app_init ] --START--
INFO: Run Behavior\BuildLiteBehavior [ RunTime:0.000000s ]
INFO: [ app_init ] --END-- [ RunTime:0.003000s ]
SQL: SHOW COLUMNS FROM `ym_app_application` [ RunTime:0.0020s ]
SQL: SELECT * FROM `ym_app_application` WHERE `guid` = '' LIMIT 1   [ RunTime:0.0020s ]

[ 2015-04-10T15:44:39+08:00 ] 127.0.0.1 /site/index/application_success
INFO: [ app_init ] --START--
INFO: Run Behavior\BuildLiteBehavior [ RunTime:0.000000s ]
INFO: [ app_init ] --END-- [ RunTime:0.002000s ]
SQL: SHOW COLUMNS FROM `ym_app_application` [ RunTime:0.0020s ]
SQL: SELECT * FROM `ym_app_application` WHERE `guid` = '' LIMIT 1   [ RunTime:0.0020s ]

[ 2015-04-10T15:44:56+08:00 ] 127.0.0.1 /site/index/application_success
INFO: [ app_init ] --START--
INFO: Run Behavior\BuildLiteBehavior [ RunTime:0.000000s ]
INFO: [ app_init ] --END-- [ RunTime:0.002000s ]
SQL: SHOW COLUMNS FROM `ym_app_application` [ RunTime:0.0020s ]
SQL: SELECT * FROM `ym_app_application` WHERE `guid` = '' LIMIT 1   [ RunTime:0.0020s ]

[ 2015-04-10T15:44:58+08:00 ] 127.0.0.1 /site/index/application_success
INFO: [ app_init ] --START--
INFO: Run Behavior\BuildLiteBehavior [ RunTime:0.000000s ]
INFO: [ app_init ] --END-- [ RunTime:0.002000s ]
SQL: SHOW COLUMNS FROM `ym_app_application` [ RunTime:0.0020s ]
SQL: SELECT * FROM `ym_app_application` WHERE `guid` = '' LIMIT 1   [ RunTime:0.0010s ]

[ 2015-04-10T15:45:05+08:00 ] 127.0.0.1 /site/index/application_success
INFO: [ app_init ] --START--
INFO: Run Behavior\BuildLiteBehavior [ RunTime:0.000000s ]
INFO: [ app_init ] --END-- [ RunTime:0.002000s ]
SQL: SHOW COLUMNS FROM `ym_app_application` [ RunTime:0.0020s ]
SQL: SELECT * FROM `ym_app_application` WHERE `guid` = '' LIMIT 1   [ RunTime:0.0020s ]

[ 2015-04-10T15:45:27+08:00 ] 127.0.0.1 /site/index/application_success
INFO: [ app_init ] --START--
INFO: Run Behavior\BuildLiteBehavior [ RunTime:0.000000s ]
INFO: [ app_init ] --END-- [ RunTime:0.002000s ]
SQL: SHOW COLUMNS FROM `ym_app_application` [ RunTime:0.0020s ]
SQL: SELECT * FROM `ym_app_application` WHERE `guid` = '' LIMIT 1   [ RunTime:0.0010s ]

[ 2015-04-10T15:46:05+08:00 ] 127.0.0.1 /site/index/application_success
INFO: [ app_init ] --START--
INFO: Run Behavior\BuildLiteBehavior [ RunTime:0.000000s ]
INFO: [ app_init ] --END-- [ RunTime:0.003001s ]
SQL: SHOW COLUMNS FROM `ym_app_application` [ RunTime:0.0020s ]
SQL: SELECT * FROM `ym_app_application` WHERE `guid` = '' LIMIT 1   [ RunTime:0.0010s ]

[ 2015-04-10T15:46:10+08:00 ] 127.0.0.1 /site/index/index
INFO: [ app_init ] --START--
INFO: Run Behavior\BuildLiteBehavior [ RunTime:0.001000s ]
INFO: [ app_init ] --END-- [ RunTime:0.001000s ]

[ 2015-04-10T15:46:10+08:00 ] 127.0.0.1 /site/index/verify
INFO: [ app_init ] --START--
INFO: Run Behavior\BuildLiteBehavior [ RunTime:0.001000s ]
INFO: [ app_init ] --END-- [ RunTime:0.001000s ]

[ 2015-04-10T15:48:51+08:00 ] 127.0.0.1 /site/index/application_success
INFO: [ app_init ] --START--
INFO: Run Behavior\BuildLiteBehavior [ RunTime:0.000000s ]
INFO: [ app_init ] --END-- [ RunTime:0.002000s ]
SQL: SHOW COLUMNS FROM `ym_app_application` [ RunTime:0.0030s ]
SQL: SELECT * FROM `ym_app_application` WHERE `guid` = '' LIMIT 1   [ RunTime:0.0020s ]

[ 2015-04-10T15:54:06+08:00 ] 127.0.0.1 /
INFO: [ app_init ] --START--
INFO: Run Behavior\BuildLiteBehavior [ RunTime:0.001000s ]
INFO: [ app_init ] --END-- [ RunTime:0.003000s ]

[ 2015-04-10T15:54:06+08:00 ] 127.0.0.1 /site/index/verify
INFO: [ app_init ] --START--
INFO: Run Behavior\BuildLiteBehavior [ RunTime:0.001001s ]
INFO: [ app_init ] --END-- [ RunTime:0.001001s ]

[ 2015-04-10T15:54:10+08:00 ] 127.0.0.1 /site/index/application
INFO: [ app_init ] --START--
INFO: Run Behavior\BuildLiteBehavior [ RunTime:0.001000s ]
INFO: [ app_init ] --END-- [ RunTime:0.004000s ]
SQL: SHOW COLUMNS FROM `ym_app_application` [ RunTime:0.0020s ]

[ 2015-04-10T15:54:10+08:00 ] 127.0.0.1 /site/index/verify
INFO: [ app_init ] --START--
INFO: Run Behavior\BuildLiteBehavior [ RunTime:0.000000s ]
INFO: [ app_init ] --END-- [ RunTime:0.003000s ]

[ 2015-04-10T15:54:21+08:00 ] 127.0.0.1 /site/index/application_success
INFO: [ app_init ] --START--
INFO: Run Behavior\BuildLiteBehavior [ RunTime:0.000000s ]
INFO: [ app_init ] --END-- [ RunTime:0.002000s ]
SQL: SHOW COLUMNS FROM `ym_app_application` [ RunTime:0.0020s ]
SQL: SELECT * FROM `ym_app_application` WHERE `guid` = '' LIMIT 1   [ RunTime:0.0010s ]

[ 2015-04-10T15:55:19+08:00 ] 127.0.0.1 /site/index/check_verify
INFO: [ app_init ] --START--
INFO: Run Behavior\BuildLiteBehavior [ RunTime:0.000000s ]
INFO: [ app_init ] --END-- [ RunTime:0.002000s ]

[ 2015-04-10T15:55:22+08:00 ] 127.0.0.1 /site/index/verify?0.723457248415798
INFO: [ app_init ] --START--
INFO: Run Behavior\BuildLiteBehavior [ RunTime:0.000000s ]
INFO: [ app_init ] --END-- [ RunTime:0.002000s ]

[ 2015-04-10T15:55:25+08:00 ] 127.0.0.1 /site/index/check_verify
INFO: [ app_init ] --START--
INFO: Run Behavior\BuildLiteBehavior [ RunTime:0.000000s ]
INFO: [ app_init ] --END-- [ RunTime:0.001000s ]

[ 2015-04-10T15:55:26+08:00 ] 127.0.0.1 /site/index/application
INFO: [ app_init ] --START--
INFO: Run Behavior\BuildLiteBehavior [ RunTime:0.001000s ]
INFO: [ app_init ] --END-- [ RunTime:0.002000s ]
SQL: SHOW COLUMNS FROM `ym_app_application` [ RunTime:0.0020s ]
SQL: INSERT INTO `ym_app_application` (`guid`,`name`,`mobile`,`email`,`company`,`duties`,`reason`,`status`,`created_at`,`updated_at`) VALUES ('5EA0254B12EB725E030BDB2BED4ABD0F','刘德华','18777776666','jllajf@qq.comj','lsadjfljljfals','lasdjfjlaj','lkasjdfljlasjfl','0','1428652526','1428652526') [ RunTime:0.0010s ]

[ 2015-04-10T15:55:27+08:00 ] 127.0.0.1 /site/index/application_success/guid/5EA0254B12EB725E030BDB2BED4ABD0F
INFO: [ app_init ] --START--
INFO: Run Behavior\BuildLiteBehavior [ RunTime:0.001000s ]
INFO: [ app_init ] --END-- [ RunTime:0.002000s ]
SQL: SHOW COLUMNS FROM `ym_app_application` [ RunTime:0.0020s ]
SQL: SELECT * FROM `ym_app_application` WHERE `guid` = '5EA0254B12EB725E030BDB2BED4ABD0F' LIMIT 1   [ RunTime:0.0010s ]

[ 2015-04-10T15:57:13+08:00 ] 127.0.0.1 /site/index/application_success/guid/5EA0254B12EB725E030BDB2BED4ABD0F
INFO: [ app_init ] --START--
INFO: Run Behavior\BuildLiteBehavior [ RunTime:0.000000s ]
INFO: [ app_init ] --END-- [ RunTime:0.002001s ]
SQL: SHOW COLUMNS FROM `ym_app_application` [ RunTime:0.0030s ]
SQL: SELECT * FROM `ym_app_application` WHERE `guid` = '5EA0254B12EB725E030BDB2BED4ABD0F' LIMIT 1   [ RunTime:0.0020s ]

[ 2015-04-10T15:57:49+08:00 ] 127.0.0.1 /site/index/application_success/guid/5EA0254B12EB725E030BDB2BED4ABD0F
INFO: [ app_init ] --START--
INFO: Run Behavior\BuildLiteBehavior [ RunTime:0.000000s ]
INFO: [ app_init ] --END-- [ RunTime:0.002000s ]
SQL: SHOW COLUMNS FROM `ym_app_application` [ RunTime:0.0020s ]
SQL: SELECT * FROM `ym_app_application` WHERE `guid` = '5EA0254B12EB725E030BDB2BED4ABD0F' LIMIT 1   [ RunTime:0.0020s ]

[ 2015-04-10T15:57:51+08:00 ] 127.0.0.1 /site/index/application_success/guid/5EA0254B12EB725E030BDB2BED4ABD0F
INFO: [ app_init ] --START--
INFO: Run Behavior\BuildLiteBehavior [ RunTime:0.000000s ]
INFO: [ app_init ] --END-- [ RunTime:0.002000s ]
SQL: SHOW COLUMNS FROM `ym_app_application` [ RunTime:0.0020s ]
SQL: SELECT * FROM `ym_app_application` WHERE `guid` = '5EA0254B12EB725E030BDB2BED4ABD0F' LIMIT 1   [ RunTime:0.0020s ]

[ 2015-04-10T15:57:58+08:00 ] 127.0.0.1 /site/index/index
INFO: [ app_init ] --START--
INFO: Run Behavior\BuildLiteBehavior [ RunTime:0.000000s ]
INFO: [ app_init ] --END-- [ RunTime:0.002000s ]

[ 2015-04-10T15:57:58+08:00 ] 127.0.0.1 /site/index/verify
INFO: [ app_init ] --START--
INFO: Run Behavior\BuildLiteBehavior [ RunTime:0.000000s ]
INFO: [ app_init ] --END-- [ RunTime:0.002000s ]

[ 2015-04-10T15:58:01+08:00 ] 127.0.0.1 /site/index/application_success/guid/5EA0254B12EB725E030BDB2BED4ABD0F
INFO: [ app_init ] --START--
INFO: Run Behavior\BuildLiteBehavior [ RunTime:0.000000s ]
INFO: [ app_init ] --END-- [ RunTime:0.001000s ]
SQL: SHOW COLUMNS FROM `ym_app_application` [ RunTime:0.0020s ]
SQL: SELECT * FROM `ym_app_application` WHERE `guid` = '5EA0254B12EB725E030BDB2BED4ABD0F' LIMIT 1   [ RunTime:0.0020s ]

