[ 2015-03-27T09:17:17+08:00 ] 127.0.0.1 /
INFO: [ app_init ] --START--
INFO: Run Behavior\BuildLiteBehavior [ RunTime:0.000014s ]
INFO: [ app_init ] --END-- [ RunTime:0.007902s ]

[ 2015-03-27T09:17:17+08:00 ] 127.0.0.1 /site/index/verify
INFO: [ app_init ] --START--
INFO: Run Behavior\BuildLiteBehavior [ RunTime:0.000011s ]
INFO: [ app_init ] --END-- [ RunTime:0.000258s ]

[ 2015-03-27T17:05:52+08:00 ] 127.0.0.1 /site
INFO: [ app_init ] --START--
INFO: Run Behavior\BuildLiteBehavior [ RunTime:0.000320s ]
INFO: [ app_init ] --END-- [ RunTime:0.003129s ]

[ 2015-03-27T17:05:53+08:00 ] 127.0.0.1 /site/index/verify
INFO: [ app_init ] --START--
INFO: Run Behavior\BuildLiteBehavior [ RunTime:0.000352s ]
INFO: [ app_init ] --END-- [ RunTime:0.003207s ]

[ 2015-03-27T17:05:57+08:00 ] 127.0.0.1 /site/index/application
INFO: [ app_init ] --START--
INFO: Run Behavior\BuildLiteBehavior [ RunTime:0.000483s ]
INFO: [ app_init ] --END-- [ RunTime:0.004609s ]
SQL: SHOW COLUMNS FROM `ym_app_application` [ RunTime:0.0073s ]

[ 2015-03-27T17:05:58+08:00 ] 127.0.0.1 /site/index/verify
INFO: [ app_init ] --START--
INFO: Run Behavior\BuildLiteBehavior [ RunTime:0.000394s ]
INFO: [ app_init ] --END-- [ RunTime:0.003964s ]

[ 2015-03-27T17:06:12+08:00 ] 127.0.0.1 /site/index/verify?0.37829464417882264
INFO: [ app_init ] --START--
INFO: Run Behavior\BuildLiteBehavior [ RunTime:0.000254s ]
INFO: [ app_init ] --END-- [ RunTime:0.002308s ]

[ 2015-03-27T17:06:47+08:00 ] 127.0.0.1 /site/index/application
INFO: [ app_init ] --START--
INFO: Run Behavior\BuildLiteBehavior [ RunTime:0.000519s ]
INFO: [ app_init ] --END-- [ RunTime:0.004473s ]
SQL: SHOW COLUMNS FROM `ym_app_application` [ RunTime:0.0041s ]

[ 2015-03-27T17:06:47+08:00 ] 127.0.0.1 /site/index/verify
INFO: [ app_init ] --START--
INFO: Run Behavior\BuildLiteBehavior [ RunTime:0.000410s ]
INFO: [ app_init ] --END-- [ RunTime:0.003534s ]

[ 2015-03-27T17:08:59+08:00 ] 127.0.0.1 /site/index/application
INFO: [ app_init ] --START--
INFO: Run Behavior\BuildLiteBehavior [ RunTime:0.000233s ]
INFO: [ app_init ] --END-- [ RunTime:0.002050s ]
SQL: SHOW COLUMNS FROM `ym_app_application` [ RunTime:0.0046s ]

[ 2015-03-27T17:09:04+08:00 ] 127.0.0.1 /site/index/application
INFO: [ app_init ] --START--
INFO: Run Behavior\BuildLiteBehavior [ RunTime:0.000481s ]
INFO: [ app_init ] --END-- [ RunTime:0.003573s ]
SQL: SHOW COLUMNS FROM `ym_app_application` [ RunTime:0.0049s ]

[ 2015-03-27T17:09:14+08:00 ] 127.0.0.1 /site/index/application
INFO: [ app_init ] --START--
INFO: Run Behavior\BuildLiteBehavior [ RunTime:0.000459s ]
INFO: [ app_init ] --END-- [ RunTime:0.003820s ]
SQL: SHOW COLUMNS FROM `ym_app_application` [ RunTime:0.0042s ]

[ 2015-03-27T17:09:33+08:00 ] 127.0.0.1 /site/index/application
INFO: [ app_init ] --START--
INFO: Run Behavior\BuildLiteBehavior [ RunTime:0.000282s ]
INFO: [ app_init ] --END-- [ RunTime:0.003625s ]
SQL: SHOW COLUMNS FROM `ym_app_application` [ RunTime:0.0055s ]

[ 2015-03-27T17:11:18+08:00 ] 127.0.0.1 /site/index/application
INFO: [ app_init ] --START--
INFO: Run Behavior\BuildLiteBehavior [ RunTime:0.000325s ]
INFO: [ app_init ] --END-- [ RunTime:0.004399s ]
SQL: SHOW COLUMNS FROM `ym_app_application` [ RunTime:0.0084s ]

[ 2015-03-27T17:11:19+08:00 ] 127.0.0.1 /site/index/verify
INFO: [ app_init ] --START--
INFO: Run Behavior\BuildLiteBehavior [ RunTime:0.000557s ]
INFO: [ app_init ] --END-- [ RunTime:0.004619s ]

[ 2015-03-27T17:11:24+08:00 ] 127.0.0.1 /site/index/application
INFO: [ app_init ] --START--
INFO: Run Behavior\BuildLiteBehavior [ RunTime:0.000327s ]
INFO: [ app_init ] --END-- [ RunTime:0.002124s ]
SQL: SHOW COLUMNS FROM `ym_app_application` [ RunTime:0.0045s ]

[ 2015-03-27T17:11:50+08:00 ] 127.0.0.1 /site/index/application
INFO: [ app_init ] --START--
INFO: Run Behavior\BuildLiteBehavior [ RunTime:0.000494s ]
INFO: [ app_init ] --END-- [ RunTime:0.009698s ]
SQL: SHOW COLUMNS FROM `ym_app_application` [ RunTime:0.0057s ]

[ 2015-03-27T17:15:32+08:00 ] 127.0.0.1 /
INFO: [ app_init ] --START--
INFO: Run Behavior\BuildLiteBehavior [ RunTime:0.000233s ]
INFO: [ app_init ] --END-- [ RunTime:0.002106s ]

[ 2015-03-27T17:15:33+08:00 ] 127.0.0.1 /site/index/verify
INFO: [ app_init ] --START--
INFO: Run Behavior\BuildLiteBehavior [ RunTime:0.000274s ]
INFO: [ app_init ] --END-- [ RunTime:0.003109s ]

[ 2015-03-27T17:23:32+08:00 ] 127.0.0.1 /site/index/application
INFO: [ app_init ] --START--
INFO: Run Behavior\BuildLiteBehavior [ RunTime:0.000238s ]
INFO: [ app_init ] --END-- [ RunTime:0.002725s ]
SQL: SHOW COLUMNS FROM `ym_app_application` [ RunTime:0.0047s ]

[ 2015-03-27T17:23:33+08:00 ] 127.0.0.1 /site/index/verify
INFO: [ app_init ] --START--
INFO: Run Behavior\BuildLiteBehavior [ RunTime:0.000354s ]
INFO: [ app_init ] --END-- [ RunTime:0.003309s ]

[ 2015-03-27T17:23:34+08:00 ] 127.0.0.1 /site/index/application
INFO: [ app_init ] --START--
INFO: Run Behavior\BuildLiteBehavior [ RunTime:0.000454s ]
INFO: [ app_init ] --END-- [ RunTime:0.004332s ]
SQL: SHOW COLUMNS FROM `ym_app_application` [ RunTime:0.0093s ]

[ 2015-03-27T17:24:20+08:00 ] 127.0.0.1 /site/index/application
INFO: [ app_init ] --START--
INFO: Run Behavior\BuildLiteBehavior [ RunTime:0.000430s ]
INFO: [ app_init ] --END-- [ RunTime:0.003565s ]
SQL: SHOW COLUMNS FROM `ym_app_application` [ RunTime:0.0052s ]

[ 2015-03-27T17:24:46+08:00 ] 127.0.0.1 /site/index/application
INFO: [ app_init ] --START--
INFO: Run Behavior\BuildLiteBehavior [ RunTime:0.000413s ]
INFO: [ app_init ] --END-- [ RunTime:0.004049s ]
SQL: SHOW COLUMNS FROM `ym_app_application` [ RunTime:0.0065s ]

[ 2015-03-27T17:25:09+08:00 ] 127.0.0.1 /site/index/application
INFO: [ app_init ] --START--
INFO: Run Behavior\BuildLiteBehavior [ RunTime:0.000606s ]
INFO: [ app_init ] --END-- [ RunTime:0.004147s ]
SQL: SHOW COLUMNS FROM `ym_app_application` [ RunTime:0.0037s ]

[ 2015-03-27T17:25:24+08:00 ] 127.0.0.1 /site/index/application
INFO: [ app_init ] --START--
INFO: Run Behavior\BuildLiteBehavior [ RunTime:0.000654s ]
INFO: [ app_init ] --END-- [ RunTime:0.007692s ]
SQL: SHOW COLUMNS FROM `ym_app_application` [ RunTime:0.0043s ]

[ 2015-03-27T17:25:37+08:00 ] 127.0.0.1 /site/index/application
INFO: [ app_init ] --START--
INFO: Run Behavior\BuildLiteBehavior [ RunTime:0.000405s ]
INFO: [ app_init ] --END-- [ RunTime:0.003419s ]
SQL: SHOW COLUMNS FROM `ym_app_application` [ RunTime:0.0050s ]

[ 2015-03-27T17:26:50+08:00 ] 127.0.0.1 /site/index/application
INFO: [ app_init ] --START--
INFO: Run Behavior\BuildLiteBehavior [ RunTime:0.000399s ]
INFO: [ app_init ] --END-- [ RunTime:0.007067s ]
SQL: SHOW COLUMNS FROM `ym_app_application` [ RunTime:0.0057s ]

[ 2015-03-27T17:27:04+08:00 ] 127.0.0.1 /site/index/application
INFO: [ app_init ] --START--
INFO: Run Behavior\BuildLiteBehavior [ RunTime:0.000408s ]
INFO: [ app_init ] --END-- [ RunTime:0.004424s ]
SQL: SHOW COLUMNS FROM `ym_app_application` [ RunTime:0.0043s ]

[ 2015-03-27T17:27:39+08:00 ] 127.0.0.1 /site/index/application
INFO: [ app_init ] --START--
INFO: Run Behavior\BuildLiteBehavior [ RunTime:0.000890s ]
INFO: [ app_init ] --END-- [ RunTime:0.005650s ]
SQL: SHOW COLUMNS FROM `ym_app_application` [ RunTime:0.0378s ]

[ 2015-03-27T17:35:10+08:00 ] 127.0.0.1 /site/index/application
INFO: [ app_init ] --START--
INFO: Run Behavior\BuildLiteBehavior [ RunTime:0.000430s ]
INFO: [ app_init ] --END-- [ RunTime:0.004968s ]
SQL: SHOW COLUMNS FROM `ym_app_application` [ RunTime:0.0048s ]

[ 2015-03-27T17:35:49+08:00 ] 127.0.0.1 /site/index/application
INFO: [ app_init ] --START--
INFO: Run Behavior\BuildLiteBehavior [ RunTime:0.000623s ]
INFO: [ app_init ] --END-- [ RunTime:0.006120s ]
SQL: SHOW COLUMNS FROM `ym_app_application` [ RunTime:0.0038s ]

[ 2015-03-27T17:38:19+08:00 ] 127.0.0.1 /site/index/application
INFO: [ app_init ] --START--
INFO: Run Behavior\BuildLiteBehavior [ RunTime:0.000426s ]
INFO: [ app_init ] --END-- [ RunTime:0.003583s ]
SQL: SHOW COLUMNS FROM `ym_app_application` [ RunTime:0.0131s ]

[ 2015-03-27T17:38:33+08:00 ] 127.0.0.1 /site/index/application
INFO: [ app_init ] --START--
INFO: Run Behavior\BuildLiteBehavior [ RunTime:0.000260s ]
INFO: [ app_init ] --END-- [ RunTime:0.002260s ]
SQL: SHOW COLUMNS FROM `ym_app_application` [ RunTime:0.0042s ]

[ 2015-03-27T17:38:37+08:00 ] 127.0.0.1 /site/index/application
INFO: [ app_init ] --START--
INFO: Run Behavior\BuildLiteBehavior [ RunTime:0.000229s ]
INFO: [ app_init ] --END-- [ RunTime:0.002174s ]
SQL: SHOW COLUMNS FROM `ym_app_application` [ RunTime:0.0288s ]

[ 2015-03-27T17:38:37+08:00 ] 127.0.0.1 /site/index/verify
INFO: [ app_init ] --START--
INFO: Run Behavior\BuildLiteBehavior [ RunTime:0.000375s ]
INFO: [ app_init ] --END-- [ RunTime:0.003425s ]

[ 2015-03-27T17:38:46+08:00 ] 127.0.0.1 /site/index/application
INFO: [ app_init ] --START--
INFO: Run Behavior\BuildLiteBehavior [ RunTime:0.000449s ]
INFO: [ app_init ] --END-- [ RunTime:0.004566s ]
SQL: SHOW COLUMNS FROM `ym_app_application` [ RunTime:0.0044s ]

[ 2015-03-27T17:38:50+08:00 ] 127.0.0.1 /site/index/application
INFO: [ app_init ] --START--
INFO: Run Behavior\BuildLiteBehavior [ RunTime:0.000511s ]
INFO: [ app_init ] --END-- [ RunTime:0.006104s ]
SQL: SHOW COLUMNS FROM `ym_app_application` [ RunTime:0.0045s ]

[ 2015-03-27T17:38:53+08:00 ] 127.0.0.1 /site/index/application
INFO: [ app_init ] --START--
INFO: Run Behavior\BuildLiteBehavior [ RunTime:0.000253s ]
INFO: [ app_init ] --END-- [ RunTime:0.002172s ]
SQL: SHOW COLUMNS FROM `ym_app_application` [ RunTime:0.0045s ]

[ 2015-03-27T17:38:54+08:00 ] 127.0.0.1 /site/index/verify
INFO: [ app_init ] --START--
INFO: Run Behavior\BuildLiteBehavior [ RunTime:0.000397s ]
INFO: [ app_init ] --END-- [ RunTime:0.003785s ]

[ 2015-03-27T17:38:59+08:00 ] 127.0.0.1 /site/index/application
INFO: [ app_init ] --START--
INFO: Run Behavior\BuildLiteBehavior [ RunTime:0.000226s ]
INFO: [ app_init ] --END-- [ RunTime:0.002031s ]
SQL: SHOW COLUMNS FROM `ym_app_application` [ RunTime:0.0049s ]

[ 2015-03-27T17:39:03+08:00 ] 127.0.0.1 /site/index/application
INFO: [ app_init ] --START--
INFO: Run Behavior\BuildLiteBehavior [ RunTime:0.000401s ]
INFO: [ app_init ] --END-- [ RunTime:0.003585s ]
SQL: SHOW COLUMNS FROM `ym_app_application` [ RunTime:0.0052s ]

[ 2015-03-27T17:51:46+08:00 ] 127.0.0.1 /index.php
INFO: [ app_init ] --START--
INFO: Run Behavior\BuildLiteBehavior [ RunTime:0.000524s ]
INFO: [ app_init ] --END-- [ RunTime:0.004533s ]

[ 2015-03-27T17:51:46+08:00 ] 127.0.0.1 /site/index/verify
INFO: [ app_init ] --START--
INFO: Run Behavior\BuildLiteBehavior [ RunTime:0.000423s ]
INFO: [ app_init ] --END-- [ RunTime:0.003067s ]

[ 2015-03-27T18:03:17+08:00 ] 127.0.0.1 /index.php
INFO: [ app_init ] --START--
INFO: Run Behavior\BuildLiteBehavior [ RunTime:0.000233s ]
INFO: [ app_init ] --END-- [ RunTime:0.002267s ]

[ 2015-03-27T18:03:17+08:00 ] 127.0.0.1 /site/index/verify
INFO: [ app_init ] --START--
INFO: Run Behavior\BuildLiteBehavior [ RunTime:0.000504s ]
INFO: [ app_init ] --END-- [ RunTime:0.003984s ]

